{"D:\\Dev\\mtg\\mtg-app\\src\\components\\Card\\CardDisplay.tsx": {"path":"D:\\Dev\\mtg\\mtg-app\\src\\components\\Card\\CardDisplay.tsx","statementMap":{"0":{"start":{"line":1,"column":0},"end":{"line":1,"column":48}},"1":{"start":{"line":3,"column":0},"end":{"line":3,"column":52}},"2":{"start":{"line":4,"column":0},"end":{"line":4,"column":52}},"3":{"start":{"line":5,"column":0},"end":{"line":5,"column":54}},"4":{"start":{"line":7,"column":0},"end":{"line":7,"column":44}},"5":{"start":{"line":22,"column":13},"end":{"line":473,"column":3}},"6":{"start":{"line":33,"column":24},"end":{"line":33,"column":34}},"7":{"start":{"line":34,"column":19},"end":{"line":34,"column":41}},"8":{"start":{"line":35,"column":23},"end":{"line":35,"column":71}},"9":{"start":{"line":36,"column":24},"end":{"line":36,"column":90}},"10":{"start":{"line":37,"column":19},"end":{"line":37,"column":28}},"11":{"start":{"line":39,"column":42},"end":{"line":39,"column":57}},"12":{"start":{"line":41,"column":34},"end":{"line":41,"column":49}},"13":{"start":{"line":42,"column":44},"end":{"line":42,"column":59}},"14":{"start":{"line":43,"column":42},"end":{"line":43,"column":57}},"15":{"start":{"line":46,"column":21},"end":{"line":73,"column":34}},"16":{"start":{"line":47,"column":25},"end":{"line":47,"column":55}},"17":{"start":{"line":48,"column":19},"end":{"line":48,"column":76}},"18":{"start":{"line":49,"column":24},"end":{"line":49,"column":25}},"19":{"start":{"line":51,"column":4},"end":{"line":65,"column":7}},"20":{"start":{"line":52,"column":19},"end":{"line":52,"column":37}},"21":{"start":{"line":53,"column":18},"end":{"line":53,"column":22}},"22":{"start":{"line":55,"column":6},"end":{"line":60,"column":7}},"23":{"start":{"line":56,"column":8},"end":{"line":59,"column":11}},"24":{"start":{"line":62,"column":20},"end":{"line":62,"column":36}},"25":{"start":{"line":63,"column":6},"end":{"line":63,"column":35}},"26":{"start":{"line":64,"column":6},"end":{"line":64,"column":34}},"27":{"start":{"line":67,"column":4},"end":{"line":72,"column":6}},"28":{"start":{"line":69,"column":8},"end":{"line":69,"column":52}},"29":{"start":{"line":75,"column":26},"end":{"line":77,"column":3}},"30":{"start":{"line":76,"column":4},"end":{"line":76,"column":30}},"31":{"start":{"line":79,"column":2},"end":{"line":451,"column":4}},"32":{"start":{"line":85,"column":8},"end":{"line":87,"column":9}},"33":{"start":{"line":86,"column":10},"end":{"line":86,"column":17}},"34":{"start":{"line":88,"column":8},"end":{"line":88,"column":30}},"35":{"start":{"line":95,"column":8},"end":{"line":95,"column":26}},"36":{"start":{"line":96,"column":9},"end":{"line":96,"column":72}},"37":{"start":{"line":97,"column":9},"end":{"line":97,"column":61}},"38":{"start":{"line":100,"column":8},"end":{"line":100,"column":27}},"39":{"start":{"line":101,"column":9},"end":{"line":101,"column":70}},"40":{"start":{"line":102,"column":9},"end":{"line":102,"column":60}},"41":{"start":{"line":116,"column":14},"end":{"line":116,"column":33}},"42":{"start":{"line":117,"column":14},"end":{"line":117,"column":34}},"43":{"start":{"line":118,"column":14},"end":{"line":118,"column":45}},"44":{"start":{"line":201,"column":20},"end":{"line":201,"column":38}},"45":{"start":{"line":235,"column":14},"end":{"line":235,"column":34}},"46":{"start":{"line":236,"column":14},"end":{"line":236,"column":36}},"47":{"start":{"line":270,"column":16},"end":{"line":270,"column":36}},"48":{"start":{"line":271,"column":16},"end":{"line":271,"column":37}},"49":{"start":{"line":286,"column":16},"end":{"line":286,"column":36}},"50":{"start":{"line":287,"column":16},"end":{"line":291,"column":17}},"51":{"start":{"line":288,"column":18},"end":{"line":288,"column":31}},"52":{"start":{"line":290,"column":18},"end":{"line":290,"column":41}},"53":{"start":{"line":306,"column":16},"end":{"line":306,"column":36}},"54":{"start":{"line":308,"column":16},"end":{"line":308,"column":34}},"55":{"start":{"line":326,"column":25},"end":{"line":326,"column":48}},"56":{"start":{"line":339,"column":23},"end":{"line":339,"column":45}},"57":{"start":{"line":350,"column":26},"end":{"line":350,"column":45}},"58":{"start":{"line":361,"column":16},"end":{"line":361,"column":36}},"59":{"start":{"line":362,"column":16},"end":{"line":362,"column":47}},"60":{"start":{"line":439,"column":27},"end":{"line":439,"column":49}},"61":{"start":{"line":455,"column":2},"end":{"line":472,"column":4}}},"fnMap":{"0":{"name":"CardDisplay","decl":{"start":{"line":22,"column":41},"end":{"line":22,"column":52}},"loc":{"start":{"line":32,"column":19},"end":{"line":452,"column":1}}},"1":{"name":"(anonymous_1)","decl":{"start":{"line":46,"column":29},"end":{"line":46,"column":32}},"loc":{"start":{"line":46,"column":34},"end":{"line":73,"column":3}}},"2":{"name":"(anonymous_2)","decl":{"start":{"line":51,"column":25},"end":{"line":51,"column":26}},"loc":{"start":{"line":51,"column":31},"end":{"line":65,"column":5}}},"3":{"name":"(anonymous_3)","decl":{"start":{"line":68,"column":47},"end":{"line":68,"column":48}},"loc":{"start":{"line":68,"column":56},"end":{"line":70,"column":7}}},"4":{"name":"(anonymous_4)","decl":{"start":{"line":75,"column":26},"end":{"line":75,"column":27}},"loc":{"start":{"line":75,"column":51},"end":{"line":77,"column":3}}},"5":{"name":"(anonymous_5)","decl":{"start":{"line":83,"column":15},"end":{"line":83,"column":16}},"loc":{"start":{"line":83,"column":21},"end":{"line":89,"column":7}}},"6":{"name":"(anonymous_6)","decl":{"start":{"line":94,"column":20},"end":{"line":94,"column":21}},"loc":{"start":{"line":94,"column":26},"end":{"line":98,"column":7}}},"7":{"name":"(anonymous_7)","decl":{"start":{"line":99,"column":20},"end":{"line":99,"column":21}},"loc":{"start":{"line":99,"column":26},"end":{"line":103,"column":7}}},"8":{"name":"(anonymous_8)","decl":{"start":{"line":115,"column":21},"end":{"line":115,"column":22}},"loc":{"start":{"line":115,"column":27},"end":{"line":119,"column":13}}},"9":{"name":"(anonymous_9)","decl":{"start":{"line":200,"column":41},"end":{"line":200,"column":42}},"loc":{"start":{"line":201,"column":20},"end":{"line":201,"column":38}}},"10":{"name":"(anonymous_10)","decl":{"start":{"line":234,"column":21},"end":{"line":234,"column":22}},"loc":{"start":{"line":234,"column":27},"end":{"line":237,"column":13}}},"11":{"name":"(anonymous_11)","decl":{"start":{"line":269,"column":23},"end":{"line":269,"column":24}},"loc":{"start":{"line":269,"column":29},"end":{"line":272,"column":15}}},"12":{"name":"(anonymous_12)","decl":{"start":{"line":285,"column":23},"end":{"line":285,"column":24}},"loc":{"start":{"line":285,"column":29},"end":{"line":292,"column":15}}},"13":{"name":"(anonymous_13)","decl":{"start":{"line":305,"column":23},"end":{"line":305,"column":24}},"loc":{"start":{"line":305,"column":29},"end":{"line":309,"column":15}}},"14":{"name":"(anonymous_14)","decl":{"start":{"line":326,"column":19},"end":{"line":326,"column":22}},"loc":{"start":{"line":326,"column":25},"end":{"line":326,"column":48}}},"15":{"name":"(anonymous_15)","decl":{"start":{"line":339,"column":17},"end":{"line":339,"column":20}},"loc":{"start":{"line":339,"column":23},"end":{"line":339,"column":45}}},"16":{"name":"(anonymous_16)","decl":{"start":{"line":350,"column":19},"end":{"line":350,"column":20}},"loc":{"start":{"line":350,"column":26},"end":{"line":350,"column":45}}},"17":{"name":"(anonymous_17)","decl":{"start":{"line":360,"column":23},"end":{"line":360,"column":24}},"loc":{"start":{"line":360,"column":29},"end":{"line":363,"column":15}}},"18":{"name":"(anonymous_18)","decl":{"start":{"line":439,"column":21},"end":{"line":439,"column":24}},"loc":{"start":{"line":439,"column":27},"end":{"line":439,"column":49}}},"19":{"name":"(anonymous_19)","decl":{"start":{"line":452,"column":3},"end":{"line":452,"column":4}},"loc":{"start":{"line":452,"column":28},"end":{"line":473,"column":1}}}},"branchMap":{"0":{"loc":{"start":{"line":27,"column":2},"end":{"line":27,"column":22}},"type":"default-arg","locations":[{"start":{"line":27,"column":17},"end":{"line":27,"column":22}}]},"1":{"loc":{"start":{"line":31,"column":2},"end":{"line":31,"column":21}},"type":"default-arg","locations":[{"start":{"line":31,"column":16},"end":{"line":31,"column":21}}]},"2":{"loc":{"start":{"line":34,"column":19},"end":{"line":34,"column":41}},"type":"cond-expr","locations":[{"start":{"line":34,"column":31},"end":{"line":34,"column":33}},{"start":{"line":34,"column":31},"end":{"line":34,"column":41}}]},"3":{"loc":{"start":{"line":34,"column":19},"end":{"line":34,"column":33}},"type":"binary-expr","locations":[{"start":{"line":34,"column":19},"end":{"line":34,"column":33}},{"start":{"line":34,"column":31},"end":{"line":34,"column":33}}]},"4":{"loc":{"start":{"line":35,"column":23},"end":{"line":35,"column":71}},"type":"binary-expr","locations":[{"start":{"line":35,"column":23},"end":{"line":35,"column":40}},{"start":{"line":35,"column":44},"end":{"line":35,"column":70}}]},"5":{"loc":{"start":{"line":35,"column":44},"end":{"line":35,"column":70}},"type":"cond-expr","locations":[{"start":{"line":35,"column":60},"end":{"line":35,"column":62}},{"start":{"line":35,"column":60},"end":{"line":35,"column":70}}]},"6":{"loc":{"start":{"line":35,"column":44},"end":{"line":35,"column":62}},"type":"binary-expr","locations":[{"start":{"line":35,"column":44},"end":{"line":35,"column":62}},{"start":{"line":35,"column":60},"end":{"line":35,"column":62}}]},"7":{"loc":{"start":{"line":36,"column":24},"end":{"line":36,"column":90}},"type":"binary-expr","locations":[{"start":{"line":36,"column":24},"end":{"line":36,"column":60}},{"start":{"line":36,"column":64},"end":{"line":36,"column":90}}]},"8":{"loc":{"start":{"line":36,"column":24},"end":{"line":36,"column":44}},"type":"cond-expr","locations":[{"start":{"line":36,"column":36},"end":{"line":36,"column":38}},{"start":{"line":36,"column":36},"end":{"line":36,"column":44}}]},"9":{"loc":{"start":{"line":36,"column":24},"end":{"line":36,"column":38}},"type":"binary-expr","locations":[{"start":{"line":36,"column":24},"end":{"line":36,"column":38}},{"start":{"line":36,"column":36},"end":{"line":36,"column":38}}]},"10":{"loc":{"start":{"line":47,"column":25},"end":{"line":47,"column":55}},"type":"binary-expr","locations":[{"start":{"line":47,"column":25},"end":{"line":47,"column":45}},{"start":{"line":47,"column":49},"end":{"line":47,"column":55}}]},"11":{"loc":{"start":{"line":52,"column":19},"end":{"line":52,"column":37}},"type":"binary-expr","locations":[{"start":{"line":52,"column":19},"end":{"line":52,"column":29}},{"start":{"line":52,"column":33},"end":{"line":52,"column":37}}]},"12":{"loc":{"start":{"line":55,"column":6},"end":{"line":60,"column":7}},"type":"if","locations":[{"start":{"line":55,"column":6},"end":{"line":60,"column":7}}]},"13":{"loc":{"start":{"line":85,"column":8},"end":{"line":87,"column":9}},"type":"if","locations":[{"start":{"line":85,"column":8},"end":{"line":87,"column":9}}]},"14":{"loc":{"start":{"line":107,"column":9},"end":{"line":190,"column":null}},"type":"cond-expr","locations":[{"start":{"line":109,"column":10},"end":{"line":171,"column":null}},{"start":{"line":173,"column":12},"end":{"line":190,"column":null}}]},"15":{"loc":{"start":{"line":107,"column":9},"end":{"line":107,"column":38}},"type":"binary-expr","locations":[{"start":{"line":107,"column":9},"end":{"line":107,"column":22}},{"start":{"line":107,"column":26},"end":{"line":107,"column":38}}]},"16":{"loc":{"start":{"line":126,"column":27},"end":{"line":126,"column":77}},"type":"cond-expr","locations":[{"start":{"line":126,"column":42},"end":{"line":126,"column":59}},{"start":{"line":126,"column":62},"end":{"line":126,"column":77}}]},"17":{"loc":{"start":{"line":170,"column":15},"end":{"line":170,"column":59}},"type":"cond-expr","locations":[{"start":{"line":170,"column":30},"end":{"line":170,"column":44}},{"start":{"line":170,"column":47},"end":{"line":170,"column":59}}]},"18":{"loc":{"start":{"line":173,"column":12},"end":{"line":190,"column":null}},"type":"cond-expr","locations":[{"start":{"line":174,"column":10},"end":{"line":180,"column":null}},{"start":{"line":183,"column":10},"end":{"line":189,"column":null}}]},"19":{"loc":{"start":{"line":194,"column":9},"end":{"line":228,"column":null}},"type":"binary-expr","locations":[{"start":{"line":194,"column":9},"end":{"line":194,"column":17}},{"start":{"line":194,"column":22},"end":{"line":194,"column":50}},{"start":{"line":194,"column":54},"end":{"line":194,"column":81}},{"start":{"line":195,"column":10},"end":{"line":227,"column":null}}]},"20":{"loc":{"start":{"line":194,"column":54},"end":{"line":194,"column":81}},"type":"cond-expr","locations":[{"start":{"line":194,"column":71},"end":{"line":194,"column":73}},{"start":{"line":194,"column":71},"end":{"line":194,"column":81}}]},"21":{"loc":{"start":{"line":194,"column":54},"end":{"line":194,"column":73}},"type":"binary-expr","locations":[{"start":{"line":194,"column":54},"end":{"line":194,"column":73}},{"start":{"line":194,"column":71},"end":{"line":194,"column":73}}]},"22":{"loc":{"start":{"line":198,"column":15},"end":{"line":206,"column":null}},"type":"binary-expr","locations":[{"start":{"line":198,"column":15},"end":{"line":198,"column":43}},{"start":{"line":199,"column":16},"end":{"line":205,"column":null}}]},"23":{"loc":{"start":{"line":203,"column":23},"end":{"line":203,"column":94}},"type":"binary-expr","locations":[{"start":{"line":203,"column":23},"end":{"line":203,"column":59}},{"start":{"line":203,"column":63},"end":{"line":203,"column":94}}]},"24":{"loc":{"start":{"line":210,"column":15},"end":{"line":225,"column":null}},"type":"binary-expr","locations":[{"start":{"line":210,"column":15},"end":{"line":210,"column":42}},{"start":{"line":211,"column":16},"end":{"line":224,"column":null}}]},"25":{"loc":{"start":{"line":210,"column":15},"end":{"line":210,"column":42}},"type":"cond-expr","locations":[{"start":{"line":210,"column":32},"end":{"line":210,"column":34}},{"start":{"line":210,"column":32},"end":{"line":210,"column":42}}]},"26":{"loc":{"start":{"line":210,"column":15},"end":{"line":210,"column":34}},"type":"binary-expr","locations":[{"start":{"line":210,"column":15},"end":{"line":210,"column":34}},{"start":{"line":210,"column":32},"end":{"line":210,"column":34}}]},"27":{"loc":{"start":{"line":220,"column":19},"end":{"line":223,"column":null}},"type":"binary-expr","locations":[{"start":{"line":220,"column":19},"end":{"line":220,"column":46}},{"start":{"line":221,"column":20},"end":{"line":222,"column":null}}]},"28":{"loc":{"start":{"line":232,"column":9},"end":{"line":261,"column":null}},"type":"binary-expr","locations":[{"start":{"line":232,"column":9},"end":{"line":232,"column":24}},{"start":{"line":233,"column":10},"end":{"line":260,"column":null}}]},"29":{"loc":{"start":{"line":238,"column":231},"end":{"line":238,"column":320}},"type":"cond-expr","locations":[{"start":{"line":238,"column":246},"end":{"line":238,"column":266}},{"start":{"line":238,"column":269},"end":{"line":238,"column":320}}]},"30":{"loc":{"start":{"line":238,"column":280},"end":{"line":238,"column":318}},"type":"cond-expr","locations":[{"start":{"line":238,"column":291},"end":{"line":238,"column":304}},{"start":{"line":238,"column":307},"end":{"line":238,"column":318}}]},"31":{"loc":{"start":{"line":239,"column":19},"end":{"line":239,"column":84}},"type":"cond-expr","locations":[{"start":{"line":239,"column":34},"end":{"line":239,"column":58}},{"start":{"line":239,"column":61},"end":{"line":239,"column":84}}]},"32":{"loc":{"start":{"line":241,"column":15},"end":{"line":259,"column":null}},"type":"cond-expr","locations":[{"start":{"line":243,"column":16},"end":{"line":248,"column":null}},{"start":{"line":252,"column":16},"end":{"line":258,"column":null}}]},"33":{"loc":{"start":{"line":265,"column":42},"end":{"line":265,"column":82}},"type":"cond-expr","locations":[{"start":{"line":265,"column":60},"end":{"line":265,"column":70}},{"start":{"line":265,"column":73},"end":{"line":265,"column":82}}]},"34":{"loc":{"start":{"line":265,"column":129},"end":{"line":265,"column":167}},"type":"cond-expr","locations":[{"start":{"line":265,"column":140},"end":{"line":265,"column":153}},{"start":{"line":265,"column":156},"end":{"line":265,"column":167}}]},"35":{"loc":{"start":{"line":267,"column":11},"end":{"line":279,"column":null}},"type":"binary-expr","locations":[{"start":{"line":267,"column":11},"end":{"line":267,"column":22}},{"start":{"line":268,"column":12},"end":{"line":278,"column":null}}]},"36":{"loc":{"start":{"line":283,"column":11},"end":{"line":299,"column":null}},"type":"binary-expr","locations":[{"start":{"line":283,"column":11},"end":{"line":283,"column":22}},{"start":{"line":283,"column":27},"end":{"line":283,"column":33}},{"start":{"line":283,"column":37},"end":{"line":283,"column":53}},{"start":{"line":283,"column":57},"end":{"line":283,"column":65}},{"start":{"line":284,"column":12},"end":{"line":298,"column":null}}]},"37":{"loc":{"start":{"line":287,"column":16},"end":{"line":291,"column":17}},"type":"if","locations":[{"start":{"line":287,"column":16},"end":{"line":291,"column":17}},{"start":{"line":289,"column":23},"end":{"line":291,"column":17}}]},"38":{"loc":{"start":{"line":303,"column":11},"end":{"line":316,"column":null}},"type":"binary-expr","locations":[{"start":{"line":303,"column":11},"end":{"line":303,"column":22}},{"start":{"line":303,"column":26},"end":{"line":303,"column":34}},{"start":{"line":304,"column":12},"end":{"line":315,"column":null}}]},"39":{"loc":{"start":{"line":323,"column":7},"end":{"line":331,"column":null}},"type":"binary-expr","locations":[{"start":{"line":323,"column":7},"end":{"line":323,"column":18}},{"start":{"line":324,"column":8},"end":{"line":330,"column":null}}]},"40":{"loc":{"start":{"line":328,"column":32},"end":{"line":328,"column":62}},"type":"binary-expr","locations":[{"start":{"line":328,"column":32},"end":{"line":328,"column":52}},{"start":{"line":328,"column":56},"end":{"line":328,"column":62}}]},"41":{"loc":{"start":{"line":336,"column":5},"end":{"line":448,"column":null}},"type":"binary-expr","locations":[{"start":{"line":336,"column":5},"end":{"line":336,"column":17}},{"start":{"line":337,"column":6},"end":{"line":447,"column":null}}]},"42":{"loc":{"start":{"line":352,"column":11},"end":{"line":434,"column":null}},"type":"cond-expr","locations":[{"start":{"line":354,"column":12},"end":{"line":415,"column":null}},{"start":{"line":417,"column":14},"end":{"line":434,"column":null}}]},"43":{"loc":{"start":{"line":352,"column":11},"end":{"line":352,"column":40}},"type":"binary-expr","locations":[{"start":{"line":352,"column":11},"end":{"line":352,"column":24}},{"start":{"line":352,"column":28},"end":{"line":352,"column":40}}]},"44":{"loc":{"start":{"line":370,"column":29},"end":{"line":370,"column":79}},"type":"cond-expr","locations":[{"start":{"line":370,"column":44},"end":{"line":370,"column":61}},{"start":{"line":370,"column":64},"end":{"line":370,"column":79}}]},"45":{"loc":{"start":{"line":414,"column":17},"end":{"line":414,"column":61}},"type":"cond-expr","locations":[{"start":{"line":414,"column":32},"end":{"line":414,"column":46}},{"start":{"line":414,"column":49},"end":{"line":414,"column":61}}]},"46":{"loc":{"start":{"line":417,"column":14},"end":{"line":434,"column":null}},"type":"cond-expr","locations":[{"start":{"line":418,"column":12},"end":{"line":424,"column":null}},{"start":{"line":427,"column":12},"end":{"line":433,"column":null}}]},"47":{"loc":{"start":{"line":456,"column":4},"end":{"line":471,"column":99}},"type":"binary-expr","locations":[{"start":{"line":456,"column":4},"end":{"line":456,"column":43}},{"start":{"line":457,"column":4},"end":{"line":457,"column":55}},{"start":{"line":458,"column":4},"end":{"line":458,"column":null}},{"start":{"line":459,"column":4},"end":{"line":459,"column":63}},{"start":{"line":460,"column":4},"end":{"line":460,"column":null}},{"start":{"line":461,"column":4},"end":{"line":461,"column":null}},{"start":{"line":462,"column":4},"end":{"line":462,"column":51}},{"start":{"line":463,"column":4},"end":{"line":463,"column":53}},{"start":{"line":464,"column":4},"end":{"line":464,"column":53}},{"start":{"line":466,"column":4},"end":{"line":466,"column":51}},{"start":{"line":467,"column":4},"end":{"line":467,"column":59}},{"start":{"line":468,"column":4},"end":{"line":468,"column":45}},{"start":{"line":469,"column":4},"end":{"line":469,"column":61}},{"start":{"line":471,"column":4},"end":{"line":471,"column":99}}]},"48":{"loc":{"start":{"line":458,"column":4},"end":{"line":458,"column":36}},"type":"cond-expr","locations":[{"start":{"line":458,"column":26},"end":{"line":458,"column":28}},{"start":{"line":458,"column":26},"end":{"line":458,"column":36}}]},"49":{"loc":{"start":{"line":458,"column":4},"end":{"line":458,"column":28}},"type":"binary-expr","locations":[{"start":{"line":458,"column":4},"end":{"line":458,"column":28}},{"start":{"line":458,"column":26},"end":{"line":458,"column":28}}]},"50":{"loc":{"start":{"line":458,"column":41},"end":{"line":458,"column":73}},"type":"cond-expr","locations":[{"start":{"line":458,"column":63},"end":{"line":458,"column":65}},{"start":{"line":458,"column":63},"end":{"line":458,"column":73}}]},"51":{"loc":{"start":{"line":458,"column":41},"end":{"line":458,"column":65}},"type":"binary-expr","locations":[{"start":{"line":458,"column":41},"end":{"line":458,"column":65}},{"start":{"line":458,"column":63},"end":{"line":458,"column":65}}]},"52":{"loc":{"start":{"line":460,"column":4},"end":{"line":460,"column":41}},"type":"cond-expr","locations":[{"start":{"line":460,"column":31},"end":{"line":460,"column":33}},{"start":{"line":460,"column":31},"end":{"line":460,"column":41}}]},"53":{"loc":{"start":{"line":460,"column":4},"end":{"line":460,"column":33}},"type":"binary-expr","locations":[{"start":{"line":460,"column":4},"end":{"line":460,"column":33}},{"start":{"line":460,"column":31},"end":{"line":460,"column":33}}]},"54":{"loc":{"start":{"line":460,"column":46},"end":{"line":460,"column":83}},"type":"cond-expr","locations":[{"start":{"line":460,"column":73},"end":{"line":460,"column":75}},{"start":{"line":460,"column":73},"end":{"line":460,"column":83}}]},"55":{"loc":{"start":{"line":460,"column":46},"end":{"line":460,"column":75}},"type":"binary-expr","locations":[{"start":{"line":460,"column":46},"end":{"line":460,"column":75}},{"start":{"line":460,"column":73},"end":{"line":460,"column":75}}]},"56":{"loc":{"start":{"line":461,"column":4},"end":{"line":461,"column":42}},"type":"cond-expr","locations":[{"start":{"line":461,"column":31},"end":{"line":461,"column":33}},{"start":{"line":461,"column":31},"end":{"line":461,"column":42}}]},"57":{"loc":{"start":{"line":461,"column":4},"end":{"line":461,"column":33}},"type":"binary-expr","locations":[{"start":{"line":461,"column":4},"end":{"line":461,"column":33}},{"start":{"line":461,"column":31},"end":{"line":461,"column":33}}]},"58":{"loc":{"start":{"line":461,"column":47},"end":{"line":461,"column":85}},"type":"cond-expr","locations":[{"start":{"line":461,"column":74},"end":{"line":461,"column":76}},{"start":{"line":461,"column":74},"end":{"line":461,"column":85}}]},"59":{"loc":{"start":{"line":461,"column":47},"end":{"line":461,"column":76}},"type":"binary-expr","locations":[{"start":{"line":461,"column":47},"end":{"line":461,"column":76}},{"start":{"line":461,"column":74},"end":{"line":461,"column":76}}]},"60":{"loc":{"start":{"line":471,"column":5},"end":{"line":471,"column":48}},"type":"cond-expr","locations":[{"start":{"line":471,"column":43},"end":{"line":471,"column":47}},{"start":{"line":471,"column":47},"end":{"line":471,"column":48}}]},"61":{"loc":{"start":{"line":471,"column":5},"end":{"line":471,"column":47}},"type":"binary-expr","locations":[{"start":{"line":471,"column":5},"end":{"line":471,"column":47}},{"start":{"line":471,"column":43},"end":{"line":471,"column":47}}]},"62":{"loc":{"start":{"line":471,"column":5},"end":{"line":471,"column":43}},"type":"cond-expr","locations":[{"start":{"line":471,"column":35},"end":{"line":471,"column":37}},{"start":{"line":471,"column":35},"end":{"line":471,"column":43}}]},"63":{"loc":{"start":{"line":471,"column":5},"end":{"line":471,"column":37}},"type":"binary-expr","locations":[{"start":{"line":471,"column":5},"end":{"line":471,"column":37}},{"start":{"line":471,"column":35},"end":{"line":471,"column":37}}]},"64":{"loc":{"start":{"line":471,"column":55},"end":{"line":471,"column":98}},"type":"cond-expr","locations":[{"start":{"line":471,"column":93},"end":{"line":471,"column":97}},{"start":{"line":471,"column":97},"end":{"line":471,"column":98}}]},"65":{"loc":{"start":{"line":471,"column":55},"end":{"line":471,"column":97}},"type":"binary-expr","locations":[{"start":{"line":471,"column":55},"end":{"line":471,"column":97}},{"start":{"line":471,"column":93},"end":{"line":471,"column":97}}]},"66":{"loc":{"start":{"line":471,"column":55},"end":{"line":471,"column":93}},"type":"cond-expr","locations":[{"start":{"line":471,"column":85},"end":{"line":471,"column":87}},{"start":{"line":471,"column":85},"end":{"line":471,"column":93}}]},"67":{"loc":{"start":{"line":471,"column":55},"end":{"line":471,"column":87}},"type":"binary-expr","locations":[{"start":{"line":471,"column":55},"end":{"line":471,"column":87}},{"start":{"line":471,"column":85},"end":{"line":471,"column":87}}]}},"s":{"0":0,"1":0,"2":0,"3":0,"4":0,"5":0,"6":0,"7":0,"8":0,"9":0,"10":0,"11":0,"12":0,"13":0,"14":0,"15":0,"16":0,"17":0,"18":0,"19":0,"20":0,"21":0,"22":0,"23":0,"24":0,"25":0,"26":0,"27":0,"28":0,"29":0,"30":0,"31":0,"32":0,"33":0,"34":0,"35":0,"36":0,"37":0,"38":0,"39":0,"40":0,"41":0,"42":0,"43":0,"44":0,"45":0,"46":0,"47":0,"48":0,"49":0,"50":0,"51":0,"52":0,"53":0,"54":0,"55":0,"56":0,"57":0,"58":0,"59":0,"60":0,"61":0},"f":{"0":0,"1":0,"2":0,"3":0,"4":0,"5":0,"6":0,"7":0,"8":0,"9":0,"10":0,"11":0,"12":0,"13":0,"14":0,"15":0,"16":0,"17":0,"18":0,"19":0},"b":{"0":[0],"1":[0],"2":[0,0],"3":[0,0],"4":[0,0],"5":[0,0],"6":[0,0],"7":[0,0],"8":[0,0],"9":[0,0],"10":[0,0],"11":[0,0],"12":[0],"13":[0],"14":[0,0],"15":[0,0],"16":[0,0],"17":[0,0],"18":[0,0],"19":[0,0,0,0],"20":[0,0],"21":[0,0],"22":[0,0],"23":[0,0],"24":[0,0],"25":[0,0],"26":[0,0],"27":[0,0],"28":[0,0],"29":[0,0],"30":[0,0],"31":[0,0],"32":[0,0],"33":[0,0],"34":[0,0],"35":[0,0],"36":[0,0,0,0,0],"37":[0,0],"38":[0,0,0],"39":[0,0],"40":[0,0],"41":[0,0],"42":[0,0],"43":[0,0],"44":[0,0],"45":[0,0],"46":[0,0],"47":[0,0,0,0,0,0,0,0,0,0,0,0,0,0],"48":[0,0],"49":[0,0],"50":[0,0],"51":[0,0],"52":[0,0],"53":[0,0],"54":[0,0],"55":[0,0],"56":[0,0],"57":[0,0],"58":[0,0],"59":[0,0],"60":[0,0],"61":[0,0],"62":[0,0],"63":[0,0],"64":[0,0],"65":[0,0],"66":[0,0],"67":[0,0]}}
,"D:\\Dev\\mtg\\mtg-app\\src\\components\\Export\\ExportModal.tsx": {"path":"D:\\Dev\\mtg\\mtg-app\\src\\components\\Export\\ExportModal.tsx","statementMap":{"0":{"start":{"line":15,"column":0},"end":{"line":15,"column":16}},"1":{"start":{"line":1,"column":0},"end":{"line":1,"column":33}},"2":{"start":{"line":2,"column":0},"end":{"line":2,"column":36}},"3":{"start":{"line":3,"column":0},"end":{"line":3,"column":38}},"4":{"start":{"line":4,"column":0},"end":{"line":4,"column":54}},"5":{"start":{"line":5,"column":0},"end":{"line":5,"column":59}},"6":{"start":{"line":6,"column":0},"end":{"line":6,"column":97}},"7":{"start":{"line":16,"column":37},"end":{"line":16,"column":47}},"8":{"start":{"line":17,"column":30},"end":{"line":17,"column":59}},"9":{"start":{"line":18,"column":48},"end":{"line":18,"column":63}},"10":{"start":{"line":19,"column":36},"end":{"line":19,"column":51}},"11":{"start":{"line":21,"column":23},"end":{"line":62,"column":3}},"12":{"start":{"line":22,"column":4},"end":{"line":25,"column":5}},"13":{"start":{"line":23,"column":6},"end":{"line":23,"column":43}},"14":{"start":{"line":24,"column":6},"end":{"line":24,"column":13}},"15":{"start":{"line":27,"column":4},"end":{"line":61,"column":5}},"16":{"start":{"line":28,"column":6},"end":{"line":28,"column":25}},"17":{"start":{"line":30,"column":22},"end":{"line":32,"column":8}},"18":{"start":{"line":34,"column":55},"end":{"line":39,"column":8}},"19":{"start":{"line":41,"column":54},"end":{"line":46,"column":8}},"20":{"start":{"line":48,"column":23},"end":{"line":48,"column":103}},"21":{"start":{"line":49,"column":23},"end":{"line":49,"column":40}},"22":{"start":{"line":51,"column":6},"end":{"line":51,"column":48}},"23":{"start":{"line":52,"column":6},"end":{"line":52,"column":68}},"24":{"start":{"line":54,"column":6},"end":{"line":57,"column":14}},"25":{"start":{"line":55,"column":8},"end":{"line":55,"column":28}},"26":{"start":{"line":56,"column":8},"end":{"line":56,"column":18}},"27":{"start":{"line":59,"column":6},"end":{"line":59,"column":45}},"28":{"start":{"line":60,"column":6},"end":{"line":60,"column":26}},"29":{"start":{"line":64,"column":59},"end":{"line":69,"column":4}},"30":{"start":{"line":71,"column":2},"end":{"line":135,"column":4}},"31":{"start":{"line":84,"column":14},"end":{"line":85,"column":null}},"32":{"start":{"line":93,"column":34},"end":{"line":93,"column":48}},"33":{"start":{"line":115,"column":33},"end":{"line":115,"column":69}}},"fnMap":{"0":{"name":"ExportModal","decl":{"start":{"line":15,"column":16},"end":{"line":15,"column":27}},"loc":{"start":{"line":15,"column":72},"end":{"line":136,"column":1}}},"1":{"name":"(anonymous_1)","decl":{"start":{"line":21,"column":23},"end":{"line":21,"column":26}},"loc":{"start":{"line":21,"column":28},"end":{"line":62,"column":3}}},"2":{"name":"(anonymous_2)","decl":{"start":{"line":54,"column":17},"end":{"line":54,"column":20}},"loc":{"start":{"line":54,"column":22},"end":{"line":57,"column":7}}},"3":{"name":"(anonymous_3)","decl":{"start":{"line":83,"column":76},"end":{"line":83,"column":77}},"loc":{"start":{"line":84,"column":14},"end":{"line":85,"column":null}}},"4":{"name":"(anonymous_4)","decl":{"start":{"line":93,"column":28},"end":{"line":93,"column":31}},"loc":{"start":{"line":93,"column":34},"end":{"line":93,"column":48}}},"5":{"name":"(anonymous_5)","decl":{"start":{"line":115,"column":26},"end":{"line":115,"column":27}},"loc":{"start":{"line":115,"column":33},"end":{"line":115,"column":69}}}},"branchMap":{"0":{"loc":{"start":{"line":22,"column":4},"end":{"line":25,"column":5}},"type":"if","locations":[{"start":{"line":22,"column":4},"end":{"line":25,"column":5}}]},"1":{"loc":{"start":{"line":76,"column":33},"end":{"line":76,"column":62}},"type":"cond-expr","locations":[{"start":{"line":76,"column":54},"end":{"line":76,"column":57}},{"start":{"line":76,"column":60},"end":{"line":76,"column":62}}]},"2":{"loc":{"start":{"line":98,"column":21},"end":{"line":98,"column":108}},"type":"cond-expr","locations":[{"start":{"line":98,"column":41},"end":{"line":98,"column":54}},{"start":{"line":98,"column":57},"end":{"line":98,"column":108}}]},"3":{"loc":{"start":{"line":98,"column":57},"end":{"line":98,"column":108}},"type":"cond-expr","locations":[{"start":{"line":98,"column":78},"end":{"line":98,"column":88}},{"start":{"line":98,"column":91},"end":{"line":98,"column":108}}]},"4":{"loc":{"start":{"line":109,"column":9},"end":{"line":123,"column":16}},"type":"cond-expr","locations":[{"start":{"line":110,"column":10},"end":{"line":121,"column":null}},{"start":{"line":123,"column":12},"end":{"line":123,"column":16}}]},"5":{"loc":{"start":{"line":109,"column":9},"end":{"line":109,"column":46}},"type":"binary-expr","locations":[{"start":{"line":109,"column":9},"end":{"line":109,"column":25}},{"start":{"line":109,"column":29},"end":{"line":109,"column":46}}]}},"s":{"0":0,"1":0,"2":0,"3":0,"4":0,"5":0,"6":0,"7":0,"8":0,"9":0,"10":0,"11":0,"12":0,"13":0,"14":0,"15":0,"16":0,"17":0,"18":0,"19":0,"20":0,"21":0,"22":0,"23":0,"24":0,"25":0,"26":0,"27":0,"28":0,"29":0,"30":0,"31":0,"32":0,"33":0},"f":{"0":0,"1":0,"2":0,"3":0,"4":0,"5":0},"b":{"0":[0],"1":[0,0],"2":[0,0],"3":[0,0],"4":[0,0],"5":[0,0]}}
,"D:\\Dev\\mtg\\mtg-app\\src\\components\\Import\\ImportJobCard.tsx": {"path":"D:\\Dev\\mtg\\mtg-app\\src\\components\\Import\\ImportJobCard.tsx","statementMap":{"0":{"start":{"line":12,"column":0},"end":{"line":12,"column":16}},"1":{"start":{"line":2,"column":0},"end":{"line":2,"column":38}},"2":{"start":{"line":19,"column":25},"end":{"line":34,"column":3}},"3":{"start":{"line":20,"column":4},"end":{"line":33,"column":5}},"4":{"start":{"line":22,"column":8},"end":{"line":22,"column":32}},"5":{"start":{"line":24,"column":8},"end":{"line":24,"column":31}},"6":{"start":{"line":26,"column":8},"end":{"line":26,"column":33}},"7":{"start":{"line":28,"column":8},"end":{"line":28,"column":30}},"8":{"start":{"line":30,"column":8},"end":{"line":30,"column":31}},"9":{"start":{"line":32,"column":8},"end":{"line":32,"column":31}},"10":{"start":{"line":36,"column":25},"end":{"line":53,"column":3}},"11":{"start":{"line":37,"column":4},"end":{"line":52,"column":5}},"12":{"start":{"line":39,"column":8},"end":{"line":39,"column":25}},"13":{"start":{"line":41,"column":8},"end":{"line":41,"column":26}},"14":{"start":{"line":43,"column":8},"end":{"line":43,"column":26}},"15":{"start":{"line":45,"column":8},"end":{"line":45,"column":24}},"16":{"start":{"line":47,"column":8},"end":{"line":47,"column":24}},"17":{"start":{"line":49,"column":8},"end":{"line":49,"column":28}},"18":{"start":{"line":51,"column":8},"end":{"line":51,"column":22}},"19":{"start":{"line":55,"column":21},"end":{"line":65,"column":3}},"20":{"start":{"line":56,"column":4},"end":{"line":56,"column":28}},"21":{"start":{"line":56,"column":15},"end":{"line":56,"column":28}},"22":{"start":{"line":57,"column":14},"end":{"line":57,"column":58}},"23":{"start":{"line":58,"column":4},"end":{"line":64,"column":7}},"24":{"start":{"line":67,"column":19},"end":{"line":69,"column":7}},"25":{"start":{"line":71,"column":2},"end":{"line":196,"column":4}},"26":{"start":{"line":90,"column":27},"end":{"line":90,"column":49}},"27":{"start":{"line":170,"column":27},"end":{"line":170,"column":49}},"28":{"start":{"line":179,"column":27},"end":{"line":179,"column":49}},"29":{"start":{"line":188,"column":27},"end":{"line":188,"column":50}}},"fnMap":{"0":{"name":"ImportJobCard","decl":{"start":{"line":12,"column":16},"end":{"line":12,"column":29}},"loc":{"start":{"line":18,"column":21},"end":{"line":197,"column":1}}},"1":{"name":"(anonymous_1)","decl":{"start":{"line":19,"column":25},"end":{"line":19,"column":26}},"loc":{"start":{"line":19,"column":57},"end":{"line":34,"column":3}}},"2":{"name":"(anonymous_2)","decl":{"start":{"line":36,"column":25},"end":{"line":36,"column":26}},"loc":{"start":{"line":36,"column":57},"end":{"line":53,"column":3}}},"3":{"name":"(anonymous_3)","decl":{"start":{"line":55,"column":21},"end":{"line":55,"column":22}},"loc":{"start":{"line":55,"column":48},"end":{"line":65,"column":3}}},"4":{"name":"(anonymous_4)","decl":{"start":{"line":90,"column":21},"end":{"line":90,"column":24}},"loc":{"start":{"line":90,"column":27},"end":{"line":90,"column":49}}},"5":{"name":"(anonymous_5)","decl":{"start":{"line":170,"column":21},"end":{"line":170,"column":24}},"loc":{"start":{"line":170,"column":27},"end":{"line":170,"column":49}}},"6":{"name":"(anonymous_6)","decl":{"start":{"line":179,"column":21},"end":{"line":179,"column":24}},"loc":{"start":{"line":179,"column":27},"end":{"line":179,"column":49}}},"7":{"name":"(anonymous_7)","decl":{"start":{"line":188,"column":21},"end":{"line":188,"column":24}},"loc":{"start":{"line":188,"column":27},"end":{"line":188,"column":50}}}},"branchMap":{"0":{"loc":{"start":{"line":20,"column":4},"end":{"line":33,"column":5}},"type":"switch","locations":[{"start":{"line":21,"column":6},"end":{"line":22,"column":32}},{"start":{"line":23,"column":6},"end":{"line":24,"column":31}},{"start":{"line":25,"column":6},"end":{"line":26,"column":33}},{"start":{"line":27,"column":6},"end":{"line":28,"column":30}},{"start":{"line":29,"column":6},"end":{"line":30,"column":31}},{"start":{"line":31,"column":6},"end":{"line":32,"column":31}}]},"1":{"loc":{"start":{"line":37,"column":4},"end":{"line":52,"column":5}},"type":"switch","locations":[{"start":{"line":38,"column":6},"end":{"line":39,"column":25}},{"start":{"line":40,"column":6},"end":{"line":41,"column":26}},{"start":{"line":42,"column":6},"end":{"line":43,"column":26}},{"start":{"line":44,"column":6},"end":{"line":45,"column":24}},{"start":{"line":46,"column":6},"end":{"line":47,"column":24}},{"start":{"line":48,"column":6},"end":{"line":49,"column":28}},{"start":{"line":50,"column":6},"end":{"line":51,"column":22}}]},"2":{"loc":{"start":{"line":56,"column":4},"end":{"line":56,"column":28}},"type":"if","locations":[{"start":{"line":56,"column":4},"end":{"line":56,"column":28}}]},"3":{"loc":{"start":{"line":57,"column":14},"end":{"line":57,"column":58}},"type":"cond-expr","locations":[{"start":{"line":57,"column":37},"end":{"line":57,"column":41}},{"start":{"line":57,"column":44},"end":{"line":57,"column":58}}]},"4":{"loc":{"start":{"line":67,"column":19},"end":{"line":69,"column":7}},"type":"cond-expr","locations":[{"start":{"line":68,"column":6},"end":{"line":68,"column":71}},{"start":{"line":69,"column":6},"end":{"line":69,"column":7}}]},"5":{"loc":{"start":{"line":80,"column":15},"end":{"line":80,"column":68}},"type":"cond-expr","locations":[{"start":{"line":80,"column":45},"end":{"line":80,"column":58}},{"start":{"line":80,"column":61},"end":{"line":80,"column":68}}]},"6":{"loc":{"start":{"line":84,"column":24},"end":{"line":84,"column":113}},"type":"cond-expr","locations":[{"start":{"line":84,"column":62},"end":{"line":84,"column":81}},{"start":{"line":84,"column":84},"end":{"line":84,"column":113}}]},"7":{"loc":{"start":{"line":87,"column":9},"end":{"line":94,"column":null}},"type":"binary-expr","locations":[{"start":{"line":87,"column":9},"end":{"line":87,"column":17}},{"start":{"line":88,"column":10},"end":{"line":91,"column":null}}]},"8":{"loc":{"start":{"line":98,"column":7},"end":{"line":111,"column":14}},"type":"cond-expr","locations":[{"start":{"line":99,"column":8},"end":{"line":109,"column":null}},{"start":{"line":111,"column":10},"end":{"line":111,"column":14}}]},"9":{"loc":{"start":{"line":98,"column":7},"end":{"line":98,"column":70}},"type":"binary-expr","locations":[{"start":{"line":98,"column":7},"end":{"line":98,"column":37}},{"start":{"line":98,"column":41},"end":{"line":98,"column":70}}]},"10":{"loc":{"start":{"line":113,"column":7},"end":{"line":157,"column":null}},"type":"binary-expr","locations":[{"start":{"line":113,"column":7},"end":{"line":113,"column":23}},{"start":{"line":114,"column":8},"end":{"line":156,"column":null}}]},"11":{"loc":{"start":{"line":134,"column":13},"end":{"line":154,"column":null}},"type":"binary-expr","locations":[{"start":{"line":134,"column":13},"end":{"line":134,"column":40}},{"start":{"line":135,"column":14},"end":{"line":153,"column":null}}]},"12":{"loc":{"start":{"line":160,"column":7},"end":{"line":163,"column":null}},"type":"binary-expr","locations":[{"start":{"line":160,"column":7},"end":{"line":160,"column":22}},{"start":{"line":161,"column":8},"end":{"line":162,"column":null}}]},"13":{"loc":{"start":{"line":167,"column":9},"end":{"line":174,"column":null}},"type":"binary-expr","locations":[{"start":{"line":167,"column":9},"end":{"line":167,"column":38}},{"start":{"line":167,"column":42},"end":{"line":167,"column":50}},{"start":{"line":168,"column":10},"end":{"line":171,"column":null}}]},"14":{"loc":{"start":{"line":176,"column":9},"end":{"line":183,"column":null}},"type":"binary-expr","locations":[{"start":{"line":176,"column":10},"end":{"line":176,"column":40}},{"start":{"line":176,"column":44},"end":{"line":176,"column":73}},{"start":{"line":176,"column":78},"end":{"line":176,"column":86}},{"start":{"line":177,"column":10},"end":{"line":180,"column":null}}]},"15":{"loc":{"start":{"line":185,"column":9},"end":{"line":192,"column":null}},"type":"binary-expr","locations":[{"start":{"line":185,"column":9},"end":{"line":185,"column":25}},{"start":{"line":185,"column":29},"end":{"line":185,"column":41}},{"start":{"line":186,"column":10},"end":{"line":189,"column":null}}]}},"s":{"0":0,"1":0,"2":0,"3":0,"4":0,"5":0,"6":0,"7":0,"8":0,"9":0,"10":0,"11":0,"12":0,"13":0,"14":0,"15":0,"16":0,"17":0,"18":0,"19":0,"20":0,"21":0,"22":0,"23":0,"24":0,"25":0,"26":0,"27":0,"28":0,"29":0},"f":{"0":0,"1":0,"2":0,"3":0,"4":0,"5":0,"6":0,"7":0},"b":{"0":[0,0,0,0,0,0],"1":[0,0,0,0,0,0,0],"2":[0],"3":[0,0],"4":[0,0],"5":[0,0],"6":[0,0],"7":[0,0],"8":[0,0],"9":[0,0],"10":[0,0],"11":[0,0],"12":[0,0],"13":[0,0,0],"14":[0,0,0,0],"15":[0,0,0]}}
,"D:\\Dev\\mtg\\mtg-app\\src\\components\\Import\\ImportReportModal.tsx": {"path":"D:\\Dev\\mtg\\mtg-app\\src\\components\\Import\\ImportReportModal.tsx","statementMap":{"0":{"start":{"line":10,"column":0},"end":{"line":10,"column":16}},"1":{"start":{"line":2,"column":0},"end":{"line":2,"column":36}},"2":{"start":{"line":11,"column":2},"end":{"line":13,"column":3}},"3":{"start":{"line":12,"column":4},"end":{"line":12,"column":16}},"4":{"start":{"line":15,"column":25},"end":{"line":30,"column":3}},"5":{"start":{"line":16,"column":4},"end":{"line":29,"column":5}},"6":{"start":{"line":20,"column":8},"end":{"line":20,"column":52}},"7":{"start":{"line":22,"column":8},"end":{"line":22,"column":48}},"8":{"start":{"line":24,"column":8},"end":{"line":24,"column":50}},"9":{"start":{"line":26,"column":8},"end":{"line":26,"column":54}},"10":{"start":{"line":28,"column":8},"end":{"line":28,"column":50}},"11":{"start":{"line":32,"column":25},"end":{"line":49,"column":3}},"12":{"start":{"line":33,"column":4},"end":{"line":48,"column":5}},"13":{"start":{"line":35,"column":8},"end":{"line":35,"column":24}},"14":{"start":{"line":37,"column":8},"end":{"line":37,"column":24}},"15":{"start":{"line":39,"column":8},"end":{"line":39,"column":28}},"16":{"start":{"line":41,"column":8},"end":{"line":41,"column":24}},"17":{"start":{"line":43,"column":8},"end":{"line":43,"column":24}},"18":{"start":{"line":45,"column":8},"end":{"line":45,"column":26}},"19":{"start":{"line":47,"column":8},"end":{"line":47,"column":22}},"20":{"start":{"line":51,"column":17},"end":{"line":51,"column":75}},"21":{"start":{"line":51,"column":54},"end":{"line":51,"column":74}},"22":{"start":{"line":52,"column":18},"end":{"line":52,"column":78}},"23":{"start":{"line":52,"column":55},"end":{"line":52,"column":77}},"24":{"start":{"line":54,"column":2},"end":{"line":187,"column":4}},"25":{"start":{"line":116,"column":16},"end":{"line":116,"column":33}},"26":{"start":{"line":137,"column":16},"end":{"line":137,"column":33}},"27":{"start":{"line":165,"column":20},"end":{"line":165,"column":36}}},"fnMap":{"0":{"name":"ImportReportModal","decl":{"start":{"line":10,"column":16},"end":{"line":10,"column":33}},"loc":{"start":{"line":10,"column":88},"end":{"line":188,"column":1}}},"1":{"name":"(anonymous_1)","decl":{"start":{"line":15,"column":25},"end":{"line":15,"column":26}},"loc":{"start":{"line":15,"column":54},"end":{"line":30,"column":3}}},"2":{"name":"(anonymous_2)","decl":{"start":{"line":32,"column":25},"end":{"line":32,"column":26}},"loc":{"start":{"line":32,"column":54},"end":{"line":49,"column":3}}},"3":{"name":"(anonymous_3)","decl":{"start":{"line":51,"column":49},"end":{"line":51,"column":50}},"loc":{"start":{"line":51,"column":54},"end":{"line":51,"column":74}}},"4":{"name":"(anonymous_4)","decl":{"start":{"line":52,"column":50},"end":{"line":52,"column":51}},"loc":{"start":{"line":52,"column":55},"end":{"line":52,"column":77}}},"5":{"name":"(anonymous_5)","decl":{"start":{"line":115,"column":26},"end":{"line":115,"column":27}},"loc":{"start":{"line":116,"column":16},"end":{"line":116,"column":33}}},"6":{"name":"(anonymous_6)","decl":{"start":{"line":136,"column":27},"end":{"line":136,"column":28}},"loc":{"start":{"line":137,"column":16},"end":{"line":137,"column":33}}},"7":{"name":"(anonymous_7)","decl":{"start":{"line":164,"column":62},"end":{"line":164,"column":63}},"loc":{"start":{"line":165,"column":20},"end":{"line":165,"column":36}}}},"branchMap":{"0":{"loc":{"start":{"line":11,"column":2},"end":{"line":13,"column":3}},"type":"if","locations":[{"start":{"line":11,"column":2},"end":{"line":13,"column":3}}]},"1":{"loc":{"start":{"line":11,"column":6},"end":{"line":11,"column":37}},"type":"binary-expr","locations":[{"start":{"line":11,"column":6},"end":{"line":11,"column":16}},{"start":{"line":11,"column":20},"end":{"line":11,"column":37}}]},"2":{"loc":{"start":{"line":16,"column":4},"end":{"line":29,"column":5}},"type":"switch","locations":[{"start":{"line":17,"column":6},"end":{"line":17,"column":21}},{"start":{"line":18,"column":6},"end":{"line":18,"column":19}},{"start":{"line":19,"column":6},"end":{"line":20,"column":52}},{"start":{"line":21,"column":6},"end":{"line":22,"column":48}},{"start":{"line":23,"column":6},"end":{"line":24,"column":50}},{"start":{"line":25,"column":6},"end":{"line":26,"column":54}},{"start":{"line":27,"column":6},"end":{"line":28,"column":50}}]},"3":{"loc":{"start":{"line":33,"column":4},"end":{"line":48,"column":5}},"type":"switch","locations":[{"start":{"line":34,"column":6},"end":{"line":35,"column":24}},{"start":{"line":36,"column":6},"end":{"line":37,"column":24}},{"start":{"line":38,"column":6},"end":{"line":39,"column":28}},{"start":{"line":40,"column":6},"end":{"line":41,"column":24}},{"start":{"line":42,"column":6},"end":{"line":43,"column":24}},{"start":{"line":44,"column":6},"end":{"line":45,"column":26}},{"start":{"line":46,"column":6},"end":{"line":47,"column":22}}]},"4":{"loc":{"start":{"line":83,"column":13},"end":{"line":103,"column":null}},"type":"binary-expr","locations":[{"start":{"line":83,"column":13},"end":{"line":83,"column":40}},{"start":{"line":84,"column":14},"end":{"line":102,"column":null}}]},"5":{"loc":{"start":{"line":109,"column":9},"end":{"line":126,"column":null}},"type":"binary-expr","locations":[{"start":{"line":109,"column":9},"end":{"line":109,"column":26}},{"start":{"line":110,"column":10},"end":{"line":125,"column":null}}]},"6":{"loc":{"start":{"line":118,"column":19},"end":{"line":121,"column":null}},"type":"binary-expr","locations":[{"start":{"line":118,"column":19},"end":{"line":118,"column":33}},{"start":{"line":119,"column":20},"end":{"line":120,"column":null}}]},"7":{"loc":{"start":{"line":130,"column":9},"end":{"line":145,"column":null}},"type":"binary-expr","locations":[{"start":{"line":130,"column":9},"end":{"line":130,"column":27}},{"start":{"line":131,"column":10},"end":{"line":144,"column":null}}]},"8":{"loc":{"start":{"line":139,"column":19},"end":{"line":140,"column":null}},"type":"binary-expr","locations":[{"start":{"line":139,"column":19},"end":{"line":139,"column":33}},{"start":{"line":140,"column":20},"end":{"line":140,"column":76}}]},"9":{"loc":{"start":{"line":149,"column":9},"end":{"line":183,"column":null}},"type":"binary-expr","locations":[{"start":{"line":149,"column":9},"end":{"line":149,"column":44}},{"start":{"line":150,"column":10},"end":{"line":182,"column":null}}]},"10":{"loc":{"start":{"line":171,"column":25},"end":{"line":171,"column":46}},"type":"binary-expr","locations":[{"start":{"line":171,"column":25},"end":{"line":171,"column":39}},{"start":{"line":171,"column":43},"end":{"line":171,"column":46}}]},"11":{"loc":{"start":{"line":177,"column":15},"end":{"line":180,"column":null}},"type":"binary-expr","locations":[{"start":{"line":177,"column":15},"end":{"line":177,"column":52}},{"start":{"line":178,"column":16},"end":{"line":179,"column":null}}]}},"s":{"0":0,"1":0,"2":0,"3":0,"4":0,"5":0,"6":0,"7":0,"8":0,"9":0,"10":0,"11":0,"12":0,"13":0,"14":0,"15":0,"16":0,"17":0,"18":0,"19":0,"20":0,"21":0,"22":0,"23":0,"24":0,"25":0,"26":0,"27":0},"f":{"0":0,"1":0,"2":0,"3":0,"4":0,"5":0,"6":0,"7":0},"b":{"0":[0],"1":[0,0],"2":[0,0,0,0,0,0,0],"3":[0,0,0,0,0,0,0],"4":[0,0],"5":[0,0],"6":[0,0],"7":[0,0],"8":[0,0],"9":[0,0],"10":[0,0],"11":[0,0]}}
,"D:\\Dev\\mtg\\mtg-app\\src\\components\\Layout\\AdminRoute.tsx": {"path":"D:\\Dev\\mtg\\mtg-app\\src\\components\\Layout\\AdminRoute.tsx","statementMap":{"0":{"start":{"line":9,"column":0},"end":{"line":9,"column":16}},"1":{"start":{"line":1,"column":0},"end":{"line":1,"column":44}},"2":{"start":{"line":2,"column":0},"end":{"line":2,"column":46}},"3":{"start":{"line":3,"column":0},"end":{"line":3,"column":48}},"4":{"start":{"line":10,"column":48},"end":{"line":10,"column":57}},"5":{"start":{"line":11,"column":45},"end":{"line":11,"column":55}},"6":{"start":{"line":13,"column":2},"end":{"line":19,"column":3}},"7":{"start":{"line":14,"column":4},"end":{"line":18,"column":6}},"8":{"start":{"line":21,"column":2},"end":{"line":23,"column":3}},"9":{"start":{"line":22,"column":4},"end":{"line":22,"column":44}},"10":{"start":{"line":25,"column":2},"end":{"line":39,"column":3}},"11":{"start":{"line":26,"column":4},"end":{"line":38,"column":6}},"12":{"start":{"line":41,"column":2},"end":{"line":41,"column":25}}},"fnMap":{"0":{"name":"AdminRoute","decl":{"start":{"line":9,"column":16},"end":{"line":9,"column":26}},"loc":{"start":{"line":9,"column":56},"end":{"line":42,"column":1}}}},"branchMap":{"0":{"loc":{"start":{"line":13,"column":2},"end":{"line":19,"column":3}},"type":"if","locations":[{"start":{"line":13,"column":2},"end":{"line":19,"column":3}}]},"1":{"loc":{"start":{"line":13,"column":6},"end":{"line":13,"column":33}},"type":"binary-expr","locations":[{"start":{"line":13,"column":6},"end":{"line":13,"column":17}},{"start":{"line":13,"column":21},"end":{"line":13,"column":33}}]},"2":{"loc":{"start":{"line":21,"column":2},"end":{"line":23,"column":3}},"type":"if","locations":[{"start":{"line":21,"column":2},"end":{"line":23,"column":3}}]},"3":{"loc":{"start":{"line":25,"column":2},"end":{"line":39,"column":3}},"type":"if","locations":[{"start":{"line":25,"column":2},"end":{"line":39,"column":3}}]}},"s":{"0":0,"1":0,"2":0,"3":0,"4":0,"5":0,"6":0,"7":0,"8":0,"9":0,"10":0,"11":0,"12":0},"f":{"0":0},"b":{"0":[0],"1":[0,0],"2":[0],"3":[0]}}
,"D:\\Dev\\mtg\\mtg-app\\src\\components\\Layout\\Navbar.tsx": {"path":"D:\\Dev\\mtg\\mtg-app\\src\\components\\Layout\\Navbar.tsx","statementMap":{"0":{"start":{"line":9,"column":0},"end":{"line":9,"column":16}},"1":{"start":{"line":1,"column":0},"end":{"line":1,"column":53}},"2":{"start":{"line":2,"column":0},"end":{"line":2,"column":46}},"3":{"start":{"line":3,"column":0},"end":{"line":3,"column":52}},"4":{"start":{"line":4,"column":0},"end":{"line":4,"column":48}},"5":{"start":{"line":5,"column":0},"end":{"line":5,"column":54}},"6":{"start":{"line":6,"column":0},"end":{"line":6,"column":38}},"7":{"start":{"line":7,"column":0},"end":{"line":7,"column":52}},"8":{"start":{"line":10,"column":34},"end":{"line":10,"column":43}},"9":{"start":{"line":11,"column":22},"end":{"line":11,"column":34}},"10":{"start":{"line":12,"column":22},"end":{"line":12,"column":32}},"11":{"start":{"line":13,"column":37},"end":{"line":13,"column":50}},"12":{"start":{"line":14,"column":19},"end":{"line":14,"column":32}},"13":{"start":{"line":16,"column":23},"end":{"line":23,"column":4}},"14":{"start":{"line":16,"column":34},"end":{"line":23,"column":4}},"15":{"start":{"line":17,"column":4},"end":{"line":22,"column":5}},"16":{"start":{"line":18,"column":6},"end":{"line":18,"column":21}},"17":{"start":{"line":19,"column":6},"end":{"line":19,"column":25}},"18":{"start":{"line":21,"column":6},"end":{"line":21,"column":49}},"19":{"start":{"line":25,"column":2},"end":{"line":27,"column":3}},"20":{"start":{"line":26,"column":4},"end":{"line":26,"column":16}},"21":{"start":{"line":29,"column":2},"end":{"line":115,"column":4}}},"fnMap":{"0":{"name":"Navbar","decl":{"start":{"line":9,"column":16},"end":{"line":9,"column":22}},"loc":{"start":{"line":9,"column":22},"end":{"line":116,"column":1}}},"1":{"name":"(anonymous_8)","decl":{"start":{"line":16,"column":23},"end":{"line":16,"column":32}},"loc":{"start":{"line":16,"column":34},"end":{"line":23,"column":4}}},"2":{"name":"(anonymous_9)","decl":{"start":{"line":16,"column":34},"end":{"line":16,"column":null}},"loc":{"start":{"line":16,"column":34},"end":{"line":23,"column":3}}}},"branchMap":{"0":{"loc":{"start":{"line":25,"column":2},"end":{"line":27,"column":3}},"type":"if","locations":[{"start":{"line":25,"column":2},"end":{"line":27,"column":3}}]},"1":{"loc":{"start":{"line":70,"column":13},"end":{"line":76,"column":null}},"type":"binary-expr","locations":[{"start":{"line":70,"column":13},"end":{"line":70,"column":20}},{"start":{"line":71,"column":14},"end":{"line":73,"column":null}}]},"2":{"loc":{"start":{"line":84,"column":21},"end":{"line":84,"column":78}},"type":"cond-expr","locations":[{"start":{"line":84,"column":30},"end":{"line":84,"column":52}},{"start":{"line":84,"column":55},"end":{"line":84,"column":78}}]},"3":{"loc":{"start":{"line":86,"column":15},"end":{"line":93,"column":null}},"type":"cond-expr","locations":[{"start":{"line":87,"column":16},"end":{"line":88,"column":null}},{"start":{"line":91,"column":16},"end":{"line":92,"column":null}}]},"4":{"loc":{"start":{"line":101,"column":26},"end":{"line":101,"column":43}},"type":"cond-expr","locations":[{"start":{"line":101,"column":33},"end":{"line":101,"column":35}},{"start":{"line":101,"column":26},"end":{"line":101,"column":43}}]},"5":{"loc":{"start":{"line":101,"column":26},"end":{"line":101,"column":35}},"type":"binary-expr","locations":[{"start":{"line":101,"column":26},"end":{"line":101,"column":35}},{"start":{"line":101,"column":26},"end":{"line":101,"column":35}}]},"6":{"loc":{"start":{"line":105,"column":17},"end":{"line":105,"column":56}},"type":"binary-expr","locations":[{"start":{"line":105,"column":17},"end":{"line":105,"column":35}},{"start":{"line":105,"column":39},"end":{"line":105,"column":56}}]},"7":{"loc":{"start":{"line":105,"column":17},"end":{"line":105,"column":35}},"type":"cond-expr","locations":[{"start":{"line":105,"column":24},"end":{"line":105,"column":26}},{"start":{"line":105,"column":17},"end":{"line":105,"column":35}}]},"8":{"loc":{"start":{"line":105,"column":17},"end":{"line":105,"column":26}},"type":"binary-expr","locations":[{"start":{"line":105,"column":17},"end":{"line":105,"column":26}},{"start":{"line":105,"column":17},"end":{"line":105,"column":26}}]}},"s":{"0":0,"1":0,"2":0,"3":0,"4":0,"5":0,"6":0,"7":0,"8":0,"9":0,"10":0,"11":0,"12":0,"13":0,"14":0,"15":0,"16":0,"17":0,"18":0,"19":0,"20":0,"21":0},"f":{"0":0,"1":0,"2":0},"b":{"0":[0],"1":[0,0],"2":[0,0],"3":[0,0],"4":[0,0],"5":[0,0],"6":[0,0],"7":[0,0],"8":[0,0]}}
,"D:\\Dev\\mtg\\mtg-app\\src\\components\\Layout\\ProtectedRoute.tsx": {"path":"D:\\Dev\\mtg\\mtg-app\\src\\components\\Layout\\ProtectedRoute.tsx","statementMap":{"0":{"start":{"line":8,"column":0},"end":{"line":8,"column":16}},"1":{"start":{"line":1,"column":0},"end":{"line":1,"column":44}},"2":{"start":{"line":2,"column":0},"end":{"line":2,"column":46}},"3":{"start":{"line":9,"column":35},"end":{"line":9,"column":44}},"4":{"start":{"line":11,"column":2},"end":{"line":17,"column":3}},"5":{"start":{"line":12,"column":4},"end":{"line":16,"column":6}},"6":{"start":{"line":19,"column":2},"end":{"line":21,"column":3}},"7":{"start":{"line":20,"column":4},"end":{"line":20,"column":44}},"8":{"start":{"line":23,"column":2},"end":{"line":23,"column":25}}},"fnMap":{"0":{"name":"ProtectedRoute","decl":{"start":{"line":8,"column":16},"end":{"line":8,"column":30}},"loc":{"start":{"line":8,"column":64},"end":{"line":24,"column":1}}}},"branchMap":{"0":{"loc":{"start":{"line":11,"column":2},"end":{"line":17,"column":3}},"type":"if","locations":[{"start":{"line":11,"column":2},"end":{"line":17,"column":3}}]},"1":{"loc":{"start":{"line":19,"column":2},"end":{"line":21,"column":3}},"type":"if","locations":[{"start":{"line":19,"column":2},"end":{"line":21,"column":3}}]}},"s":{"0":0,"1":0,"2":0,"3":0,"4":0,"5":0,"6":0,"7":0,"8":0},"f":{"0":0},"b":{"0":[0],"1":[0]}}
,"D:\\Dev\\mtg\\mtg-app\\src\\components\\UI\\AvatarDisplay.tsx": {"path":"D:\\Dev\\mtg\\mtg-app\\src\\components\\UI\\AvatarDisplay.tsx","statementMap":{"0":{"start":{"line":16,"column":0},"end":{"line":16,"column":16}},"1":{"start":{"line":1,"column":0},"end":{"line":1,"column":69}},"2":{"start":{"line":9,"column":20},"end":{"line":14,"column":2}},"3":{"start":{"line":17,"column":17},"end":{"line":17,"column":72}},"4":{"start":{"line":18,"column":24},"end":{"line":18,"column":52}},"5":{"start":{"line":20,"column":2},"end":{"line":28,"column":4}}},"fnMap":{"0":{"name":"AvatarDisplay","decl":{"start":{"line":16,"column":16},"end":{"line":16,"column":29}},"loc":{"start":{"line":16,"column":91},"end":{"line":29,"column":1}}}},"branchMap":{"0":{"loc":{"start":{"line":16,"column":42},"end":{"line":16,"column":53}},"type":"default-arg","locations":[{"start":{"line":16,"column":49},"end":{"line":16,"column":53}}]},"1":{"loc":{"start":{"line":16,"column":55},"end":{"line":16,"column":69}},"type":"default-arg","locations":[{"start":{"line":16,"column":67},"end":{"line":16,"column":69}}]},"2":{"loc":{"start":{"line":17,"column":17},"end":{"line":17,"column":72}},"type":"cond-expr","locations":[{"start":{"line":17,"column":28},"end":{"line":17,"column":51}},{"start":{"line":17,"column":54},"end":{"line":17,"column":72}}]},"3":{"loc":{"start":{"line":18,"column":24},"end":{"line":18,"column":52}},"type":"binary-expr","locations":[{"start":{"line":18,"column":24},"end":{"line":18,"column":30}},{"start":{"line":18,"column":34},"end":{"line":18,"column":52}}]}},"s":{"0":0,"1":0,"2":0,"3":0,"4":0,"5":0},"f":{"0":0},"b":{"0":[0],"1":[0],"2":[0,0],"3":[0,0]}}
,"D:\\Dev\\mtg\\mtg-app\\src\\components\\UI\\Button.tsx": {"path":"D:\\Dev\\mtg\\mtg-app\\src\\components\\UI\\Button.tsx","statementMap":{"0":{"start":{"line":7,"column":0},"end":{"line":7,"column":16}},"1":{"start":{"line":12,"column":10},"end":{"line":12,"column":null}},"2":{"start":{"line":13,"column":10},"end":{"line":14,"column":14}},"3":{"start":{"line":16,"column":4},"end":{"line":16,"column":104}},"4":{"start":{"line":18,"column":25},"end":{"line":22,"column":4}},"5":{"start":{"line":24,"column":2},"end":{"line":32,"column":4}}},"fnMap":{"0":{"name":"Button","decl":{"start":{"line":7,"column":16},"end":{"line":7,"column":22}},"loc":{"start":{"line":14,"column":14},"end":{"line":33,"column":1}}}},"branchMap":{"0":{"loc":{"start":{"line":9,"column":2},"end":{"line":9,"column":21}},"type":"default-arg","locations":[{"start":{"line":9,"column":12},"end":{"line":9,"column":21}}]},"1":{"loc":{"start":{"line":10,"column":2},"end":{"line":10,"column":17}},"type":"default-arg","locations":[{"start":{"line":10,"column":12},"end":{"line":10,"column":17}}]},"2":{"loc":{"start":{"line":11,"column":2},"end":{"line":11,"column":16}},"type":"default-arg","locations":[{"start":{"line":11,"column":14},"end":{"line":11,"column":16}}]},"3":{"loc":{"start":{"line":27,"column":16},"end":{"line":27,"column":35}},"type":"binary-expr","locations":[{"start":{"line":27,"column":16},"end":{"line":27,"column":24}},{"start":{"line":27,"column":28},"end":{"line":27,"column":35}}]},"4":{"loc":{"start":{"line":30,"column":7},"end":{"line":30,"column":43}},"type":"cond-expr","locations":[{"start":{"line":30,"column":17},"end":{"line":30,"column":32}},{"start":{"line":30,"column":35},"end":{"line":30,"column":43}}]}},"s":{"0":0,"1":0,"2":0,"3":0,"4":0,"5":0},"f":{"0":0},"b":{"0":[0],"1":[0],"2":[0],"3":[0,0],"4":[0,0]}}
,"D:\\Dev\\mtg\\mtg-app\\src\\components\\UI\\CardMenuModal.tsx": {"path":"D:\\Dev\\mtg\\mtg-app\\src\\components\\UI\\CardMenuModal.tsx","statementMap":{"0":{"start":{"line":22,"column":0},"end":{"line":22,"column":16}},"1":{"start":{"line":1,"column":0},"end":{"line":1,"column":42}},"2":{"start":{"line":2,"column":0},"end":{"line":2,"column":32}},"3":{"start":{"line":3,"column":0},"end":{"line":3,"column":32}},"4":{"start":{"line":4,"column":0},"end":{"line":4,"column":34}},"5":{"start":{"line":30,"column":40},"end":{"line":30,"column":74}},"6":{"start":{"line":31,"column":52},"end":{"line":31,"column":67}},"7":{"start":{"line":32,"column":68},"end":{"line":32,"column":97}},"8":{"start":{"line":33,"column":58},"end":{"line":33,"column":73}},"9":{"start":{"line":36,"column":21},"end":{"line":64,"column":28}},"10":{"start":{"line":37,"column":19},"end":{"line":37,"column":47}},"11":{"start":{"line":38,"column":24},"end":{"line":38,"column":25}},"12":{"start":{"line":40,"column":4},"end":{"line":56,"column":7}},"13":{"start":{"line":41,"column":19},"end":{"line":41,"column":37}},"14":{"start":{"line":42,"column":18},"end":{"line":42,"column":22}},"15":{"start":{"line":44,"column":6},"end":{"line":50,"column":7}},"16":{"start":{"line":45,"column":8},"end":{"line":49,"column":11}},"17":{"start":{"line":52,"column":20},"end":{"line":52,"column":36}},"18":{"start":{"line":53,"column":6},"end":{"line":53,"column":35}},"19":{"start":{"line":54,"column":6},"end":{"line":54,"column":31}},"20":{"start":{"line":55,"column":6},"end":{"line":55,"column":34}},"21":{"start":{"line":58,"column":4},"end":{"line":63,"column":6}},"22":{"start":{"line":60,"column":8},"end":{"line":60,"column":52}},"23":{"start":{"line":66,"column":31},"end":{"line":72,"column":3}},"24":{"start":{"line":67,"column":16},"end":{"line":67,"column":37}},"25":{"start":{"line":68,"column":4},"end":{"line":71,"column":5}},"26":{"start":{"line":69,"column":6},"end":{"line":69,"column":37}},"27":{"start":{"line":70,"column":6},"end":{"line":70,"column":16}},"28":{"start":{"line":74,"column":23},"end":{"line":76,"column":3}},"29":{"start":{"line":75,"column":4},"end":{"line":75,"column":31}},"30":{"start":{"line":78,"column":24},"end":{"line":81,"column":3}},"31":{"start":{"line":79,"column":4},"end":{"line":79,"column":24}},"32":{"start":{"line":80,"column":4},"end":{"line":80,"column":14}},"33":{"start":{"line":83,"column":26},"end":{"line":85,"column":3}},"34":{"start":{"line":84,"column":4},"end":{"line":84,"column":30}},"35":{"start":{"line":87,"column":2},"end":{"line":192,"column":4}},"36":{"start":{"line":107,"column":14},"end":{"line":108,"column":null}},"37":{"start":{"line":123,"column":24},"end":{"line":123,"column":71}},"38":{"start":{"line":150,"column":33},"end":{"line":150,"column":63}},"39":{"start":{"line":169,"column":16},"end":{"line":169,"column":46}}},"fnMap":{"0":{"name":"CardMenuModal","decl":{"start":{"line":22,"column":16},"end":{"line":22,"column":29}},"loc":{"start":{"line":29,"column":21},"end":{"line":193,"column":1}}},"1":{"name":"(anonymous_1)","decl":{"start":{"line":36,"column":29},"end":{"line":36,"column":32}},"loc":{"start":{"line":36,"column":34},"end":{"line":64,"column":3}}},"2":{"name":"(anonymous_2)","decl":{"start":{"line":40,"column":33},"end":{"line":40,"column":34}},"loc":{"start":{"line":40,"column":39},"end":{"line":56,"column":5}}},"3":{"name":"(anonymous_3)","decl":{"start":{"line":59,"column":47},"end":{"line":59,"column":48}},"loc":{"start":{"line":59,"column":56},"end":{"line":61,"column":7}}},"4":{"name":"(anonymous_4)","decl":{"start":{"line":66,"column":31},"end":{"line":66,"column":34}},"loc":{"start":{"line":66,"column":36},"end":{"line":72,"column":3}}},"5":{"name":"(anonymous_5)","decl":{"start":{"line":74,"column":23},"end":{"line":74,"column":26}},"loc":{"start":{"line":74,"column":28},"end":{"line":76,"column":3}}},"6":{"name":"(anonymous_6)","decl":{"start":{"line":78,"column":24},"end":{"line":78,"column":27}},"loc":{"start":{"line":78,"column":29},"end":{"line":81,"column":3}}},"7":{"name":"(anonymous_7)","decl":{"start":{"line":83,"column":26},"end":{"line":83,"column":27}},"loc":{"start":{"line":83,"column":51},"end":{"line":85,"column":3}}},"8":{"name":"(anonymous_8)","decl":{"start":{"line":106,"column":35},"end":{"line":106,"column":36}},"loc":{"start":{"line":107,"column":14},"end":{"line":108,"column":null}}},"9":{"name":"(anonymous_9)","decl":{"start":{"line":122,"column":31},"end":{"line":122,"column":34}},"loc":{"start":{"line":122,"column":36},"end":{"line":124,"column":23}}},"10":{"name":"(anonymous_10)","decl":{"start":{"line":150,"column":26},"end":{"line":150,"column":27}},"loc":{"start":{"line":150,"column":33},"end":{"line":150,"column":63}}},"11":{"name":"(anonymous_11)","decl":{"start":{"line":168,"column":23},"end":{"line":168,"column":26}},"loc":{"start":{"line":168,"column":28},"end":{"line":170,"column":15}}}},"branchMap":{"0":{"loc":{"start":{"line":41,"column":19},"end":{"line":41,"column":37}},"type":"binary-expr","locations":[{"start":{"line":41,"column":19},"end":{"line":41,"column":29}},{"start":{"line":41,"column":33},"end":{"line":41,"column":37}}]},"1":{"loc":{"start":{"line":44,"column":6},"end":{"line":50,"column":7}},"type":"if","locations":[{"start":{"line":44,"column":6},"end":{"line":50,"column":7}}]},"2":{"loc":{"start":{"line":68,"column":4},"end":{"line":71,"column":5}},"type":"if","locations":[{"start":{"line":68,"column":4},"end":{"line":71,"column":5}}]},"3":{"loc":{"start":{"line":68,"column":8},"end":{"line":68,"column":50}},"type":"binary-expr","locations":[{"start":{"line":68,"column":8},"end":{"line":68,"column":19}},{"start":{"line":68,"column":23},"end":{"line":68,"column":30}},{"start":{"line":68,"column":34},"end":{"line":68,"column":50}}]},"4":{"loc":{"start":{"line":79,"column":4},"end":{"line":79,"column":23}},"type":"cond-expr","locations":[{"start":{"line":79,"column":12},"end":{"line":79,"column":15}},{"start":{"line":79,"column":4},"end":{"line":79,"column":23}}]},"5":{"loc":{"start":{"line":79,"column":4},"end":{"line":79,"column":15}},"type":"binary-expr","locations":[{"start":{"line":79,"column":4},"end":{"line":79,"column":15}},{"start":{"line":79,"column":4},"end":{"line":79,"column":15}}]},"6":{"loc":{"start":{"line":96,"column":40},"end":{"line":96,"column":89}},"type":"cond-expr","locations":[{"start":{"line":96,"column":71},"end":{"line":96,"column":79}},{"start":{"line":96,"column":82},"end":{"line":96,"column":89}}]},"7":{"loc":{"start":{"line":120,"column":19},"end":{"line":131,"column":null}},"type":"binary-expr","locations":[{"start":{"line":120,"column":19},"end":{"line":120,"column":27}},{"start":{"line":120,"column":31},"end":{"line":120,"column":57}},{"start":{"line":121,"column":20},"end":{"line":130,"column":null}}]},"8":{"loc":{"start":{"line":140,"column":9},"end":{"line":160,"column":null}},"type":"binary-expr","locations":[{"start":{"line":140,"column":9},"end":{"line":140,"column":25}},{"start":{"line":141,"column":10},"end":{"line":159,"column":null}}]},"9":{"loc":{"start":{"line":158,"column":67},"end":{"line":158,"column":88}},"type":"binary-expr","locations":[{"start":{"line":158,"column":67},"end":{"line":158,"column":80}},{"start":{"line":158,"column":84},"end":{"line":158,"column":88}}]},"10":{"loc":{"start":{"line":164,"column":9},"end":{"line":175,"column":null}},"type":"binary-expr","locations":[{"start":{"line":164,"column":9},"end":{"line":164,"column":17}},{"start":{"line":164,"column":21},"end":{"line":164,"column":52}},{"start":{"line":165,"column":10},"end":{"line":174,"column":null}}]},"11":{"loc":{"start":{"line":179,"column":9},"end":{"line":188,"column":null}},"type":"binary-expr","locations":[{"start":{"line":179,"column":9},"end":{"line":179,"column":17}},{"start":{"line":179,"column":21},"end":{"line":179,"column":54}},{"start":{"line":180,"column":10},"end":{"line":187,"column":null}}]}},"s":{"0":0,"1":0,"2":0,"3":0,"4":0,"5":0,"6":0,"7":0,"8":0,"9":0,"10":0,"11":0,"12":0,"13":0,"14":0,"15":0,"16":0,"17":0,"18":0,"19":0,"20":0,"21":0,"22":0,"23":0,"24":0,"25":0,"26":0,"27":0,"28":0,"29":0,"30":0,"31":0,"32":0,"33":0,"34":0,"35":0,"36":0,"37":0,"38":0,"39":0},"f":{"0":0,"1":0,"2":0,"3":0,"4":0,"5":0,"6":0,"7":0,"8":0,"9":0,"10":0,"11":0},"b":{"0":[0,0],"1":[0],"2":[0],"3":[0,0,0],"4":[0,0],"5":[0,0],"6":[0,0],"7":[0,0,0],"8":[0,0],"9":[0,0],"10":[0,0,0],"11":[0,0,0]}}
,"D:\\Dev\\mtg\\mtg-app\\src\\components\\UI\\CollectionSelector.tsx": {"path":"D:\\Dev\\mtg\\mtg-app\\src\\components\\UI\\CollectionSelector.tsx","statementMap":{"0":{"start":{"line":13,"column":0},"end":{"line":13,"column":16}},"1":{"start":{"line":1,"column":0},"end":{"line":1,"column":52}},"2":{"start":{"line":2,"column":0},"end":{"line":2,"column":48}},"3":{"start":{"line":20,"column":30},"end":{"line":20,"column":45}},"4":{"start":{"line":21,"column":22},"end":{"line":21,"column":50}},"5":{"start":{"line":23,"column":2},"end":{"line":37,"column":15}},"6":{"start":{"line":25,"column":6},"end":{"line":27,"column":7}},"7":{"start":{"line":26,"column":8},"end":{"line":26,"column":25}},"8":{"start":{"line":30,"column":4},"end":{"line":32,"column":5}},"9":{"start":{"line":31,"column":6},"end":{"line":31,"column":65}},"10":{"start":{"line":34,"column":4},"end":{"line":36,"column":6}},"11":{"start":{"line":35,"column":6},"end":{"line":35,"column":68}},"12":{"start":{"line":39,"column":27},"end":{"line":39,"column":51}},"13":{"start":{"line":40,"column":23},"end":{"line":40,"column":87}},"14":{"start":{"line":40,"column":40},"end":{"line":40,"column":86}},"15":{"start":{"line":42,"column":23},"end":{"line":48,"column":8}},"16":{"start":{"line":43,"column":75},"end":{"line":43,"column":92}},"17":{"start":{"line":50,"column":23},"end":{"line":53,"column":3}},"18":{"start":{"line":51,"column":4},"end":{"line":51,"column":21}},"19":{"start":{"line":52,"column":4},"end":{"line":52,"column":21}},"20":{"start":{"line":55,"column":2},"end":{"line":170,"column":4}},"21":{"start":{"line":62,"column":23},"end":{"line":62,"column":41}},"22":{"start":{"line":91,"column":27},"end":{"line":91,"column":46}},"23":{"start":{"line":104,"column":43},"end":{"line":104,"column":60}},"24":{"start":{"line":118,"column":29},"end":{"line":118,"column":47}},"25":{"start":{"line":140,"column":47},"end":{"line":140,"column":73}},"26":{"start":{"line":146,"column":25},"end":{"line":146,"column":51}},"27":{"start":{"line":147,"column":28},"end":{"line":166,"column":14}},"28":{"start":{"line":151,"column":31},"end":{"line":151,"column":57}}},"fnMap":{"0":{"name":"CollectionSelector","decl":{"start":{"line":13,"column":16},"end":{"line":13,"column":34}},"loc":{"start":{"line":19,"column":26},"end":{"line":171,"column":1}}},"1":{"name":"(anonymous_1)","decl":{"start":{"line":23,"column":12},"end":{"line":23,"column":15}},"loc":{"start":{"line":23,"column":17},"end":{"line":37,"column":3}}},"2":{"name":"handleClickOutside","decl":{"start":{"line":24,"column":13},"end":{"line":24,"column":31}},"loc":{"start":{"line":24,"column":49},"end":{"line":28,"column":5}}},"3":{"name":"(anonymous_3)","decl":{"start":{"line":34,"column":11},"end":{"line":34,"column":14}},"loc":{"start":{"line":34,"column":16},"end":{"line":36,"column":5}}},"4":{"name":"(anonymous_4)","decl":{"start":{"line":40,"column":35},"end":{"line":40,"column":36}},"loc":{"start":{"line":40,"column":40},"end":{"line":40,"column":86}}},"5":{"name":"(anonymous_5)","decl":{"start":{"line":43,"column":63},"end":{"line":43,"column":64}},"loc":{"start":{"line":43,"column":75},"end":{"line":43,"column":92}}},"6":{"name":"(anonymous_6)","decl":{"start":{"line":50,"column":23},"end":{"line":50,"column":24}},"loc":{"start":{"line":50,"column":57},"end":{"line":53,"column":3}}},"7":{"name":"(anonymous_7)","decl":{"start":{"line":62,"column":17},"end":{"line":62,"column":20}},"loc":{"start":{"line":62,"column":23},"end":{"line":62,"column":41}}},"8":{"name":"(anonymous_8)","decl":{"start":{"line":91,"column":21},"end":{"line":91,"column":24}},"loc":{"start":{"line":91,"column":27},"end":{"line":91,"column":46}}},"9":{"name":"(anonymous_9)","decl":{"start":{"line":104,"column":31},"end":{"line":104,"column":32}},"loc":{"start":{"line":104,"column":43},"end":{"line":104,"column":60}}},"10":{"name":"(anonymous_10)","decl":{"start":{"line":118,"column":23},"end":{"line":118,"column":26}},"loc":{"start":{"line":118,"column":29},"end":{"line":118,"column":47}}},"11":{"name":"(anonymous_11)","decl":{"start":{"line":140,"column":42},"end":{"line":140,"column":43}},"loc":{"start":{"line":140,"column":47},"end":{"line":140,"column":73}}},"12":{"name":"(anonymous_12)","decl":{"start":{"line":146,"column":20},"end":{"line":146,"column":21}},"loc":{"start":{"line":146,"column":25},"end":{"line":146,"column":51}}},"13":{"name":"(anonymous_13)","decl":{"start":{"line":147,"column":17},"end":{"line":147,"column":18}},"loc":{"start":{"line":147,"column":27},"end":{"line":166,"column":14}}},"14":{"name":"(anonymous_14)","decl":{"start":{"line":151,"column":25},"end":{"line":151,"column":28}},"loc":{"start":{"line":151,"column":31},"end":{"line":151,"column":57}}}},"branchMap":{"0":{"loc":{"start":{"line":25,"column":6},"end":{"line":27,"column":7}},"type":"if","locations":[{"start":{"line":25,"column":6},"end":{"line":27,"column":7}}]},"1":{"loc":{"start":{"line":25,"column":10},"end":{"line":25,"column":84}},"type":"binary-expr","locations":[{"start":{"line":25,"column":10},"end":{"line":25,"column":29}},{"start":{"line":25,"column":33},"end":{"line":25,"column":84}}]},"2":{"loc":{"start":{"line":30,"column":4},"end":{"line":32,"column":5}},"type":"if","locations":[{"start":{"line":30,"column":4},"end":{"line":32,"column":5}}]},"3":{"loc":{"start":{"line":40,"column":54},"end":{"line":40,"column":85}},"type":"binary-expr","locations":[{"start":{"line":40,"column":54},"end":{"line":40,"column":68}},{"start":{"line":40,"column":72},"end":{"line":40,"column":85}}]},"4":{"loc":{"start":{"line":42,"column":23},"end":{"line":48,"column":8}},"type":"cond-expr","locations":[{"start":{"line":43,"column":6},"end":{"line":43,"column":98}},{"start":{"line":44,"column":6},"end":{"line":48,"column":8}}]},"5":{"loc":{"start":{"line":44,"column":6},"end":{"line":48,"column":8}},"type":"binary-expr","locations":[{"start":{"line":44,"column":6},"end":{"line":44,"column":18}},{"start":{"line":44,"column":22},"end":{"line":48,"column":8}}]},"6":{"loc":{"start":{"line":45,"column":16},"end":{"line":45,"column":35}},"type":"binary-expr","locations":[{"start":{"line":45,"column":16},"end":{"line":45,"column":29}},{"start":{"line":45,"column":33},"end":{"line":45,"column":35}}]},"7":{"loc":{"start":{"line":46,"column":17},"end":{"line":46,"column":43}},"type":"binary-expr","locations":[{"start":{"line":46,"column":17},"end":{"line":46,"column":35}},{"start":{"line":46,"column":39},"end":{"line":46,"column":43}}]},"8":{"loc":{"start":{"line":66,"column":11},"end":{"line":67,"column":null}},"type":"binary-expr","locations":[{"start":{"line":66,"column":11},"end":{"line":66,"column":41}},{"start":{"line":67,"column":12},"end":{"line":67,"column":80}}]},"9":{"loc":{"start":{"line":66,"column":11},"end":{"line":66,"column":41}},"type":"cond-expr","locations":[{"start":{"line":66,"column":31},"end":{"line":66,"column":33}},{"start":{"line":66,"column":31},"end":{"line":66,"column":41}}]},"10":{"loc":{"start":{"line":66,"column":11},"end":{"line":66,"column":33}},"type":"binary-expr","locations":[{"start":{"line":66,"column":11},"end":{"line":66,"column":33}},{"start":{"line":66,"column":31},"end":{"line":66,"column":33}}]},"11":{"loc":{"start":{"line":70,"column":13},"end":{"line":72,"column":97}},"type":"cond-expr","locations":[{"start":{"line":71,"column":16},"end":{"line":71,"column":75}},{"start":{"line":72,"column":16},"end":{"line":72,"column":97}}]},"12":{"loc":{"start":{"line":72,"column":16},"end":{"line":72,"column":97}},"type":"binary-expr","locations":[{"start":{"line":72,"column":16},"end":{"line":72,"column":47}},{"start":{"line":72,"column":51},"end":{"line":72,"column":78}},{"start":{"line":72,"column":82},"end":{"line":72,"column":97}}]},"13":{"loc":{"start":{"line":72,"column":16},"end":{"line":72,"column":47}},"type":"cond-expr","locations":[{"start":{"line":72,"column":36},"end":{"line":72,"column":38}},{"start":{"line":72,"column":36},"end":{"line":72,"column":47}}]},"14":{"loc":{"start":{"line":72,"column":16},"end":{"line":72,"column":38}},"type":"binary-expr","locations":[{"start":{"line":72,"column":16},"end":{"line":72,"column":38}},{"start":{"line":72,"column":36},"end":{"line":72,"column":38}}]},"15":{"loc":{"start":{"line":72,"column":51},"end":{"line":72,"column":78}},"type":"cond-expr","locations":[{"start":{"line":72,"column":71},"end":{"line":72,"column":73}},{"start":{"line":72,"column":71},"end":{"line":72,"column":78}}]},"16":{"loc":{"start":{"line":72,"column":51},"end":{"line":72,"column":73}},"type":"binary-expr","locations":[{"start":{"line":72,"column":51},"end":{"line":72,"column":73}},{"start":{"line":72,"column":71},"end":{"line":72,"column":73}}]},"17":{"loc":{"start":{"line":73,"column":13},"end":{"line":73,"column":101}},"type":"binary-expr","locations":[{"start":{"line":73,"column":13},"end":{"line":73,"column":30}},{"start":{"line":73,"column":34},"end":{"line":73,"column":60}},{"start":{"line":73,"column":64},"end":{"line":73,"column":101}}]},"18":{"loc":{"start":{"line":77,"column":53},"end":{"line":77,"column":79}},"type":"cond-expr","locations":[{"start":{"line":77,"column":62},"end":{"line":77,"column":74}},{"start":{"line":77,"column":77},"end":{"line":77,"column":79}}]},"19":{"loc":{"start":{"line":86,"column":7},"end":{"line":167,"column":null}},"type":"binary-expr","locations":[{"start":{"line":86,"column":7},"end":{"line":86,"column":13}},{"start":{"line":87,"column":8},"end":{"line":166,"column":null}}]},"20":{"loc":{"start":{"line":93,"column":14},"end":{"line":93,"column":null}},"type":"cond-expr","locations":[{"start":{"line":93,"column":33},"end":{"line":93,"column":65}},{"start":{"line":93,"column":68},"end":{"line":93,"column":null}}]},"21":{"loc":{"start":{"line":110,"column":11},"end":{"line":111,"column":null}},"type":"binary-expr","locations":[{"start":{"line":110,"column":11},"end":{"line":110,"column":24}},{"start":{"line":111,"column":12},"end":{"line":111,"column":82}}]},"22":{"loc":{"start":{"line":115,"column":11},"end":{"line":136,"column":null}},"type":"binary-expr","locations":[{"start":{"line":115,"column":11},"end":{"line":115,"column":24}},{"start":{"line":116,"column":12},"end":{"line":135,"column":null}}]},"23":{"loc":{"start":{"line":120,"column":16},"end":{"line":120,"column":null}},"type":"cond-expr","locations":[{"start":{"line":120,"column":70},"end":{"line":120,"column":102}},{"start":{"line":120,"column":105},"end":{"line":120,"column":null}}]},"24":{"loc":{"start":{"line":120,"column":16},"end":{"line":120,"column":67}},"type":"binary-expr","locations":[{"start":{"line":120,"column":16},"end":{"line":120,"column":31}},{"start":{"line":120,"column":35},"end":{"line":120,"column":67}}]},"25":{"loc":{"start":{"line":123,"column":15},"end":{"line":124,"column":null}},"type":"binary-expr","locations":[{"start":{"line":123,"column":15},"end":{"line":123,"column":43}},{"start":{"line":124,"column":16},"end":{"line":124,"column":82}}]},"26":{"loc":{"start":{"line":123,"column":15},"end":{"line":123,"column":43}},"type":"cond-expr","locations":[{"start":{"line":123,"column":33},"end":{"line":123,"column":35}},{"start":{"line":123,"column":15},"end":{"line":123,"column":43}}]},"27":{"loc":{"start":{"line":123,"column":15},"end":{"line":123,"column":35}},"type":"binary-expr","locations":[{"start":{"line":123,"column":15},"end":{"line":123,"column":35}},{"start":{"line":123,"column":15},"end":{"line":123,"column":35}}]},"28":{"loc":{"start":{"line":128,"column":19},"end":{"line":128,"column":96}},"type":"binary-expr","locations":[{"start":{"line":128,"column":19},"end":{"line":128,"column":48}},{"start":{"line":128,"column":52},"end":{"line":128,"column":77}},{"start":{"line":128,"column":81},"end":{"line":128,"column":96}}]},"29":{"loc":{"start":{"line":128,"column":19},"end":{"line":128,"column":48}},"type":"cond-expr","locations":[{"start":{"line":128,"column":37},"end":{"line":128,"column":39}},{"start":{"line":128,"column":19},"end":{"line":128,"column":48}}]},"30":{"loc":{"start":{"line":128,"column":19},"end":{"line":128,"column":3
[...]
22},"end":{"line":60,"column":36}},"loc":{"start":{"line":60,"column":36},"end":{"line":126,"column":null}}},"3":{"name":"(anonymous_10)","decl":{"start":{"line":61,"column":2},"end":{"line":61,"column":13}},"loc":{"start":{"line":63,"column":28},"end":{"line":126,"column":1}}},"4":{"name":"(anonymous_11)","decl":{"start":{"line":97,"column":24},"end":{"line":97,"column":31}},"loc":{"start":{"line":97,"column":35},"end":{"line":97,"column":61}}},"5":{"name":"(anonymous_12)","decl":{"start":{"line":116,"column":24},"end":{"line":116,"column":31}},"loc":{"start":{"line":116,"column":35},"end":{"line":116,"column":61}}}},"branchMap":{"0":{"loc":{"start":{"line":36,"column":2},"end":{"line":36,"column":65}},"type":"default-arg","locations":[{"start":{"line":36,"column":32},"end":{"line":36,"column":65}}]},"1":{"loc":{"start":{"line":39,"column":2},"end":{"line":41,"column":3}},"type":"if","locations":[{"start":{"line":39,"column":2},"end":{"line":41,"column":3}}]},"2":{"loc":{"start":{"line":40,"column":11},"end":{"line":40,"column":72}},"type":"binary-expr","locations":[{"start":{"line":40,"column":11},"end":{"line":40,"column":37}},{"start":{"line":40,"column":41},"end":{"line":40,"column":72}}]},"3":{"loc":{"start":{"line":63,"column":2},"end":{"line":63,"column":28}},"type":"default-arg","locations":[{"start":{"line":63,"column":26},"end":{"line":63,"column":28}}]},"4":{"loc":{"start":{"line":78,"column":6},"end":{"line":80,"column":7}},"type":"if","locations":[{"start":{"line":78,"column":6},"end":{"line":80,"column":7}}]},"5":{"loc":{"start":{"line":83,"column":6},"end":{"line":85,"column":7}},"type":"if","locations":[{"start":{"line":83,"column":6},"end":{"line":85,"column":7}}]},"6":{"loc":{"start":{"line":91,"column":6},"end":{"line":93,"column":7}},"type":"if","locations":[{"start":{"line":91,"column":6},"end":{"line":93,"column":7}}]},"7":{"loc":{"start":{"line":102,"column":18},"end":{"line":102,"column":75}},"type":"cond-expr","locations":[{"start":{"line":102,"column":43},"end":{"line":102,"column":48}},{"start":{"line":102,"column":51},"end":{"line":102,"column":75}}]},"8":{"loc":{"start":{"line":105,"column":6},"end":{"line":107,"column":7}},"type":"if","locations":[{"start":{"line":105,"column":6},"end":{"line":107,"column":7}}]},"9":{"loc":{"start":{"line":110,"column":6},"end":{"line":112,"column":7}},"type":"if","locations":[{"start":{"line":110,"column":6},"end":{"line":112,"column":7}}]},"10":{"loc":{"start":{"line":121,"column":2},"end":{"line":123,"column":3}},"type":"if","locations":[{"start":{"line":121,"column":2},"end":{"line":123,"column":3}}]}},"s":{"0":0,"1":0,"2":0,"3":0,"4":0,"5":0,"6":0,"7":0,"8":0,"9":0,"10":0,"11":0,"12":0,"13":0,"14":0,"15":0,"16":0,"17":0,"18":0,"19":0,"20":0,"21":0,"22":0,"23":0,"24":0,"25":0,"26":0,"27":0,"28":0,"29":0,"30":0,"31":0,"32":0,"33":0,"34":0,"35":0},"f":{"0":0,"1":0,"2":0,"3":0,"4":0,"5":0},"b":{"0":[0],"1":[0],"2":[0,0],"3":[0],"4":[0],"5":[0],"6":[0],"7":[0,0],"8":[0],"9":[0],"10":[0]}}
,"D:\\Dev\\mtg\\mtg-app\\src\\utils\\indexedDB.ts": {"path":"D:\\Dev\\mtg\\mtg-app\\src\\utils\\indexedDB.ts","statementMap":{"0":{"start":{"line":18,"column":0},"end":{"line":18,"column":16}},"1":{"start":{"line":45,"column":0},"end":{"line":45,"column":22}},"2":{"start":{"line":60,"column":0},"end":{"line":60,"column":22}},"3":{"start":{"line":78,"column":0},"end":{"line":78,"column":22}},"4":{"start":{"line":93,"column":0},"end":{"line":93,"column":22}},"5":{"start":{"line":108,"column":0},"end":{"line":108,"column":22}},"6":{"start":{"line":123,"column":0},"end":{"line":123,"column":22}},"7":{"start":{"line":6,"column":16},"end":{"line":6,"column":33}},"8":{"start":{"line":7,"column":19},"end":{"line":7,"column":20}},"9":{"start":{"line":19,"column":2},"end":{"line":39,"column":5}},"10":{"start":{"line":20,"column":20},"end":{"line":20,"column":55}},"11":{"start":{"line":22,"column":4},"end":{"line":22,"column":50}},"12":{"start":{"line":22,"column":28},"end":{"line":22,"column":49}},"13":{"start":{"line":23,"column":4},"end":{"line":23,"column":54}},"14":{"start":{"line":23,"column":30},"end":{"line":23,"column":53}},"15":{"start":{"line":25,"column":4},"end":{"line":38,"column":6}},"16":{"start":{"line":26,"column":18},"end":{"line":26,"column":58}},"17":{"start":{"line":29,"column":6},"end":{"line":32,"column":7}},"18":{"start":{"line":30,"column":27},"end":{"line":30,"column":90}},"19":{"start":{"line":31,"column":8},"end":{"line":31,"column":73}},"20":{"start":{"line":35,"column":6},"end":{"line":37,"column":7}},"21":{"start":{"line":36,"column":8},"end":{"line":36,"column":61}},"22":{"start":{"line":46,"column":13},"end":{"line":46,"column":27}},"23":{"start":{"line":47,"column":2},"end":{"line":54,"column":5}},"24":{"start":{"line":48,"column":24},"end":{"line":48,"column":64}},"25":{"start":{"line":49,"column":18},"end":{"line":49,"column":52}},"26":{"start":{"line":50,"column":20},"end":{"line":50,"column":45}},"27":{"start":{"line":52,"column":4},"end":{"line":52,"column":50}},"28":{"start":{"line":52,"column":28},"end":{"line":52,"column":49}},"29":{"start":{"line":53,"column":4},"end":{"line":53,"column":40}},"30":{"start":{"line":53,"column":30},"end":{"line":53,"column":39}},"31":{"start":{"line":61,"column":13},"end":{"line":61,"column":27}},"32":{"start":{"line":62,"column":2},"end":{"line":72,"column":5}},"33":{"start":{"line":63,"column":24},"end":{"line":63,"column":63}},"34":{"start":{"line":64,"column":18},"end":{"line":64,"column":52}},"35":{"start":{"line":65,"column":20},"end":{"line":65,"column":34}},"36":{"start":{"line":67,"column":4},"end":{"line":67,"column":50}},"37":{"start":{"line":67,"column":28},"end":{"line":67,"column":49}},"38":{"start":{"line":68,"column":4},"end":{"line":71,"column":6}},"39":{"start":{"line":69,"column":21},"end":{"line":69,"column":35}},"40":{"start":{"line":70,"column":6},"end":{"line":70,"column":44}},"41":{"start":{"line":79,"column":13},"end":{"line":79,"column":27}},"42":{"start":{"line":80,"column":2},"end":{"line":87,"column":5}},"43":{"start":{"line":81,"column":24},"end":{"line":81,"column":64}},"44":{"start":{"line":82,"column":18},"end":{"line":82,"column":52}},"45":{"start":{"line":83,"column":20},"end":{"line":83,"column":37}},"46":{"start":{"line":85,"column":4},"end":{"line":85,"column":50}},"47":{"start":{"line":85,"column":28},"end":{"line":85,"column":49}},"48":{"start":{"line":86,"column":4},"end":{"line":86,"column":40}},"49":{"start":{"line":86,"column":30},"end":{"line":86,"column":39}},"50":{"start":{"line":94,"column":13},"end":{"line":94,"column":27}},"51":{"start":{"line":95,"column":2},"end":{"line":102,"column":5}},"52":{"start":{"line":96,"column":24},"end":{"line":96,"column":63}},"53":{"start":{"line":97,"column":18},"end":{"line":97,"column":52}},"54":{"start":{"line":98,"column":20},"end":{"line":98,"column":34}},"55":{"start":{"line":100,"column":4},"end":{"line":100,"column":50}},"56":{"start":{"line":100,"column":28},"end":{"line":100,"column":49}},"57":{"start":{"line":101,"column":4},"end":{"line":101,"column":68}},"58":{"start":{"line":101,"column":30},"end":{"line":101,"column":67}},"59":{"start":{"line":109,"column":13},"end":{"line":109,"column":27}},"60":{"start":{"line":110,"column":2},"end":{"line":117,"column":5}},"61":{"start":{"line":111,"column":24},"end":{"line":111,"column":65}},"62":{"start":{"line":112,"column":18},"end":{"line":112,"column":53}},"63":{"start":{"line":113,"column":20},"end":{"line":113,"column":51}},"64":{"start":{"line":115,"column":4},"end":{"line":115,"column":50}},"65":{"start":{"line":115,"column":28},"end":{"line":115,"column":49}},"66":{"start":{"line":116,"column":4},"end":{"line":116,"column":40}},"67":{"start":{"line":116,"column":30},"end":{"line":116,"column":39}},"68":{"start":{"line":124,"column":2},"end":{"line":124,"column":40}}},"fnMap":{"0":{"name":"openDB","decl":{"start":{"line":18,"column":16},"end":{"line":18,"column":22}},"loc":{"start":{"line":18,"column":22},"end":{"line":40,"column":1}}},"1":{"name":"(anonymous_8)","decl":{"start":{"line":19,"column":21},"end":{"line":19,"column":22}},"loc":{"start":{"line":19,"column":41},"end":{"line":39,"column":3}}},"2":{"name":"(anonymous_9)","decl":{"start":{"line":22,"column":22},"end":{"line":22,"column":25}},"loc":{"start":{"line":22,"column":28},"end":{"line":22,"column":49}}},"3":{"name":"(anonymous_10)","decl":{"start":{"line":23,"column":24},"end":{"line":23,"column":27}},"loc":{"start":{"line":23,"column":30},"end":{"line":23,"column":53}}},"4":{"name":"(anonymous_11)","decl":{"start":{"line":25,"column":30},"end":{"line":25,"column":31}},"loc":{"start":{"line":25,"column":40},"end":{"line":38,"column":5}}},"5":{"name":"setItem","decl":{"start":{"line":45,"column":22},"end":{"line":45,"column":29}},"loc":{"start":{"line":45,"column":73},"end":{"line":55,"column":null}}},"6":{"name":"(anonymous_14)","decl":{"start":{"line":47,"column":21},"end":{"line":47,"column":22}},"loc":{"start":{"line":47,"column":41},"end":{"line":54,"column":3}}},"7":{"name":"(anonymous_15)","decl":{"start":{"line":52,"column":22},"end":{"line":52,"column":25}},"loc":{"start":{"line":52,"column":28},"end":{"line":52,"column":49}}},"8":{"name":"(anonymous_16)","decl":{"start":{"line":53,"column":24},"end":{"line":53,"column":27}},"loc":{"start":{"line":53,"column":30},"end":{"line":53,"column":39}}},"9":{"name":"getItem","decl":{"start":{"line":60,"column":22},"end":{"line":60,"column":29}},"loc":{"start":{"line":60,"column":63},"end":{"line":73,"column":null}}},"10":{"name":"(anonymous_19)","decl":{"start":{"line":62,"column":21},"end":{"line":62,"column":22}},"loc":{"start":{"line":62,"column":41},"end":{"line":72,"column":3}}},"11":{"name":"(anonymous_20)","decl":{"start":{"line":67,"column":22},"end":{"line":67,"column":25}},"loc":{"start":{"line":67,"column":28},"end":{"line":67,"column":49}}},"12":{"name":"(anonymous_21)","decl":{"start":{"line":68,"column":24},"end":{"line":68,"column":27}},"loc":{"start":{"line":68,"column":29},"end":{"line":71,"column":5}}},"13":{"name":"removeItem","decl":{"start":{"line":78,"column":22},"end":{"line":78,"column":32}},"loc":{"start":{"line":78,"column":63},"end":{"line":88,"column":null}}},"14":{"name":"(anonymous_24)","decl":{"start":{"line":80,"column":21},"end":{"line":80,"column":22}},"loc":{"start":{"line":80,"column":41},"end":{"line":87,"column":3}}},"15":{"name":"(anonymous_25)","decl":{"start":{"line":85,"column":22},"end":{"line":85,"column":25}},"loc":{"start":{"line":85,"column":28},"end":{"line":85,"column":49}}},"16":{"name":"(anonymous_26)","decl":{"start":{"line":86,"column":24},"end":{"line":86,"column":27}},"loc":{"start":{"line":86,"column":30},"end":{"line":86,"column":39}}},"17":{"name":"hasItem","decl":{"start":{"line":93,"column":22},"end":{"line":93,"column":29}},"loc":{"start":{"line":93,"column":60},"end":{"line":103,"column":null}}},"18":{"name":"(anonymous_29)","decl":{"start":{"line":95,"column":21},"end":{"line":95,"column":22}},"loc":{"start":{"line":95,"column":41},"end":{"line":102,"column":3}}},"19":{"name":"(anonymous_30)","decl":{"start":{"line":100,"column":22},"end":{"line":100,"column":25}},"loc":{"start":{"line":100,"column":28},"end":{"line":100,"column":49}}},"20":{"name":"(anonymous_31)","decl":{"start":{"line":101,"column":24},"end":{"line":101,"column":27}},"loc":{"start":{"line":101,"column":30},"end":{"line":101,"column":67}}},"21":{"name":"storeRawFile","decl":{"start":{"line":108,"column":22},"end":{"line":108,"column":34}},"loc":{"start":{"line":108,"column":58},"end":{"line":118,"column":null}}},"22":{"name":"(anonymous_34)","decl":{"start":{"line":110,"column":21},"end":{"line":110,"column":22}},"loc":{"start":{"line":110,"column":41},"end":{"line":117,"column":3}}},"23":{"name":"(anonymous_35)","decl":{"start":{"line":115,"column":22},"end":{"line":115,"column":25}},"loc":{"start":{"line":115,"column":28},"end":{"line":115,"column":49}}},"24":{"name":"(anonymous_36)","decl":{"start":{"line":116,"column":24},"end":{"line":116,"column":27}},"loc":{"start":{"line":116,"column":30},"end":{"line":116,"column":39}}},"25":{"name":"getRawFile","decl":{"start":{"line":123,"column":22},"end":{"line":123,"column":32}},"loc":{"start":{"line":123,"column":44},"end":{"line":125,"column":null}}}},"branchMap":{"0":{"loc":{"start":{"line":29,"column":6},"end":{"line":32,"column":7}},"type":"if","locations":[{"start":{"line":29,"column":6},"end":{"line":32,"column":7}}]},"1":{"loc":{"start":{"line":35,"column":6},"end":{"line":37,"column":7}},"type":"if","locations":[{"start":{"line":35,"column":6},"end":{"line":37,"column":7}}]},"2":{"loc":{"start":{"line":70,"column":14},"end":{"line":70,"column":42}},"type":"cond-expr","locations":[{"start":{"line":70,"column":23},"end":{"line":70,"column":35}},{"start":{"line":70,"column":38},"end":{"line":70,"column":42}}]}},"s":{"0":0,"1":0,"2":0,"3":0,"4":0,"5":0,"6":0,"7":0,"8":0,"9":0,"10":0,"11":0,"12":0,"13":0,"14":0,"15":0,"16":0,"17":0,"18":0,"19":0,"20":0,"21":0,"22":0,"23":0,"24":0,"25":0,"26":0,"27":0,"28":0,"29":0,"30":0,"31":0,"32":0,"33":0,"34":0,"35":0,"36":0,"37":0,"38":0,"39":0,"40":0,"41":0,"42":0,"43":0,"44":0,"45":0,"46":0,"47":0,"48":0,"49":0,"50":0,"51":0,"52":0,"53":0,"54":0,"55":0,"56":0,"57":0,"58":0,"59":0,"60":0,"61":0,"62":0,"63":0,"64":0,"65":0,"66":0,"67":0,"68":0},"f":{"0":0,"1":0,"2":0,"3":0,"4":0,"5":0,"6":0,"7":0,"8":0,"9":0,"10":0,"11":0,"12":0,"13":0,"14":0,"15":0,"16":0,"17":0,"18":0,"19":0,"20":0,"21":0,"22":0,"23":0,"24":0,"25":0},"b":{"0":[0],"1":[0],"2":[0,0]}}
,"D:\\Dev\\mtg\\mtg-app\\src\\utils\\validationSchemas.ts": {"path":"D:\\Dev\\mtg\\mtg-app\\src\\utils\\validationSchemas.ts","statementMap":{"0":{"start":{"line":55,"column":0},"end":{"line":55,"column":16}},"1":{"start":{"line":71,"column":0},"end":{"line":71,"column":16}},"2":{"start":{"line":95,"column":0},"end":{"line":95,"column":16}},"3":{"start":{"line":111,"column":0},"end":{"line":111,"column":16}},"4":{"start":{"line":127,"column":0},"end":{"line":127,"column":16}},"5":{"start":{"line":1,"column":0},"end":{"line":1,"column":24}},"6":{"start":{"line":8,"column":13},"end":{"line":20,"column":3}},"7":{"start":{"line":23,"column":13},"end":{"line":28,"column":3}},"8":{"start":{"line":31,"column":13},"end":{"line":35,"column":3}},"9":{"start":{"line":38,"column":13},"end":{"line":45,"column":3}},"10":{"start":{"line":48,"column":13},"end":{"line":50,"column":3}},"11":{"start":{"line":56,"column":2},"end":{"line":65,"column":3}},"12":{"start":{"line":57,"column":22},"end":{"line":57,"column":50}},"13":{"start":{"line":58,"column":4},"end":{"line":58,"column":46}},"14":{"start":{"line":60,"column":4},"end":{"line":63,"column":5}},"15":{"start":{"line":61,"column":25},"end":{"line":61,"column":40}},"16":{"start":{"line":62,"column":6},"end":{"line":62,"column":59}},"17":{"start":{"line":64,"column":4},"end":{"line":64,"column":70}},"18":{"start":{"line":72,"column":58},"end":{"line":72,"column":60}},"19":{"start":{"line":73,"column":61},"end":{"line":73,"column":63}},"20":{"start":{"line":75,"column":2},"end":{"line":83,"column":5}},"21":{"start":{"line":76,"column":19},"end":{"line":76,"column":43}},"22":{"start":{"line":77,"column":4},"end":{"line":82,"column":5}},"23":{"start":{"line":78,"column":6},"end":{"line":78,"column":39}},"24":{"start":{"line":80,"column":27},"end":{"line":80,"column":93}},"25":{"start":{"line":81,"column":6},"end":{"line":81,"column":50}},"26":{"start":{"line":85,"column":2},"end":{"line":87,"column":3}},"27":{"start":{"line":86,"column":4},"end":{"line":86,"column":38}},"28":{"start":{"line":89,"column":2},"end":{"line":89,"column":49}},"29":{"start":{"line":96,"column":2},"end":{"line":105,"column":3}},"30":{"start":{"line":97,"column":22},"end":{"line":97,"column":44}},"31":{"start":{"line":98,"column":4},"end":{"line":98,"column":46}},"32":{"start":{"line":100,"column":4},"end":{"line":103,"column":5}},"33":{"start":{"line":101,"column":25},"end":{"line":101,"column":40}},"34":{"start":{"line":102,"column":6},"end":{"line":102,"column":59}},"35":{"start":{"line":104,"column":4},"end":{"line":104,"column":70}},"36":{"start":{"line":112,"column":2},"end":{"line":121,"column":3}},"37":{"start":{"line":113,"column":22},"end":{"line":113,"column":54}},"38":{"start":{"line":114,"column":4},"end":{"line":114,"column":46}},"39":{"start":{"line":116,"column":4},"end":{"line":119,"column":5}},"40":{"start":{"line":117,"column":25},"end":{"line":117,"column":40}},"41":{"start":{"line":118,"column":6},"end":{"line":118,"column":59}},"42":{"start":{"line":120,"column":4},"end":{"line":120,"column":70}},"43":{"start":{"line":128,"column":2},"end":{"line":137,"column":3}},"44":{"start":{"line":129,"column":22},"end":{"line":129,"column":52}},"45":{"start":{"line":130,"column":4},"end":{"line":130,"column":46}},"46":{"start":{"line":132,"column":4},"end":{"line":135,"column":5}},"47":{"start":{"line":133,"column":25},"end":{"line":133,"column":40}},"48":{"start":{"line":134,"column":6},"end":{"line":134,"column":59}},"49":{"start":{"line":136,"column":4},"end":{"line":136,"column":70}}},"fnMap":{"0":{"name":"validateParsedCard","decl":{"start":{"line":55,"column":16},"end":{"line":55,"column":34}},"loc":{"start":{"line":55,"column":48},"end":{"line":66,"column":1}}},"1":{"name":"validateParsedCards","decl":{"start":{"line":71,"column":16},"end":{"line":71,"column":35}},"loc":{"start":{"line":71,"column":52},"end":{"line":90,"column":1}}},"2":{"name":"(anonymous_2)","decl":{"start":{"line":75,"column":16},"end":{"line":75,"column":17}},"loc":{"start":{"line":75,"column":32},"end":{"line":83,"column":3}}},"3":{"name":"validateDeck","decl":{"start":{"line":95,"column":16},"end":{"line":95,"column":28}},"loc":{"start":{"line":95,"column":42},"end":{"line":106,"column":1}}},"4":{"name":"validateUserProfile","decl":{"start":{"line":111,"column":16},"end":{"line":111,"column":35}},"loc":{"start":{"line":111,"column":52},"end":{"line":122,"column":1}}},"5":{"name":"validateWishlistItem","decl":{"start":{"line":127,"column":16},"end":{"line":127,"column":36}},"loc":{"start":{"line":127,"column":50},"end":{"line":138,"column":1}}}},"branchMap":{"0":{"loc":{"start":{"line":60,"column":4},"end":{"line":63,"column":5}},"type":"if","locations":[{"start":{"line":60,"column":4},"end":{"line":63,"column":5}}]},"1":{"loc":{"start":{"line":77,"column":4},"end":{"line":82,"column":5}},"type":"if","locations":[{"start":{"line":77,"column":4},"end":{"line":82,"column":5}},{"start":{"line":79,"column":11},"end":{"line":82,"column":5}}]},"2":{"loc":{"start":{"line":80,"column":27},"end":{"line":80,"column":93}},"type":"cond-expr","locations":[{"start":{"line":80,"column":47},"end":{"line":80,"column":59}},{"start":{"line":80,"column":62},"end":{"line":80,"column":93}}]},"3":{"loc":{"start":{"line":85,"column":2},"end":{"line":87,"column":3}},"type":"if","locations":[{"start":{"line":85,"column":2},"end":{"line":87,"column":3}}]},"4":{"loc":{"start":{"line":100,"column":4},"end":{"line":103,"column":5}},"type":"if","locations":[{"start":{"line":100,"column":4},"end":{"line":103,"column":5}}]},"5":{"loc":{"start":{"line":116,"column":4},"end":{"line":119,"column":5}},"type":"if","locations":[{"start":{"line":116,"column":4},"end":{"line":119,"column":5}}]},"6":{"loc":{"start":{"line":132,"column":4},"end":{"line":135,"column":5}},"type":"if","locations":[{"start":{"line":132,"column":4},"end":{"line":135,"column":5}}]}},"s":{"0":1,"1":1,"2":1,"3":1,"4":1,"5":1,"6":1,"7":1,"8":1,"9":1,"10":1,"11":10030,"12":10030,"13":10030,"14":0,"15":0,"16":0,"17":0,"18":0,"19":0,"20":0,"21":0,"22":0,"23":0,"24":0,"25":0,"26":0,"27":0,"28":0,"29":0,"30":0,"31":0,"32":0,"33":0,"34":0,"35":0,"36":0,"37":0,"38":0,"39":0,"40":0,"41":0,"42":0,"43":0,"44":0,"45":0,"46":0,"47":0,"48":0,"49":0},"f":{"0":10030,"1":0,"2":0,"3":0,"4":0,"5":0},"b":{"0":[0],"1":[0,0],"2":[0,0],"3":[0],"4":[0],"5":[0],"6":[0]}}
}
