{"D:\\Dev\\mtg\\mtg-app\\src\\App.tsx": {"path":"D:\\Dev\\mtg\\mtg-app\\src\\App.tsx","statementMap":{"0":{"start":{"line":1,"column":0},"end":{"line":1,"column":74}},"1":{"start":{"line":2,"column":0},"end":{"line":2,"column":53}},"2":{"start":{"line":3,"column":0},"end":{"line":3,"column":68}},"3":{"start":{"line":4,"column":0},"end":{"line":4,"column":60}},"4":{"start":{"line":5,"column":0},"end":{"line":5,"column":52}},"5":{"start":{"line":6,"column":0},"end":{"line":6,"column":38}},"6":{"start":{"line":7,"column":0},"end":{"line":7,"column":48}},"7":{"start":{"line":8,"column":0},"end":{"line":8,"column":38}},"8":{"start":{"line":9,"column":0},"end":{"line":9,"column":50}},"9":{"start":{"line":10,"column":0},"end":{"line":10,"column":42}},"10":{"start":{"line":11,"column":0},"end":{"line":11,"column":38}},"11":{"start":{"line":12,"column":0},"end":{"line":12,"column":48}},"12":{"start":{"line":15,"column":2},"end":{"line":75,"column":4}},"13":{"start":{"line":78,"column":0},"end":{"line":78,"column":19}}},"fnMap":{"0":{"name":"App","decl":{"start":{"line":14,"column":9},"end":{"line":14,"column":12}},"loc":{"start":{"line":14,"column":12},"end":{"line":76,"column":1}}}},"branchMap":{},"s":{"0":0,"1":0,"2":0,"3":0,"4":0,"5":0,"6":0,"7":0,"8":0,"9":0,"10":0,"11":0,"12":0,"13":0},"f":{"0":0},"b":{}}
,"D:\\Dev\\mtg\\mtg-app\\src\\components\\Card\\CardDisplay.tsx": {"path":"D:\\Dev\\mtg\\mtg-app\\src\\components\\Card\\CardDisplay.tsx","statementMap":{"0":{"start":{"line":1,"column":0},"end":{"line":1,"column":48}},"1":{"start":{"line":3,"column":0},"end":{"line":3,"column":52}},"2":{"start":{"line":4,"column":0},"end":{"line":4,"column":52}},"3":{"start":{"line":17,"column":13},"end":{"line":479,"column":3}},"4":{"start":{"line":26,"column":19},"end":{"line":26,"column":41}},"5":{"start":{"line":27,"column":23},"end":{"line":27,"column":71}},"6":{"start":{"line":28,"column":24},"end":{"line":28,"column":90}},"7":{"start":{"line":29,"column":19},"end":{"line":29,"column":28}},"8":{"start":{"line":31,"column":42},"end":{"line":31,"column":57}},"9":{"start":{"line":33,"column":34},"end":{"line":33,"column":49}},"10":{"start":{"line":34,"column":44},"end":{"line":34,"column":59}},"11":{"start":{"line":35,"column":42},"end":{"line":35,"column":57}},"12":{"start":{"line":36,"column":36},"end":{"line":36,"column":51}},"13":{"start":{"line":39,"column":21},"end":{"line":66,"column":34}},"14":{"start":{"line":40,"column":25},"end":{"line":40,"column":55}},"15":{"start":{"line":41,"column":19},"end":{"line":41,"column":76}},"16":{"start":{"line":42,"column":24},"end":{"line":42,"column":25}},"17":{"start":{"line":44,"column":4},"end":{"line":58,"column":7}},"18":{"start":{"line":45,"column":19},"end":{"line":45,"column":37}},"19":{"start":{"line":46,"column":18},"end":{"line":46,"column":22}},"20":{"start":{"line":48,"column":6},"end":{"line":53,"column":7}},"21":{"start":{"line":49,"column":8},"end":{"line":52,"column":11}},"22":{"start":{"line":55,"column":20},"end":{"line":55,"column":36}},"23":{"start":{"line":56,"column":6},"end":{"line":56,"column":35}},"24":{"start":{"line":57,"column":6},"end":{"line":57,"column":34}},"25":{"start":{"line":60,"column":4},"end":{"line":65,"column":6}},"26":{"start":{"line":62,"column":8},"end":{"line":62,"column":52}},"27":{"start":{"line":68,"column":26},"end":{"line":70,"column":3}},"28":{"start":{"line":69,"column":4},"end":{"line":69,"column":30}},"29":{"start":{"line":72,"column":2},"end":{"line":458,"column":4}},"30":{"start":{"line":78,"column":8},"end":{"line":80,"column":9}},"31":{"start":{"line":79,"column":10},"end":{"line":79,"column":17}},"32":{"start":{"line":81,"column":8},"end":{"line":81,"column":30}},"33":{"start":{"line":88,"column":8},"end":{"line":88,"column":26}},"34":{"start":{"line":89,"column":9},"end":{"line":89,"column":72}},"35":{"start":{"line":90,"column":9},"end":{"line":90,"column":61}},"36":{"start":{"line":93,"column":8},"end":{"line":93,"column":27}},"37":{"start":{"line":94,"column":9},"end":{"line":94,"column":70}},"38":{"start":{"line":95,"column":9},"end":{"line":95,"column":60}},"39":{"start":{"line":109,"column":14},"end":{"line":109,"column":33}},"40":{"start":{"line":110,"column":14},"end":{"line":110,"column":34}},"41":{"start":{"line":111,"column":14},"end":{"line":111,"column":45}},"42":{"start":{"line":142,"column":21},"end":{"line":142,"column":74}},"43":{"start":{"line":164,"column":21},"end":{"line":164,"column":74}},"44":{"start":{"line":185,"column":15},"end":{"line":185,"column":68}},"45":{"start":{"line":207,"column":20},"end":{"line":207,"column":38}},"46":{"start":{"line":241,"column":35},"end":{"line":252,"column":null}},"47":{"start":{"line":242,"column":16},"end":{"line":242,"column":36}},"48":{"start":{"line":243,"column":16},"end":{"line":251,"column":17}},"49":{"start":{"line":244,"column":18},"end":{"line":244,"column":37}},"50":{"start":{"line":245,"column":18},"end":{"line":245,"column":46}},"51":{"start":{"line":247,"column":18},"end":{"line":247,"column":62}},"52":{"start":{"line":248,"column":18},"end":{"line":248,"column":67}},"53":{"start":{"line":250,"column":18},"end":{"line":250,"column":38}},"54":{"start":{"line":277,"column":16},"end":{"line":277,"column":36}},"55":{"start":{"line":278,"column":16},"end":{"line":278,"column":37}},"56":{"start":{"line":293,"column":16},"end":{"line":293,"column":36}},"57":{"start":{"line":294,"column":16},"end":{"line":294,"column":39}},"58":{"start":{"line":309,"column":16},"end":{"line":309,"column":36}},"59":{"start":{"line":310,"column":16},"end":{"line":312,"column":17}},"60":{"start":{"line":311,"column":18},"end":{"line":311,"column":36}},"61":{"start":{"line":330,"column":25},"end":{"line":330,"column":48}},"62":{"start":{"line":343,"column":23},"end":{"line":343,"column":45}},"63":{"start":{"line":354,"column":26},"end":{"line":354,"column":45}},"64":{"start":{"line":365,"column":16},"end":{"line":365,"column":36}},"65":{"start":{"line":366,"column":16},"end":{"line":366,"column":47}},"66":{"start":{"line":446,"column":27},"end":{"line":446,"column":49}},"67":{"start":{"line":462,"column":2},"end":{"line":478,"column":4}}},"fnMap":{"0":{"name":"CardDisplay","decl":{"start":{"line":17,"column":41},"end":{"line":17,"column":52}},"loc":{"start":{"line":25,"column":19},"end":{"line":459,"column":1}}},"1":{"name":"(anonymous_8)","decl":{"start":{"line":39,"column":29},"end":{"line":39,"column":32}},"loc":{"start":{"line":39,"column":34},"end":{"line":66,"column":3}}},"2":{"name":"(anonymous_9)","decl":{"start":{"line":44,"column":25},"end":{"line":44,"column":26}},"loc":{"start":{"line":44,"column":31},"end":{"line":58,"column":5}}},"3":{"name":"(anonymous_10)","decl":{"start":{"line":61,"column":47},"end":{"line":61,"column":48}},"loc":{"start":{"line":61,"column":56},"end":{"line":63,"column":7}}},"4":{"name":"(anonymous_11)","decl":{"start":{"line":68,"column":26},"end":{"line":68,"column":27}},"loc":{"start":{"line":68,"column":51},"end":{"line":70,"column":3}}},"5":{"name":"(anonymous_12)","decl":{"start":{"line":76,"column":15},"end":{"line":76,"column":16}},"loc":{"start":{"line":76,"column":21},"end":{"line":82,"column":7}}},"6":{"name":"(anonymous_13)","decl":{"start":{"line":87,"column":20},"end":{"line":87,"column":21}},"loc":{"start":{"line":87,"column":26},"end":{"line":91,"column":7}}},"7":{"name":"(anonymous_14)","decl":{"start":{"line":92,"column":20},"end":{"line":92,"column":21}},"loc":{"start":{"line":92,"column":26},"end":{"line":96,"column":7}}},"8":{"name":"(anonymous_15)","decl":{"start":{"line":108,"column":21},"end":{"line":108,"column":22}},"loc":{"start":{"line":108,"column":27},"end":{"line":112,"column":13}}},"9":{"name":"(anonymous_16)","decl":{"start":{"line":141,"column":27},"end":{"line":141,"column":28}},"loc":{"start":{"line":141,"column":33},"end":{"line":143,"column":19}}},"10":{"name":"(anonymous_17)","decl":{"start":{"line":163,"column":27},"end":{"line":163,"column":28}},"loc":{"start":{"line":163,"column":33},"end":{"line":165,"column":19}}},"11":{"name":"(anonymous_18)","decl":{"start":{"line":183,"column":21},"end":{"line":183,"column":22}},"loc":{"start":{"line":183,"column":27},"end":{"line":186,"column":13}}},"12":{"name":"(anonymous_19)","decl":{"start":{"line":206,"column":41},"end":{"line":206,"column":42}},"loc":{"start":{"line":207,"column":20},"end":{"line":207,"column":38}}},"13":{"name":"(anonymous_20)","decl":{"start":{"line":241,"column":23},"end":{"line":241,"column":30}},"loc":{"start":{"line":241,"column":35},"end":{"line":252,"column":null}}},"14":{"name":"(anonymous_21)","decl":{"start":{"line":241,"column":35},"end":{"line":241,"column":null}},"loc":{"start":{"line":241,"column":35},"end":{"line":252,"column":15}}},"15":{"name":"(anonymous_22)","decl":{"start":{"line":276,"column":23},"end":{"line":276,"column":24}},"loc":{"start":{"line":276,"column":29},"end":{"line":279,"column":15}}},"16":{"name":"(anonymous_23)","decl":{"start":{"line":292,"column":23},"end":{"line":292,"column":24}},"loc":{"start":{"line":292,"column":29},"end":{"line":295,"column":15}}},"17":{"name":"(anonymous_24)","decl":{"start":{"line":308,"column":23},"end":{"line":308,"column":24}},"loc":{"start":{"line":308,"column":29},"end":{"line":313,"column":15}}},"18":{"name":"(anonymous_25)","decl":{"start":{"line":330,"column":19},"end":{"line":330,"column":22}},"loc":{"start":{"line":330,"column":25},"end":{"line":330,"column":48}}},"19":{"name":"(anonymous_26)","decl":{"start":{"line":343,"column":17},"end":{"line":343,"column":20}},"loc":{"start":{"line":343,"column":23},"end":{"line":343,"column":45}}},"20":{"name":"(anonymous_27)","decl":{"start":{"line":354,"column":19},"end":{"line":354,"column":20}},"loc":{"start":{"line":354,"column":26},"end":{"line":354,"column":45}}},"21":{"name":"(anonymous_28)","decl":{"start":{"line":364,"column":23},"end":{"line":364,"column":24}},"loc":{"start":{"line":364,"column":29},"end":{"line":367,"column":15}}},"22":{"name":"(anonymous_29)","decl":{"start":{"line":446,"column":21},"end":{"line":446,"column":24}},"loc":{"start":{"line":446,"column":27},"end":{"line":446,"column":49}}},"23":{"name":"(anonymous_30)","decl":{"start":{"line":459,"column":3},"end":{"line":459,"column":4}},"loc":{"start":{"line":459,"column":28},"end":{"line":479,"column":1}}}},"branchMap":{"0":{"loc":{"start":{"line":24,"column":2},"end":{"line":24,"column":21}},"type":"default-arg","locations":[{"start":{"line":24,"column":16},"end":{"line":24,"column":21}}]},"1":{"loc":{"start":{"line":26,"column":19},"end":{"line":26,"column":41}},"type":"cond-expr","locations":[{"start":{"line":26,"column":31},"end":{"line":26,"column":33}},{"start":{"line":26,"column":31},"end":{"line":26,"column":41}}]},"2":{"loc":{"start":{"line":26,"column":19},"end":{"line":26,"column":33}},"type":"binary-expr","locations":[{"start":{"line":26,"column":19},"end":{"line":26,"column":33}},{"start":{"line":26,"column":31},"end":{"line":26,"column":33}}]},"3":{"loc":{"start":{"line":27,"column":23},"end":{"line":27,"column":71}},"type":"binary-expr","locations":[{"start":{"line":27,"column":23},"end":{"line":27,"column":40}},{"start":{"line":27,"column":44},"end":{"line":27,"column":70}}]},"4":{"loc":{"start":{"line":27,"column":44},"end":{"line":27,"column":70}},"type":"cond-expr","locations":[{"start":{"line":27,"column":60},"end":{"line":27,"column":62}},{"start":{"line":27,"column":60},"end":{"line":27,"column":70}}]},"5":{"loc":{"start":{"line":27,"column":44},"end":{"line":27,"column":62}},"type":"binary-expr","locations":[{"start":{"line":27,"column":44},"end":{"line":27,"column":62}},{"start":{"line":27,"column":60},"end":{"line":27,"column":62}}]},"6":{"loc":{"start":{"line":28,"column":24},"end":{"line":28,"column":90}},"type":"binary-expr","locations":[{"start":{"line":28,"column":24},"end":{"line":28,"column":60}},{"start":{"line":28,"column":64},"end":{"line":28,"column":90}}]},"7":{"loc":{"start":{"line":28,"column":24},"end":{"line":28,"column":44}},"type":"cond-expr","locations":[{"start":{"line":28,"column":36},"end":{"line":28,"column":38}},{"start":{"line":28,"column":36},"end":{"line":28,"column":44}}]},"8":{"loc":{"start":{"line":28,"column":24},"end":{"line":28,"column":38}},"type":"binary-expr","locations":[{"start":{"line":28,"column":24},"end":{"line":28,"column":38}},{"start":{"line":28,"column":36},"end":{"line":28,"column":38}}]},"9":{"loc":{"start":{"line":40,"column":25},"end":{"line":40,"column":55}},"type":"binary-expr","locations":[{"start":{"line":40,"column":25},"end":{"line":40,"column":45}},{"start":{"line":40,"column":49},"end":{"line":40,"column":55}}]},"10":{"loc":{"start":{"line":45,"column":19},"end":{"line":45,"column":37}},"type":"binary-expr","locations":[{"start":{"line":45,"column":19},"end":{"line":45,"column":29}},{"start":{"line":45,"column":33},"end":{"line":45,"column":37}}]},"11":{"loc":{"start":{"line":48,"column":6},"end":{"line":53,"column":7}},"type":"if","locations":[{"start":{"line":48,"column":6},"end":{"line":53,"column":7}}]},"12":{"loc":{"start":{"line":78,"column":8},"end":{"line":80,"column":9}},"type":"if","locations":[{"start":{"line":78,"column":8},"end":{"line":80,"column":9}}]},"13":{"loc":{"start":{"line":100,"column":9},"end":{"line":196,"column":null}},"type":"cond-expr","locations":[{"start":{"line":102,"column":10},"end":{"line":172,"column":null}},{"start":{"line":174,"column":12},"end":{"line":196,"column":null}}]},"14":{"loc":{"start":{"line":100,"column":9},"end":{"line":100,"column":38}},"type":"binary-expr","locations":[{"start":{"line":100,"column":9},"end":{"line":100,"column":22}},{"start":{"line":100,"column":26},"end":{"line":100,"column":38}}]},"15":{"loc":{"start":{"line":119,"column":27},"end":{"line":119,"column":77}},"type":"cond-expr","locations":[{"start":{"line":119,"column":42},"end":{"line":119,"column":59}},{"start":{"line":119,"column":62},"end":{"line":119,"column":77}}]},"16":{"loc":{"start":{"line":171,"column":15},"end":{"line":171,"column":59}},"type":"cond-expr","locations":[{"start":{"line":171,"column":30},"end":{"line":171,"column":44}},{"start":{"line":171,"column":47},"end":{"line":171,"column":59}}]},"17":{"loc":{"start":{"line":174,"column":12},"end":{"line":196,"column":null}},"type":"cond-expr","locations":[{"start":{"line":175,"column":10},"end":{"line":186,"column":null}},{"start":{"line":189,"column":10},"end":{"line":195,"column":null}}]},"18":{"loc":{"start":{"line":200,"column":9},"end":{"line":234,"column":null}},"type":"binary-expr","locations":[{"start":{"line":200,"column":9},"end":{"line":200,"column":17}},{"start":{"line":200,"column":22},"end":{"line":200,"column":50}},{"start":{"line":200,"column":54},"end":{"line":200,"column":81}},{"start":{"line":201,"column":10},"end":{"line":233,"column":null}}]},"19":{"loc":{"start":{"line":200,"column":54},"end":{"line":200,"column":81}},"type":"cond-expr","locations":[{"start":{"line":200,"column":71},"end":{"line":200,"column":73}},{"start":{"line":200,"column":71},"end":{"line":200,"column":81}}]},"20":{"loc":{"start":{"line":200,"column":54},"end":{"line":200,"column":73}},"type":"binary-expr","locations":[{"start":{"line":200,"column":54},"end":{"line":200,"column":73}},{"start":{"line":200,"column":71},"end":{"line":200,"column":73}}]},"21":{"loc":{"start":{"line":204,"column":15},"end":{"line":212,"column":null}},"type":"binary-expr","locations":[{"start":{"line":204,"column":15},"end":{"line":204,"column":43}},{"start":{"line":205,"column":16},"end":{"line":211,"column":null}}]},"22":{"loc":{"start":{"line":209,"column":23},"end":{"line":209,"column":94}},"type":"binary-expr","locations":[{"start":{"line":209,"column":23},"end":{"line":209,"column":59}},{"start":{"line":209,"column":63},"end":{"line":209,"column":94}}]},"23":{"loc":{"start":{"line":216,"column":15},"end":{"line":231,"column":null}},"type":"binary-expr","locations":[{"start":{"line":216,"column":15},"end":{"line":216,"column":42}},{"start":{"line":217,"column":16},"end":{"line":230,"column":null}}]},"24":{"loc":{"start":{"line":216,"column":15},"end":{"line":216,"column":42}},"type":"cond-expr","locations":[{"start":{"line":216,"column":32},"end":{"line":216,"column":34}},{"start":{"line":216,"column":32},"end":{"line":216,"column":42}}]},"25":{"loc":{"start":{"line":216,"column":15},"end":{"line":216,"column":34}},"type":"binary-expr","locations":[{"start":{"line":216,"column":15},"end":{"line":216,"column":34}},{"start":{"line":216,"column":32},"end":{"line":216,"column":34}}]},"26":{"loc":{"start":{"line":226,"column":19},"end":{"line":229,"column":null}},"type":"binary-expr","locations":[{"start":{"line":226,"column":19},"end":{"line":226,"column":46}},{"start":{"line":227,"column":20},"end":{"line":228,"column":null}}]},"27":{"loc":{"start":{"line":238,"column":9},"end":{"line":268,"column":null}},"type":"binary-expr","locations":[{"start":{"line":238,"column":9},"end":{"line":238,"column":21}},{"start":{"line":239,"column":10},"end":{"line":267,"column":null}}]},"28":{"loc":{"start":{"line":239,"column":83},"end":{"line":239,"column":121}},"type":"cond-expr","locations":[{"start":{"line":239,"column":94},"end":{"line":239,"column":107}},{"start":{"line":239,"column":110},"end":{"line":239,"column":121}}]},"29":{"loc":{"start":{"line":257,"column":15},"end":{"line":265,"column":null}},"type":"cond-expr","locations":[{"start":{"line":258,"column":16},"end":{"line":260,"column":null}},{"start":{"line":263,"column":16},"end":{"line":264,"column":null}}]},"30":{"loc":{"start":{"line":272,"column":93},"end":{"line":272,"column":131}},"type":"cond-expr","locations":[{"start":{"line":272,"column":104},"end":{"line":272,"column":117}},{"start":{"line":272,"column":120},"end":{"line":272,"column":131}}]},"31":{"loc":{"start":{"line":274,"column":11},"end":{"line":286,"column":null}},"type":"binary-expr","locations":[{"start":{"line":274,"column":11},"end":{"line":274,"column":22}},{"start":{"line":275,"column":12},"end":{"line":285,"column":null}}]},"32":{"loc":{"start":{"line":290,"column":11},"end":{"line":302,"column":null}},"type":"binary-expr","locations":[{"start":{"line":290,"column":11},"end":{"line":290,"column":22}},{"start":{"line":290,"column":27},"end":{"line":290,"column":43}},{"start":{"line":290,"column":47},"end":{"line":290,"column":55}},{"start":{"line":291,"column":12},"end":{"line":301,"column":null}}]},"33":{"loc":{"start":{"line":306,"column":11},"end":{"line":320,"column":null}},"type":"binary-expr","locations":[{"start":{"line":306,"column":11},"end":{"line":306,"column":22}},{"start":{"line":306,"column":26},"end":{"line":306,"column":34}},{"start":{"line":307,"column":12},"end":{"line":319,"column":null}}]},"34":{"loc":{"start":{"line":310,"column":16},"end":{"line":312,"column":17}},"type":"if","locations":[{"start":{"line":310,"column":16},"end":{"line":312,"column":17}}]},"35":{"loc":{"start":{"line":327,"column":7},"end":{"line":335,"column":null}},"type":"binary-expr","locations":[{"start":{"line":327,"column":7},"end":{"line":327,"column":18}},{"start":{"line":328,"column":8},"end":{"line":334,"column":null}}]},"36":{"loc":{"start":{"line":332,"column":32},"end":{"line":332,"column":62}},"type":"binary-expr","locations":[{"start":{"line":332,"column":32},"end":{"line":332,"column":52}},{"start":{"line":332,"column":56},"end":{"line":332,"column":62}}]},"37":{"loc":{"start":{"line":340,"column":5},"end":{"line":455,"column":null}},"type":"binary-expr","locations":[{"start":{"line":340,"column":5},"end":{"line":340,"column":17}},{"start":{"line":341,"column":6},"end":{"line":454,"column":null}}]},"38":{"loc":{"start":{"line":356,"column":11},"end":{"line":441,"column":null}},"type":"cond-expr","locations":[{"start":{"line":358,"column":12},"end":{"line":421,"column":null}},{"start":{"line":423,"column":14},"end":{"line":441,"column":null}}]},"39":{"loc":{"start":{"line":356,"column":11},"end":{"line":356,"column":40}},"type":"binary-expr","locations":[{"start":{"line":356,"column":11},"end":{"line":356,"column":24}},{"start":{"line":356,"column":28},"end":{"line":356,"column":40}}]},"40":{"loc":{"start":{"line":374,"column":29},"end":{"line":374,"column":79}},"type":"cond-expr","locations":[{"start":{"line":374,"column":44},"end":{"line":374,"column":61}},{"start":{"line":374,"column":64},"end":{"line":374,"column":79}}]},"41":{"loc":{"start":{"line":420,"column":17},"end":{"line":420,"column":61}},"type":"cond-expr","locations":[{"start":{"line":420,"column":32},"end":{"line":420,"column":46}},{"start":{"line":420,"column":49},"end":{"line":420,"column":61}}]},"42":{"loc":{"start":{"line":423,"column":14},"end":{"line":441,"column":null}},"type":"cond-expr","locations":[{"start":{"line":424,"column":12},"end":{"line":431,"column":null}},{"start":{"line":434,"column":12},"end":{"line":440,"column":null}}]},"43":{"loc":{"start":{"line":463,"column":4},"end":{"line":477,"column":99}},"type":"binary-expr","locations":[{"start":{"line":463,"column":4},"end":{"line":463,"column":43}},{"start":{"line":464,"column":4},"end":{"line":464,"column":55}},{"start":{"line":465,"column":4},"end":{"line":465,"column":null}},{"start":{"line":466,"column":4},"end":{"line":466,"column":63}},{"start":{"line":467,"column":4},"end":{"line":467,"column":null}},{"start":{"line":468,"column":4},"end":{"line":468,"column":null}},{"start":{"line":469,"column":4},"end":{"line":469,"column":51}},{"start":{"line":470,"column":4},"end":{"line":470,"column":53}},{"start":{"line":472,"column":4},"end":{"line":472,"column":51}},{"start":{"line":473,"column":4},"end":{"line":473,"column":45}},{"start":{"line":474,"column":4},"end":{"line":474,"column":61}},{"start":{"line":475,"column":4},"end":{"line":475,"column":53}},{"start":{"line":477,"column":4},"end":{"line":477,"column":99}}]},"44":{"loc":{"start":{"line":465,"column":4},"end":{"line":465,"column":36}},"type":"cond-expr","locations":[{"start":{"line":465,"column":26},"end":{"line":465,"column":28}},{"start":{"line":465,"column":26},"end":{"line":465,"column":36}}]},"45":{"loc":{"start":{"line":465,"column":4},"end":{"line":465,"column":28}},"type":"binary-expr","locations":[{"start":{"line":465,"column":4},"end":{"line":465,"column":28}},{"start":{"line":465,"column":26},"end":{"line":465,"column":28}}]},"46":{"loc":{"start":{"line":465,"column":41},"end":{"line":465,"column":73}},"type":"cond-expr","locations":[{"start":{"line":465,"column":63},"end":{"line":465,"column":65}},{"start":{"line":465,"column":63},"end":{"line":465,"column":73}}]},"47":{"loc":{"start":{"line":465,"column":41},"end":{"line":465,"column":65}},"type":"binary-expr","locations":[{"start":{"line":465,"column":41},"end":{"line":465,"column":65}},{"start":{"line":465,"column":63},"end":{"line":465,"column":65}}]},"48":{"loc":{"start":{"line":467,"column":4},"end":{"line":467,"column":41}},"type":"cond-expr","locations":[{"start":{"line":467,"column":31},"end":{"line":467,"column":33}},{"start":{"line":467,"column":31},"end":{"line":467,"column":41}}]},"49":{"loc":{"start":{"line":467,"column":4},"end":{"line":467,"column":33}},"type":"binary-expr","locations":[{"start":{"line":467,"column":4},"end":{"line":467,"column":33}},{"start":{"line":467,"column":31},"end":{"line":467,"column":33}}]},"50":{"loc":{"start":{"line":467,"column":46},"end":{"line":467,"column":83}},"type":"cond-expr","locations":[{"start":{"line":467,"column":73},"end":{"line":467,"column":75}},{"start":{"line":467,"column":73},"end":{"line":467,"column":83}}]},"51":{"loc":{"start":{"line":467,"column":46},"end":{"line":467,"column":75}},"type":"binary-expr","locations":[{"start":{"line":467,"column":46},"end":{"line":467,"column":75}},{"start":{"line":467,"column":73},"end":{"line":467,"column":75}}]},"52":{"loc":{"start":{"line":468,"column":4},"end":{"line":468,"column":42}},"type":"cond-expr","locations":[{"start":{"line":468,"column":31},"end":{"line":468,"column":33}},{"start":{"line":468,"column":31},"end":{"line":468,"column":42}}]},"53":{"loc":{"start":{"line":468,"column":4},"end":{"line":468,"column":33}},"type":"binary-expr","locations":[{"start":{"line":468,"column":4},"end":{"line":468,"column":33}},{"start":{"line":468,"column":31},"end":{"line":468,"column":33}}]},"54":{"loc":{"start":{"line":468,"column":47},"end":{"line":468,"column":85}},"type":"cond-expr","locations":[{"start":{"line":468,"column":74},"end":{"line":468,"column":76}},{"start":{"line":468,"column":74},"end":{"line":468,"column":85}}]},"55":{"loc":{"start":{"line":468,"column":47},"end":{"line":468,"column":76}},"type":"binary-expr","locations":[{"start":{"line":468,"column":47},"end":{"line":468,"column":76}},{"start":{"line":468,"column":74},"end":{"line":468,"column":76}}]},"56":{"loc":{"start":{"line":477,"column":5},"end":{"line":477,"column":48}},"type":"cond-expr","locations":[{"start":{"line":477,"column":43},"end":{"line":477,"column":47}},{"start":{"line":477,"column":47},"end":{"line":477,"column":48}}]},"57":{"loc":{"start":{"line":477,"column":5},"end":{"line":477,"column":47}},"type":"binary-expr","locations":[{"start":{"line":477,"column":5},"end":{"line":477,"column":47}},{"start":{"line":477,"column":43},"end":{"line":477,"column":47}}]},"58":{"loc":{"start":{"line":477,"column":5},"end":{"line":477,"column":43}},"type":"cond-expr","locations":[{"start":{"line":477,"column":35},"end":{"line":477,"column":37}},{"start":{"line":477,"column":35},"end":{"line":477,"column":43}}]},"59":{"loc":{"start":{"line":477,"column":5},"end":{"line":477,"column":37}},"type":"binary-expr","locations":[{"start":{"line":477,"column":5},"end":{"line":477,"column":37}},{"start":{"line":477,"column":35},"end":{"line":477,"column":37}}]},"60":{"loc":{"start":{"line":477,"column":55},"end":{"line":477,"column":98}},"type":"cond-expr","locations":[{"start":{"line":477,"column":93},"end":{"line":477,"column":97}},{"start":{"line":477,"column":97},"end":{"line":477,"column":98}}]},"61":{"loc":{"start":{"line":477,"column":55},"end":{"line":477,"column":97}},"type":"binary-expr","locations":[{"start":{"line":477,"column":55},"end":{"line":477,"column":97}},{"start":{"line":477,"column":93},"end":{"line":477,"column":97}}]},"62":{"loc":{"start":{"line":477,"column":55},"end":{"line":477,"column":93}},"type":"cond-expr","locations":[{"start":{"line":477,"column":85},"end":{"line":477,"column":87}},{"start":{"line":477,"column":85},"end":{"line":477,"column":93}}]},"63":{"loc":{"start":{"line":477,"column":55},"end":{"line":477,"column":87}},"type":"binary-expr","locations":[{"start":{"line":477,"column":55},"end":{"line":477,"column":87}},{"start":{"line":477,"column":85},"end":{"line":477,"column":87}}]}},"s":{"0":0,"1":0,"2":0,"3":0,"4":0,"5":0,"6":0,"7":0,"8":0,"9":0,"10":0,"11":0,"12":0,"13":0,"14":0,"15":0,"16":0,"17":0,"18":0,"19":0,"20":0,"21":0,"22":0,"23":0,"24":0,"25":0,"26":0,"27":0,"28":0,"29":0,"30":0,"31":0,"32":0,"33":0,"34":0,"35":0,"36":0,"37":0,"38":0,"39":0,"40":0,"41":0,"42":0,"43":0,"44":0,"45":0,"46":0,"47":0,"48":0,"49":0,"50":0,"51":0,"52":0,"53":0,"54":0,"55":0,"56":0,"57":0,"58":0,"59":0,"60":0,"61":0,"62":0,"63":0,"64":0,"65":0,"66":0,"67":0},"f":{"0":0,"1":0,"2":0,"3":0,"4":0,"5":0,"6":0,"7":0,"8":0,"9":0,"10":0,"11":0,"12":0,"13":0,"14":0,"15":0,"16":0,"17":0,"18":0,"19":0,"20":0,"21":0,"22":0,"23":0},"b":{"0":[0],"1":[0,0],"2":[0,0],"3":[0,0],"4":[0,0],"5":[0,0],"6":[0,0],"7":[0,0],"8":[0,0],"9":[0,0],"10":[0,0],"11":[0],"12":[0],"13":[0,0],"14":[0,0],"15":[0,0],"16":[0,0],"17":[0,0],"18":[0,0,0,0],"19":[0,0],"20":[0,0],"21":[0,0],"22":[0,0],"23":[0,0],"24":[0,0],"25":[0,0],"26":[0,0],"27":[0,0],"28":[0,0],"29":[0,0],"30":[0,0],"31":[0,0],"32":[0,0,0,0],"33":[0,0,0],"34":[0],"35":[0,0],"36":[0,0],"37":[0,0],"38":[0,0],"39":[0,0],"40":[0,0],"41":[0,0],"42":[0,0],"43":[0,0,0,0,0,0,0,0,0,0,0,0,0],"44":[0,0],"45":[0,0],"46":[0,0],"47":[0,0],"48":[0,0],"49":[0,0],"50":[0,0],"51":[0,0],"52":[0,0],"53":[0,0],"54":[0,0],"55":[0,0],"56":[0,0],"57":[0,0],"58":[0,0],"59":[0,0],"60":[0,0],"61":[0,0],"62":[0,0],"63":[0,0]}}
,"D:\\Dev\\mtg\\mtg-app\\src\\components\\Export\\ExportModal.tsx": {"path":"D:\\Dev\\mtg\\mtg-app\\src\\components\\Export\\ExportModal.tsx","statementMap":{"0":{"start":{"line":13,"column":0},"end":{"line":13,"column":16}},"1":{"start":{"line":1,"column":0},"end":{"line":1,"column":33}},"2":{"start":{"line":2,"column":0},"end":{"line":2,"column":36}},"3":{"start":{"line":3,"column":0},"end":{"line":3,"column":38}},"4":{"start":{"line":4,"column":0},"end":{"line":4,"column":97}},"5":{"start":{"line":14,"column":30},"end":{"line":14,"column":59}},"6":{"start":{"line":15,"column":48},"end":{"line":15,"column":63}},"7":{"start":{"line":16,"column":36},"end":{"line":16,"column":51}},"8":{"start":{"line":18,"column":23},"end":{"line":59,"column":3}},"9":{"start":{"line":19,"column":4},"end":{"line":22,"column":5}},"10":{"start":{"line":20,"column":6},"end":{"line":20,"column":39}},"11":{"start":{"line":21,"column":6},"end":{"line":21,"column":13}},"12":{"start":{"line":24,"column":4},"end":{"line":58,"column":5}},"13":{"start":{"line":25,"column":6},"end":{"line":25,"column":25}},"14":{"start":{"line":27,"column":22},"end":{"line":29,"column":8}},"15":{"start":{"line":31,"column":55},"end":{"line":36,"column":8}},"16":{"start":{"line":38,"column":54},"end":{"line":43,"column":8}},"17":{"start":{"line":45,"column":23},"end":{"line":45,"column":103}},"18":{"start":{"line":46,"column":23},"end":{"line":46,"column":40}},"19":{"start":{"line":48,"column":6},"end":{"line":48,"column":48}},"20":{"start":{"line":50,"column":6},"end":{"line":53,"column":14}},"21":{"start":{"line":51,"column":8},"end":{"line":51,"column":28}},"22":{"start":{"line":52,"column":8},"end":{"line":52,"column":18}},"23":{"start":{"line":55,"column":6},"end":{"line":55,"column":47}},"24":{"start":{"line":56,"column":6},"end":{"line":56,"column":40}},"25":{"start":{"line":57,"column":6},"end":{"line":57,"column":26}},"26":{"start":{"line":61,"column":59},"end":{"line":66,"column":4}},"27":{"start":{"line":68,"column":2},"end":{"line":132,"column":4}},"28":{"start":{"line":81,"column":14},"end":{"line":82,"column":null}},"29":{"start":{"line":90,"column":34},"end":{"line":90,"column":48}},"30":{"start":{"line":112,"column":33},"end":{"line":112,"column":69}}},"fnMap":{"0":{"name":"ExportModal","decl":{"start":{"line":13,"column":16},"end":{"line":13,"column":27}},"loc":{"start":{"line":13,"column":72},"end":{"line":133,"column":1}}},"1":{"name":"(anonymous_1)","decl":{"start":{"line":18,"column":23},"end":{"line":18,"column":26}},"loc":{"start":{"line":18,"column":28},"end":{"line":59,"column":3}}},"2":{"name":"(anonymous_2)","decl":{"start":{"line":50,"column":17},"end":{"line":50,"column":20}},"loc":{"start":{"line":50,"column":22},"end":{"line":53,"column":7}}},"3":{"name":"(anonymous_3)","decl":{"start":{"line":80,"column":76},"end":{"line":80,"column":77}},"loc":{"start":{"line":81,"column":14},"end":{"line":82,"column":null}}},"4":{"name":"(anonymous_4)","decl":{"start":{"line":90,"column":28},"end":{"line":90,"column":31}},"loc":{"start":{"line":90,"column":34},"end":{"line":90,"column":48}}},"5":{"name":"(anonymous_5)","decl":{"start":{"line":112,"column":26},"end":{"line":112,"column":27}},"loc":{"start":{"line":112,"column":33},"end":{"line":112,"column":69}}}},"branchMap":{"0":{"loc":{"start":{"line":19,"column":4},"end":{"line":22,"column":5}},"type":"if","locations":[{"start":{"line":19,"column":4},"end":{"line":22,"column":5}}]},"1":{"loc":{"start":{"line":73,"column":33},"end":{"line":73,"column":62}},"type":"cond-expr","locations":[{"start":{"line":73,"column":54},"end":{"line":73,"column":57}},{"start":{"line":73,"column":60},"end":{"line":73,"column":62}}]},"2":{"loc":{"start":{"line":95,"column":21},"end":{"line":95,"column":108}},"type":"cond-expr","locations":[{"start":{"line":95,"column":41},"end":{"line":95,"column":54}},{"start":{"line":95,"column":57},"end":{"line":95,"column":108}}]},"3":{"loc":{"start":{"line":95,"column":57},"end":{"line":95,"column":108}},"type":"cond-expr","locations":[{"start":{"line":95,"column":78},"end":{"line":95,"column":88}},{"start":{"line":95,"column":91},"end":{"line":95,"column":108}}]},"4":{"loc":{"start":{"line":106,"column":9},"end":{"line":120,"column":16}},"type":"cond-expr","locations":[{"start":{"line":107,"column":10},"end":{"line":118,"column":null}},{"start":{"line":120,"column":12},"end":{"line":120,"column":16}}]},"5":{"loc":{"start":{"line":106,"column":9},"end":{"line":106,"column":46}},"type":"binary-expr","locations":[{"start":{"line":106,"column":9},"end":{"line":106,"column":25}},{"start":{"line":106,"column":29},"end":{"line":106,"column":46}}]}},"s":{"0":0,"1":0,"2":0,"3":0,"4":0,"5":0,"6":0,"7":0,"8":0,"9":0,"10":0,"11":0,"12":0,"13":0,"14":0,"15":0,"16":0,"17":0,"18":0,"19":0,"20":0,"21":0,"22":0,"23":0,"24":0,"25":0,"26":0,"27":0,"28":0,"29":0,"30":0},"f":{"0":0,"1":0,"2":0,"3":0,"4":0,"5":0},"b":{"0":[0],"1":[0,0],"2":[0,0],"3":[0,0],"4":[0,0],"5":[0,0]}}
,"D:\\Dev\\mtg\\mtg-app\\src\\components\\Import\\ImportJobCard.tsx": {"path":"D:\\Dev\\mtg\\mtg-app\\src\\components\\Import\\ImportJobCard.tsx","statementMap":{"0":{"start":{"line":12,"column":0},"end":{"line":12,"column":16}},"1":{"start":{"line":2,"column":0},"end":{"line":2,"column":38}},"2":{"start":{"line":19,"column":25},"end":{"line":34,"column":3}},"3":{"start":{"line":20,"column":4},"end":{"line":33,"column":5}},"4":{"start":{"line":22,"column":8},"end":{"line":22,"column":32}},"5":{"start":{"line":24,"column":8},"end":{"line":24,"column":31}},"6":{"start":{"line":26,"column":8},"end":{"line":26,"column":33}},"7":{"start":{"line":28,"column":8},"end":{"line":28,"column":30}},"8":{"start":{"line":30,"column":8},"end":{"line":30,"column":31}},"9":{"start":{"line":32,"column":8},"end":{"line":32,"column":31}},"10":{"start":{"line":36,"column":25},"end":{"line":53,"column":3}},"11":{"start":{"line":37,"column":4},"end":{"line":52,"column":5}},"12":{"start":{"line":39,"column":8},"end":{"line":39,"column":25}},"13":{"start":{"line":41,"column":8},"end":{"line":41,"column":26}},"14":{"start":{"line":43,"column":8},"end":{"line":43,"column":26}},"15":{"start":{"line":45,"column":8},"end":{"line":45,"column":24}},"16":{"start":{"line":47,"column":8},"end":{"line":47,"column":24}},"17":{"start":{"line":49,"column":8},"end":{"line":49,"column":28}},"18":{"start":{"line":51,"column":8},"end":{"line":51,"column":22}},"19":{"start":{"line":55,"column":21},"end":{"line":65,"column":3}},"20":{"start":{"line":56,"column":4},"end":{"line":56,"column":28}},"21":{"start":{"line":56,"column":15},"end":{"line":56,"column":28}},"22":{"start":{"line":57,"column":14},"end":{"line":57,"column":58}},"23":{"start":{"line":58,"column":4},"end":{"line":64,"column":7}},"24":{"start":{"line":67,"column":19},"end":{"line":69,"column":7}},"25":{"start":{"line":71,"column":2},"end":{"line":196,"column":4}},"26":{"start":{"line":90,"column":27},"end":{"line":90,"column":49}},"27":{"start":{"line":170,"column":27},"end":{"line":170,"column":49}},"28":{"start":{"line":179,"column":27},"end":{"line":179,"column":49}},"29":{"start":{"line":188,"column":27},"end":{"line":188,"column":50}}},"fnMap":{"0":{"name":"ImportJobCard","decl":{"start":{"line":12,"column":16},"end":{"line":12,"column":29}},"loc":{"start":{"line":18,"column":21},"end":{"line":197,"column":1}}},"1":{"name":"(anonymous_1)","decl":{"start":{"line":19,"column":25},"end":{"line":19,"column":26}},"loc":{"start":{"line":19,"column":57},"end":{"line":34,"column":3}}},"2":{"name":"(anonymous_2)","decl":{"start":{"line":36,"column":25},"end":{"line":36,"column":26}},"loc":{"start":{"line":36,"column":57},"end":{"line":53,"column":3}}},"3":{"name":"(anonymous_3)","decl":{"start":{"line":55,"column":21},"end":{"line":55,"column":22}},"loc":{"start":{"line":55,"column":48},"end":{"line":65,"column":3}}},"4":{"name":"(anonymous_4)","decl":{"start":{"line":90,"column":21},"end":{"line":90,"column":24}},"loc":{"start":{"line":90,"column":27},"end":{"line":90,"column":49}}},"5":{"name":"(anonymous_5)","decl":{"start":{"line":170,"column":21},"end":{"line":170,"column":24}},"loc":{"start":{"line":170,"column":27},"end":{"line":170,"column":49}}},"6":{"name":"(anonymous_6)","decl":{"start":{"line":179,"column":21},"end":{"line":179,"column":24}},"loc":{"start":{"line":179,"column":27},"end":{"line":179,"column":49}}},"7":{"name":"(anonymous_7)","decl":{"start":{"line":188,"column":21},"end":{"line":188,"column":24}},"loc":{"start":{"line":188,"column":27},"end":{"line":188,"column":50}}}},"branchMap":{"0":{"loc":{"start":{"line":20,"column":4},"end":{"line":33,"column":5}},"type":"switch","locations":[{"start":{"line":21,"column":6},"end":{"line":22,"column":32}},{"start":{"line":23,"column":6},"end":{"line":24,"column":31}},{"start":{"line":25,"column":6},"end":{"line":26,"column":33}},{"start":{"line":27,"column":6},"end":{"line":28,"column":30}},{"start":{"line":29,"column":6},"end":{"line":30,"column":31}},{"start":{"line":31,"column":6},"end":{"line":32,"column":31}}]},"1":{"loc":{"start":{"line":37,"column":4},"end":{"line":52,"column":5}},"type":"switch","locations":[{"start":{"line":38,"column":6},"end":{"line":39,"column":25}},{"start":{"line":40,"column":6},"end":{"line":41,"column":26}},{"start":{"line":42,"column":6},"end":{"line":43,"column":26}},{"start":{"line":44,"column":6},"end":{"line":45,"column":24}},{"start":{"line":46,"column":6},"end":{"line":47,"column":24}},{"start":{"line":48,"column":6},"end":{"line":49,"column":28}},{"start":{"line":50,"column":6},"end":{"line":51,"column":22}}]},"2":{"loc":{"start":{"line":56,"column":4},"end":{"line":56,"column":28}},"type":"if","locations":[{"start":{"line":56,"column":4},"end":{"line":56,"column":28}}]},"3":{"loc":{"start":{"line":57,"column":14},"end":{"line":57,"column":58}},"type":"cond-expr","locations":[{"start":{"line":57,"column":37},"end":{"line":57,"column":41}},{"start":{"line":57,"column":44},"end":{"line":57,"column":58}}]},"4":{"loc":{"start":{"line":67,"column":19},"end":{"line":69,"column":7}},"type":"cond-expr","locations":[{"start":{"line":68,"column":6},"end":{"line":68,"column":71}},{"start":{"line":69,"column":6},"end":{"line":69,"column":7}}]},"5":{"loc":{"start":{"line":80,"column":15},"end":{"line":80,"column":68}},"type":"cond-expr","locations":[{"start":{"line":80,"column":45},"end":{"line":80,"column":58}},{"start":{"line":80,"column":61},"end":{"line":80,"column":68}}]},"6":{"loc":{"start":{"line":84,"column":24},"end":{"line":84,"column":113}},"type":"cond-expr","locations":[{"start":{"line":84,"column":62},"end":{"line":84,"column":81}},{"start":{"line":84,"column":84},"end":{"line":84,"column":113}}]},"7":{"loc":{"start":{"line":87,"column":9},"end":{"line":94,"column":null}},"type":"binary-expr","locations":[{"start":{"line":87,"column":9},"end":{"line":87,"column":17}},{"start":{"line":88,"column":10},"end":{"line":91,"column":null}}]},"8":{"loc":{"start":{"line":98,"column":7},"end":{"line":111,"column":14}},"type":"cond-expr","locations":[{"start":{"line":99,"column":8},"end":{"line":109,"column":null}},{"start":{"line":111,"column":10},"end":{"line":111,"column":14}}]},"9":{"loc":{"start":{"line":98,"column":7},"end":{"line":98,"column":70}},"type":"binary-expr","locations":[{"start":{"line":98,"column":7},"end":{"line":98,"column":37}},{"start":{"line":98,"column":41},"end":{"line":98,"column":70}}]},"10":{"loc":{"start":{"line":113,"column":7},"end":{"line":157,"column":null}},"type":"binary-expr","locations":[{"start":{"line":113,"column":7},"end":{"line":113,"column":23}},{"start":{"line":114,"column":8},"end":{"line":156,"column":null}}]},"11":{"loc":{"start":{"line":134,"column":13},"end":{"line":154,"column":null}},"type":"binary-expr","locations":[{"start":{"line":134,"column":13},"end":{"line":134,"column":40}},{"start":{"line":135,"column":14},"end":{"line":153,"column":null}}]},"12":{"loc":{"start":{"line":160,"column":7},"end":{"line":163,"column":null}},"type":"binary-expr","locations":[{"start":{"line":160,"column":7},"end":{"line":160,"column":22}},{"start":{"line":161,"column":8},"end":{"line":162,"column":null}}]},"13":{"loc":{"start":{"line":167,"column":9},"end":{"line":174,"column":null}},"type":"binary-expr","locations":[{"start":{"line":167,"column":9},"end":{"line":167,"column":38}},{"start":{"line":167,"column":42},"end":{"line":167,"column":50}},{"start":{"line":168,"column":10},"end":{"line":171,"column":null}}]},"14":{"loc":{"start":{"line":176,"column":9},"end":{"line":183,"column":null}},"type":"binary-expr","locations":[{"start":{"line":176,"column":10},"end":{"line":176,"column":40}},{"start":{"line":176,"column":44},"end":{"line":176,"column":73}},{"start":{"line":176,"column":78},"end":{"line":176,"column":86}},{"start":{"line":177,"column":10},"end":{"line":180,"column":null}}]},"15":{"loc":{"start":{"line":185,"column":9},"end":{"line":192,"column":null}},"type":"binary-expr","locations":[{"start":{"line":185,"column":9},"end":{"line":185,"column":25}},{"start":{"line":185,"column":29},"end":{"line":185,"column":41}},{"start":{"line":186,"column":10},"end":{"line":189,"column":null}}]}},"s":{"0":0,"1":0,"2":0,"3":0,"4":0,"5":0,"6":0,"7":0,"8":0,"9":0,"10":0,"11":0,"12":0,"13":0,"14":0,"15":0,"16":0,"17":0,"18":0,"19":0,"20":0,"21":0,"22":0,"23":0,"24":0,"25":0,"26":0,"27":0,"28":0,"29":0},"f":{"0":0,"1":0,"2":0,"3":0,"4":0,"5":0,"6":0,"7":0},"b":{"0":[0,0,0,0,0,0],"1":[0,0,0,0,0,0,0],"2":[0],"3":[0,0],"4":[0,0],"5":[0,0],"6":[0,0],"7":[0,0],"8":[0,0],"9":[0,0],"10":[0,0],"11":[0,0],"12":[0,0],"13":[0,0,0],"14":[0,0,0,0],"15":[0,0,0]}}
,"D:\\Dev\\mtg\\mtg-app\\src\\components\\Import\\ImportReportModal.tsx": {"path":"D:\\Dev\\mtg\\mtg-app\\src\\components\\Import\\ImportReportModal.tsx","statementMap":{"0":{"start":{"line":10,"column":0},"end":{"line":10,"column":16}},"1":{"start":{"line":2,"column":0},"end":{"line":2,"column":36}},"2":{"start":{"line":11,"column":2},"end":{"line":13,"column":3}},"3":{"start":{"line":12,"column":4},"end":{"line":12,"column":16}},"4":{"start":{"line":15,"column":25},"end":{"line":30,"column":3}},"5":{"start":{"line":16,"column":4},"end":{"line":29,"column":5}},"6":{"start":{"line":20,"column":8},"end":{"line":20,"column":52}},"7":{"start":{"line":22,"column":8},"end":{"line":22,"column":48}},"8":{"start":{"line":24,"column":8},"end":{"line":24,"column":50}},"9":{"start":{"line":26,"column":8},"end":{"line":26,"column":54}},"10":{"start":{"line":28,"column":8},"end":{"line":28,"column":50}},"11":{"start":{"line":32,"column":25},"end":{"line":49,"column":3}},"12":{"start":{"line":33,"column":4},"end":{"line":48,"column":5}},"13":{"start":{"line":35,"column":8},"end":{"line":35,"column":24}},"14":{"start":{"line":37,"column":8},"end":{"line":37,"column":24}},"15":{"start":{"line":39,"column":8},"end":{"line":39,"column":28}},"16":{"start":{"line":41,"column":8},"end":{"line":41,"column":24}},"17":{"start":{"line":43,"column":8},"end":{"line":43,"column":24}},"18":{"start":{"line":45,"column":8},"end":{"line":45,"column":26}},"19":{"start":{"line":47,"column":8},"end":{"line":47,"column":22}},"20":{"start":{"line":51,"column":17},"end":{"line":51,"column":75}},"21":{"start":{"line":51,"column":54},"end":{"line":51,"column":74}},"22":{"start":{"line":52,"column":18},"end":{"line":52,"column":78}},"23":{"start":{"line":52,"column":55},"end":{"line":52,"column":77}},"24":{"start":{"line":54,"column":2},"end":{"line":187,"column":4}},"25":{"start":{"line":116,"column":16},"end":{"line":116,"column":33}},"26":{"start":{"line":137,"column":16},"end":{"line":137,"column":33}},"27":{"start":{"line":165,"column":20},"end":{"line":165,"column":36}}},"fnMap":{"0":{"name":"ImportReportModal","decl":{"start":{"line":10,"column":16},"end":{"line":10,"column":33}},"loc":{"start":{"line":10,"column":88},"end":{"line":188,"column":1}}},"1":{"name":"(anonymous_1)","decl":{"start":{"line":15,"column":25},"end":{"line":15,"column":26}},"loc":{"start":{"line":15,"column":54},"end":{"line":30,"column":3}}},"2":{"name":"(anonymous_2)","decl":{"start":{"line":32,"column":25},"end":{"line":32,"column":26}},"loc":{"start":{"line":32,"column":54},"end":{"line":49,"column":3}}},"3":{"name":"(anonymous_3)","decl":{"start":{"line":51,"column":49},"end":{"line":51,"column":50}},"loc":{"start":{"line":51,"column":54},"end":{"line":51,"column":74}}},"4":{"name":"(anonymous_4)","decl":{"start":{"line":52,"column":50},"end":{"line":52,"column":51}},"loc":{"start":{"line":52,"column":55},"end":{"line":52,"column":77}}},"5":{"name":"(anonymous_5)","decl":{"start":{"line":115,"column":26},"end":{"line":115,"column":27}},"loc":{"start":{"line":116,"column":16},"end":{"line":116,"column":33}}},"6":{"name":"(anonymous_6)","decl":{"start":{"line":136,"column":27},"end":{"line":136,"column":28}},"loc":{"start":{"line":137,"column":16},"end":{"line":137,"column":33}}},"7":{"name":"(anonymous_7)","decl":{"start":{"line":164,"column":62},"end":{"line":164,"column":63}},"loc":{"start":{"line":165,"column":20},"end":{"line":165,"column":36}}}},"branchMap":{"0":{"loc":{"start":{"line":11,"column":2},"end":{"line":13,"column":3}},"type":"if","locations":[{"start":{"line":11,"column":2},"end":{"line":13,"column":3}}]},"1":{"loc":{"start":{"line":11,"column":6},"end":{"line":11,"column":37}},"type":"binary-expr","locations":[{"start":{"line":11,"column":6},"end":{"line":11,"column":16}},{"start":{"line":11,"column":20},"end":{"line":11,"column":37}}]},"2":{"loc":{"start":{"line":16,"column":4},"end":{"line":29,"column":5}},"type":"switch","locations":[{"start":{"line":17,"column":6},"end":{"line":17,"column":21}},{"start":{"line":18,"column":6},"end":{"line":18,"column":19}},{"start":{"line":19,"column":6},"end":{"line":20,"column":52}},{"start":{"line":21,"column":6},"end":{"line":22,"column":48}},{"start":{"line":23,"column":6},"end":{"line":24,"column":50}},{"start":{"line":25,"column":6},"end":{"line":26,"column":54}},{"start":{"line":27,"column":6},"end":{"line":28,"column":50}}]},"3":{"loc":{"start":{"line":33,"column":4},"end":{"line":48,"column":5}},"type":"switch","locations":[{"start":{"line":34,"column":6},"end":{"line":35,"column":24}},{"start":{"line":36,"column":6},"end":{"line":37,"column":24}},{"start":{"line":38,"column":6},"end":{"line":39,"column":28}},{"start":{"line":40,"column":6},"end":{"line":41,"column":24}},{"start":{"line":42,"column":6},"end":{"line":43,"column":24}},{"start":{"line":44,"column":6},"end":{"line":45,"column":26}},{"start":{"line":46,"column":6},"end":{"line":47,"column":22}}]},"4":{"loc":{"start":{"line":83,"column":13},"end":{"line":103,"column":null}},"type":"binary-expr","locations":[{"start":{"line":83,"column":13},"end":{"line":83,"column":40}},{"start":{"line":84,"column":14},"end":{"line":102,"column":null}}]},"5":{"loc":{"start":{"line":109,"column":9},"end":{"line":126,"column":null}},"type":"binary-expr","locations":[{"start":{"line":109,"column":9},"end":{"line":109,"column":26}},{"start":{"line":110,"column":10},"end":{"line":125,"column":null}}]},"6":{"loc":{"start":{"line":118,"column":19},"end":{"line":121,"column":null}},"type":"binary-expr","locations":[{"start":{"line":118,"column":19},"end":{"line":118,"column":33}},{"start":{"line":119,"column":20},"end":{"line":120,"column":null}}]},"7":{"loc":{"start":{"line":130,"column":9},"end":{"line":145,"column":null}},"type":"binary-expr","locations":[{"start":{"line":130,"column":9},"end":{"line":130,"column":27}},{"start":{"line":131,"column":10},"end":{"line":144,"column":null}}]},"8":{"loc":{"start":{"line":139,"column":19},"end":{"line":140,"column":null}},"type":"binary-expr","locations":[{"start":{"line":139,"column":19},"end":{"line":139,"column":33}},{"start":{"line":140,"column":20},"end":{"line":140,"column":76}}]},"9":{"loc":{"start":{"line":149,"column":9},"end":{"line":183,"column":null}},"type":"binary-expr","locations":[{"start":{"line":149,"column":9},"end":{"line":149,"column":44}},{"start":{"line":150,"column":10},"end":{"line":182,"column":null}}]},"10":{"loc":{"start":{"line":171,"column":25},"end":{"line":171,"column":46}},"type":"binary-expr","locations":[{"start":{"line":171,"column":25},"end":{"line":171,"column":39}},{"start":{"line":171,"column":43},"end":{"line":171,"column":46}}]},"11":{"loc":{"start":{"line":177,"column":15},"end":{"line":180,"column":null}},"type":"binary-expr","locations":[{"start":{"line":177,"column":15},"end":{"line":177,"column":52}},{"start":{"line":178,"column":16},"end":{"line":179,"column":null}}]}},"s":{"0":0,"1":0,"2":0,"3":0,"4":0,"5":0,"6":0,"7":0,"8":0,"9":0,"10":0,"11":0,"12":0,"13":0,"14":0,"15":0,"16":0,"17":0,"18":0,"19":0,"20":0,"21":0,"22":0,"23":0,"24":0,"25":0,"26":0,"27":0},"f":{"0":0,"1":0,"2":0,"3":0,"4":0,"5":0,"6":0,"7":0},"b":{"0":[0],"1":[0,0],"2":[0,0,0,0,0,0,0],"3":[0,0,0,0,0,0,0],"4":[0,0],"5":[0,0],"6":[0,0],"7":[0,0],"8":[0,0],"9":[0,0],"10":[0,0],"11":[0,0]}}
,"D:\\Dev\\mtg\\mtg-app\\src\\components\\Layout\\AdminRoute.tsx": {"path":"D:\\Dev\\mtg\\mtg-app\\src\\components\\Layout\\AdminRoute.tsx","statementMap":{"0":{"start":{"line":9,"column":0},"end":{"line":9,"column":16}},"1":{"start":{"line":1,"column":0},"end":{"line":1,"column":44}},"2":{"start":{"line":2,"column":0},"end":{"line":2,"column":46}},"3":{"start":{"line":3,"column":0},"end":{"line":3,"column":48}},"4":{"start":{"line":10,"column":48},"end":{"line":10,"column":57}},"5":{"start":{"line":11,"column":45},"end":{"line":11,"column":55}},"6":{"start":{"line":13,"column":2},"end":{"line":19,"column":3}},"7":{"start":{"line":14,"column":4},"end":{"line":18,"column":6}},"8":{"start":{"line":21,"column":2},"end":{"line":23,"column":3}},"9":{"start":{"line":22,"column":4},"end":{"line":22,"column":44}},"10":{"start":{"line":25,"column":2},"end":{"line":39,"column":3}},"11":{"start":{"line":26,"column":4},"end":{"line":38,"column":6}},"12":{"start":{"line":41,"column":2},"end":{"line":41,"column":25}}},"fnMap":{"0":{"name":"AdminRoute","decl":{"start":{"line":9,"column":16},"end":{"line":9,"column":26}},"loc":{"start":{"line":9,"column":56},"end":{"line":42,"column":1}}}},"branchMap":{"0":{"loc":{"start":{"line":13,"column":2},"end":{"line":19,"column":3}},"type":"if","locations":[{"start":{"line":13,"column":2},"end":{"line":19,"column":3}}]},"1":{"loc":{"start":{"line":13,"column":6},"end":{"line":13,"column":33}},"type":"binary-expr","locations":[{"start":{"line":13,"column":6},"end":{"line":13,"column":17}},{"start":{"line":13,"column":21},"end":{"line":13,"column":33}}]},"2":{"loc":{"start":{"line":21,"column":2},"end":{"line":23,"column":3}},"type":"if","locations":[{"start":{"line":21,"column":2},"end":{"line":23,"column":3}}]},"3":{"loc":{"start":{"line":25,"column":2},"end":{"line":39,"column":3}},"type":"if","locations":[{"start":{"line":25,"column":2},"end":{"line":39,"column":3}}]}},"s":{"0":0,"1":0,"2":0,"3":0,"4":0,"5":0,"6":0,"7":0,"8":0,"9":0,"10":0,"11":0,"12":0},"f":{"0":0},"b":{"0":[0],"1":[0,0],"2":[0],"3":[0]}}
,"D:\\Dev\\mtg\\mtg-app\\src\\components\\Layout\\Navbar.tsx": {"path":"D:\\Dev\\mtg\\mtg-app\\src\\components\\Layout\\Navbar.tsx","statementMap":{"0":{"start":{"line":9,"column":0},"end":{"line":9,"column":16}},"1":{"start":{"line":1,"column":0},"end":{"line":1,"column":53}},"2":{"start":{"line":2,"column":0},"end":{"line":2,"column":46}},"3":{"start":{"line":3,"column":0},"end":{"line":3,"column":52}},"4":{"start":{"line":4,"column":0},"end":{"line":4,"column":48}},"5":{"start":{"line":5,"column":0},"end":{"line":5,"column":54}},"6":{"start":{"line":6,"column":0},"end":{"line":6,"column":38}},"7":{"start":{"line":7,"column":0},"end":{"line":7,"column":52}},"8":{"start":{"line":10,"column":34},"end":{"line":10,"column":43}},"9":{"start":{"line":11,"column":22},"end":{"line":11,"column":34}},"10":{"start":{"line":12,"column":22},"end":{"line":12,"column":32}},"11":{"start":{"line":13,"column":37},"end":{"line":13,"column":50}},"12":{"start":{"line":14,"column":19},"end":{"line":14,"column":32}},"13":{"start":{"line":16,"column":23},"end":{"line":23,"column":4}},"14":{"start":{"line":16,"column":34},"end":{"line":23,"column":4}},"15":{"start":{"line":17,"column":4},"end":{"line":22,"column":5}},"16":{"start":{"line":18,"column":6},"end":{"line":18,"column":21}},"17":{"start":{"line":19,"column":6},"end":{"line":19,"column":25}},"18":{"start":{"line":21,"column":6},"end":{"line":21,"column":49}},"19":{"start":{"line":25,"column":2},"end":{"line":27,"column":3}},"20":{"start":{"line":26,"column":4},"end":{"line":26,"column":16}},"21":{"start":{"line":29,"column":2},"end":{"line":109,"column":4}}},"fnMap":{"0":{"name":"Navbar","decl":{"start":{"line":9,"column":16},"end":{"line":9,"column":22}},"loc":{"start":{"line":9,"column":22},"end":{"line":110,"column":1}}},"1":{"name":"(anonymous_8)","decl":{"start":{"line":16,"column":23},"end":{"line":16,"column":32}},"loc":{"start":{"line":16,"column":34},"end":{"line":23,"column":4}}},"2":{"name":"(anonymous_9)","decl":{"start":{"line":16,"column":34},"end":{"line":16,"column":null}},"loc":{"start":{"line":16,"column":34},"end":{"line":23,"column":3}}}},"branchMap":{"0":{"loc":{"start":{"line":25,"column":2},"end":{"line":27,"column":3}},"type":"if","locations":[{"start":{"line":25,"column":2},"end":{"line":27,"column":3}}]},"1":{"loc":{"start":{"line":64,"column":13},"end":{"line":70,"column":null}},"type":"binary-expr","locations":[{"start":{"line":64,"column":13},"end":{"line":64,"column":20}},{"start":{"line":65,"column":14},"end":{"line":67,"column":null}}]},"2":{"loc":{"start":{"line":78,"column":21},"end":{"line":78,"column":78}},"type":"cond-expr","locations":[{"start":{"line":78,"column":30},"end":{"line":78,"column":52}},{"start":{"line":78,"column":55},"end":{"line":78,"column":78}}]},"3":{"loc":{"start":{"line":80,"column":15},"end":{"line":87,"column":null}},"type":"cond-expr","locations":[{"start":{"line":81,"column":16},"end":{"line":82,"column":null}},{"start":{"line":85,"column":16},"end":{"line":86,"column":null}}]},"4":{"loc":{"start":{"line":95,"column":26},"end":{"line":95,"column":43}},"type":"cond-expr","locations":[{"start":{"line":95,"column":33},"end":{"line":95,"column":35}},{"start":{"line":95,"column":26},"end":{"line":95,"column":43}}]},"5":{"loc":{"start":{"line":95,"column":26},"end":{"line":95,"column":35}},"type":"binary-expr","locations":[{"start":{"line":95,"column":26},"end":{"line":95,"column":35}},{"start":{"line":95,"column":26},"end":{"line":95,"column":35}}]},"6":{"loc":{"start":{"line":99,"column":17},"end":{"line":99,"column":56}},"type":"binary-expr","locations":[{"start":{"line":99,"column":17},"end":{"line":99,"column":35}},{"start":{"line":99,"column":39},"end":{"line":99,"column":56}}]},"7":{"loc":{"start":{"line":99,"column":17},"end":{"line":99,"column":35}},"type":"cond-expr","locations":[{"start":{"line":99,"column":24},"end":{"line":99,"column":26}},{"start":{"line":99,"column":17},"end":{"line":99,"column":35}}]},"8":{"loc":{"start":{"line":99,"column":17},"end":{"line":99,"column":26}},"type":"binary-expr","locations":[{"start":{"line":99,"column":17},"end":{"line":99,"column":26}},{"start":{"line":99,"column":17},"end":{"line":99,"column":26}}]}},"s":{"0":0,"1":0,"2":0,"3":0,"4":0,"5":0,"6":0,"7":0,"8":0,"9":0,"10":0,"11":0,"12":0,"13":0,"14":0,"15":0,"16":0,"17":0,"18":0,"19":0,"20":0,"21":0},"f":{"0":0,"1":0,"2":0},"b":{"0":[0],"1":[0,0],"2":[0,0],"3":[0,0],"4":[0,0],"5":[0,0],"6":[0,0],"7":[0,0],"8":[0,0]}}
,"D:\\Dev\\mtg\\mtg-app\\src\\components\\Layout\\ProtectedRoute.tsx": {"path":"D:\\Dev\\mtg\\mtg-app\\src\\components\\Layout\\ProtectedRoute.tsx","statementMap":{"0":{"start":{"line":8,"column":0},"end":{"line":8,"column":16}},"1":{"start":{"line":1,"column":0},"end":{"line":1,"column":44}},"2":{"start":{"line":2,"column":0},"end":{"line":2,"column":46}},"3":{"start":{"line":9,"column":35},"end":{"line":9,"column":44}},"4":{"start":{"line":11,"column":2},"end":{"line":17,"column":3}},"5":{"start":{"line":12,"column":4},"end":{"line":16,"column":6}},"6":{"start":{"line":19,"column":2},"end":{"line":21,"column":3}},"7":{"start":{"line":20,"column":4},"end":{"line":20,"column":44}},"8":{"start":{"line":23,"column":2},"end":{"line":23,"column":25}}},"fnMap":{"0":{"name":"ProtectedRoute","decl":{"start":{"line":8,"column":16},"end":{"line":8,"column":30}},"loc":{"start":{"line":8,"column":64},"end":{"line":24,"column":1}}}},"branchMap":{"0":{"loc":{"start":{"line":11,"column":2},"end":{"line":17,"column":3}},"type":"if","locations":[{"start":{"line":11,"column":2},"end":{"line":17,"column":3}}]},"1":{"loc":{"start":{"line":19,"column":2},"end":{"line":21,"column":3}},"type":"if","locations":[{"start":{"line":19,"column":2},"end":{"line":21,"column":3}}]}},"s":{"0":0,"1":0,"2":0,"3":0,"4":0,"5":0,"6":0,"7":0,"8":0},"f":{"0":0},"b":{"0":[0],"1":[0]}}
,"D:\\Dev\\mtg\\mtg-app\\src\\components\\UI\\AvatarDisplay.tsx": {"path":"D:\\Dev\\mtg\\mtg-app\\src\\components\\UI\\AvatarDisplay.tsx","statementMap":{"0":{"start":{"line":16,"column":0},"end":{"line":16,"column":16}},"1":{"start":{"line":1,"column":0},"end":{"line":1,"column":69}},"2":{"start":{"line":9,"column":20},"end":{"line":14,"column":2}},"3":{"start":{"line":17,"column":17},"end":{"line":17,"column":72}},"4":{"start":{"line":18,"column":24},"end":{"line":18,"column":52}},"5":{"start":{"line":20,"column":2},"end":{"line":28,"column":4}}},"fnMap":{"0":{"name":"AvatarDisplay","decl":{"start":{"line":16,"column":16},"end":{"line":16,"column":29}},"loc":{"start":{"line":16,"column":91},"end":{"line":29,"column":1}}}},"branchMap":{"0":{"loc":{"start":{"line":16,"column":42},"end":{"line":16,"column":53}},"type":"default-arg","locations":[{"start":{"line":16,"column":49},"end":{"line":16,"column":53}}]},"1":{"loc":{"start":{"line":16,"column":55},"end":{"line":16,"column":69}},"type":"default-arg","locations":[{"start":{"line":16,"column":67},"end":{"line":16,"column":69}}]},"2":{"loc":{"start":{"line":17,"column":17},"end":{"line":17,"column":72}},"type":"cond-expr","locations":[{"start":{"line":17,"column":28},"end":{"line":17,"column":51}},{"start":{"line":17,"column":54},"end":{"line":17,"column":72}}]},"3":{"loc":{"start":{"line":18,"column":24},"end":{"line":18,"column":52}},"type":"binary-expr","locations":[{"start":{"line":18,"column":24},"end":{"line":18,"column":30}},{"start":{"line":18,"column":34},"end":{"line":18,"column":52}}]}},"s":{"0":0,"1":0,"2":0,"3":0,"4":0,"5":0},"f":{"0":0},"b":{"0":[0],"1":[0],"2":[0,0],"3":[0,0]}}
,"D:\\Dev\\mtg\\mtg-app\\src\\components\\UI\\Button.tsx": {"path":"D:\\Dev\\mtg\\mtg-app\\src\\components\\UI\\Button.tsx","statementMap":{"0":{"start":{"line":7,"column":0},"end":{"line":7,"column":16}},"1":{"start":{"line":12,"column":10},"end":{"line":12,"column":null}},"2":{"start":{"line":13,"column":10},"end":{"line":14,"column":14}},"3":{"start":{"line":16,"column":4},"end":{"line":16,"column":104}},"4":{"start":{"line":18,"column":25},"end":{"line":22,"column":4}},"5":{"start":{"line":24,"column":2},"end":{"line":32,"column":4}}},"fnMap":{"0":{"name":"Button","decl":{"start":{"line":7,"column":16},"end":{"line":7,"column":22}},"loc":{"start":{"line":14,"column":14},"end":{"line":33,"column":1}}}},"branchMap":{"0":{"loc":{"start":{"line":9,"column":2},"end":{"line":9,"column":21}},"type":"default-arg","locations":[{"start":{"line":9,"column":12},"end":{"line":9,"column":21}}]},"1":{"loc":{"start":{"line":10,"column":2},"end":{"line":10,"column":17}},"type":"default-arg","locations":[{"start":{"line":10,"column":12},"end":{"line":10,"column":17}}]},"2":{"loc":{"start":{"line":11,"column":2},"end":{"line":11,"column":16}},"type":"default-arg","locations":[{"start":{"line":11,"column":14},"end":{"line":11,"column":16}}]},"3":{"loc":{"start":{"line":27,"column":16},"end":{"line":27,"column":35}},"type":"binary-expr","locations":[{"start":{"line":27,"column":16},"end":{"line":27,"column":24}},{"start":{"line":27,"column":28},"end":{"line":27,"column":35}}]},"4":{"loc":{"start":{"line":30,"column":7},"end":{"line":30,"column":43}},"type":"cond-expr","locations":[{"start":{"line":30,"column":17},"end":{"line":30,"column":32}},{"start":{"line":30,"column":35},"end":{"line":30,"column":43}}]}},"s":{"0":0,"1":0,"2":0,"3":0,"4":0,"5":0},"f":{"0":0},"b":{"0":[0],"1":[0],"2":[0],"3":[0,0],"4":[0,0]}}
,"D:\\Dev\\mtg\\mtg-app\\src\\components\\UI\\CardMenuModal.tsx": {"path":"D:\\Dev\\mtg\\mtg-app\\src\\components\\UI\\CardMenuModal.tsx","statementMap":{"0":{"start":{"line":22,"column":0},"end":{"line":22,"column":16}},"1":{"start":{"line":1,"column":0},"end":{"line":1,"column":42}},"2":{"start":{"line":2,"column":0},"end":{"line":2,"column":32}},"3":{"start":{"line":3,"column":0},"end":{"line":3,"column":32}},"4":{"start":{"line":4,"column":0},"end":{"line":4,"column":34}},"5":{"start":{"line":30,"column":40},"end":{"line":30,"column":74}},"6":{"start":{"line":33,"column":21},"end":{"line":61,"column":28}},"7":{"start":{"line":34,"column":19},"end":{"line":34,"column":47}},"8":{"start":{"line":35,"column":24},"end":{"line":35,"column":25}},"9":{"start":{"line":37,"column":4},"end":{"line":53,"column":7}},"10":{"start":{"line":38,"column":19},"end":{"line":38,"column":37}},"11":{"start":{"line":39,"column":18},"end":{"line":39,"column":22}},"12":{"start":{"line":41,"column":6},"end":{"line":47,"column":7}},"13":{"start":{"line":42,"column":8},"end":{"line":46,"column":11}},"14":{"start":{"line":49,"column":20},"end":{"line":49,"column":36}},"15":{"start":{"line":50,"column":6},"end":{"line":50,"column":35}},"16":{"start":{"line":51,"column":6},"end":{"line":51,"column":31}},"17":{"start":{"line":52,"column":6},"end":{"line":52,"column":34}},"18":{"start":{"line":55,"column":4},"end":{"line":60,"column":6}},"19":{"start":{"line":57,"column":8},"end":{"line":57,"column":52}},"20":{"start":{"line":63,"column":31},"end":{"line":69,"column":3}},"21":{"start":{"line":64,"column":16},"end":{"line":64,"column":37}},"22":{"start":{"line":65,"column":4},"end":{"line":68,"column":5}},"23":{"start":{"line":66,"column":6},"end":{"line":66,"column":37}},"24":{"start":{"line":67,"column":6},"end":{"line":67,"column":16}},"25":{"start":{"line":71,"column":23},"end":{"line":76,"column":3}},"26":{"start":{"line":72,"column":4},"end":{"line":75,"column":5}},"27":{"start":{"line":73,"column":6},"end":{"line":73,"column":26}},"28":{"start":{"line":74,"column":6},"end":{"line":74,"column":16}},"29":{"start":{"line":78,"column":26},"end":{"line":80,"column":3}},"30":{"start":{"line":79,"column":4},"end":{"line":79,"column":30}},"31":{"start":{"line":82,"column":2},"end":{"line":193,"column":4}},"32":{"start":{"line":102,"column":14},"end":{"line":103,"column":null}},"33":{"start":{"line":118,"column":24},"end":{"line":121,"column":25}},"34":{"start":{"line":119,"column":26},"end":{"line":119,"column":53}},"35":{"start":{"line":120,"column":26},"end":{"line":120,"column":36}},"36":{"start":{"line":148,"column":33},"end":{"line":148,"column":63}},"37":{"start":{"line":167,"column":16},"end":{"line":170,"column":17}},"38":{"start":{"line":168,"column":18},"end":{"line":168,"column":72}},"39":{"start":{"line":168,"column":54},"end":{"line":168,"column":70}},"40":{"start":{"line":169,"column":18},"end":{"line":169,"column":28}}},"fnMap":{"0":{"name":"CardMenuModal","decl":{"start":{"line":22,"column":16},"end":{"line":22,"column":29}},"loc":{"start":{"line":29,"column":21},"end":{"line":194,"column":1}}},"1":{"name":"(anonymous_1)","decl":{"start":{"line":33,"column":29},"end":{"line":33,"column":32}},"loc":{"start":{"line":33,"column":34},"end":{"line":61,"column":3}}},"2":{"name":"(anonymous_2)","decl":{"start":{"line":37,"column":33},"end":{"line":37,"column":34}},"loc":{"start":{"line":37,"column":39},"end":{"line":53,"column":5}}},"3":{"name":"(anonymous_3)","decl":{"start":{"line":56,"column":47},"end":{"line":56,"column":48}},"loc":{"start":{"line":56,"column":56},"end":{"line":58,"column":7}}},"4":{"name":"(anonymous_4)","decl":{"start":{"line":63,"column":31},"end":{"line":63,"column":34}},"loc":{"start":{"line":63,"column":36},"end":{"line":69,"column":3}}},"5":{"name":"(anonymous_5)","decl":{"start":{"line":71,"column":23},"end":{"line":71,"column":26}},"loc":{"start":{"line":71,"column":28},"end":{"line":76,"column":3}}},"6":{"name":"(anonymous_6)","decl":{"start":{"line":78,"column":26},"end":{"line":78,"column":27}},"loc":{"start":{"line":78,"column":51},"end":{"line":80,"column":3}}},"7":{"name":"(anonymous_7)","decl":{"start":{"line":101,"column":35},"end":{"line":101,"column":36}},"loc":{"start":{"line":102,"column":14},"end":{"line":103,"column":null}}},"8":{"name":"(anonymous_8)","decl":{"start":{"line":117,"column":31},"end":{"line":117,"column":34}},"loc":{"start":{"line":117,"column":36},"end":{"line":122,"column":23}}},"9":{"name":"(anonymous_9)","decl":{"start":{"line":148,"column":26},"end":{"line":148,"column":27}},"loc":{"start":{"line":148,"column":33},"end":{"line":148,"column":63}}},"10":{"name":"(anonymous_10)","decl":{"start":{"line":166,"column":23},"end":{"line":166,"column":26}},"loc":{"start":{"line":166,"column":28},"end":{"line":171,"column":15}}},"11":{"name":"(anonymous_11)","decl":{"start":{"line":168,"column":47},"end":{"line":168,"column":48}},"loc":{"start":{"line":168,"column":54},"end":{"line":168,"column":70}}}},"branchMap":{"0":{"loc":{"start":{"line":38,"column":19},"end":{"line":38,"column":37}},"type":"binary-expr","locations":[{"start":{"line":38,"column":19},"end":{"line":38,"column":29}},{"start":{"line":38,"column":33},"end":{"line":38,"column":37}}]},"1":{"loc":{"start":{"line":41,"column":6},"end":{"line":47,"column":7}},"type":"if","locations":[{"start":{"line":41,"column":6},"end":{"line":47,"column":7}}]},"2":{"loc":{"start":{"line":65,"column":4},"end":{"line":68,"column":5}},"type":"if","locations":[{"start":{"line":65,"column":4},"end":{"line":68,"column":5}}]},"3":{"loc":{"start":{"line":65,"column":8},"end":{"line":65,"column":50}},"type":"binary-expr","locations":[{"start":{"line":65,"column":8},"end":{"line":65,"column":19}},{"start":{"line":65,"column":23},"end":{"line":65,"column":30}},{"start":{"line":65,"column":34},"end":{"line":65,"column":50}}]},"4":{"loc":{"start":{"line":72,"column":4},"end":{"line":75,"column":5}},"type":"if","locations":[{"start":{"line":72,"column":4},"end":{"line":75,"column":5}}]},"5":{"loc":{"start":{"line":73,"column":6},"end":{"line":73,"column":25}},"type":"cond-expr","locations":[{"start":{"line":73,"column":14},"end":{"line":73,"column":17}},{"start":{"line":73,"column":6},"end":{"line":73,"column":25}}]},"6":{"loc":{"start":{"line":73,"column":6},"end":{"line":73,"column":17}},"type":"binary-expr","locations":[{"start":{"line":73,"column":6},"end":{"line":73,"column":17}},{"start":{"line":73,"column":6},"end":{"line":73,"column":17}}]},"7":{"loc":{"start":{"line":91,"column":40},"end":{"line":91,"column":89}},"type":"cond-expr","locations":[{"start":{"line":91,"column":71},"end":{"line":91,"column":79}},{"start":{"line":91,"column":82},"end":{"line":91,"column":89}}]},"8":{"loc":{"start":{"line":115,"column":19},"end":{"line":129,"column":null}},"type":"binary-expr","locations":[{"start":{"line":115,"column":19},"end":{"line":115,"column":27}},{"start":{"line":115,"column":31},"end":{"line":115,"column":57}},{"start":{"line":116,"column":20},"end":{"line":128,"column":null}}]},"9":{"loc":{"start":{"line":118,"column":24},"end":{"line":121,"column":25}},"type":"if","locations":[{"start":{"line":118,"column":24},"end":{"line":121,"column":25}}]},"10":{"loc":{"start":{"line":138,"column":9},"end":{"line":158,"column":null}},"type":"binary-expr","locations":[{"start":{"line":138,"column":9},"end":{"line":138,"column":25}},{"start":{"line":139,"column":10},"end":{"line":157,"column":null}}]},"11":{"loc":{"start":{"line":156,"column":67},"end":{"line":156,"column":88}},"type":"binary-expr","locations":[{"start":{"line":156,"column":67},"end":{"line":156,"column":80}},{"start":{"line":156,"column":84},"end":{"line":156,"column":88}}]},"12":{"loc":{"start":{"line":162,"column":9},"end":{"line":176,"column":null}},"type":"binary-expr","locations":[{"start":{"line":162,"column":9},"end":{"line":162,"column":17}},{"start":{"line":162,"column":21},"end":{"line":162,"column":52}},{"start":{"line":163,"column":10},"end":{"line":175,"column":null}}]},"13":{"loc":{"start":{"line":167,"column":16},"end":{"line":170,"column":17}},"type":"if","locations":[{"start":{"line":167,"column":16},"end":{"line":170,"column":17}}]},"14":{"loc":{"start":{"line":168,"column":54},"end":{"line":168,"column":70}},"type":"cond-expr","locations":[{"start":{"line":168,"column":62},"end":{"line":168,"column":65}},{"start":{"line":168,"column":54},"end":{"line":168,"column":70}}]},"15":{"loc":{"start":{"line":168,"column":54},"end":{"line":168,"column":65}},"type":"binary-expr","locations":[{"start":{"line":168,"column":54},"end":{"line":168,"column":65}},{"start":{"line":168,"column":54},"end":{"line":168,"column":65}}]},"16":{"loc":{"start":{"line":180,"column":9},"end":{"line":189,"column":null}},"type":"binary-expr","locations":[{"start":{"line":180,"column":9},"end":{"line":180,"column":17}},{"start":{"line":180,"column":21},"end":{"line":180,"column":54}},{"start":{"line":181,"column":10},"end":{"line":188,"column":null}}]}},"s":{"0":0,"1":0,"2":0,"3":0,"4":0,"5":0,"6":0,"7":0,"8":0,"9":0,"10":0,"11":0,"12":0,"13":0,"14":0,"15":0,"16":0,"17":0,"18":0,"19":0,"20":0,"21":0,"22":0,"23":0,"24":0,"25":0,"26":0,"27":0,"28":0,"29":0,"30":0,"31":0,"32":0,"33":0,"34":0,"35":0,"36":0,"37":0,"38":0,"39":0,"40":0},"f":{"0":0,"1":0,"2":0,"3":0,"4":0,"5":0,"6":0,"7":0,"8":0,"9":0,"10":0,"11":0},"b":{"0":[0,0],"1":[0],"2":[0],"3":[0,0,0],"4":[0],"5":[0,0],"6":[0,0],"7":[0,0],"8":[0,0,0],"9":[0],"10":[0,0],"11":[0,0],"12":[0,0,0],"13":[0],"14":[0,0],"15":[0,0],"16":[0,0,0]}}
,"D:\\Dev\\mtg\\mtg-app\\src\\components\\UI\\CollectionSelector.tsx": {"path":"D:\\Dev\\mtg\\mtg-app\\src\\components\\UI\\CollectionSelector.tsx","statementMap":{"0":{"start":{"line":13,"column":0},"end":{"line":13,"column":16}},"1":{"start":{"line":1,"column":0},"end":{"line":1,"column":52}},"2":{"start":{"line":2,"column":0},"end":{"line":2,"column":48}},"3":{"start":{"line":20,"column":30},"end":{"line":20,"column":45}},"4":{"start":{"line":21,"column":22},"end":{"line":21,"column":50}},"5":{"start":{"line":23,"column":2},"end":{"line":37,"column":15}},"6":{"start":{"line":25,"column":6},"end":{"line":27,"column":7}},"7":{"start":{"line":26,"column":8},"end":{"line":26,"column":25}},"8":{"start":{"line":30,"column":4},"end":{"line":32,"column":5}},"9":{"start":{"line":31,"column":6},"end":{"line":31,"column":65}},"10":{"start":{"line":34,"column":4},"end":{"line":36,"column":6}},"11":{"start":{"line":35,"column":6},"end":{"line":35,"column":68}},"12":{"start":{"line":39,"column":27},"end":{"line":39,"column":51}},"13":{"start":{"line":40,"column":23},"end":{"line":40,"column":87}},"14":{"start":{"line":40,"column":40},"end":{"line":40,"column":86}},"15":{"start":{"line":42,"column":23},"end":{"line":48,"column":8}},"16":{"start":{"line":43,"column":75},"end":{"line":43,"column":92}},"17":{"start":{"line":50,"column":23},"end":{"line":53,"column":3}},"18":{"start":{"line":51,"column":4},"end":{"line":51,"column":21}},"19":{"start":{"line":52,"column":4},"end":{"line":52,"column":21}},"20":{"start":{"line":55,"column":2},"end":{"line":170,"column":4}},"21":{"start":{"line":62,"column":23},"end":{"line":62,"column":41}},"22":{"start":{"line":91,"column":27},"end":{"line":91,"column":46}},"23":{"start":{"line":104,"column":43},"end":{"line":104,"column":60}},"24":{"start":{"line":118,"column":29},"end":{"line":118,"column":47}},"25":{"start":{"line":140,"column":47},"end":{"line":140,"column":73}},"26":{"start":{"line":146,"column":25},"end":{"line":146,"column":51}},"27":{"start":{"line":147,"column":28},"end":{"line":166,"column":14}},"28":{"start":{"line":151,"column":31},"end":{"line":151,"column":57}}},"fnMap":{"0":{"name":"CollectionSelector","decl":{"start":{"line":13,"column":16},"end":{"line":13,"column":34}},"loc":{"start":{"line":19,"column":26},"end":{"line":171,"column":1}}},"1":{"name":"(anonymous_1)","decl":{"start":{"line":23,"column":12},"end":{"line":23,"column":15}},"loc":{"start":{"line":23,"column":17},"end":{"line":37,"column":3}}},"2":{"name":"handleClickOutside","decl":{"start":{"line":24,"column":13},"end":{"line":24,"column":31}},"loc":{"start":{"line":24,"column":49},"end":{"line":28,"column":5}}},"3":{"name":"(anonymous_3)","decl":{"start":{"line":34,"column":11},"end":{"line":34,"column":14}},"loc":{"start":{"line":34,"column":16},"end":{"line":36,"column":5}}},"4":{"name":"(anonymous_4)","decl":{"start":{"line":40,"column":35},"end":{"line":40,"column":36}},"loc":{"start":{"line":40,"column":40},"end":{"line":40,"column":86}}},"5":{"name":"(anonymous_5)","decl":{"start":{"line":43,"column":63},"end":{"line":43,"column":64}},"loc":{"start":{"line":43,"column":75},"end":{"line":43,"column":92}}},"6":{"name":"(anonymous_6)","decl":{"start":{"line":50,"column":23},"end":{"line":50,"column":24}},"loc":{"start":{"line":50,"column":57},"end":{"line":53,"column":3}}},"7":{"name":"(anonymous_7)","decl":{"start":{"line":62,"column":17},"end":{"line":62,"column":20}},"loc":{"start":{"line":62,"column":23},"end":{"line":62,"column":41}}},"8":{"name":"(anonymous_8)","decl":{"start":{"line":91,"column":21},"end":{"line":91,"column":24}},"loc":{"start":{"line":91,"column":27},"end":{"line":91,"column":46}}},"9":{"name":"(anonymous_9)","decl":{"start":{"line":104,"column":31},"end":{"line":104,"column":32}},"loc":{"start":{"line":104,"column":43},"end":{"line":104,"column":60}}},"10":{"name":"(anonymous_10)","decl":{"start":{"line":118,"column":23},"end":{"line":118,"column":26}},"loc":{"start":{"line":118,"column":29},"end":{"line":118,"column":47}}},"11":{"name":"(anonymous_11)","decl":{"start":{"line":140,"column":42},"end":{"line":140,"column":43}},"loc":{"start":{"line":140,"column":47},"end":{"line":140,"column":73}}},"12":{"name":"(anonymous_12)","decl":{"start":{"line":146,"column":20},"end":{"line":146,"column":21}},"loc":{"start":{"line":146,"column":25},"end":{"line":146,"column":51}}},"13":{"name":"(anonymous_13)","decl":{"start":{"line":147,"column":17},"end":{"line":147,"column":18}},"loc":{"start":{"line":147,"column":27},"end":{"line":166,"column":14}}},"14":{"name":"(anonymous_14)","decl":{"start":{"line":151,"column":25},"end":{"line":151,"column":28}},"loc":{"start":{"line":151,"column":31},"end":{"line":151,"column":57}}}},"branchMap":{"0":{"loc":{"start":{"line":25,"column":6},"end":{"line":27,"column":7}},"type":"if","locations":[{"start":{"line":25,"column":6},"end":{"line":27,"column":7}}]},"1":{"loc":{"start":{"line":25,"column":10},"end":{"line":25,"column":84}},"type":"binary-expr","locations":[{"start":{"line":25,"column":10},"end":{"line":25,"column":29}},{"start":{"line":25,"column":33},"end":{"line":25,"column":84}}]},"2":{"loc":{"start":{"line":30,"column":4},"end":{"line":32,"column":5}},"type":"if","locations":[{"start":{"line":30,"column":4},"end":{"line":32,"column":5}}]},"3":{"loc":{"start":{"line":40,"column":54},"end":{"line":40,"column":85}},"type":"binary-expr","locations":[{"start":{"line":40,"column":54},"end":{"line":40,"column":68}},{"start":{"line":40,"column":72},"end":{"line":40,"column":85}}]},"4":{"loc":{"start":{"line":42,"column":23},"end":{"line":48,"column":8}},"type":"cond-expr","locations":[{"start":{"line":43,"column":6},"end":{"line":43,"column":98}},{"start":{"line":44,"column":6},"end":{"line":48,"column":8}}]},"5":{"loc":{"start":{"line":44,"column":6},"end":{"line":48,"column":8}},"type":"binary-expr","locations":[{"start":{"line":44,"column":6},"end":{"line":44,"column":18}},{"start":{"line":44,"column":22},"end":{"line":48,"column":8}}]},"6":{"loc":{"start":{"line":45,"column":16},"end":{"line":45,"column":35}},"type":"binary-expr","locations":[{"start":{"line":45,"column":16},"end":{"line":45,"column":29}},{"start":{"line":45,"column":33},"end":{"line":45,"column":35}}]},"7":{"loc":{"start":{"line":46,"column":17},"end":{"line":46,"column":43}},"type":"binary-expr","locations":[{"start":{"line":46,"column":17},"end":{"line":46,"column":35}},{"start":{"line":46,"column":39},"end":{"line":46,"column":43}}]},"8":{"loc":{"start":{"line":66,"column":11},"end":{"line":67,"column":null}},"type":"binary-expr","locations":[{"start":{"line":66,"column":11},"end":{"line":66,"column":41}},{"start":{"line":67,"column":12},"end":{"line":67,"column":80}}]},"9":{"loc":{"start":{"line":66,"column":11},"end":{"line":66,"column":41}},"type":"cond-expr","locations":[{"start":{"line":66,"column":31},"end":{"line":66,"column":33}},{"start":{"line":66,"column":31},"end":{"line":66,"column":41}}]},"10":{"loc":{"start":{"line":66,"column":11},"end":{"line":66,"column":33}},"type":"binary-expr","locations":[{"start":{"line":66,"column":11},"end":{"line":66,"column":33}},{"start":{"line":66,"column":31},"end":{"line":66,"column":33}}]},"11":{"loc":{"start":{"line":70,"column":13},"end":{"line":72,"column":97}},"type":"cond-expr","locations":[{"start":{"line":71,"column":16},"end":{"line":71,"column":75}},{"start":{"line":72,"column":16},"end":{"line":72,"column":97}}]},"12":{"loc":{"start":{"line":72,"column":16},"end":{"line":72,"column":97}},"type":"binary-expr","locations":[{"start":{"line":72,"column":16},"end":{"line":72,"column":47}},{"start":{"line":72,"column":51},"end":{"line":72,"column":78}},{"start":{"line":72,"column":82},"end":{"line":72,"column":97}}]},"13":{"loc":{"start":{"line":72,"column":16},"end":{"line":72,"column":47}},"type":"cond-expr","locations":[{"start":{"line":72,"column":36},"end":{"line":72,"column":38}},{"start":{"line":72,"column":36},"end":{"line":72,"column":47}}]},"14":{"loc":{"start":{"line":72,"column":16},"end":{"line":72,"column":38}},"type":"binary-expr","locations":[{"start":{"line":72,"column":16},"end":{"line":72,"column":38}},{"start":{"line":72,"column":36},"end":{"line":72,"column":38}}]},"15":{"loc":{"start":{"line":72,"column":51},"end":{"line":72,"column":78}},"type":"cond-expr","locations":[{"start":{"line":72,"column":71},"end":{"line":72,"column":73}},{"start":{"line":72,"column":71},"end":{"line":72,"column":78}}]},"16":{"loc":{"start":{"line":72,"column":51},"end":{"line":72,"column":73}},"type":"binary-expr","locations":[{"start":{"line":72,"column":51},"end":{"line":72,"column":73}},{"start":{"line":72,"column":71},"end":{"line":72,"column":73}}]},"17":{"loc":{"start":{"line":73,"column":13},"end":{"line":73,"column":101}},"type":"binary-expr","locations":[{"start":{"line":73,"column":13},"end":{"line":73,"column":30}},{"start":{"line":73,"column":34},"end":{"line":73,"column":60}},{"start":{"line":73,"column":64},"end":{"line":73,"column":101}}]},"18":{"loc":{"start":{"line":77,"column":53},"end":{"line":77,"column":79}},"type":"cond-expr","locations":[{"start":{"line":77,"column":62},"end":{"line":77,"column":74}},{"start":{"line":77,"column":77},"end":{"line":77,"column":79}}]},"19":{"loc":{"start":{"line":86,"column":7},"end":{"line":167,"column":null}},"type":"binary-expr","locations":[{"start":{"line":86,"column":7},"end":{"line":86,"column":13}},{"start":{"line":87,"column":8},"end":{"line":166,"column":null}}]},"20":{"loc":{"start":{"line":93,"column":14},"end":{"line":93,"column":null}},"type":"cond-expr","locations":[{"start":{"line":93,"column":33},"end":{"line":93,"column":65}},{"start":{"line":93,"column":68},"end":{"line":93,"column":null}}]},"21":{"loc":{"start":{"line":110,"column":11},"end":{"line":111,"column":null}},"type":"binary-expr",
[...]
ymous_11)","decl":{"start":{"line":36,"column":22},"end":{"line":36,"column":29}},"loc":{"start":{"line":36,"column":33},"end":{"line":36,"column":94}}},"4":{"name":"convertScryfallCardToMTGCard","decl":{"start":{"line":44,"column":9},"end":{"line":44,"column":37}},"loc":{"start":{"line":44,"column":55},"end":{"line":100,"column":1}}},"5":{"name":"(anonymous_13)","decl":{"start":{"line":84,"column":57},"end":{"line":84,"column":58}},"loc":{"start":{"line":84,"column":71},"end":{"line":96,"column":6}}},"6":{"name":"searchCardByScryfallId","decl":{"start":{"line":108,"column":22},"end":{"line":108,"column":44}},"loc":{"start":{"line":108,"column":44},"end":{"line":197,"column":null}}},"7":{"name":"(anonymous_15)","decl":{"start":{"line":109,"column":2},"end":{"line":109,"column":20}},"loc":{"start":{"line":110,"column":30},"end":{"line":197,"column":1}}},"8":{"name":"searchCardBySetAndNumber","decl":{"start":{"line":206,"column":22},"end":{"line":206,"column":46}},"loc":{"start":{"line":206,"column":46},"end":{"line":299,"column":null}}},"9":{"name":"(anonymous_17)","decl":{"start":{"line":207,"column":2},"end":{"line":207,"column":17}},"loc":{"start":{"line":209,"column":30},"end":{"line":299,"column":1}}},"10":{"name":"searchCardByNameAndNumberScryfall","decl":{"start":{"line":309,"column":22},"end":{"line":309,"column":55}},"loc":{"start":{"line":309,"column":55},"end":{"line":419,"column":null}}},"11":{"name":"(anonymous_19)","decl":{"start":{"line":310,"column":2},"end":{"line":310,"column":14}},"loc":{"start":{"line":313,"column":30},"end":{"line":419,"column":1}}}},"branchMap":{"0":{"loc":{"start":{"line":15,"column":2},"end":{"line":17,"column":3}},"type":"if","locations":[{"start":{"line":15,"column":2},"end":{"line":17,"column":3}}]},"1":{"loc":{"start":{"line":15,"column":6},"end":{"line":15,"column":60}},"type":"binary-expr","locations":[{"start":{"line":15,"column":6},"end":{"line":15,"column":11}},{"start":{"line":15,"column":15},"end":{"line":15,"column":60}}]},"2":{"loc":{"start":{"line":35,"column":2},"end":{"line":37,"column":3}},"type":"if","locations":[{"start":{"line":35,"column":2},"end":{"line":37,"column":3}}]},"3":{"loc":{"start":{"line":46,"column":24},"end":{"line":46,"column":85}},"type":"binary-expr","locations":[{"start":{"line":46,"column":24},"end":{"line":46,"column":47}},{"start":{"line":46,"column":51},"end":{"line":46,"column":85}}]},"4":{"loc":{"start":{"line":47,"column":20},"end":{"line":47,"column":77}},"type":"cond-expr","locations":[{"start":{"line":47,"column":36},"end":{"line":47,"column":62}},{"start":{"line":47,"column":65},"end":{"line":47,"column":77}}]},"5":{"loc":{"start":{"line":50,"column":20},"end":{"line":52,"column":29}},"type":"cond-expr","locations":[{"start":{"line":51,"column":7},"end":{"line":51,"column":54}},{"start":{"line":52,"column":6},"end":{"line":52,"column":29}}]},"6":{"loc":{"start":{"line":51,"column":7},"end":{"line":51,"column":54}},"type":"binary-expr","locations":[{"start":{"line":51,"column":7},"end":{"line":51,"column":27}},{"start":{"line":51,"column":31},"end":{"line":51,"column":54}}]},"7":{"loc":{"start":{"line":58,"column":14},"end":{"line":58,"column":59}},"type":"binary-expr","locations":[{"start":{"line":58,"column":14},"end":{"line":58,"column":33}},{"start":{"line":58,"column":37},"end":{"line":58,"column":59}}]},"8":{"loc":{"start":{"line":60,"column":12},"end":{"line":60,"column":37}},"type":"binary-expr","locations":[{"start":{"line":60,"column":12},"end":{"line":60,"column":31}},{"start":{"line":60,"column":35},"end":{"line":60,"column":37}}]},"9":{"loc":{"start":{"line":62,"column":11},"end":{"line":62,"column":99}},"type":"cond-expr","locations":[{"start":{"line":62,"column":36},"end":{"line":62,"column":94}},{"start":{"line":62,"column":97},"end":{"line":62,"column":99}}]},"10":{"loc":{"start":{"line":63,"column":14},"end":{"line":65,"column":10}},"type":"cond-expr","locations":[{"start":{"line":64,"column":8},"end":{"line":64,"column":66}},{"start":{"line":65,"column":8},"end":{"line":65,"column":10}}]},"11":{"loc":{"start":{"line":63,"column":14},"end":{"line":63,"column":76}},"type":"binary-expr","locations":[{"start":{"line":63,"column":14},"end":{"line":63,"column":36}},{"start":{"line":63,"column":40},"end":{"line":63,"column":76}}]},"12":{"loc":{"start":{"line":69,"column":10},"end":{"line":69,"column":59}},"type":"binary-expr","locations":[{"start":{"line":69,"column":10},"end":{"line":69,"column":31}},{"start":{"line":69,"column":35},"end":{"line":69,"column":59}}]},"13":{"loc":{"start":{"line":72,"column":11},"end":{"line":72,"column":48}},"type":"binary-expr","locations":[{"start":{"line":72,"column":11},"end":{"line":72,"column":26}},{"start":{"line":72,"column":30},"end":{"line":72,"column":48}}]},"14":{"loc":{"start":{"line":73,"column":15},"end":{"line":73,"column":60}},"type":"binary-expr","locations":[{"start":{"line":73,"column":15},"end":{"line":73,"column":34}},{"start":{"line":73,"column":38},"end":{"line":73,"column":60}}]},"15":{"loc":{"start":{"line":74,"column":13},"end":{"line":74,"column":54}},"type":"binary-expr","locations":[{"start":{"line":74,"column":13},"end":{"line":74,"column":30}},{"start":{"line":74,"column":34},"end":{"line":74,"column":54}}]},"16":{"loc":{"start":{"line":75,"column":18},"end":{"line":77,"column":17}},"type":"cond-expr","locations":[{"start":{"line":76,"column":8},"end":{"line":76,"column":38}},{"start":{"line":77,"column":8},"end":{"line":77,"column":17}}]},"17":{"loc":{"start":{"line":75,"column":18},"end":{"line":75,"column":87}},"type":"binary-expr","locations":[{"start":{"line":75,"column":18},"end":{"line":75,"column":45}},{"start":{"line":75,"column":49},"end":{"line":75,"column":87}}]},"18":{"loc":{"start":{"line":78,"column":14},"end":{"line":78,"column":null}},"type":"binary-expr","locations":[{"start":{"line":78,"column":14},"end":{"line":78,"column":31}},{"start":{"line":78,"column":35},"end":{"line":78,"column":51}},{"start":{"line":78,"column":55},"end":{"line":78,"column":69}},{"start":{"line":78,"column":73},"end":{"line":78,"column":95}}]},"19":{"loc":{"start":{"line":78,"column":14},"end":{"line":78,"column":31}},"type":"cond-expr","locations":[{"start":{"line":78,"column":23},"end":{"line":78,"column":25}},{"start":{"line":78,"column":14},"end":{"line":78,"column":31}}]},"20":{"loc":{"start":{"line":78,"column":14},"end":{"line":78,"column":25}},"type":"binary-expr","locations":[{"start":{"line":78,"column":14},"end":{"line":78,"column":25}},{"start":{"line":78,"column":14},"end":{"line":78,"column":25}}]},"21":{"loc":{"start":{"line":78,"column":35},"end":{"line":78,"column":51}},"type":"cond-expr","locations":[{"start":{"line":78,"column":44},"end":{"line":78,"column":46}},{"start":{"line":78,"column":35},"end":{"line":78,"column":51}}]},"22":{"loc":{"start":{"line":78,"column":35},"end":{"line":78,"column":46}},"type":"binary-expr","locations":[{"start":{"line":78,"column":35},"end":{"line":78,"column":46}},{"start":{"line":78,"column":35},"end":{"line":78,"column":46}}]},"23":{"loc":{"start":{"line":78,"column":55},"end":{"line":78,"column":69}},"type":"cond-expr","locations":[{"start":{"line":78,"column":64},"end":{"line":78,"column":66}},{"start":{"line":78,"column":55},"end":{"line":78,"column":69}}]},"24":{"loc":{"start":{"line":78,"column":55},"end":{"line":78,"column":66}},"type":"binary-expr","locations":[{"start":{"line":78,"column":55},"end":{"line":78,"column":66}},{"start":{"line":78,"column":55},"end":{"line":78,"column":66}}]},"25":{"loc":{"start":{"line":78,"column":73},"end":{"line":78,"column":95}},"type":"cond-expr","locations":[{"start":{"line":78,"column":82},"end":{"line":78,"column":84}},{"start":{"line":78,"column":73},"end":{"line":78,"column":95}}]},"26":{"loc":{"start":{"line":78,"column":73},"end":{"line":78,"column":84}},"type":"binary-expr","locations":[{"start":{"line":78,"column":73},"end":{"line":78,"column":84}},{"start":{"line":78,"column":73},"end":{"line":78,"column":84}}]},"27":{"loc":{"start":{"line":83,"column":2},"end":{"line":97,"column":3}},"type":"if","locations":[{"start":{"line":83,"column":2},"end":{"line":97,"column":3}}]},"28":{"loc":{"start":{"line":83,"column":6},"end":{"line":83,"column":71}},"type":"binary-expr","locations":[{"start":{"line":83,"column":6},"end":{"line":83,"column":31}},{"start":{"line":83,"column":35},"end":{"line":83,"column":71}}]},"29":{"loc":{"start":{"line":110,"column":2},"end":{"line":110,"column":30}},"type":"default-arg","locations":[{"start":{"line":110,"column":26},"end":{"line":110,"column":30}}]},"30":{"loc":{"start":{"line":112,"column":45},"end":{"line":112,"column":71}},"type":"cond-expr","locations":[{"start":{"line":112,"column":60},"end":{"line":112,"column":64}},{"start":{"line":112,"column":67},"end":{"line":112,"column":71}}]},"31":{"loc":{"start":{"line":116,"column":2},"end":{"line":118,"column":3}},"type":"if","locations":[{"start":{"line":116,"column":2},"end":{"line":118,"column":3}}]},"32":{"loc":{"start":{"line":133,"column":4},"end":{"line":142,"column":5}},"type":"if","locations":[{"start":{"line":133,"column":4},"end":{"line":142,"column":5}}]},"33":{"loc":{"start":{"line":134,"column":6},"end":{"line":137,"column":7}},"type":"if","locations":[{"start":{"line":134,"column":6},"end":{"line":137,"column":7}}]},"34":{"loc":{"start":{"line":138,"column":6},"end":{"line":140,"column":7}},"type":"if","locations":[{"start":{"line":138,"column":6},"end":{"line":140,"column":7}}]},"35":{"loc":{"start":{"line":148,"column":4},"end":{"line":182,"column":5}},"type":"if","locations":[{"start":{"line":148,"column":4},"end":{"line":182,"column":5}}]},"36":{"loc":{"start":{"line":148,"column":8},"end":{"line":148,"column":73}},"type":"binary-expr","locations":[{"start":{"line":148,"column":8},"end":{"line":148,"column":20}},{"start":{"line":148,"column":24},"end":{"line":148,"column":40}},{"start":{"line":148,"column":44},"end":{"line":148,"column":73}}]},"37":{"loc":{"start":{"line":162,"column":8},"end":{"line":174,"column":9}},"type":"if","locations":[{"start":{"line":162,"column":8},"end":{"line":174,"column":9}},{"start":{"line":171,"column":15},"end":{"line":174,"column":9}}]},"38":{"loc":{"start":{"line":164,"column":30},"end":{"line":164,"column":51}},"type":"binary-expr","locations":[{"start":{"line":164,"column":30},"end":{"line":164,"column":45}},{"start":{"line":164,"column":49},"end":{"line":164,"column":51}}]},"39":{"loc":{"start":{"line":166,"column":10},"end":{"line":170,"column":11}},"type":"if","locations":[{"start":{"line":166,"column":10},"end":{"line":170,"column":11}}]},"40":{"loc":{"start":{"line":171,"column":15},"end":{"line":174,"column":9}},"type":"if","locations":[{"start":{"line":171,"column":15},"end":{"line":174,"column":9}}]},"41":{"loc":{"start":{"line":178,"column":8},"end":{"line":180,"column":9}},"type":"if","locations":[{"start":{"line":178,"column":8},"end":{"line":180,"column":9}}]},"42":{"loc":{"start":{"line":178,"column":12},"end":{"line":178,"column":68}},"type":"binary-expr","locations":[{"start":{"line":178,"column":12},"end":{"line":178,"column":34}},{"start":{"line":178,"column":38},"end":{"line":178,"column":68}}]},"43":{"loc":{"start":{"line":185,"column":4},"end":{"line":187,"column":5}},"type":"if","locations":[{"start":{"line":185,"column":4},"end":{"line":187,"column":5}}]},"44":{"loc":{"start":{"line":209,"column":2},"end":{"line":209,"column":30}},"type":"default-arg","locations":[{"start":{"line":209,"column":26},"end":{"line":209,"column":30}}]},"45":{"loc":{"start":{"line":211,"column":83},"end":{"line":211,"column":109}},"type":"cond-expr","locations":[{"start":{"line":211,"column":98},"end":{"line":211,"column":102}},{"start":{"line":211,"column":105},"end":{"line":211,"column":109}}]},"46":{"loc":{"start":{"line":215,"column":2},"end":{"line":217,"column":3}},"type":"if","locations":[{"start":{"line":215,"column":2},"end":{"line":217,"column":3}}]},"47":{"loc":{"start":{"line":234,"column":4},"end":{"line":244,"column":5}},"type":"if","locations":[{"start":{"line":234,"column":4},"end":{"line":244,"column":5}}]},"48":{"loc":{"start":{"line":235,"column":6},"end":{"line":239,"column":7}},"type":"if","locations":[{"start":{"line":235,"column":6},"end":{"line":239,"column":7}}]},"49":{"loc":{"start":{"line":240,"column":6},"end":{"line":242,"column":7}},"type":"if","locations":[{"start":{"line":240,"column":6},"end":{"line":242,"column":7}}]},"50":{"loc":{"start":{"line":250,"column":4},"end":{"line":284,"column":5}},"type":"if","locations":[{"start":{"line":250,"column":4},"end":{"line":284,"column":5}}]},"51":{"loc":{"start":{"line":264,"column":8},"end":{"line":276,"column":9}},"type":"if","locations":[{"start":{"line":264,"column":8},"end":{"line":276,"column":9}},{"start":{"line":273,"column":15},"end":{"line":276,"column":9}}]},"52":{"loc":{"start":{"line":266,"column":30},"end":{"line":266,"column":51}},"type":"binary-expr","locations":[{"start":{"line":266,"column":30},"end":{"line":266,"column":45}},{"start":{"line":266,"column":49},"end":{"line":266,"column":51}}]},"53":{"loc":{"start":{"line":268,"column":10},"end":{"line":272,"column":11}},"type":"if","locations":[{"start":{"line":268,"column":10},"end":{"line":272,"column":11}}]},"54":{"loc":{"start":{"line":273,"column":15},"end":{"line":276,"column":9}},"type":"if","locations":[{"start":{"line":273,"column":15},"end":{"line":276,"column":9}}]},"55":{"loc":{"start":{"line":280,"column":8},"end":{"line":282,"column":9}},"type":"if","locations":[{"start":{"line":280,"column":8},"end":{"line":282,"column":9}}]},"56":{"loc":{"start":{"line":280,"column":12},"end":{"line":280,"column":68}},"type":"binary-expr","locations":[{"start":{"line":280,"column":12},"end":{"line":280,"column":34}},{"start":{"line":280,"column":38},"end":{"line":280,"column":68}}]},"57":{"loc":{"start":{"line":287,"column":4},"end":{"line":289,"column":5}},"type":"if","locations":[{"start":{"line":287,"column":4},"end":{"line":289,"column":5}}]},"58":{"loc":{"start":{"line":313,"column":2},"end":{"line":313,"column":30}},"type":"default-arg","locations":[{"start":{"line":313,"column":26},"end":{"line":313,"column":30}}]},"59":{"loc":{"start":{"line":315,"column":85},"end":{"line":315,"column":101}},"type":"binary-expr","locations":[{"start":{"line":315,"column":85},"end":{"line":315,"column":92}},{"start":{"line":315,"column":96},"end":{"line":315,"column":101}}]},"60":{"loc":{"start":{"line":315,"column":105},"end":{"line":315,"column":131}},"type":"cond-expr","locations":[{"start":{"line":315,"column":120},"end":{"line":315,"column":124}},{"start":{"line":315,"column":127},"end":{"line":315,"column":131}}]},"61":{"loc":{"start":{"line":319,"column":2},"end":{"line":321,"column":3}},"type":"if","locations":[{"start":{"line":319,"column":2},"end":{"line":321,"column":3}}]},"62":{"loc":{"start":{"line":327,"column":4},"end":{"line":329,"column":5}},"type":"if","locations":[{"start":{"line":327,"column":4},"end":{"line":329,"column":5}}]},"63":{"loc":{"start":{"line":344,"column":4},"end":{"line":354,"column":5}},"type":"if","locations":[{"start":{"line":344,"column":4},"end":{"line":354,"column":5}}]},"64":{"loc":{"start":{"line":345,"column":6},"end":{"line":349,"column":7}},"type":"if","locations":[{"start":{"line":345,"column":6},"end":{"line":349,"column":7}}]},"65":{"loc":{"start":{"line":350,"column":6},"end":{"line":352,"column":7}},"type":"if","locations":[{"start":{"line":350,"column":6},"end":{"line":352,"column":7}}]},"66":{"loc":{"start":{"line":357,"column":25},"end":{"line":357,"column":47}},"type":"binary-expr","locations":[{"start":{"line":357,"column":25},"end":{"line":357,"column":41}},{"start":{"line":357,"column":45},"end":{"line":357,"column":47}}]},"67":{"loc":{"start":{"line":359,"column":4},"end":{"line":362,"column":5}},"type":"if","locations":[{"start":{"line":359,"column":4},"end":{"line":362,"column":5}}]},"68":{"loc":{"start":{"line":368,"column":4},"end":{"line":402,"column":5}},"type":"if","locations":[{"start":{"line":368,"column":4},"end":{"line":402,"column":5}}]},"69":{"loc":{"start":{"line":368,"column":8},"end":{"line":368,"column":73}},"type":"binary-expr","locations":[{"start":{"line":368,"column":8},"end":{"line":368,"column":20}},{"start":{"line":368,"column":24},"end":{"line":368,"column":40}},{"start":{"line":368,"column":44},"end":{"line":368,"column":73}}]},"70":{"loc":{"start":{"line":382,"column":8},"end":{"line":394,"column":9}},"type":"if","locations":[{"start":{"line":382,"column":8},"end":{"line":394,"column":9}},{"start":{"line":391,"column":15},"end":{"line":394,"column":9}}]},"71":{"loc":{"start":{"line":384,"column":30},"end":{"line":384,"column":51}},"type":"binary-expr","locations":[{"start":{"line":384,"column":30},"end":{"line":384,"column":45}},{"start":{"line":384,"column":49},"end":{"line":384,"column":51}}]},"72":{"loc":{"start":{"line":386,"column":10},"end":{"line":390,"column":11}},"type":"if","locations":[{"start":{"line":386,"column":10},"end":{"line":390,"column":11}}]},"73":{"loc":{"start":{"line":391,"column":15},"end":{"line":394,"column":9}},"type":"if","locations":[{"start":{"line":391,"column":15},"end":{"line":394,"column":9}}]},"74":{"loc":{"start":{"line":398,"column":8},"end":{"line":400,"column":9}},"type":"if","locations":[{"start":{"line":398,"column":8},"end":{"line":400,"column":9}}]},"75":{"loc":{"start":{"line":398,"column":12},"end":{"line":398,"column":68}},"type":"binary-expr","locations":[{"start":{"line":398,"column":12},"end":{"line":398,"column":34}},{"start":{"line":398,"column":38},"end":{"line":398,"column":68}}]},"76":{"loc":{"start":{"line":405,"column":4},"end":{"line":407,"column":5}},"type":"if","locations":[{"start":{"line":405,"column":4},"end":{"line":407,"column":5}}]},"77":{"loc":{"start":{"line":410,"column":4},"end":{"line":412,"column":5}},"type":"if","locations":[{"start":{"line":410,"column":4},"end":{"line":412,"column":5}}]}},"s":{"0":0,"1":0,"2":0,"3":0,"4":0,"5":0,"6":0,"7":0,"8":0,"9":0,"10":0,"11":0,"12":0,"13":0,"14":0,"15":0,"16":0,"17":0,"18":0,"19":0,"20":0,"21":0,"22":0,"23":0,"24":0,"25":0,"26":0,"27":0,"28":0,"29":0,"30":0,"31":0,"32":0,"33":0,"34":0,"35":0,"36":0,"37":0,"38":0,"39":0,"40":0,"41":0,"42":0,"43":0,"44":0,"45":0,"46":0,"47":0,"48":0,"49":0,"50":0,"51":0,"52":0,"53":0,"54":0,"55":0,"56":0,"57":0,"58":0,"59":0,"60":0,"61":0,"62":0,"63":0,"64":0,"65":0,"66":0,"67":0,"68":0,"69":0,"70":0,"71":0,"72":0,"73":0,"74":0,"75":0,"76":0,"77":0,"78":0,"79":0,"80":0,"81":0,"82":0,"83":0,"84":0,"85":0,"86":0,"87":0,"88":0,"89":0,"90":0,"91":0,"92":0,"93":0,"94":0,"95":0,"96":0,"97":0,"98":0,"99":0,"100":0,"101":0,"102":0,"103":0,"104":0,"105":0,"106":0,"107":0,"108":0,"109":0,"110":0,"111":0,"112":0,"113":0,"114":0,"115":0,"116":0,"117":0,"118":0,"119":0,"120":0,"121":0,"122":0,"123":0,"124":0,"125":0,"126":0,"127":0,"128":0,"129":0,"130":0,"131":0,"132":0,"133":0,"134":0,"135":0,"136":0,"137":0,"138":0,"139":0,"140":0,"141":0,"142":0,"143":0,"144":0,"145":0,"146":0,"147":0,"148":0,"149":0,"150":0},"f":{"0":0,"1":0,"2":0,"3":0,"4":0,"5":0,"6":0,"7":0,"8":0,"9":0,"10":0,"11":0},"b":{"0":[0],"1":[0,0],"2":[0],"3":[0,0],"4":[0,0],"5":[0,0],"6":[0,0],"7":[0,0],"8":[0,0],"9":[0,0],"10":[0,0],"11":[0,0],"12":[0,0],"13":[0,0],"14":[0,0],"15":[0,0],"16":[0,0],"17":[0,0],"18":[0,0,0,0],"19":[0,0],"20":[0,0],"21":[0,0],"22":[0,0],"23":[0,0],"24":[0,0],"25":[0,0],"26":[0,0],"27":[0],"28":[0,0],"29":[0],"30":[0,0],"31":[0],"32":[0],"33":[0],"34":[0],"35":[0],"36":[0,0,0],"37":[0,0],"38":[0,0],"39":[0],"40":[0],"41":[0],"42":[0,0],"43":[0],"44":[0],"45":[0,0],"46":[0],"47":[0],"48":[0],"49":[0],"50":[0],"51":[0,0],"52":[0,0],"53":[0],"54":[0],"55":[0],"56":[0,0],"57":[0],"58":[0],"59":[0,0],"60":[0,0],"61":[0],"62":[0],"63":[0],"64":[0],"65":[0],"66":[0,0],"67":[0],"68":[0],"69":[0,0,0],"70":[0,0],"71":[0,0],"72":[0],"73":[0],"74":[0],"75":[0,0],"76":[0],"77":[0]}}
}
