TN:
SF:src\components\PWAUpdateNotifier.tsx
FN:4,PWAUpdateNotifier
FN:7,(anonymous_1)
FN:8,(anonymous_2)
FN:11,(anonymous_3)
FN:16,(anonymous_4)
FNF:5
FNH:0
FNDA:0,PWAUpdateNotifier
FNDA:0,(anonymous_1)
FNDA:0,(anonymous_2)
FNDA:0,(anonymous_3)
FNDA:0,(anonymous_4)
DA:1,0
DA:2,0
DA:4,0
DA:5,0
DA:7,0
DA:8,0
DA:9,0
DA:11,0
DA:12,0
DA:14,0
DA:15,0
DA:16,0
DA:17,0
DA:18,0
DA:22,0
LF:15
LH:0
BRF:0
BRH:0
end_of_record
TN:
SF:src\components\Card\CardDisplay.tsx
FN:21,CardDisplay
FN:36,(anonymous_1)
FN:44,(anonymous_2)
FN:61,(anonymous_3)
FN:84,(anonymous_4)
FN:89,(anonymous_5)
FN:106,(anonymous_6)
FN:113,(anonymous_7)
FN:121,(anonymous_8)
FN:132,(anonymous_9)
FN:137,(anonymous_10)
FN:153,(anonymous_11)
FN:238,(anonymous_12)
FN:272,(anonymous_13)
FN:307,(anonymous_14)
FN:323,(anonymous_15)
FN:343,(anonymous_16)
FN:364,(anonymous_17)
FN:377,(anonymous_18)
FN:388,(anonymous_19)
FN:398,(anonymous_20)
FN:477,(anonymous_21)
FN:490,(anonymous_22)
FNF:23
FNH:0
FNDA:0,CardDisplay
FNDA:0,(anonymous_1)
FNDA:0,(anonymous_2)
FNDA:0,(anonymous_3)
FNDA:0,(anonymous_4)
FNDA:0,(anonymous_5)
FNDA:0,(anonymous_6)
FNDA:0,(anonymous_7)
FNDA:0,(anonymous_8)
FNDA:0,(anonymous_9)
FNDA:0,(anonymous_10)
FNDA:0,(anonymous_11)
FNDA:0,(anonymous_12)
FNDA:0,(anonymous_13)
FNDA:0,(anonymous_14)
FNDA:0,(anonymous_15)
FNDA:0,(anonymous_16)
FNDA:0,(anonymous_17)
FNDA:0,(anonymous_18)
FNDA:0,(anonymous_19)
FNDA:0,(anonymous_20)
FNDA:0,(anonymous_21)
FNDA:0,(anonymous_22)
DA:1,0
DA:3,0
DA:4,0
DA:5,0
DA:6,0
DA:21,0
DA:32,0
DA:33,0
DA:36,0
DA:37,0
DA:38,0
DA:39,0
DA:42,0
DA:43,0
DA:44,0
DA:46,0
DA:48,0
DA:49,0
DA:52,0
DA:53,0
DA:59,0
DA:60,0
DA:61,0
DA:63,0
DA:64,0
DA:68,0
DA:75,0
DA:77,0
DA:79,0
DA:80,0
DA:81,0
DA:84,0
DA:85,0
DA:86,0
DA:87,0
DA:89,0
DA:90,0
DA:91,0
DA:93,0
DA:94,0
DA:100,0
DA:101,0
DA:102,0
DA:105,0
DA:107,0
DA:113,0
DA:114,0
DA:117,0
DA:123,0
DA:124,0
DA:126,0
DA:133,0
DA:134,0
DA:135,0
DA:138,0
DA:139,0
DA:140,0
DA:154,0
DA:155,0
DA:156,0
DA:239,0
DA:273,0
DA:274,0
DA:308,0
DA:309,0
DA:324,0
DA:325,0
DA:326,0
DA:328,0
DA:344,0
DA:346,0
DA:364,0
DA:377,0
DA:388,0
DA:399,0
DA:400,0
DA:477,0
DA:493,0
LF:78
LH:0
BRDA:26,0,0,0
BRDA:30,1,0,0
BRDA:33,2,0,0
BRDA:33,2,1,0
BRDA:39,3,0,0
BRDA:39,3,1,0
BRDA:42,4,0,0
BRDA:42,5,0,0
BRDA:42,5,1,0
BRDA:44,6,0,0
BRDA:44,6,1,0
BRDA:46,7,0,0
BRDA:48,8,0,0
BRDA:52,9,0,0
BRDA:59,10,0,0
BRDA:59,11,0,0
BRDA:59,11,1,0
BRDA:61,12,0,0
BRDA:61,12,1,0
BRDA:63,13,0,0
BRDA:75,14,0,0
BRDA:75,14,1,0
BRDA:85,15,0,0
BRDA:85,15,1,0
BRDA:90,16,0,0
BRDA:90,16,1,0
BRDA:93,17,0,0
BRDA:123,18,0,0
BRDA:145,19,0,0
BRDA:145,19,1,0
BRDA:145,20,0,0
BRDA:145,20,1,0
BRDA:164,21,0,0
BRDA:164,21,1,0
BRDA:179,22,0,0
BRDA:179,22,1,0
BRDA:208,23,0,0
BRDA:208,23,1,0
BRDA:211,24,0,0
BRDA:211,24,1,0
BRDA:232,25,0,0
BRDA:232,25,1,0
BRDA:232,25,2,0
BRDA:232,25,3,0
BRDA:236,26,0,0
BRDA:236,26,1,0
BRDA:241,27,0,0
BRDA:241,27,1,0
BRDA:248,28,0,0
BRDA:248,28,1,0
BRDA:258,29,0,0
BRDA:258,29,1,0
BRDA:270,30,0,0
BRDA:270,30,1,0
BRDA:276,31,0,0
BRDA:276,31,1,0
BRDA:276,32,0,0
BRDA:276,32,1,0
BRDA:277,33,0,0
BRDA:277,33,1,0
BRDA:279,34,0,0
BRDA:279,34,1,0
BRDA:303,35,0,0
BRDA:303,35,1,0
BRDA:303,36,0,0
BRDA:303,36,1,0
BRDA:305,37,0,0
BRDA:305,37,1,0
BRDA:321,38,0,0
BRDA:321,38,1,0
BRDA:321,38,2,0
BRDA:321,38,3,0
BRDA:321,38,4,0
BRDA:325,39,0,0
BRDA:325,39,1,0
BRDA:341,40,0,0
BRDA:341,40,1,0
BRDA:341,40,2,0
BRDA:361,41,0,0
BRDA:361,41,1,0
BRDA:366,42,0,0
BRDA:366,42,1,0
BRDA:374,43,0,0
BRDA:374,43,1,0
BRDA:390,44,0,0
BRDA:390,44,1,0
BRDA:390,45,0,0
BRDA:390,45,1,0
BRDA:408,46,0,0
BRDA:408,46,1,0
BRDA:423,47,0,0
BRDA:423,47,1,0
BRDA:452,48,0,0
BRDA:452,48,1,0
BRDA:455,49,0,0
BRDA:455,49,1,0
BRDA:494,50,0,0
BRDA:494,50,1,0
BRDA:494,50,2,0
BRDA:494,50,3,0
BRDA:494,50,4,0
BRDA:494,50,5,0
BRDA:494,50,6,0
BRDA:494,50,7,0
BRDA:494,50,8,0
BRDA:494,50,9,0
BRDA:494,50,10,0
BRDA:494,50,11,0
BRDA:494,50,12,0
BRDA:494,50,13,0
BRDA:494,50,14,0
BRDA:494,50,15,0
BRDA:511,51,0,0
BRDA:511,51,1,0
BRDA:511,52,0,0
BRDA:511,52,1,0
BRF:116
BRH:0
end_of_record
TN:
SF:src\components\Card\VirtualizedCardGrid.tsx
FN:6,(anonymous_9)
FN:8,(anonymous_10)
FN:34,(anonymous_11)
FN:45,VirtualizedCardGrid
FN:62,(anonymous_13)
FN:67,(anonymous_14)
FN:74,(anonymous_15)
FN:105,(anonymous_16)
FN:113,(anonymous_17)
FN:122,(anonymous_18)
FN:123,(anonymous_19)
FN:129,(anonymous_20)
FN:136,(anonymous_21)
FN:144,(anonymous_22)
FN:246,(anonymous_23)
FN:255,(anonymous_24)
FN:265,(anonymous_25)
FN:273,(anonymous_26)
FN:275,(anonymous_27)
FNF:19
FNH:0
FNDA:0,(anonymous_9)
FNDA:0,(anonymous_10)
FNDA:0,(anonymous_11)
FNDA:0,VirtualizedCardGrid
FNDA:0,(anonymous_13)
FNDA:0,(anonymous_14)
FNDA:0,(anonymous_15)
FNDA:0,(anonymous_16)
FNDA:0,(anonymous_17)
FNDA:0,(anonymous_18)
FNDA:0,(anonymous_19)
FNDA:0,(anonymous_20)
FNDA:0,(anonymous_21)
FNDA:0,(anonymous_22)
FNDA:0,(anonymous_23)
FNDA:0,(anonymous_24)
FNDA:0,(anonymous_25)
FNDA:0,(anonymous_26)
FNDA:0,(anonymous_27)
DA:1,0
DA:3,0
DA:6,0
DA:7,0
DA:8,0
DA:9,0
DA:11,0
DA:12,0
DA:34,0
DA:35,0
DA:36,0
DA:37,0
DA:38,0
DA:39,0
DA:43,0
DA:45,0
DA:57,0
DA:58,0
DA:59,0
DA:62,0
DA:63,0
DA:64,0
DA:67,0
DA:68,0
DA:69,0
DA:70,0
DA:71,0
DA:74,0
DA:75,0
DA:76,0
DA:77,0
DA:79,0
DA:81,0
DA:82,0
DA:83,0
DA:86,0
DA:91,0
DA:94,0
DA:95,0
DA:96,0
DA:98,0
DA:102,0
DA:105,0
DA:106,0
DA:107,0
DA:109,0
DA:113,0
DA:114,0
DA:115,0
DA:116,0
DA:122,0
DA:123,0
DA:124,0
DA:125,0
DA:129,0
DA:130,0
DA:131,0
DA:133,0
DA:136,0
DA:137,0
DA:138,0
DA:143,0
DA:150,0
DA:151,0
DA:152,0
DA:154,0
DA:155,0
DA:159,0
DA:164,0
DA:178,0
DA:179,0
DA:186,0
DA:192,0
DA:193,0
DA:212,0
DA:213,0
DA:218,0
DA:219,0
DA:229,0
DA:230,0
DA:231,0
DA:241,0
DA:242,0
DA:243,0
DA:244,0
DA:246,0
DA:248,0
DA:249,0
DA:250,0
DA:251,0
DA:254,0
DA:256,0
DA:257,0
DA:258,0
DA:259,0
DA:261,0
DA:262,0
DA:266,0
DA:267,0
DA:268,0
DA:273,0
DA:274,0
DA:276,0
DA:280,0
DA:298,0
DA:304,0
DA:307,0
DA:315,0
DA:316,0
DA:317,0
DA:325,0
DA:328,0
DA:338,0
DA:339,0
DA:349,0
DA:350,0
DA:351,0
DA:353,0
DA:361,0
DA:363,0
DA:364,0
DA:371,0
DA:375,0
DA:390,0
DA:391,0
LF:125
LH:0
BRDA:35,0,0,0
BRDA:36,1,0,0
BRDA:37,2,0,0
BRDA:38,3,0,0
BRDA:53,4,0,0
BRDA:54,5,0,0
BRDA:69,6,0,0
BRDA:77,7,0,0
BRDA:77,7,1,0
BRDA:77,7,2,0
BRDA:79,8,0,0
BRDA:79,8,1,0
BRDA:81,9,0,0
BRDA:81,10,0,0
BRDA:81,10,1,0
BRDA:106,11,0,0
BRDA:115,12,0,0
BRDA:124,13,0,0
BRDA:130,14,0,0
BRDA:137,15,0,0
BRDA:154,16,0,0
BRDA:159,17,0,0
BRDA:159,17,1,0
BRDA:160,18,0,0
BRDA:160,18,1,0
BRDA:178,19,0,0
BRDA:212,20,0,0
BRDA:218,21,0,0
BRDA:218,22,0,0
BRDA:218,22,1,0
BRDA:218,22,2,0
BRDA:229,23,0,0
BRDA:248,24,0,0
BRDA:256,25,0,0
BRDA:256,25,1,0
BRDA:276,26,0,0
BRDA:276,26,1,0
BRDA:277,27,0,0
BRDA:277,27,1,0
BRDA:298,28,0,0
BRDA:298,29,0,0
BRDA:298,29,1,0
BRDA:298,29,2,0
BRDA:298,29,3,0
BRDA:298,29,4,0
BRDA:298,29,5,0
BRDA:298,29,6,0
BRDA:298,29,7,0
BRDA:298,29,8,0
BRDA:298,29,9,0
BRDA:298,29,10,0
BRDA:298,29,11,0
BRDA:315,30,0,0
BRDA:315,31,0,0
BRDA:315,31,1,0
BRDA:338,32,0,0
BRDA:349,33,0,0
BRDA:349,34,0,0
BRDA:349,34,1,0
BRDA:349,34,2,0
BRDA:350,35,0,0
BRDA:361,36,0,0
BRDA:361,37,0,0
BRDA:361,37,1,0
BRDA:361,37,2,0
BRDA:361,37,3,0
BRDA:361,37,4,0
BRDA:361,37,5,0
BRF:68
BRH:0
end_of_record
TN:
SF:src\components\Export\ExportModal.tsx
FN:15,ExportModal
FN:21,(anonymous_1)
FN:54,(anonymous_2)
FN:83,(anonymous_3)
FN:93,(anonymous_4)
FN:115,(anonymous_5)
FNF:6
FNH:0
FNDA:0,ExportModal
FNDA:0,(anonymous_1)
FNDA:0,(anonymous_2)
FNDA:0,(anonymous_3)
FNDA:0,(anonymous_4)
FNDA:0,(anonymous_5)
DA:1,0
DA:2,0
DA:3,0
DA:4,0
DA:5,0
DA:6,0
DA:15,0
DA:16,0
DA:17,0
DA:18,0
DA:19,0
DA:21,0
DA:22,0
DA:23,0
DA:24,0
DA:27,0
DA:28,0
DA:30,0
DA:34,0
DA:41,0
DA:48,0
DA:49,0
DA:51,0
DA:52,0
DA:54,0
DA:55,0
DA:56,0
DA:59,0
DA:60,0
DA:64,0
DA:71,0
DA:84,0
DA:93,0
DA:115,0
LF:34
LH:0
BRDA:22,0,0,0
BRDA:76,1,0,0
BRDA:76,1,1,0
BRDA:98,2,0,0
BRDA:98,2,1,0
BRDA:98,3,0,0
BRDA:98,3,1,0
BRDA:109,4,0,0
BRDA:109,4,1,0
BRDA:109,5,0,0
BRDA:109,5,1,0
BRF:11
BRH:0
end_of_record
TN:
SF:src\components\Import\ImportJobCard.tsx
FN:12,ImportJobCard
FN:19,(anonymous_1)
FN:36,(anonymous_2)
FN:55,(anonymous_3)
FN:90,(anonymous_4)
FN:170,(anonymous_5)
FN:179,(anonymous_6)
FN:188,(anonymous_7)
FNF:8
FNH:0
FNDA:0,ImportJobCard
FNDA:0,(anonymous_1)
FNDA:0,(anonymous_2)
FNDA:0,(anonymous_3)
FNDA:0,(anonymous_4)
FNDA:0,(anonymous_5)
FNDA:0,(anonymous_6)
FNDA:0,(anonymous_7)
DA:2,0
DA:12,0
DA:19,0
DA:20,0
DA:22,0
DA:24,0
DA:26,0
DA:28,0
DA:30,0
DA:32,0
DA:36,0
DA:37,0
DA:39,0
DA:41,0
DA:43,0
DA:45,0
DA:47,0
DA:49,0
DA:51,0
DA:55,0
DA:56,0
DA:57,0
DA:58,0
DA:67,0
DA:71,0
DA:90,0
DA:170,0
DA:179,0
DA:188,0
LF:29
LH:0
BRDA:20,0,0,0
BRDA:20,0,1,0
BRDA:20,0,2,0
BRDA:20,0,3,0
BRDA:20,0,4,0
BRDA:20,0,5,0
BRDA:37,1,0,0
BRDA:37,1,1,0
BRDA:37,1,2,0
BRDA:37,1,3,0
BRDA:37,1,4,0
BRDA:37,1,5,0
BRDA:37,1,6,0
BRDA:56,2,0,0
BRDA:57,3,0,0
BRDA:57,3,1,0
BRDA:67,4,0,0
BRDA:67,4,1,0
BRDA:80,5,0,0
BRDA:80,5,1,0
BRDA:84,6,0,0
BRDA:84,6,1,0
BRDA:87,7,0,0
BRDA:87,7,1,0
BRDA:98,8,0,0
BRDA:98,8,1,0
BRDA:98,9,0,0
BRDA:98,9,1,0
BRDA:113,10,0,0
BRDA:113,10,1,0
BRDA:134,11,0,0
BRDA:134,11,1,0
BRDA:160,12,0,0
BRDA:160,12,1,0
BRDA:167,13,0,0
BRDA:167,13,1,0
BRDA:167,13,2,0
BRDA:176,14,0,0
BRDA:176,14,1,0
BRDA:176,14,2,0
BRDA:176,14,3,0
BRDA:185,15,0,0
BRDA:185,15,1,0
BRDA:185,15,2,0
BRF:44
BRH:0
end_of_record
TN:
SF:src\components\Import\ImportReportModal.tsx
FN:10,ImportReportModal
FN:15,(anonymous_1)
FN:32,(anonymous_2)
FN:51,(anonymous_3)
FN:52,(anonymous_4)
FN:115,(anonymous_5)
FN:136,(anonymous_6)
FN:164,(anonymous_7)
FNF:8
FNH:0
FNDA:0,ImportReportModal
FNDA:0,(anonymous_1)
FNDA:0,(anonymous_2)
FNDA:0,(anonymous_3)
FNDA:0,(anonymous_4)
FNDA:0,(anonymous_5)
FNDA:0,(anonymous_6)
FNDA:0,(anonymous_7)
DA:2,0
DA:10,0
DA:11,0
DA:12,0
DA:15,0
DA:16,0
DA:20,0
DA:22,0
DA:24,0
DA:26,0
DA:28,0
DA:32,0
DA:33,0
DA:35,0
DA:37,0
DA:39,0
DA:41,0
DA:43,0
DA:45,0
DA:47,0
DA:51,0
DA:52,0
DA:54,0
DA:116,0
DA:137,0
DA:165,0
LF:26
LH:0
BRDA:11,0,0,0
BRDA:11,1,0,0
BRDA:11,1,1,0
BRDA:16,2,0,0
BRDA:16,2,1,0
BRDA:16,2,2,0
BRDA:16,2,3,0
BRDA:16,2,4,0
BRDA:16,2,5,0
BRDA:16,2,6,0
BRDA:33,3,0,0
BRDA:33,3,1,0
BRDA:33,3,2,0
BRDA:33,3,3,0
BRDA:33,3,4,0
BRDA:33,3,5,0
BRDA:33,3,6,0
BRDA:83,4,0,0
BRDA:83,4,1,0
BRDA:109,5,0,0
BRDA:109,5,1,0
BRDA:118,6,0,0
BRDA:118,6,1,0
BRDA:130,7,0,0
BRDA:130,7,1,0
BRDA:139,8,0,0
BRDA:139,8,1,0
BRDA:149,9,0,0
BRDA:149,9,1,0
BRDA:171,10,0,0
BRDA:171,10,1,0
BRDA:177,11,0,0
BRDA:177,11,1,0
BRF:33
BRH:0
end_of_record
TN:
SF:src\components\Layout\AdminRoute.tsx
FN:9,AdminRoute
FNF:1
FNH:0
FNDA:0,AdminRoute
DA:1,0
DA:2,0
DA:3,0
DA:9,0
DA:10,0
DA:11,0
DA:13,0
DA:14,0
DA:21,0
DA:22,0
DA:25,0
DA:26,0
DA:41,0
LF:13
LH:0
BRDA:13,0,0,0
BRDA:13,1,0,0
BRDA:13,1,1,0
BRDA:21,2,0,0
BRDA:25,3,0,0
BRF:5
BRH:0
end_of_record
TN:
SF:src\components\Layout\Navbar.tsx
FN:13,Navbar
FN:21,(anonymous_1)
FN:30,(anonymous_2)
FN:130,(anonymous_3)
FN:130,(anonymous_4)
FNF:5
FNH:0
FNDA:0,Navbar
FNDA:0,(anonymous_1)
FNDA:0,(anonymous_2)
FNDA:0,(anonymous_3)
FNDA:0,(anonymous_4)
DA:1,0
DA:2,0
DA:3,0
DA:4,0
DA:5,0
DA:6,0
DA:7,0
DA:8,0
DA:11,0
DA:13,0
DA:14,0
DA:15,0
DA:16,0
DA:17,0
DA:18,0
DA:19,0
DA:21,0
DA:22,0
DA:23,0
DA:24,0
DA:26,0
DA:30,0
DA:32,0
DA:33,0
DA:36,0
DA:130,0
LF:26
LH:0
BRDA:32,0,0,0
BRDA:68,1,0,0
BRDA:68,1,1,0
BRDA:81,2,0,0
BRDA:81,2,1,0
BRDA:83,3,0,0
BRDA:83,3,1,0
BRDA:96,4,0,0
BRDA:96,4,1,0
BRDA:116,5,0,0
BRDA:116,5,1,0
BRDA:118,6,0,0
BRDA:118,6,1,0
BRDA:133,7,0,0
BRDA:133,7,1,0
BRDA:135,8,0,0
BRDA:135,8,1,0
BRDA:150,9,0,0
BRDA:150,9,1,0
BRDA:181,10,0,0
BRDA:181,10,1,0
BRDA:198,11,0,0
BRDA:198,11,1,0
BRF:23
BRH:0
end_of_record
TN:
SF:src\components\Layout\ProtectedRoute.tsx
FN:8,ProtectedRoute
FNF:1
FNH:0
FNDA:0,ProtectedRoute
DA:1,0
DA:2,0
DA:8,0
DA:9,0
DA:11,0
DA:12,0
DA:19,0
DA:20,0
DA:23,0
LF:9
LH:0
BRDA:11,0,0,0
BRDA:19,1,0,0
BRF:2
BRH:0
end_of_record
TN:
SF:src\components\Legal\GDPRConsent.tsx
FN:13,GDPRConsent
FN:19,(anonymous_1)
FN:23,checkConsent
FN:51,handleAccept
FN:74,handleReject
FN:90,(anonymous_5)
FN:140,(anonymous_6)
FNF:7
FNH:0
FNDA:0,GDPRConsent
FNDA:0,(anonymous_1)
FNDA:0,checkConsent
FNDA:0,handleAccept
FNDA:0,handleReject
FNDA:0,(anonymous_5)
FNDA:0,(anonymous_6)
DA:2,0
DA:3,0
DA:4,0
DA:5,0
DA:6,0
DA:13,0
DA:14,0
DA:15,0
DA:16,0
DA:17,0
DA:19,0
DA:20,0
DA:24,0
DA:25,0
DA:26,0
DA:29,0
DA:33,0
DA:38,0
DA:40,0
DA:43,0
DA:45,0
DA:47,0
DA:52,0
DA:54,0
DA:55,0
DA:56,0
DA:64,0
DA:65,0
DA:67,0
DA:68,0
DA:70,0
DA:77,0
DA:78,0
DA:83,0
DA:84,0
DA:87,0
DA:141,0
DA:142,0
DA:144,0
LF:39
LH:0
BRDA:24,0,0,0
BRDA:38,1,0,0
BRDA:52,2,0,0
BRDA:83,3,0,0
BRDA:83,4,0,0
BRDA:83,4,1,0
BRDA:160,5,0,0
BRDA:160,5,1,0
BRF:8
BRH:0
end_of_record
TN:
SF:src\components\UI\AvatarDisplay.tsx
FN:16,AvatarDisplay
FNF:1
FNH:0
FNDA:0,AvatarDisplay
DA:1,0
DA:9,0
DA:16,0
DA:17,0
DA:18,0
DA:20,0
LF:6
LH:0
BRDA:16,0,0,0
BRDA:16,1,0,0
BRDA:17,2,0,0
BRDA:17,2,1,0
BRDA:18,3,0,0
BRDA:18,3,1,0
BRF:6
BRH:0
end_of_record
TN:
SF:src\components\UI\Button.tsx
FN:7,Button
FNF:1
FNH:0
FNDA:0,Button
DA:7,0
DA:16,0
DA:18,0
DA:24,0
LF:4
LH:0
BRDA:9,0,0,0
BRDA:10,1,0,0
BRDA:11,2,0,0
BRDA:27,3,0,0
BRDA:27,3,1,0
BRDA:30,4,0,0
BRDA:30,4,1,0
BRF:7
BRH:0
end_of_record
TN:
SF:src\components\UI\CardMenuModal.tsx
FN:23,CardMenuModal
FN:36,(anonymous_1)
FN:40,(anonymous_2)
FN:51,(anonymous_3)
FN:55,(anonymous_4)
FN:74,(anonymous_5)
FN:81,(anonymous_6)
FN:89,(anonymous_7)
FN:94,(anonymous_8)
FN:117,(anonymous_9)
FN:133,(anonymous_10)
FN:162,(anonymous_11)
FN:180,(anonymous_12)
FN:181,(anonymous_13)
FNF:14
FNH:0
FNDA:0,CardMenuModal
FNDA:0,(anonymous_1)
FNDA:0,(anonymous_2)
FNDA:0,(anonymous_3)
FNDA:0,(anonymous_4)
FNDA:0,(anonymous_5)
FNDA:0,(anonymous_6)
FNDA:0,(anonymous_7)
FNDA:0,(anonymous_8)
FNDA:0,(anonymous_9)
FNDA:0,(anonymous_10)
FNDA:0,(anonymous_11)
FNDA:0,(anonymous_12)
FNDA:0,(anonymous_13)
DA:1,0
DA:2,0
DA:3,0
DA:4,0
DA:5,0
DA:23,0
DA:31,0
DA:32,0
DA:33,0
DA:36,0
DA:38,0
DA:39,0
DA:40,0
DA:42,0
DA:43,0
DA:47,0
DA:51,0
DA:52,0
DA:53,0
DA:55,0
DA:56,0
DA:57,0
DA:59,0
DA:60,0
DA:67,0
DA:68,0
DA:69,0
DA:70,0
DA:73,0
DA:75,0
DA:81,0
DA:82,0
DA:83,0
DA:84,0
DA:85,0
DA:89,0
DA:90,0
DA:91,0
DA:94,0
DA:95,0
DA:98,0
DA:118,0
DA:134,0
DA:135,0
DA:162,0
DA:181,0
DA:182,0
LF:47
LH:0
BRDA:32,0,0,0
BRDA:32,0,1,0
BRDA:38,1,0,0
BRDA:38,2,0,0
BRDA:38,2,1,0
BRDA:40,3,0,0
BRDA:40,3,1,0
BRDA:42,4,0,0
BRDA:56,5,0,0
BRDA:56,5,1,0
BRDA:59,6,0,0
BRDA:83,7,0,0
BRDA:83,8,0,0
BRDA:83,8,1,0
BRDA:83,8,2,0
BRDA:107,9,0,0
BRDA:107,9,1,0
BRDA:131,10,0,0
BRDA:131,10,1,0
BRDA:131,10,2,0
BRDA:152,11,0,0
BRDA:152,11,1,0
BRDA:170,12,0,0
BRDA:170,12,1,0
BRDA:176,13,0,0
BRDA:176,13,1,0
BRDA:176,13,2,0
BRDA:192,14,0,0
BRDA:192,14,1,0
BRDA:192,14,2,0
BRF:30
BRH:0
end_of_record
TN:
SF:src\components\UI\CollectionSelector.tsx
FN:13,CollectionSelector
FN:23,(anonymous_1)
FN:24,handleClickOutside
FN:34,(anonymous_3)
FN:40,(anonymous_4)
FN:43,(anonymous_5)
FN:50,(anonymous_6)
FN:62,(anonymous_7)
FN:91,(anonymous_8)
FN:104,(anonymous_9)
FN:118,(anonymous_10)
FN:140,(anonymous_11)
FN:146,(anonymous_12)
FN:147,(anonymous_13)
FN:151,(anonymous_14)
FNF:15
FNH:0
FNDA:0,CollectionSelector
FNDA:0,(anonymous_1)
FNDA:0,handleClickOutside
FNDA:0,(anonymous_3)
FNDA:0,(anonymous_4)
FNDA:0,(anonymous_5)
FNDA:0,(anonymous_6)
FNDA:0,(anonymous_7)
FNDA:0,(anonymous_8)
FNDA:0,(anonymous_9)
FNDA:0,(anonymous_10)
FNDA:0,(anonymous_11)
FNDA:0,(anonymous_12)
FNDA:0,(anonymous_13)
FNDA:0,(anonymous_14)
DA:1,0
DA:2,0
DA:13,0
DA:20,0
DA:21,0
DA:23,0
DA:25,0
DA:26,0
DA:30,0
DA:31,0
DA:34,0
DA:35,0
DA:39,0
DA:40,0
DA:42,0
DA:43,0
DA:50,0
DA:51,0
DA:52,0
DA:55,0
DA:62,0
DA:91,0
DA:104,0
DA:118,0
DA:140,0
DA:146,0
DA:148,0
DA:151,0
LF:28
LH:0
BRDA:25,0,0,0
BRDA:25,1,0,0
BRDA:25,1,1,0
BRDA:30,2,0,0
BRDA:40,3,0,0
BRDA:40,3,1,0
BRDA:42,4,0,0
BRDA:42,4,1,0
BRDA:44,5,0,0
BRDA:44,5,1,0
BRDA:45,6,0,0
BRDA:45,6,1,0
BRDA:46,7,0,0
BRDA:46,7,1,0
BRDA:66,8,0,0
BRDA:66,8,1,0
BRDA:70,9,0,0
BRDA:70,9,1,0
BRDA:72,10,0,0
BRDA:72,10,1,0
BRDA:72,10,2,0
BRDA:73,11,0,0
BRDA:73,11,1,0
BRDA:73,11,2,0
BRDA:77,12,0,0
BRDA:77,12,1,0
BRDA:86,13,0,0
BRDA:86,13,1,0
BRDA:93,14,0,0
BRDA:93,14,1,0
BRDA:110,15,0,0
BRDA:110,15,1,0
BRDA:115,16,0,0
BRDA:115,16,1,0
BRDA:120,17,0,0
BRDA:120,17,1,0
BRDA:120,18,0,0
BRDA:120,18,1,0
BRDA:123,19,0,0
BRDA:123,19,1,0
BRDA:128,20,0,0
BRDA:128,20,1,0
BRDA:128,20,2,0
BRDA:130,21,0,0
BRDA:130,21,1,0
BRDA:130,21,2,0
BRDA:140,22,0,0
BRDA:140,22,1,0
BRDA:140,22,2,0
BRDA:154,23,0,0
BRDA:154,23,1,0
BRDA:159,24,0,0
BRDA:159,24,1,0
BRF:53
BRH:0
end_of_record
TN:
SF:src\components\UI\ConfirmDialog.tsx
FN:15,ConfirmDialog
FN:35,(anonymous_1)
FNF:2
FNH:0
FNDA:0,ConfirmDialog
FNDA:0,(anonymous_1)
DA:1,0
DA:2,0
DA:15,0
DA:25,0
DA:36,0
DA:37,0
LF:6
LH:0
BRDA:19,0,0,0
BRDA:20,1,0,0
BRDA:21,2,0,0
BRDA:34,3,0,0
BRDA:34,3,1,0
BRF:5
BRH:0
end_of_record
TN:
SF:src\components\UI\Input.tsx
FN:7,Input
FNF:1
FNH:0
FNDA:0,Input
DA:7,0
DA:8,0
LF:2
LH:0
BRDA:7,0,0,0
BRDA:10,1,0,0
BRDA:10,1,1,0
BRDA:17,2,0,0
BRDA:17,2,1,0
BRDA:21,3,0,0
BRDA:21,3,1,0
BRF:7
BRH:0
end_of_record
TN:
SF:src\components\UI\LazyImage.tsx
FN:32,LazyImage
FN:50,(anonymous_1)
FN:62,(anonymous_2)
FN:63,(anonymous_3)
FN:81,(anonymous_4)
FN:88,(anonymous_5)
FN:92,(anonymous_6)
FN:137,(anonymous_7)
FNF:8
FNH:0
FNDA:0,LazyImage
FNDA:0,(anonymous_1)
FNDA:0,(anonymous_2)
FNDA:0,(anonymous_3)
FNDA:0,(anonymous_4)
FNDA:0,(anonymous_5)
FNDA:0,(anonymous_6)
FNDA:0,(anonymous_7)
DA:1,0
DA:32,0
DA:43,0
DA:44,0
DA:45,0
DA:46,0
DA:47,0
DA:48,0
DA:50,0
DA:52,0
DA:53,0
DA:54,0
DA:58,0
DA:59,0
DA:61,0
DA:63,0
DA:64,0
DA:65,0
DA:67,0
DA:68,0
DA:79,0
DA:81,0
DA:82,0
DA:83,0
DA:88,0
DA:89,0
DA:92,0
DA:93,0
DA:94,0
DA:95,0
DA:100,0
DA:101,0
DA:111,0
DA:137,0
LF:34
LH:0
BRDA:36,0,0,0
BRDA:37,1,0,0
BRDA:38,2,0,0
BRDA:39,3,0,0
BRDA:52,4,0,0
BRDA:59,5,0,0
BRDA:64,6,0,0
BRDA:67,7,0,0
BRDA:67,8,0,0
BRDA:67,8,1,0
BRDA:82,9,0,0
BRDA:82,10,0,0
BRDA:82,10,1,0
BRDA:94,11,0,0
BRDA:100,12,0,0
BRDA:106,13,0,0
BRDA:106,13,1,0
BRDA:106,13,2,0
BRDA:114,14,0,0
BRDA:114,14,1,0
BRDA:114,14,2,0
BRDA:114,14,3,0
BRDA:116,15,0,0
BRDA:116,15,1,0
BRDA:125,16,0,0
BRDA:125,16,1,0
BRDA:132,17,0,0
BRDA:132,17,1,0
BRDA:134,18,0,0
BRDA:134,18,1,0
BRDA:142,19,0,0
BRDA:142,19,1,0
BRDA:142,19,2,0
BRDA:144,20,0,0
BRDA:144,20,1,0
BRF:35
BRH:0
end_of_record
TN:
SF:src\components\UI\ManaCostDisplay.tsx
FN:6,parseManaCost
FN:36,ManaCostDisplay
FN:41,(anonymous_2)
FNF:3
FNH:0
FNDA:0,parseManaCost
FNDA:0,ManaCostDisplay
FNDA:0,(anonymous_2)
DA:1,0
DA:7,0
DA:10,0
DA:11,0
DA:12,0
DA:14,0
DA:15,0
DA:17,0
DA:18,0
DA:21,0
DA:25,0
DA:36,0
DA:37,0
DA:39,0
DA:42,0
DA:43,0
DA:57,0
DA:65,0
DA:66,0
DA:67,0
DA:70,0
LF:21
LH:0
BRDA:7,0,0,0
BRDA:17,1,0,0
BRDA:17,1,1,0
BRDA:36,2,0,0
BRDA:42,3,0,0
BRDA:42,3,1,0
BRDA:66,4,0,0
BRF:7
BRH:0
end_of_record
TN:
SF:src\components\UI\Modal.tsx
FN:10,Modal
FN:26,(anonymous_1)
FNF:2
FNH:0
FNDA:0,Modal
FNDA:0,(anonymous_1)
DA:10,0
DA:11,0
DA:13,0
DA:19,0
DA:26,0
LF:5
LH:0
BRDA:10,0,0,0
BRDA:11,1,0,0
BRF:2
BRH:0
end_of_record
TN:
SF:src\components\UI\ProgressBar.tsx
FN:8,ProgressBar
FNF:1
FNH:0
FNDA:0,ProgressBar
DA:8,0
DA:9,0
DA:11,0
LF:3
LH:0
BRDA:8,0,0,0
BRDA:9,1,0,0
BRDA:9,1,1,0
BRDA:13,2,0,0
BRDA:13,2,1,0
BRDA:18,3,0,0
BRDA:18,3,1,0
BRF:7
BRH:0
end_of_record
TN:
SF:src\components\UI\SearchInput.tsx
FN:12,SearchInput
FN:31,(anonymous_1)
FN:49,(anonymous_2)
FN:60,(anonymous_3)
FN:71,(anonymous_4)
FN:82,(anonymous_5)
FN:98,(anonymous_6)
FN:99,(anonymous_7)
FN:111,(anonymous_8)
FN:116,(anonymous_9)
FN:122,(anonymous_10)
FN:141,(anonymous_11)
FN:146,(anonymous_12)
FN:150,(anonymous_13)
FN:192,(anonymous_14)
FN:205,(anonymous_15)
FN:209,(anonymous_16)
FNF:17
FNH:0
FNDA:0,SearchInput
FNDA:0,(anonymous_1)
FNDA:0,(anonymous_2)
FNDA:0,(anonymous_3)
FNDA:0,(anonymous_4)
FNDA:0,(anonymous_5)
FNDA:0,(anonymous_6)
FNDA:0,(anonymous_7)
FNDA:0,(anonymous_8)
FNDA:0,(anonymous_9)
FNDA:0,(anonymous_10)
FNDA:0,(anonymous_11)
FNDA:0,(anonymous_12)
FNDA:0,(anonymous_13)
FNDA:0,(anonymous_14)
FNDA:0,(anonymous_15)
FNDA:0,(anonymous_16)
DA:1,0
DA:2,0
DA:12,0
DA:23,0
DA:24,0
DA:25,0
DA:26,0
DA:27,0
DA:29,0
DA:31,0
DA:32,0
DA:33,0
DA:34,0
DA:35,0
DA:38,0
DA:41,0
DA:42,0
DA:43,0
DA:46,0
DA:49,0
DA:50,0
DA:51,0
DA:60,0
DA:61,0
DA:62,0
DA:71,0
DA:72,0
DA:73,0
DA:82,0
DA:83,0
DA:84,0
DA:85,0
DA:86,0
DA:87,0
DA:91,0
DA:93,0
DA:94,0
DA:95,0
DA:98,0
DA:99,0
DA:100,0
DA:106,0
DA:110,0
DA:111,0
DA:112,0
DA:116,0
DA:117,0
DA:118,0
DA:122,0
DA:124,0
DA:125,0
DA:127,0
DA:128,0
DA:129,0
DA:131,0
DA:134,0
DA:137,0
DA:138,0
DA:141,0
DA:142,0
DA:143,0
DA:145,0
DA:146,0
DA:147,0
DA:149,0
DA:150,0
DA:151,0
DA:153,0
DA:154,0
DA:155,0
DA:156,0
DA:159,0
DA:161,0
DA:162,0
DA:163,0
DA:164,0
DA:166,0
DA:171,0
DA:172,0
DA:176,0
DA:193,0
DA:194,0
DA:206,0
DA:209,0
LF:84
LH:0
BRDA:15,0,0,0
BRDA:19,1,0,0
BRDA:29,2,0,0
BRDA:29,2,1,0
BRDA:32,3,0,0
BRDA:32,4,0,0
BRDA:32,4,1,0
BRDA:50,5,0,0
BRDA:50,5,1,0
BRDA:52,6,0,0
BRDA:52,6,1,0
BRDA:52,7,0,0
BRDA:52,7,1,0
BRDA:61,8,0,0
BRDA:61,8,1,0
BRDA:63,9,0,0
BRDA:63,9,1,0
BRDA:63,10,0,0
BRDA:63,10,1,0
BRDA:72,11,0,0
BRDA:72,11,1,0
BRDA:74,12,0,0
BRDA:74,12,1,0
BRDA:74,13,0,0
BRDA:74,13,1,0
BRDA:83,14,0,0
BRDA:83,14,1,0
BRDA:84,15,0,0
BRDA:84,15,1,0
BRDA:85,16,0,0
BRDA:85,17,0,0
BRDA:85,17,1,0
BRDA:86,18,0,0
BRDA:86,19,0,0
BRDA:86,19,1,0
BRDA:100,20,0,0
BRDA:101,21,0,0
BRDA:101,21,1,0
BRDA:101,21,2,0
BRDA:101,21,3,0
BRDA:117,22,0,0
BRDA:125,23,0,0
BRDA:125,23,1,0
BRDA:127,24,0,0
BRDA:127,24,1,0
BRDA:129,25,0,0
BRDA:129,26,0,0
BRDA:129,26,1,0
BRDA:142,27,0,0
BRDA:142,28,0,0
BRDA:142,28,1,0
BRDA:143,29,0,0
BRDA:143,29,1,0
BRDA:143,29,2,0
BRDA:143,29,3,0
BRDA:143,29,4,0
BRDA:146,30,0,0
BRDA:146,30,1,0
BRDA:150,31,0,0
BRDA:150,31,1,0
BRDA:154,32,0,0
BRDA:154,33,0,0
BRDA:154,33,1,0
BRDA:171,34,0,0
BRDA:178,35,0,0
BRDA:178,35,1,0
BRDA:187,36,0,0
BRDA:187,36,1,0
BRDA:193,37,0,0
BRDA:200,38,0,0
BRDA:200,38,1,0
BRDA:200,38,2,0
BRDA:211,39,0,0
BRDA:211,39,1,0
BRDA:213,40,0,0
BRDA:213,40,1,0
BRDA:215,41,0,0
BRDA:215,41,1,0
BRDA:223,42,0,0
BRDA:223,42,1,0
BRDA:228,43,0,0
BRDA:228,43,1,0
BRDA:233,44,0,0
BRDA:233,44,1,0
BRDA:238,45,0,0
BRDA:238,45,1,0
BRDA:238,45,2,0
BRDA:240,46,0,0
BRDA:240,46,1,0
BRDA:250,47,0,0
BRDA:250,47,1,0
BRF:91
BRH:0
end_of_record
TN:
SF:src\components\UI\Spinner.tsx
FN:12,Spinner
FNF:1
FNH:0
FNDA:0,Spinner
DA:6,0
DA:12,0
DA:13,0
LF:3
LH:0
BRDA:12,0,0,0
BRDA:12,1,0,0
BRF:2
BRH:0
end_of_record
TN:
SF:src\components\UI\Toast.tsx
FN:17,ToastItem
FN:18,(anonymous_1)
FN:20,(anonymous_2)
FN:24,(anonymous_3)
FN:76,(anonymous_4)
FNF:5
FNH:0
FNDA:0,ToastItem
FNDA:0,(anonymous_1)
FNDA:0,(anonymous_2)
FNDA:0,(anonymous_3)
FNDA:0,(anonymous_4)
DA:1,0
DA:17,0
DA:18,0
DA:19,0
DA:20,0
DA:21,0
DA:24,0
DA:27,0
DA:34,0
DA:57,0
DA:76,0
LF:11
LH:0
BRDA:19,0,0,0
BRDA:19,0,1,0
BRDA:19,1,0,0
BRDA:19,1,1,0
BRF:4
BRH:0
end_of_record
TN:
SF:src\components\Wishlist\WishlistCardMenuModal.tsx
FN:16,WishlistCardMenuModal
FN:28,(anonymous_1)
FN:40,(anonymous_2)
FN:44,(anonymous_3)
FN:77,(anonymous_4)
FN:91,(anonymous_5)
FN:110,(anonymous_6)
FN:142,(anonymous_7)
FNF:8
FNH:0
FNDA:0,WishlistCardMenuModal
FNDA:0,(anonymous_1)
FNDA:0,(anonymous_2)
FNDA:0,(anonymous_3)
FNDA:0,(anonymous_4)
FNDA:0,(anonymous_5)
FNDA:0,(anonymous_6)
FNDA:0,(anonymous_7)
DA:1,0
DA:2,0
DA:3,0
DA:4,0
DA:5,0
DA:16,0
DA:23,0
DA:24,0
DA:25,0
DA:26,0
DA:28,0
DA:29,0
DA:30,0
DA:31,0
DA:36,0
DA:40,0
DA:41,0
DA:44,0
DA:45,0
DA:46,0
DA:49,0
DA:77,0
DA:91,0
DA:110,0
DA:142,0
LF:25
LH:0
BRDA:24,0,0,0
BRDA:24,0,1,0
BRDA:25,1,0,0
BRDA:25,1,1,0
BRDA:30,2,0,0
BRDA:30,3,0,0
BRDA:30,3,1,0
BRDA:30,3,2,0
BRDA:33,4,0,0
BRDA:33,4,1,0
BRDA:34,5,0,0
BRDA:34,5,1,0
BRDA:60,6,0,0
BRDA:60,6,1,0
BRDA:62,7,0,0
BRDA:62,7,1,0
BRDA:62,8,0,0
BRDA:62,8,1,0
BRDA:68,9,0,0
BRDA:68,9,1,0
BRDA:84,10,0,0
BRDA:84,10,1,0
BRDA:100,11,0,0
BRDA:100,11,1,0
BRDA:121,12,0,0
BRDA:121,12,1,0
BRDA:126,13,0,0
BRDA:126,13,1,0
BRF:28
BRH:0
end_of_record
TN:
SF:src\components\Wishlist\WishlistSearchInput.tsx
FN:33,WishlistSearchInput
FN:57,(anonymous_1)
FN:82,(anonymous_2)
FN:84,(anonymous_3)
FN:85,(anonymous_4)
FN:86,(anonymous_5)
FN:129,(anonymous_6)
FN:167,(anonymous_7)
FN:190,(anonymous_8)
FN:196,(anonymous_9)
FN:207,(anonymous_10)
FN:211,(anonymous_11)
FN:212,(anonymous_12)
FN:220,(anonymous_13)
FN:224,(anonymous_14)
FN:230,(anonymous_15)
FN:231,(anonymous_16)
FN:233,(anonymous_17)
FN:249,(anonymous_18)
FN:250,(anonymous_19)
FN:252,(anonymous_20)
FN:265,(anonymous_21)
FN:266,(anonymous_22)
FN:271,(anonymous_23)
FN:281,(anonymous_24)
FN:288,(anonymous_25)
FN:290,(anonymous_26)
FN:296,(anonymous_27)
FN:319,(anonymous_28)
FN:325,(anonymous_29)
FN:331,(anonymous_30)
FN:344,(anonymous_31)
FN:363,(anonymous_32)
FN:367,(anonymous_33)
FN:376,(anonymous_34)
FN:384,(anonymous_35)
FN:405,(anonymous_36)
FN:437,(anonymous_37)
FN:439,(anonymous_38)
FN:457,(anonymous_39)
FN:487,(anonymous_40)
FN:490,(anonymous_41)
FN:531,(anonymous_42)
FN:538,(anonymous_43)
FN:553,(anonymous_44)
FN:572,(anonymous_45)
FN:638,(anonymous_46)
FN:645,(anonymous_47)
FN:660,(anonymous_48)
FN:679,(anonymous_49)
FNF:50
FNH:0
FNDA:0,WishlistSearchInput
FNDA:0,(anonymous_1)
FNDA:0,(anonymous_2)
FNDA:0,(anonymous_3)
FNDA:0,(anonymous_4)
FNDA:0,(anonymous_5)
FNDA:0,(anonymous_6)
FNDA:0,(anonymous_7)
FNDA:0,(anonymous_8)
FNDA:0,(anonymous_9)
FNDA:0,(anonymous_10)
FNDA:0,(anonymous_11)
FNDA:0,(anonymous_12)
FNDA:0,(anonymous_13)
FNDA:0,(anonymous_14)
FNDA:0,(anonymous_15)
FNDA:0,(anonymous_16)
FNDA:0,(anonymous_17)
FNDA:0,(anonymous_18)
FNDA:0,(anonymous_19)
FNDA:0,(anonymous_20)
FNDA:0,(anonymous_21)
FNDA:0,(anonymous_22)
FNDA:0,(anonymous_23)
FNDA:0,(anonymous_24)
FNDA:0,(anonymous_25)
FNDA:0,(anonymous_26)
FNDA:0,(anonymous_27)
FNDA:0,(anonymous_28)
FNDA:0,(anonymous_29)
FNDA:0,(anonymous_30)
FNDA:0,(anonymous_31)
FNDA:0,(anonymous_32)
FNDA:0,(anonymous_33)
FNDA:0,(anonymous_34)
FNDA:0,(anonymous_35)
FNDA:0,(anonymous_36)
FNDA:0,(anonymous_37)
FNDA:0,(anonymous_38)
FNDA:0,(anonymous_39)
FNDA:0,(anonymous_40)
FNDA:0,(anonymous_41)
FNDA:0,(anonymous_42)
FNDA:0,(anonymous_43)
FNDA:0,(anonymous_44)
FNDA:0,(anonymous_45)
FNDA:0,(anonymous_46)
FNDA:0,(anonymous_47)
FNDA:0,(anonymous_48)
FNDA:0,(anonymous_49)
DA:1,0
DA:2,0
DA:3,0
DA:4,0
DA:5,0
DA:6,0
DA:7,0
DA:33,0
DA:40,0
DA:41,0
DA:42,0
DA:43,0
DA:44,0
DA:45,0
DA:46,0
DA:47,0
DA:48,0
DA:49,0
DA:50,0
DA:51,0
DA:52,0
DA:53,0
DA:54,0
DA:57,0
DA:58,0
DA:59,0
DA:62,0
DA:63,0
DA:64,0
DA:67,0
DA:69,0
DA:70,0
DA:71,0
DA:72,0
DA:73,0
DA:76,0
DA:77,0
DA:78,0
DA:80,0
DA:81,0
DA:82,0
DA:84,0
DA:85,0
DA:86,0
DA:91,0
DA:98,0
DA:104,0
DA:111,0
DA:125,0
DA:126,0
DA:127,0
DA:128,0
DA:129,0
DA:130,0
DA:135,0
DA:142,0
DA:144,0
DA:145,0
DA:148,0
DA:151,0
DA:157,0
DA:158,0
DA:164,0
DA:167,0
DA:168,0
DA:169,0
DA:172,0
DA:173,0
DA:174,0
DA:176,0
DA:179,0
DA:180,0
DA:182,0
DA:183,0
DA:185,0
DA:190,0
DA:191,0
DA:192,0
DA:193,0
DA:196,0
DA:197,0
DA:199,0
DA:200,0
DA:202,0
DA:203,0
DA:207,0
DA:211,0
DA:212,0
DA:213,0
DA:214,0
DA:215,0
DA:219,0
DA:220,0
DA:224,0
DA:225,0
DA:228,0
DA:229,0
DA:231,0
DA:232,0
DA:233,0
DA:242,0
DA:243,0
DA:247,0
DA:248,0
DA:250,0
DA:251,0
DA:252,0
DA:261,0
DA:262,0
DA:265,0
DA:266,0
DA:271,0
DA:272,0
DA:273,0
DA:281,0
DA:282,0
DA:283,0
DA:284,0
DA:288,0
DA:289,0
DA:292,0
DA:295,0
DA:296,0
DA:299,0
DA:300,0
DA:308,0
DA:312,0
DA:315,0
DA:319,0
DA:320,0
DA:321,0
DA:324,0
DA:325,0
DA:326,0
DA:327,0
DA:331,0
DA:334,0
DA:335,0
DA:338,0
DA:339,0
DA:340,0
DA:344,0
DA:345,0
DA:346,0
DA:347,0
DA:349,0
DA:350,0
DA:351,0
DA:352,0
DA:356,0
DA:357,0
DA:360,0
DA:361,0
DA:362,0
DA:363,0
DA:365,0
DA:366,0
DA:367,0
DA:368,0
DA:369,0
DA:370,0
DA:371,0
DA:372,0
DA:376,0
DA:377,0
DA:378,0
DA:379,0
DA:380,0
DA:384,0
DA:385,0
DA:386,0
DA:387,0
DA:388,0
DA:389,0
DA:390,0
DA:393,0
DA:406,0
DA:407,0
DA:409,0
DA:410,0
DA:437,0
DA:440,0
DA:441,0
DA:458,0
DA:459,0
DA:460,0
DA:461,0
DA:462,0
DA:488,0
DA:490,0
DA:533,0
DA:534,0
DA:536,0
DA:537,0
DA:538,0
DA:540,0
DA:541,0
DA:542,0
DA:544,0
DA:545,0
DA:550,0
DA:553,0
DA:572,0
DA:640,0
DA:641,0
DA:643,0
DA:644,0
DA:645,0
DA:647,0
DA:648,0
DA:649,0
DA:651,0
DA:652,0
DA:657,0
DA:660,0
DA:679,0
LF:216
LH:0
BRDA:37,0,0,0
BRDA:38,1,0,0
BRDA:58,2,0,0
BRDA:58,3,0,0
BRDA:58,3,1,0
BRDA:70,4,0,0
BRDA:70,4,1,0
BRDA:71,5,0,0
BRDA:71,5,1,0
BRDA:72,6,0,0
BRDA:72,6,1,0
BRDA:73,7,0,0
BRDA:73,7,1,0
BRDA:80,8,0,0
BRDA:82,9,0,0
BRDA:82,9,1,0
BRDA:84,10,0,0
BRDA:84,10,1,0
BRDA:84,11,0,0
BRDA:84,11,1,0
BRDA:85,12,0,0
BRDA:85,12,1,0
BRDA:85,13,0,0
BRDA:85,13,1,0
BRDA:86,14,0,0
BRDA:86,14,1,0
BRDA:86,15,0,0
BRDA:86,15,1,0
BRDA:91,16,0,0
BRDA:91,16,1,0
BRDA:91,16,2,0
BRDA:91,16,3,0
BRDA:98,17,0,0
BRDA:98,17,1,0
BRDA:98,17,2,0
BRDA:98,17,3,0
BRDA:104,18,0,0
BRDA:104,18,1,0
BRDA:104,18,2,0
BRDA:104,18,3,0
BRDA:104,18,4,0
BRDA:126,19,0,0
BRDA:128,20,0,0
BRDA:130,21,0,0
BRDA:130,21,1,0
BRDA:130,21,2,0
BRDA:130,21,3,0
BRDA:135,22,0,0
BRDA:142,23,0,0
BRDA:142,24,0,0
BRDA:142,24,1,0
BRDA:142,24,2,0
BRDA:144,25,0,0
BRDA:148,26,0,0
BRDA:153,27,0,0
BRDA:153,27,1,0
BRDA:154,28,0,0
BRDA:154,28,1,0
BRDA:154,28,2,0
BRDA:168,29,0,0
BRDA:168,30,0,0
BRDA:168,30,1,0
BRDA:191,31,0,0
BRDA:191,32,0,0
BRDA:191,32,1,0
BRDA:191,32,2,0
BRDA:213,33,0,0
BRDA:213,34,0,0
BRDA:213,34,1,0
BRDA:228,35,0,0
BRDA:228,36,0,0
BRDA:228,36,1,0
BRDA:232,37,0,0
BRDA:247,38,0,0
BRDA:247,39,0,0
BRDA:247,39,1,0
BRDA:251,40,0,0
BRDA:282,41,0,0
BRDA:282,42,0,0
BRDA:282,42,1,0
BRDA:296,43,0,0
BRDA:296,43,1,0
BRDA:299,44,0,0
BRDA:299,45,0,0
BRDA:299,45,1,0
BRDA:303,46,0,0
BRDA:303,46,1,0
BRDA:304,47,0,0
BRDA:304,47,1,0
BRDA:320,48,0,0
BRDA:320,48,1,0
BRDA:320,49,0,0
BRDA:320,49,1,0
BRDA:324,50,0,0
BRDA:324,50,1,0
BRDA:326,51,0,0
BRDA:345,52,0,0
BRDA:345,52,1,0
BRDA:347,53,0,0
BRDA:347,53,1,0
BRDA:347,54,0,0
BRDA:347,54,1,0
BRDA:351,55,0,0
BRDA:356,56,0,0
BRDA:360,57,0,0
BRDA:360,57,1,0
BRDA:362,58,0,0
BRDA:363,59,0,0
BRDA:363,59,1,0
BRDA:365,60,0,0
BRDA:365,60,1,0
BRDA:367,61,0,0
BRDA:367,61,1,0
BRDA:368,62,0,0
BRDA:379,63,0,0
BRDA:407,64,0,0
BRDA:417,65,0,0
BRDA:417,65,1,0
BRDA:424,66,0,0
BRDA:424,66,1,0
BRDA:440,67,0,0
BRDA:440,68,0,0
BRDA:440,68,1,0
BRDA:455,69,0,0
BRDA:455,69,1,0
BRDA:474,70,0,0
BRDA:474,70,1,0
BRDA:474,70,2,0
BRDA:477,71,0,0
BRDA:477,71,1,0
BRDA:492,72,0,0
BRDA:492,72,1,0
BRDA:501,73,0,0
BRDA:501,73,1,0
BRDA:505,74,0,0
BRDA:505,74,1,0
BRDA:517,75,0,0
BRDA:517,75,1,0
BRDA:517,75,2,0
BRDA:517,75,3,0
BRDA:517,75,4,0
BRDA:518,76,0,0
BRDA:518,76,1,0
BRDA:520,77,0,0
BRDA:520,77,1,0
BRDA:536,78,0,0
BRDA:536,79,0,0
BRDA:536,79,1,0
BRDA:538,80,0,0
BRDA:538,80,1,0
BRDA:540,81,0,0
BRDA:541,82,0,0
BRDA:544,83,0,0
BRDA:557,84,0,0
BRDA:557,84,1,0
BRDA:571,85,0,0
BRDA:571,85,1,0
BRDA:571,86,0,0
BRDA:571,86,1,0
BRDA:572,87,0,0
BRDA:572,87,1,0
BRDA:572,88,0,0
BRDA:572,88,1,0
BRDA:576,89,0,0
BRDA:576,89,1,0
BRDA:581,90,0,0
BRDA:581,90,1,0
BRDA:583,91,0,0
BRDA:583,91,1,0
BRDA:586,92,0,0
BRDA:586,92,1,0
BRDA:552,93,0,0
BRDA:552,93,1,0
BRDA:605,94,0,0
BRDA:605,94,1,0
BRDA:619,95,0,0
BRDA:619,95,1,0
BRDA:624,96,0,0
BRDA:624,96,1,0
BRDA:624,96,2,0
BRDA:626,97,0,0
BRDA:626,97,1,0
BRDA:643,98,0,0
BRDA:643,99,0,0
BRDA:643,99,1,0
BRDA:645,100,0,0
BRDA:645,100,1,0
BRDA:647,101,0,0
BRDA:648,102,0,0
BRDA:651,103,0,0
BRDA:664,104,0,0
BRDA:664,104,1,0
BRDA:678,105,0,0
BRDA:678,105,1,0
BRDA:678,106,0,0
BRDA:678,106,1,0
BRDA:679,107,0,0
BRDA:679,107,1,0
BRDA:679,108,0,0
BRDA:679,108,1,0
BRDA:683,109,0,0
BRDA:683,109,1,0
BRDA:688,110,0,0
BRDA:688,110,1,0
BRDA:690,111,0,0
BRDA:690,111,1,0
BRDA:704,112,0,0
BRDA:704,112,1,0
BRDA:716,113,0,0
BRDA:716,113,1,0
BRDA:716,113,2,0
BRDA:716,113,3,0
BRDA:716,113,4,0
BRDA:725,114,0,0
BRDA:725,114,1,0
BRDA:725,114,2,0
BRF:216
BRH:0
end_of_record
TN:
SF:src\context\AuthContext.tsx
FN:15,useAuth
FN:23,AuthProvider
FN:27,(anonymous_2)
FN:41,(anonymous_3)
FN:57,login
FN:66,logout
FNF:6
FNH:3
FNDA:12,useAuth
FNDA:50,AuthProvider
FNDA:25,(anonymous_2)
FNDA:0,(anonymous_3)
FNDA:0,login
FNDA:0,logout
DA:2,2
DA:3,2
DA:13,2
DA:15,2
DA:16,12
DA:17,12
DA:18,0
DA:20,12
DA:23,2
DA:24,50
DA:25,50
DA:27,50
DA:29,25
DA:30,25
DA:31,25
DA:32,25
DA:41,25
DA:42,0
DA:43,0
DA:49,0
DA:51,0
DA:54,25
DA:58,0
DA:59,0
DA:62,0
DA:67,0
DA:68,0
DA:71,50
DA:78,50
LF:29
LH:19
BRDA:17,0,0,0
BRDA:29,1,0,25
BRDA:31,2,0,25
BRDA:35,3,0,25
BRDA:35,3,1,25
BRDA:42,4,0,0
BRDA:42,4,1,0
BRDA:46,5,0,0
BRDA:46,5,1,0
BRDA:62,6,0,0
BRDA:62,6,1,0
BRF:11
BRH:4
end_of_record
TN:
SF:src\context\ToastContext.tsx
FN:17,useToast
FN:29,ToastProvider
FN:32,(anonymous_2)
FN:33,(anonymous_3)
FN:33,(anonymous_4)
FN:37,(anonymous_5)
FN:46,(anonymous_6)
FN:52,(anonymous_7)
FN:59,(anonymous_8)
FN:66,(anonymous_9)
FN:73,(anonymous_10)
FN:102,ToastContainer
FN:111,(anonymous_12)
FNF:13
FNH:0
FNDA:0,useToast
FNDA:0,ToastProvider
FNDA:0,(anonymous_2)
FNDA:0,(anonymous_3)
FNDA:0,(anonymous_4)
FNDA:0,(anonymous_5)
FNDA:0,(anonymous_6)
FNDA:0,(anonymous_7)
FNDA:0,(anonymous_8)
FNDA:0,(anonymous_9)
FNDA:0,(anonymous_10)
FNDA:0,ToastContainer
FNDA:0,(anonymous_12)
DA:1,0
DA:3,0
DA:15,0
DA:17,0
DA:18,0
DA:19,0
DA:20,0
DA:22,0
DA:29,0
DA:30,0
DA:32,0
DA:33,0
DA:36,0
DA:38,0
DA:39,0
DA:46,0
DA:51,0
DA:53,0
DA:58,0
DA:60,0
DA:65,0
DA:67,0
DA:72,0
DA:74,0
DA:79,0
DA:103,0
DA:105,0
DA:112,0
LF:28
LH:0
BRDA:19,0,0,0
BRDA:37,1,0,0
BRDA:103,2,0,0
BRF:3
BRH:0
end_of_record
TN:
SF:src\data\avatars.ts
FN:31,getAvatarById
FN:32,(anonymous_1)
FN:35,getDefaultAvatar
FNF:3
FNH:0
FNDA:0,getAvatarById
FNDA:0,(anonymous_1)
FNDA:0,getDefaultAvatar
DA:8,0
DA:31,0
DA:32,0
DA:35,0
DA:36,0
LF:5
LH:0
BRF:0
BRH:0
end_of_record
TN:
SF:src\hooks\useAdmin.ts
FN:7,useAdmin
FN:12,(anonymous_1)
FN:15,checkAdminStatus
FN:58,(anonymous_3)
FNF:4
FNH:0
FNDA:0,useAdmin
FNDA:0,(anonymous_1)
FNDA:0,checkAdminStatus
FNDA:0,(anonymous_3)
DA:2,0
DA:3,0
DA:4,0
DA:7,0
DA:8,0
DA:9,0
DA:10,0
DA:12,0
DA:13,0
DA:16,0
DA:17,0
DA:18,0
DA:19,0
DA:22,0
DA:23,0
DA:25,0
DA:27,0
DA:28,0
DA:29,0
DA:30,0
DA:32,0
DA:35,0
DA:36,0
DA:37,0
DA:40,0
DA:41,0
DA:45,0
DA:46,0
DA:47,0
DA:50,0
DA:51,0
DA:56,0
DA:58,0
DA:59,0
DA:63,0
LF:35
LH:0
BRDA:16,0,0,0
BRDA:25,1,0,0
BRDA:25,1,1,0
BRDA:28,2,0,0
BRDA:28,2,1,0
BRDA:28,3,0,0
BRDA:28,3,1,0
BRDA:30,4,0,0
BRDA:32,5,0,0
BRDA:32,5,1,0
BRDA:36,6,0,0
BRDA:40,7,0,0
BRDA:46,8,0,0
BRDA:50,9,0,0
BRF:14
BRH:0
end_of_record
TN:
SF:src\hooks\useAllCollections.ts
FN:14,useAllCollections
FN:20,(anonymous_10)
FN:24,loadAllCollections
FN:35,(anonymous_12)
FN:86,(anonymous_13)
FNF:5
FNH:0
FNDA:0,useAllCollections
FNDA:0,(anonymous_10)
FNDA:0,loadAllCollections
FNDA:0,(anonymous_12)
FNDA:0,(anonymous_13)
DA:2,0
DA:3,0
DA:4,0
DA:6,0
DA:14,0
DA:15,0
DA:16,0
DA:17,0
DA:18,0
DA:20,0
DA:21,0
DA:25,0
DA:26,0
DA:27,0
DA:30,0
DA:33,0
DA:35,0
DA:36,0
DA:37,0
DA:38,0
DA:42,0
DA:45,0
DA:46,0
DA:47,0
DA:50,0
DA:51,0
DA:52,0
DA:53,0
DA:55,0
DA:58,0
DA:69,0
DA:75,0
DA:77,0
DA:86,0
DA:88,0
DA:90,0
DA:92,0
DA:93,0
DA:94,0
DA:95,0
DA:97,0
DA:100,0
DA:101,0
DA:102,0
DA:103,0
DA:105,0
DA:108,0
DA:119,0
DA:125,0
DA:128,0
DA:130,0
DA:134,0
LF:52
LH:0
BRDA:37,0,0,0
BRDA:38,1,0,0
BRDA:38,1,1,0
BRDA:51,2,0,0
BRDA:51,2,1,0
BRDA:51,3,0,0
BRDA:51,3,1,0
BRDA:53,4,0,0
BRDA:55,5,0,0
BRDA:55,5,1,0
BRDA:62,6,0,0
BRDA:62,6,1,0
BRDA:64,7,0,0
BRDA:64,7,1,0
BRDA:92,8,0,0
BRDA:101,9,0,0
BRDA:101,9,1,0
BRDA:101,10,0,0
BRDA:101,10,1,0
BRDA:103,11,0,0
BRDA:105,12,0,0
BRDA:105,12,1,0
BRDA:112,13,0,0
BRDA:112,13,1,0
BRDA:114,14,0,0
BRDA:114,14,1,0
BRF:26
BRH:0
end_of_record
TN:
SF:src\hooks\useAuth.ts
FN:1,(anonymous_0)
FNF:1
FNH:1
FNDA:12,(anonymous_0)
DA:1,13
LF:1
LH:1
BRF:0
BRH:0
end_of_record
TN:
SF:src\hooks\useCamera.ts
FN:23,useCamera
FN:31,(anonymous_1)
FN:63,(anonymous_2)
FN:66,(anonymous_3)
FN:76,(anonymous_4)
FN:77,(anonymous_5)
FN:82,(anonymous_6)
FN:97,(anonymous_7)
FNF:8
FNH:0
FNDA:0,useCamera
FNDA:0,(anonymous_1)
FNDA:0,(anonymous_2)
FNDA:0,(anonymous_3)
FNDA:0,(anonymous_4)
FNDA:0,(anonymous_5)
FNDA:0,(anonymous_6)
FNDA:0,(anonymous_7)
DA:1,0
DA:23,0
DA:24,0
DA:25,0
DA:26,0
DA:27,0
DA:28,0
DA:29,0
DA:31,0
DA:32,0
DA:33,0
DA:34,0
DA:42,0
DA:43,0
DA:44,0
DA:45,0
DA:46,0
DA:47,0
DA:48,0
DA:49,0
DA:51,0
DA:52,0
DA:55,0
DA:56,0
DA:57,0
DA:58,0
DA:59,0
DA:63,0
DA:64,0
DA:65,0
DA:66,0
DA:67,0
DA:68,0
DA:70,0
DA:71,0
DA:73,0
DA:76,0
DA:77,0
DA:78,0
DA:82,0
DA:83,0
DA:84,0
DA:85,0
DA:86,0
DA:87,0
DA:88,0
DA:89,0
DA:90,0
DA:91,0
DA:92,0
DA:93,0
DA:94,0
DA:97,0
DA:98,0
DA:99,0
DA:102,0
LF:56
LH:0
BRDA:23,0,0,0
BRDA:24,1,0,0
BRDA:45,2,0,0
BRDA:45,2,1,0
BRDA:55,3,0,0
BRDA:55,3,1,0
BRDA:65,4,0,0
BRDA:70,5,0,0
BRDA:84,6,0,0
BRDA:84,7,0,0
BRDA:84,7,1,0
BRDA:84,7,2,0
BRDA:87,8,0,0
BRDA:87,9,0,0
BRDA:87,9,1,0
BRDA:92,10,0,0
BRDA:99,11,0,0
BRDA:99,11,1,0
BRF:18
BRH:0
end_of_record
TN:
SF:src\hooks\useCollection.ts
FN:31,useCollection
FN:52,(anonymous_10)
FN:70,loadCollection
FN:83,(anonymous_12)
FN:100,(anonymous_13)
FN:100,(anonymous_14)
FN:101,(anonymous_15)
FN:110,(anonymous_16)
FN:130,loadAllCollections
FN:152,(anonymous_18)
FN:170,(anonymous_19)
FN:207,(anonymous_20)
FN:220,(anonymous_21)
FN:236,(anonymous_22)
FN:237,(anonymous_23)
FN:238,(anonymous_24)
FN:263,searchCardData
FN:336,(anonymous_26)
FN:341,(anonymous_27)
FN:384,(anonymous_28)
FN:391,(anonymous_29)
FN:394,(anonymous_30)
FN:401,(anonymous_31)
FN:406,(anonymous_32)
FN:425,(anonymous_33)
FN:437,(anonymous_34)
FN:476,getCardKey
FN:489,hashString
FN:494,(anonymous_37)
FN:498,pauseImport
FN:504,resumeImport
FN:510,cancelImport
FN:516,importCSV
FN:569,(anonymous_42)
FN:577,(anonymous_43)
FN:646,(anonymous_44)
FN:680,(anonymous_45)
FN:716,(anonymous_46)
FN:720,deleteCard
FN:735,deleteAllCards
FN:742,(anonymous_49)
FN:758,updateCardQuantity
FN:766,(anonymous_51)
FN:766,(anonymous_52)
FN:767,(anonymous_53)
FN:767,(anonymous_54)
FN:775,updateCard
FN:792,(anonymous_56)
FN:810,(anonymous_57)
FNF:49
FNH:22
FNDA:75,useCollection
FNDA:26,(anonymous_10)
FNDA:24,loadCollection
FNDA:118,(anonymous_12)
FNDA:0,(anonymous_13)
FNDA:0,(anonymous_14)
FNDA:0,(anonymous_15)
FNDA:0,(anonymous_16)
FNDA:2,loadAllCollections
FNDA:0,(anonymous_18)
FNDA:0,(anonymous_19)
FNDA:0,(anonymous_20)
FNDA:0,(anonymous_21)
FNDA:0,(anonymous_22)
FNDA:0,(anonymous_23)
FNDA:0,(anonymous_24)
FNDA:0,searchCardData
FNDA:0,(anonymous_26)
FNDA:0,(anonymous_27)
FNDA:0,(anonymous_28)
FNDA:0,(anonymous_29)
FNDA:0,(anonymous_30)
FNDA:0,(anonymous_31)
FNDA:0,(anonymous_32)
FNDA:0,(anonymous_33)
FNDA:0,(anonymous_34)
FNDA:118,getCardKey
FNDA:2,hashString
FNDA:0,(anonymous_37)
FNDA:2,pauseImport
FNDA:1,resumeImport
FNDA:1,cancelImport
FNDA:2,importCSV
FNDA:0,(anonymous_42)
FNDA:0,(anonymous_43)
FNDA:0,(anonymous_44)
FNDA:0,(anonymous_45)
FNDA:83,(anonymous_46)
FNDA:3,deleteCard
FNDA:2,deleteAllCards
FNDA:2,(anonymous_49)
FNDA:2,updateCardQuantity
FNDA:1,(anonymous_51)
FNDA:1,(anonymous_52)
FNDA:1,(anonymous_53)
FNDA:1,(anonymous_54)
FNDA:1,updateCard
FNDA:2,(anonymous_56)
FNDA:0,(anonymous_57)
DA:1,1
DA:2,1
DA:3,1
DA:4,1
DA:5,1
DA:6,1
DA:7,1
DA:11,1
DA:14,1
DA:31,1
DA:32,75
DA:34,75
DA:35,75
DA:36,75
DA:37,75
DA:38,75
DA:39,75
DA:40,75
DA:41,75
DA:42,75
DA:43,75
DA:44,75
DA:45,75
DA:46,75
DA:48,75
DA:52,75
DA:54,26
DA:55,2
DA:56,2
DA:58,24
DA:59,24
DA:60,22
DA:61,22
DA:63,2
DA:64,2
DA:65,2
DA:71,24
DA:72,24
DA:73,24
DA:74,24
DA:77,24
DA:80,23
DA:81,23
DA:83,23
DA:84,118
DA:86,118
DA:87,0
DA:88,0
DA:89,0
DA:90,0
DA:92,118
DA:97,23
DA:99,0
DA:100,0
DA:101,0
DA:102,0
DA:106,0
DA:109,0
DA:111,0
DA:116,23
DA:117,23
DA:118,23
DA:119,23
DA:120,23
DA:121,23
DA:123,1
DA:124,1
DA:125,1
DA:126,1
DA:131,2
DA:132,2
DA:133,2
DA:134,2
DA:135,2
DA:136,2
DA:138,0
DA:140,2
DA:143,2
DA:144,2
DA:147,2
DA:150,2
DA:152,2
DA:153,0
DA:154,0
DA:155,0
DA:156,0
DA:158,0
DA:166,2
DA:167,2
DA:169,2
DA:170,0
DA:171,0
DA:172,0
DA:174,0
DA:176,0
DA:180,0
DA:182,0
DA:183,0
DA:184,0
DA:185,0
DA:187,0
DA:190,0
DA:201,0
DA:204,0
DA:207,0
DA:208,0
DA:218,0
DA:219,0
DA:220,0
DA:221,0
DA:229,0
DA:232,2
DA:235,2
DA:236,0
DA:237,0
DA:238,0
DA:239,0
DA:240,0
DA:241,0
DA:244,2
DA:245,2
DA:249,2
DA:250,2
DA:251,2
DA:252,2
DA:253,2
DA:255,0
DA:256,0
DA:257,0
DA:258,0
DA:269,0
DA:272,0
DA:273,0
DA:274,0
DA:276,0
DA:281,0
DA:282,0
DA:283,0
DA:289,0
DA:294,0
DA:295,0
DA:296,0
DA:303,0
DA:308,0
DA:309,0
DA:318,0
DA:319,0
DA:320,0
DA:321,0
DA:322,0
DA:323,0
DA:324,0
DA:328,0
DA:333,0
DA:334,0
DA:335,0
DA:336,0
DA:338,0
DA:339,0
DA:340,0
DA:341,0
DA:342,0
DA:344,0
DA:345,0
DA:356,0
DA:359,0
DA:362,0
DA:363,0
DA:364,0
DA:365,0
DA:366,0
DA:367,0
DA:368,0
DA:369,0
DA:377,0
DA:378,0
DA:379,0
DA:381,0
DA:382,0
DA:384,0
DA:385,0
DA:390,0
DA:391,0
DA:394,0
DA:395,0
DA:400,0
DA:401,0
DA:404,0
DA:405,0
DA:406,0
DA:407,0
DA:414,0
DA:415,0
DA:419,0
DA:420,0
DA:421,0
DA:422,0
DA:424,0
DA:425,0
DA:426,0
DA:430,0
DA:431,0
DA:432,0
DA:436,0
DA:437,0
DA:438,0
DA:440,0
DA:441,0
DA:442,0
DA:446,0
DA:447,0
DA:448,0
DA:449,0
DA:450,0
DA:451,0
DA:453,0
DA:454,0
DA:455,0
DA:456,0
DA:457,0
DA:461,0
DA:462,0
DA:463,0
DA:464,0
DA:471,0
DA:478,118
DA:480,118
DA:481,118
DA:483,118
DA:484,118
DA:485,118
DA:490,2
DA:491,2
DA:492,2
DA:493,0
DA:494,0
DA:499,2
DA:500,2
DA:505,1
DA:506,1
DA:511,1
DA:512,1
DA:513,1
DA:517,2
DA:518,0
DA:521,2
DA:523,2
DA:524,2
DA:526,2
DA:527,0
DA:534,0
DA:538,0
DA:541,0
DA:544,0
DA:553,0
DA:556,0
DA:557,0
DA:559,0
DA:560,0
DA:561,0
DA:562,0
DA:565,0
DA:566,0
DA:568,0
DA:569,0
DA:571,0
DA:572,0
DA:575,0
DA:577,0
DA:578,0
DA:579,0
DA:580,0
DA:581,0
DA:584,0
DA:587,0
DA:594,0
DA:596,0
DA:597,0
DA:598,0
DA:599,0
DA:604,0
DA:606,0
DA:621,0
DA:622,0
DA:628,0
DA:629,0
DA:636,0
DA:637,0
DA:646,0
DA:647,0
DA:654,0
DA:657,0
DA:680,0
DA:684,0
DA:685,0
DA:686,0
DA:696,0
DA:700,0
DA:701,0
DA:702,0
DA:705,0
DA:707,2
DA:708,2
DA:709,0
DA:711,2
DA:716,75
DA:717,83
DA:721,3
DA:722,1
DA:725,2
DA:726,2
DA:727,1
DA:729,1
DA:730,1
DA:731,1
DA:736,2
DA:737,1
DA:740,1
DA:741,1
DA:742,2
DA:745,1
DA:748,1
DA:750,0
DA:751,0
DA:753,0
DA:754,0
DA:759,2
DA:760,1
DA:763,1
DA:764,1
DA:766,1
DA:767,1
DA:769,0
DA:770,0
DA:771,0
DA:776,1
DA:777,0
DA:780,1
DA:781,1
DA:783,1
DA:785,0
DA:786,0
DA:787,0
DA:792,75
DA:793,2
DA:794,2
DA:796,0
DA:799,75
DA:810,0
LF:349
LH:137
BRDA:54,0,0,2
BRDA:54,0,1,24
BRDA:58,1,0,24
BRDA:58,1,1,19
BRDA:59,2,0,22
BRDA:59,2,1,2
BRDA:86,3,0,0
BRDA:86,3,1,118
BRDA:97,4,0,0
BRDA:102,5,0,0
BRDA:102,5,1,0
BRDA:130,6,0,2
BRDA:132,7,0,2
BRDA:132,7,1,0
BRDA:143,8,0,0
BRDA:143,8,1,2
BRDA:154,9,0,0
BRDA:155,10,0,0
BRDA:174,11,0,0
BRDA:180,12,0,0
BRDA:180,12,1,0
BRDA:183,13,0,0
BRDA:183,13,1,0
BRDA:183,14,0,0
BRDA:183,14,1,0
BRDA:185,15,0,0
BRDA:187,16,0,0
BRDA:187,16,1,0
BRDA:194,17,0,0
BRDA:194,17,1,0
BRDA:196,18,0,0
BRDA:196,18,1,0
BRDA:211,19,0,0
BRDA:211,19,1,0
BRDA:235,20,0,0
BRDA:235,20,1,2
BRDA:239,21,0,0
BRDA:239,21,1,0
BRDA:272,22,0,0
BRDA:281,23,0,0
BRDA:281,24,0,0
BRDA:281,24,1,0
BRDA:281,24,2,0
BRDA:281,24,3,0
BRDA:284,25,0,0
BRDA:284,25,1,0
BRDA:284,25,2,0
BRDA:294,26,0,0
BRDA:294,27,0,0
BRDA:294,27,1,0
BRDA:299,28,0,0
BRDA:299,28,1,0
BRDA:308,29,0,0
BRDA:308,30,0,0
BRDA:308,30,1,0
BRDA:312,31,0,0
BRDA:312,31,1,0
BRDA:318,32,0,0
BRDA:318,33,0,0
BRDA:318,33,1,0
BRDA:319,34,0,0
BRDA:319,34,1,0
BRDA:321,35,0,0
BRDA:321,36,0,0
BRDA:321,36,1,0
BRDA:323,37,0,0
BRDA:333,38,0,0
BRDA:334,39,0,0
BRDA:334,39,1,0
BRDA:336,40,0,0
BRDA:336,40,1,0
BRDA:338,41,0,0
BRDA:338,41,1,0
BRDA:340,42,0,0
BRDA:340,43,0,0
BRDA:340,43,1,0
BRDA:342,44,0,0
BRDA:342,44,1,0
BRDA:344,45,0,0
BRDA:347,46,0,0
BRDA:347,46,1,0
BRDA:348,47,0,0
BRDA:348,47,1,0
BRDA:349,48,0,0
BRDA:349,48,1,0
BRDA:350,49,0,0
BRDA:350,49,1,0
BRDA:351,50,0,0
BRDA:351,50,1,0
BRDA:356,51,0,0
BRDA:356,51,1,0
BRDA:359,52,0,0
BRDA:359,52,1,0
BRDA:362,53,0,0
BRDA:362,54,0,0
BRDA:362,54,1,0
BRDA:364,55,0,0
BRDA:365,56,0,0
BRDA:365,56,1,0
BRDA:366,57,0,0
BRDA:366,58,0,0
BRDA:366,58,1,0
BRDA:368,59,0,0
BRDA:381,60,0,0
BRDA:381,61,0,0
BRDA:381,61,1,0
BRDA:385,62,0,0
BRDA:385,62,1,0
BRDA:385,62,2,0
BRDA:385,62,3,0
BRDA:390,63,0,0
BRDA:391,64,0,0
BRDA:391,64,1,0
BRDA:395,65,0,0
BRDA:395,65,1,0
BRDA:395,65,2,0
BRDA:395,65,3,0
BRDA:395,65,4,0
BRDA:400,66,0,0
BRDA:401,67,0,0
BRDA:401,67,1,0
BRDA:401,67,2,0
BRDA:404,68,0,0
BRDA:404,69,0,0
BRDA:404,69,1,0
BRDA:404,69,2,0
BRDA:407,70,0,0
BRDA:407,70,1,0
BRDA:407,70,2,0
BRDA:407,70,3,0
BRDA:407,70,4,0
BRDA:407,70,5,0
BRDA:407,70,6,0
BRDA:414,71,0,0
BRDA:419,72,0,0
BRDA:424,73,0,0
BRDA:424,74,0,0
BRDA:424,74,1,0
BRDA:426,75,0,0
BRDA:426,75,1,0
BRDA:426,75,2,0
BRDA:430,76,0,0
BRDA:436,77,0,0
BRDA:436,78,0,0
BRDA:436,78,1,0
BRDA:438,79,0,0
BRDA:438,79,1,0
BRDA:440,80,0,0
BRDA:441,81,0,0
BRDA:441,81,1,0
BRDA:442,82,0,0
BRDA:442,82,1,0
BRDA:446,83,0,0
BRDA:446,84,0,0
BRDA:446,84,1,0
BRDA:447,85,0,0
BRDA:447,85,1,0
BRDA:449,86,0,0
BRDA:453,87,0,0
BRDA:455,88,0,0
BRDA:462,89,0,0
BRDA:478,90,0,118
BRDA:478,90,1,0
BRDA:480,91,0,118
BRDA:480,91,1,118
BRDA:480,91,2,118
BRDA:481,92,0,118
BRDA:481,92,1,118
BRDA:483,93,0,118
BRDA:483,93,1,118
BRDA:516,94,0,2
BRDA:517,95,0,0
BRDA:524,96,0,2
BRDA:529,97,0,0
BRDA:529,97,1,0
BRDA:560,98,0,0
BRDA:565,99,0,0
BRDA:568,100,0,0
BRDA:568,100,1,0
BRDA:571,101,0,0
BRDA:591,102,0,0
BRDA:591,102,1,0
BRDA:594,103,0,0
BRDA:594,103,1,0
BRDA:594,104,0,0
BRDA:594,104,1,0
BRDA:596,105,0,0
BRDA:596,105,1,0
BRDA:604,106,0,0
BRDA:604,106,1,0
BRDA:609,107,0,0
BRDA:609,107,1,0
BRDA:610,108,0,0
BRDA:610,108,1,0
BRDA:610,108,2,0
BRDA:613,109,0,0
BRDA:613,109,1,0
BRDA:615,110,0,0
BRDA:615,110,1,0
BRDA:616,111,0,0
BRDA:616,111,1,0
BRDA:619,112,0,0
BRDA:619,112,1,0
BRDA:625,113,0,0
BRDA:625,113,1,0
BRDA:640,114,0,0
BRDA:640,114,1,0
BRDA:684,115,0,0
BRDA:684,115,1,0
BRDA:685,116,0,0
BRDA:685,116,1,0
BRDA:700,117,0,0
BRDA:700,117,1,0
BRDA:701,118,0,0
BRDA:701,119,0,0
BRDA:701,119,1,0
BRDA:708,120,0,0
BRDA:717,121,0,83
BRDA:717,121,1,79
BRDA:721,122,0,1
BRDA:736,123,0,1
BRDA:759,124,0,1
BRDA:759,125,0,2
BRDA:759,125,1,2
BRDA:766,126,0,1
BRDA:766,126,1,0
BRDA:767,127,0,1
BRDA:767,127,1,0
BRDA:776,128,0,0
BRDA:793,129,0,2
BRDA:793,130,0,2
BRDA:793,130,1,2
BRDA:810,131,0,0
BRDA:810,131,1,0
BRF:234
BRH:33
end_of_record
TN:
SF:src\hooks\useDarkMode.ts
FN:3,useDarkMode
FN:4,(anonymous_1)
FN:14,(anonymous_2)
FN:25,(anonymous_3)
FNF:4
FNH:0
FNDA:0,useDarkMode
FNDA:0,(anonymous_1)
FNDA:0,(anonymous_2)
FNDA:0,(anonymous_3)
DA:1,0
DA:3,0
DA:4,0
DA:6,0
DA:7,0
DA:8,0
DA:11,0
DA:14,0
DA:16,0
DA:17,0
DA:19,0
DA:22,0
DA:25,0
DA:26,0
DA:29,0
LF:15
LH:0
BRDA:7,0,0,0
BRDA:16,1,0,0
BRDA:16,1,1,0
BRF:3
BRH:0
end_of_record
TN:
SF:src\hooks\useDecks.ts
FN:7,useDecks
FN:13,(anonymous_10)
FN:22,loadDecks
FN:38,createDeck
FN:55,addCardToDeck
FN:69,removeCardFromDeck
FN:83,updateCardQuantity
FN:97,deleteDeck
FNF:8
FNH:5
FNDA:12,useDecks
FNDA:6,(anonymous_10)
FNDA:5,loadDecks
FNDA:1,createDeck
FNDA:0,addCardToDeck
FNDA:0,removeCardFromDeck
FNDA:0,updateCardQuantity
FNDA:1,deleteDeck
DA:2,1
DA:3,1
DA:5,1
DA:7,1
DA:8,12
DA:9,12
DA:10,12
DA:11,12
DA:13,12
DA:14,6
DA:15,3
DA:17,3
DA:18,3
DA:23,5
DA:25,5
DA:26,5
DA:27,5
DA:28,5
DA:29,5
DA:31,0
DA:32,0
DA:34,5
DA:39,1
DA:40,0
DA:43,1
DA:44,1
DA:45,1
DA:46,1
DA:47,1
DA:49,0
DA:50,0
DA:51,0
DA:56,0
DA:58,0
DA:59,0
DA:60,0
DA:61,0
DA:63,0
DA:64,0
DA:65,0
DA:70,0
DA:72,0
DA:73,0
DA:74,0
DA:75,0
DA:77,0
DA:78,0
DA:79,0
DA:84,0
DA:86,0
DA:87,0
DA:88,0
DA:89,0
DA:91,0
DA:92,0
DA:93,0
DA:98,1
DA:100,1
DA:101,1
DA:102,1
DA:104,0
DA:105,0
DA:106,0
DA:110,12
LF:64
LH:31
BRDA:14,0,0,3
BRDA:14,0,1,3
BRDA:23,1,0,0
BRDA:39,2,0,0
BRDA:55,3,0,0
BRDA:56,4,0,0
BRDA:70,5,0,0
BRDA:84,6,0,0
BRDA:98,7,0,0
BRF:9
BRH:2
end_of_record
TN:
SF:src\hooks\useImports.ts
FN:7,useImports
FN:13,(anonymous_10)
FN:22,loadImports
FN:30,(anonymous_12)
FN:46,createImport
FN:67,updateImportStatus
FN:81,updateImportProgress
FN:90,(anonymous_16)
FN:90,(anonymous_17)
FN:145,saveImportReport
FN:163,deleteImport
FNF:11
FNH:0
FNDA:0,useImports
FNDA:0,(anonymous_10)
FNDA:0,loadImports
FNDA:0,(anonymous_12)
FNDA:0,createImport
FNDA:0,updateImportStatus
FNDA:0,updateImportProgress
FNDA:0,(anonymous_16)
FNDA:0,(anonymous_17)
FNDA:0,saveImportReport
FNDA:0,deleteImport
DA:2,0
DA:3,0
DA:4,0
DA:7,0
DA:8,0
DA:9,0
DA:10,0
DA:11,0
DA:13,0
DA:14,0
DA:15,0
DA:17,0
DA:18,0
DA:23,0
DA:25,0
DA:26,0
DA:27,0
DA:30,0
DA:31,0
DA:32,0
DA:33,0
DA:36,0
DA:37,0
DA:39,0
DA:40,0
DA:42,0
DA:47,0
DA:48,0
DA:51,0
DA:52,0
DA:59,0
DA:60,0
DA:62,0
DA:63,0
DA:68,0
DA:69,0
DA:72,0
DA:73,0
DA:74,0
DA:76,0
DA:77,0
DA:82,0
DA:83,0
DA:86,0
DA:87,0
DA:90,0
DA:91,0
DA:92,0
DA:112,0
DA:130,0
DA:137,0
DA:140,0
DA:141,0
DA:146,0
DA:147,0
DA:150,0
DA:151,0
DA:154,0
DA:155,0
DA:156,0
DA:158,0
DA:159,0
DA:164,0
DA:165,0
DA:168,0
DA:169,0
DA:170,0
DA:172,0
DA:173,0
DA:177,0
LF:70
LH:0
BRDA:14,0,0,0
BRDA:14,0,1,0
BRDA:23,1,0,0
BRDA:31,2,0,0
BRDA:31,2,1,0
BRDA:32,3,0,0
BRDA:32,3,1,0
BRDA:40,4,0,0
BRDA:40,4,1,0
BRDA:47,5,0,0
BRDA:68,6,0,0
BRDA:82,7,0,0
BRDA:91,8,0,0
BRDA:92,9,0,0
BRDA:92,9,1,0
BRDA:92,10,0,0
BRDA:92,10,1,0
BRDA:93,11,0,0
BRDA:93,11,1,0
BRDA:94,12,0,0
BRDA:94,12,1,0
BRDA:95,13,0,0
BRDA:95,13,1,0
BRDA:96,14,0,0
BRDA:96,14,1,0
BRDA:97,15,0,0
BRDA:97,15,1,0
BRDA:98,16,0,0
BRDA:98,16,1,0
BRDA:99,17,0,0
BRDA:99,17,1,0
BRDA:100,18,0,0
BRDA:100,18,1,0
BRDA:102,19,0,0
BRDA:102,19,1,0
BRDA:103,20,0,0
BRDA:103,20,1,0
BRDA:104,21,0,0
BRDA:104,21,1,0
BRDA:105,22,0,0
BRDA:105,22,1,0
BRDA:106,23,0,0
BRDA:106,23,1,0
BRDA:107,24,0,0
BRDA:107,24,1,0
BRDA:108,25,0,0
BRDA:108,25,1,0
BRDA:109,26,0,0
BRDA:109,26,1,0
BRDA:112,27,0,0
BRDA:112,27,1,0
BRDA:112,28,0,0
BRDA:112,28,1,0
BRDA:113,29,0,0
BRDA:113,29,1,0
BRDA:114,30,0,0
BRDA:114,30,1,0
BRDA:115,31,0,0
BRDA:115,31,1,0
BRDA:116,32,0,0
BRDA:116,32,1,0
BRDA:117,33,0,0
BRDA:117,33,1,0
BRDA:118,34,0,0
BRDA:118,34,1,0
BRDA:119,35,0,0
BRDA:119,35,1,0
BRDA:120,36,0,0
BRDA:120,36,1,0
BRDA:121,37,0,0
BRDA:121,37,1,0
BRDA:122,38,0,0
BRDA:122,38,1,0
BRDA:124,39,0,0
BRDA:124,39,1,0
BRDA:125,40,0,0
BRDA:125,40,1,0
BRDA:126,41,0,0
BRDA:126,41,1,0
BRDA:146,42,0,0
BRDA:150,43,0,0
BRDA:164,44,0,0
BRF:82
BRH:0
end_of_record
TN:
SF:src\hooks\useProfile.ts
FN:8,useProfile
FN:14,(anonymous_10)
FN:18,(anonymous_11)
FN:28,(anonymous_12)
FN:34,loadProfile
FN:68,updateProfile
FN:78,(anonymous_15)
FNF:7
FNH:0
FNDA:0,useProfile
FNDA:0,(anonymous_10)
FNDA:0,(anonymous_11)
FNDA:0,(anonymous_12)
FNDA:0,loadProfile
FNDA:0,updateProfile
FNDA:0,(anonymous_15)
DA:2,0
DA:3,0
DA:5,0
DA:6,0
DA:8,0
DA:9,0
DA:10,0
DA:11,0
DA:12,0
DA:14,0
DA:15,0
DA:17,0
DA:18,0
DA:19,0
DA:20,0
DA:24,0
DA:25,0
DA:28,0
DA:29,0
DA:35,0
DA:37,0
DA:38,0
DA:39,0
DA:41,0
DA:43,0
DA:44,0
DA:49,0
DA:50,0
DA:58,0
DA:59,0
DA:61,0
DA:62,0
DA:64,0
DA:69,0
DA:70,0
DA:73,0
DA:74,0
DA:75,0
DA:78,0
DA:83,0
DA:84,0
DA:85,0
DA:89,0
LF:43
LH:0
BRDA:17,0,0,0
BRDA:17,0,1,0
BRDA:19,1,0,0
BRDA:35,2,0,0
BRDA:41,3,0,0
BRDA:46,4,0,0
BRDA:46,4,1,0
BRDA:49,5,0,0
BRDA:52,6,0,0
BRDA:52,6,1,0
BRDA:52,6,2,0
BRDA:69,7,0,0
BRDA:78,8,0,0
BRDA:78,8,1,0
BRF:14
BRH:0
end_of_record
TN:
SF:src\hooks\useWishlist.ts
FN:15,useWishlist
FN:21,(anonymous_1)
FN:27,(anonymous_2)
FN:50,(anonymous_3)
FN:91,(anonymous_4)
FN:113,(anonymous_5)
FN:121,(anonymous_6)
FN:121,(anonymous_7)
FN:130,(anonymous_8)
FN:145,(anonymous_9)
FNF:10
FNH:10
FNDA:22,useWishlist
FNDA:9,(anonymous_1)
FNDA:8,(anonymous_2)
FNDA:2,(anonymous_3)
FNDA:1,(anonymous_4)
FNDA:1,(anonymous_5)
FNDA:1,(anonymous_6)
FNDA:1,(anonymous_7)
FNDA:1,(anonymous_8)
FNDA:1,(anonymous_9)
DA:2,1
DA:3,1
DA:15,1
DA:16,22
DA:17,22
DA:18,22
DA:21,22
DA:22,9
DA:23,1
DA:24,1
DA:27,8
DA:28,8
DA:29,8
DA:30,8
DA:33,8
DA:34,7
DA:35,7
DA:37,1
DA:38,1
DA:39,1
DA:43,8
DA:49,22
DA:61,2
DA:62,0
DA:65,2
DA:66,2
DA:77,2
DA:79,1
DA:80,1
DA:81,1
DA:83,1
DA:84,1
DA:90,22
DA:95,1
DA:96,0
DA:99,1
DA:100,1
DA:102,1
DA:103,1
DA:105,0
DA:106,0
DA:112,22
DA:114,1
DA:115,0
DA:118,1
DA:119,1
DA:121,1
DA:123,0
DA:124,0
DA:130,22
DA:131,1
DA:132,0
DA:135,1
DA:136,1
DA:137,1
DA:139,0
DA:140,0
DA:144,22
DA:150,1
DA:151,0
DA:154,1
DA:155,1
DA:157,0
DA:158,0
DA:164,22
LF:65
LH:52
BRDA:22,0,0,1
BRDA:52,1,0,0
BRDA:61,2,0,0
BRDA:95,3,0,0
BRDA:114,4,0,0
BRDA:131,5,0,0
BRDA:150,6,0,0
BRF:7
BRH:1
end_of_record
TN:
SF:src\pages\Admin.tsx
FN:10,Admin
FN:34,(anonymous_1)
FN:38,loadUsers
FN:51,handleCreateUser
FN:67,(anonymous_4)
FN:75,handleUpdateUser
FN:91,(anonymous_6)
FN:99,handleDeleteUser
FN:103,confirmDeleteUser
FN:112,(anonymous_9)
FN:118,openEditModal
FN:123,formatDate
FN:138,(anonymous_12)
FN:189,(anonymous_13)
FN:199,(anonymous_14)
FN:220,(anonymous_15)
FN:227,(anonymous_16)
FN:245,(anonymous_17)
FN:257,(anonymous_18)
FN:265,(anonymous_19)
FN:288,(anonymous_20)
FN:301,(anonymous_21)
FN:320,(anonymous_22)
FN:358,(anonymous_23)
FN:362,(anonymous_24)
FN:377,(anonymous_25)
FN:387,(anonymous_26)
FN:406,(anonymous_27)
FNF:28
FNH:0
FNDA:0,Admin
FNDA:0,(anonymous_1)
FNDA:0,loadUsers
FNDA:0,handleCreateUser
FNDA:0,(anonymous_4)
FNDA:0,handleUpdateUser
FNDA:0,(anonymous_6)
FNDA:0,handleDeleteUser
FNDA:0,confirmDeleteUser
FNDA:0,(anonymous_9)
FNDA:0,openEditModal
FNDA:0,formatDate
FNDA:0,(anonymous_12)
FNDA:0,(anonymous_13)
FNDA:0,(anonymous_14)
FNDA:0,(anonymous_15)
FNDA:0,(anonymous_16)
FNDA:0,(anonymous_17)
FNDA:0,(anonymous_18)
FNDA:0,(anonymous_19)
FNDA:0,(anonymous_20)
FNDA:0,(anonymous_21)
FNDA:0,(anonymous_22)
FNDA:0,(anonymous_23)
FNDA:0,(anonymous_24)
FNDA:0,(anonymous_25)
FNDA:0,(anonymous_26)
FNDA:0,(anonymous_27)
DA:1,0
DA:2,0
DA:3,0
DA:4,0
DA:5,0
DA:6,0
DA:7,0
DA:10,0
DA:11,0
DA:12,0
DA:13,0
DA:14,0
DA:17,0
DA:18,0
DA:23,0
DA:24,0
DA:27,0
DA:28,0
DA:29,0
DA:32,0
DA:34,0
DA:35,0
DA:39,0
DA:40,0
DA:41,0
DA:42,0
DA:43,0
DA:45,0
DA:47,0
DA:52,0
DA:53,0
DA:54,0
DA:57,0
DA:58,0
DA:59,0
DA:60,0
DA:61,0
DA:62,0
DA:63,0
DA:64,0
DA:65,0
DA:66,0
DA:67,0
DA:69,0
DA:71,0
DA:76,0
DA:78,0
DA:79,0
DA:80,0
DA:81,0
DA:82,0
DA:85,0
DA:87,0
DA:88,0
DA:89,0
DA:90,0
DA:91,0
DA:93,0
DA:95,0
DA:100,0
DA:104,0
DA:106,0
DA:107,0
DA:108,0
DA:109,0
DA:110,0
DA:111,0
DA:112,0
DA:114,0
DA:119,0
DA:120,0
DA:124,0
DA:125,0
DA:132,0
DA:138,0
DA:190,0
DA:200,0
DA:220,0
DA:227,0
DA:246,0
DA:247,0
DA:248,0
DA:257,0
DA:265,0
DA:288,0
DA:302,0
DA:303,0
DA:304,0
DA:305,0
DA:321,0
DA:322,0
DA:323,0
DA:359,0
DA:360,0
DA:362,0
DA:363,0
DA:378,0
DA:379,0
DA:380,0
DA:388,0
DA:389,0
DA:390,0
DA:406,0
LF:103
LH:0
BRDA:45,0,0,0
BRDA:45,0,1,0
BRDA:52,1,0,0
BRDA:52,2,0,0
BRDA:52,2,1,0
BRDA:60,3,0,0
BRDA:60,3,1,0
BRDA:69,4,0,0
BRDA:69,4,1,0
BRDA:76,5,0,0
BRDA:93,6,0,0
BRDA:93,6,1,0
BRDA:104,7,0,0
BRDA:114,8,0,0
BRDA:114,8,1,0
BRDA:124,9,0,0
BRDA:124,9,1,0
BRDA:143,10,0,0
BRDA:143,10,1,0
BRDA:149,11,0,0
BRDA:149,11,1,0
BRDA:155,12,0,0
BRDA:155,12,1,0
BRDA:159,13,0,0
BRDA:159,13,1,0
BRDA:195,14,0,0
BRDA:195,14,1,0
BRDA:203,15,0,0
BRDA:203,15,1,0
BRDA:208,16,0,0
BRDA:208,16,1,0
BRDA:327,17,0,0
BRDA:327,17,1,0
BRDA:360,18,0,0
BRDA:360,18,1,0
BRDA:361,19,0,0
BRDA:361,19,1,0
BRF:37
BRH:0
end_of_record
TN:
SF:src\pages\Collection.tsx
FN:22,Collection
FN:80,(anonymous_1)
FN:82,(anonymous_2)
FN:105,(anonymous_3)
FN:108,(anonymous_4)
FN:115,(anonymous_5)
FN:119,(anonymous_6)
FN:129,(anonymous_7)
FN:134,(anonymous_8)
FN:146,(anonymous_9)
FN:175,(anonymous_10)
FN:188,(anonymous_11)
FN:207,(anonymous_12)
FN:209,(anonymous_13)
FN:219,(anonymous_14)
FN:239,(anonymous_15)
FN:249,(anonymous_16)
FN:252,(anonymous_17)
FN:286,(anonymous_18)
FN:288,(anonymous_19)
FN:289,(anonymous_20)
FN:292,(anonymous_21)
FN:300,(anonymous_22)
FN:302,(anonymous_23)
FN:308,(anonymous_24)
FN:310,(anonymous_25)
FN:317,(anonymous_26)
FN:324,(anonymous_27)
FN:326,(anonymous_28)
FN:332,(anonymous_29)
FN:334,(anonymous_30)
FN:342,(anonymous_31)
FN:349,(anonymous_32)
FN:359,(anonymous_33)
FN:361,(anonymous_34)
FN:369,(anonymous_35)
FN:379,(anonymous_36)
FN:381,(anonymous_37)
FN:389,(anonymous_38)
FN:391,(anonymous_39)
FN:398,(anonymous_40)
FN:400,(anonymous_41)
FN:401,(anonymous_42)
FN:406,(anonymous_43)
FN:408,(anonymous_44)
FN:410,(anonymous_45)
FN:416,(anonymous_46)
FN:418,(anonymous_47)
FN:426,(anonymous_48)
FN:437,(anonymous_49)
FN:444,(anonymous_50)
FN:452,(anonymous_51)
FN:466,(anonymous_52)
FN:512,(anonymous_53)
FN:523,(anonymous_54)
FN:524,(anonymous_55)
FN:538,(anonymous_56)
FN:545,(anonymous_57)
FN:552,(anonymous_58)
FN:569,(anonymous_59)
FN:570,(anonymous_60)
FN:574,(anonymous_61)
FN:594,(anonymous_62)
FN:612,(anonymous_63)
FN:615,(anonymous_64)
FN:619,(anonymous_65)
FN:621,(anonymous_66)
FN:624,(anonymous_67)
FN:650,(anonymous_68)
FN:651,(anonymous_69)
FN:654,(anonymous_70)
FN:672,(anonymous_71)
FN:674,(anonymous_72)
FN:679,(anonymous_73)
FN:692,(anonymous_74)
FN:694,(anonymous_75)
FN:699,(anonymous_76)
FN:712,(anonymous_77)
FN:714,(anonymous_78)
FN:719,(anonymous_79)
FN:732,(anonymous_80)
FN:734,(anonymous_81)
FN:739,(anonymous_82)
FN:752,(anonymous_83)
FN:754,(anonymous_84)
FN:759,(anonymous_85)
FN:771,(anonymous_86)
FN:807,(anonymous_87)
FN:815,(anonymous_88)
FN:823,(anonymous_89)
FN:866,(anonymous_90)
FN:883,(anonymous_91)
FN:913,(anonymous_92)
FN:920,(anonymous_93)
FN:940,(anonymous_94)
FN:953,(anonymous_95)
FN:983,(anonymous_96)
FN:1000,(anonymous_97)
FN:1019,(anonymous_98)
FN:1022,(anonymous_99)
FN:1043,(anonymous_100)
FNF:101
FNH:0
FNDA:0,Collection
FNDA:0,(anonymous_1)
FNDA:0,(anonymous_2)
FNDA:0,(anonymous_3)
FNDA:0,(anonymous_4)
FNDA:0,(anonymous_5)
FNDA:0,(anonymous_6)
FNDA:0,(anonymous_7)
FNDA:0,(anonymous_8)
FNDA:0,(anonymous_9)
FNDA:0,(anonymous_10)
FNDA:0,(anonymous_11)
FNDA:0,(anonymous_12)
FNDA:0,(anonymous_13)
FNDA:0,(anonymous_14)
FNDA:0,(anonymous_15)
FNDA:0,(anonymous_16)
FNDA:0,(anonymous_17)
FNDA:0,(anonymous_18)
FNDA:0,(anonymous_19)
FNDA:0,(anonymous_20)
FNDA:0,(anonymous_21)
FNDA:0,(anonymous_22)
FNDA:0,(anonymous_23)
FNDA:0,(anonymous_24)
FNDA:0,(anonymous_25)
FNDA:0,(anonymous_26)
FNDA:0,(anonymous_27)
FNDA:0,(anonymous_28)
FNDA:0,(anonymous_29)
FNDA:0,(anonymous_30)
FNDA:0,(anonymous_31)
FNDA:0,(anonymous_32)
FNDA:0,(anonymous_33)
FNDA:0,(anonymous_34)
FNDA:0,(anonymous_35)
FNDA:0,(anonymous_36)
FNDA:0,(anonymous_37)
FNDA:0,(anonymous_38)
FNDA:0,(anonymous_39)
FNDA:0,(anonymous_40)
FNDA:0,(anonymous_41)
FNDA:0,(anonymous_42)
FNDA:0,(anonymous_43)
FNDA:0,(anonymous_44)
FNDA:0,(anonymous_45)
FNDA:0,(anonymous_46)
FNDA:0,(anonymous_47)
FNDA:0,(anonymous_48)
FNDA:0,(anonymous_49)
FNDA:0,(anonymous_50)
FNDA:0,(anonymous_51)
FNDA:0,(anonymous_52)
FNDA:0,(anonymous_53)
FNDA:0,(anonymous_54)
FNDA:0,(anonymous_55)
FNDA:0,(anonymous_56)
FNDA:0,(anonymous_57)
FNDA:0,(anonymous_58)
FNDA:0,(anonymous_59)
FNDA:0,(anonymous_60)
FNDA:0,(anonymous_61)
FNDA:0,(anonymous_62)
FNDA:0,(anonymous_63)
FNDA:0,(anonymous_64)
FNDA:0,(anonymous_65)
FNDA:0,(anonymous_66)
FNDA:0,(anonymous_67)
FNDA:0,(anonymous_68)
FNDA:0,(anonymous_69)
FNDA:0,(anonymous_70)
FNDA:0,(anonymous_71)
FNDA:0,(anonymous_72)
FNDA:0,(anonymous_73)
FNDA:0,(anonymous_74)
FNDA:0,(anonymous_75)
FNDA:0,(anonymous_76)
FNDA:0,(anonymous_77)
FNDA:0,(anonymous_78)
FNDA:0,(anonymous_79)
FNDA:0,(anonymous_80)
FNDA:0,(anonymous_81)
FNDA:0,(anonymous_82)
FNDA:0,(anonymous_83)
FNDA:0,(anonymous_84)
FNDA:0,(anonymous_85)
FNDA:0,(anonymous_86)
FNDA:0,(anonymous_87)
FNDA:0,(anonymous_88)
FNDA:0,(anonymous_89)
FNDA:0,(anonymous_90)
FNDA:0,(anonymous_91)
FNDA:0,(anonymous_92)
FNDA:0,(anonymous_93)
FNDA:0,(anonymous_94)
FNDA:0,(anonymous_95)
FNDA:0,(anonymous_96)
FNDA:0,(anonymous_97)
FNDA:0,(anonymous_98)
FNDA:0,(anonymous_99)
FNDA:0,(anonymous_100)
DA:1,0
DA:2,0
DA:3,0
DA:4,0
DA:5,0
DA:6,0
DA:7,0
DA:8,0
DA:9,0
DA:10,0
DA:11,0
DA:12,0
DA:13,0
DA:14,0
DA:15,0
DA:16,0
DA:17,0
DA:18,0
DA:19,0
DA:20,0
DA:22,0
DA:23,0
DA:24,0
DA:25,0
DA:26,0
DA:46,0
DA:47,0
DA:50,0
DA:52,0
DA:56,0
DA:57,0
DA:58,0
DA:59,0
DA:60,0
DA:61,0
DA:62,0
DA:63,0
DA:66,0
DA:67,0
DA:68,0
DA:69,0
DA:70,0
DA:71,0
DA:72,0
DA:73,0
DA:74,0
DA:75,0
DA:76,0
DA:77,0
DA:79,0
DA:80,0
DA:82,0
DA:83,0
DA:84,0
DA:86,0
DA:87,0
DA:88,0
DA:90,0
DA:91,0
DA:92,0
DA:93,0
DA:96,0
DA:98,0
DA:100,0
DA:105,0
DA:106,0
DA:108,0
DA:109,0
DA:110,0
DA:111,0
DA:115,0
DA:119,0
DA:120,0
DA:121,0
DA:122,0
DA:123,0
DA:125,0
DA:129,0
DA:130,0
DA:131,0
DA:134,0
DA:135,0
DA:137,0
DA:138,0
DA:144,0
DA:146,0
DA:147,0
DA:152,0
DA:153,0
DA:154,0
DA:158,0
DA:168,0
DA:171,0
DA:175,0
DA:176,0
DA:178,0
DA:179,0
DA:180,0
DA:181,0
DA:182,0
DA:184,0
DA:188,0
DA:189,0
DA:191,0
DA:192,0
DA:193,0
DA:194,0
DA:195,0
DA:196,0
DA:197,0
DA:198,0
DA:200,0
DA:202,0
DA:207,0
DA:208,0
DA:209,0
DA:211,0
DA:212,0
DA:213,0
DA:215,0
DA:219,0
DA:220,0
DA:221,0
DA:223,0
DA:224,0
DA:225,0
DA:229,0
DA:230,0
DA:231,0
DA:232,0
DA:233,0
DA:234,0
DA:235,0
DA:236,0
DA:239,0
DA:240,0
DA:243,0
DA:244,0
DA:245,0
DA:246,0
DA:247,0
DA:249,0
DA:250,0
DA:251,0
DA:252,0
DA:253,0
DA:256,0
DA:257,0
DA:258,0
DA:259,0
DA:260,0
DA:261,0
DA:263,0
DA:264,0
DA:265,0
DA:266,0
DA:268,0
DA:269,0
DA:274,0
DA:275,0
DA:276,0
DA:277,0
DA:278,0
DA:280,0
DA:285,0
DA:286,0
DA:287,0
DA:288,0
DA:289,0
DA:291,0
DA:292,0
DA:293,0
DA:294,0
DA:296,0
DA:298,0
DA:299,0
DA:300,0
DA:302,0
DA:306,0
DA:307,0
DA:308,0
DA:310,0
DA:316,0
DA:317,0
DA:318,0
DA:323,0
DA:324,0
DA:325,0
DA:326,0
DA:331,0
DA:332,0
DA:333,0
DA:334,0
DA:335,0
DA:341,0
DA:342,0
DA:343,0
DA:348,0
DA:349,0
DA:350,0
DA:351,0
DA:355,0
DA:359,0
DA:360,0
DA:361,0
DA:362,0
DA:363,0
DA:366,0
DA:368,0
DA:369,0
DA:370,0
DA:371,0
DA:373,0
DA:375,0
DA:379,0
DA:380,0
DA:381,0
DA:382,0
DA:383,0
DA:386,0
DA:389,0
DA:390,0
DA:391,0
DA:392,0
DA:393,0
DA:395,0
DA:398,0
DA:399,0
DA:400,0
DA:401,0
DA:403,0
DA:406,0
DA:407,0
DA:408,0
DA:409,0
DA:410,0
DA:413,0
DA:416,0
DA:417,0
DA:418,0
DA:419,0
DA:420,0
DA:421,0
DA:422,0
DA:425,0
DA:427,0
DA:428,0
DA:429,0
DA:430,0
DA:432,0
DA:437,0
DA:438,0
DA:440,0
DA:441,0
DA:442,0
DA:444,0
DA:445,0
DA:446,0
DA:447,0
DA:448,0
DA:451,0
DA:453,0
DA:454,0
DA:455,0
DA:461,0
DA:464,0
DA:466,0
DA:467,0
DA:468,0
DA:469,0
DA:471,0
DA:472,0
DA:473,0
DA:478,0
DA:479,0
DA:486,0
DA:488,0
DA:513,0
DA:514,0
DA:523,0
DA:525,0
DA:538,0
DA:545,0
DA:552,0
DA:569,0
DA:571,0
DA:572,0
DA:575,0
DA:576,0
DA:577,0
DA:595,0
DA:596,0
DA:613,0
DA:616,0
DA:617,0
DA:618,0
DA:619,0
DA:621,0
DA:622,0
DA:624,0
DA:651,0
DA:652,0
DA:654,0
DA:673,0
DA:674,0
DA:680,0
DA:693,0
DA:694,0
DA:700,0
DA:713,0
DA:714,0
DA:720,0
DA:733,0
DA:734,0
DA:740,0
DA:753,0
DA:754,0
DA:760,0
DA:772,0
DA:773,0
DA:774,0
DA:775,0
DA:776,0
DA:777,0
DA:778,0
DA:779,0
DA:807,0
DA:815,0
DA:823,0
DA:867,0
DA:868,0
DA:869,0
DA:870,0
DA:871,0
DA:872,0
DA:873,0
DA:874,0
DA:884,0
DA:886,0
DA:913,0
DA:921,0
DA:922,0
DA:923,0
DA:940,0
DA:953,0
DA:984,0
DA:985,0
DA:986,0
DA:1000,0
DA:1020,0
DA:1022,0
DA:1043,0
LF:352
LH:0
BRDA:46,0,0,0
BRDA:46,0,1,0
BRDA:46,1,0,0
BRDA:46,1,1,0
BRDA:50,2,0,0
BRDA:50,2,1,0
BRDA:53,3,0,0
BRDA:53,3,1,0
BRDA:80,4,0,0
BRDA:80,4,1,0
BRDA:84,5,0,0
BRDA:92,6,0,0
BRDA:106,7,0,0
BRDA:106,8,0,0
BRDA:106,8,1,0
BRDA:106,8,2,0
BRDA:110,9,0,0
BRDA:135,10,0,0
BRDA:140,11,0,0
BRDA:140,11,1,0
BRDA:144,12,0,0
BRDA:144,12,1,0
BRDA:147,13,0,0
BRDA:147,13,1,0
BRDA:147,13,2,0
BRDA:148,14,0,0
BRDA:148,14,1,0
BRDA:148,14,2,0
BRDA:148,15,0,0
BRDA:148,15,1,0
BRDA:148,15,2,0
BRDA:149,16,0,0
BRDA:149,16,1,0
BRDA:149,17,0,0
BRDA:149,17,1,0
BRDA:152,18,0,0
BRDA:162,19,0,0
BRDA:162,19,1,0
BRDA:176,20,0,0
BRDA:189,21,0,0
BRDA:189,22,0,0
BRDA:189,22,1,0
BRDA:211,23,0,0
BRDA:211,23,1,0
BRDA:211,23,2,0
BRDA:212,24,0,0
BRDA:212,24,1,0
BRDA:220,25,0,0
BRDA:223,26,0,0
BRDA:223,26,1,0
BRDA:223,26,2,0
BRDA:224,27,0,0
BRDA:224,27,1,0
BRDA:243,28,0,0
BRDA:251,29,0,0
BRDA:251,29,1,0
BRDA:257,30,0,0
BRDA:257,31,0,0
BRDA:257,31,1,0
BRDA:257,31,2,0
BRDA:258,32,0,0
BRDA:258,32,1,0
BRDA:259,33,0,0
BRDA:259,33,1,0
BRDA:260,34,0,0
BRDA:260,34,1,0
BRDA:263,35,0,0
BRDA:263,35,1,0
BRDA:265,36,0,0
BRDA:265,36,1,0
BRDA:266,37,0,0
BRDA:266,37,1,0
BRDA:268,38,0,0
BRDA:269,39,0,0
BRDA:269,39,1,0
BRDA:274,40,0,0
BRDA:274,40,1,0
BRDA:275,41,0,0
BRDA:275,41,1,0
BRDA:276,42,0,0
BRDA:276,42,1,0
BRDA:280,43,0,0
BRDA:280,43,1,0
BRDA:280,43,2,0
BRDA:280,43,3,0
BRDA:285,44,0,0
BRDA:287,45,0,0
BRDA:287,45,1,0
BRDA:291,46,0,0
BRDA:293,47,0,0
BRDA:298,48,0,0
BRDA:298,48,1,0
BRDA:299,49,0,0
BRDA:299,49,1,0
BRDA:306,50,0,0
BRDA:306,50,1,0
BRDA:307,51,0,0
BRDA:307,51,1,0
BRDA:316,52,0,0
BRDA:318,53,0,0
BRDA:318,53,1,0
BRDA:323,54,0,0
BRDA:325,55,0,0
BRDA:325,55,1,0
BRDA:331,56,0,0
BRDA:333,57,0,0
BRDA:333,57,1,0
BRDA:341,58,0,0
BRDA:343,59,0,0
BRDA:343,59,1,0
BRDA:348,60,0,0
BRDA:350,61,0,0
BRDA:350,61,1,0
BRDA:350,61,2,0
BRDA:350,61,3,0
BRDA:362,62,0,0
BRDA:370,63,0,0
BRDA:382,64,0,0
BRDA:392,65,0,0
BRDA:393,66,0,0
BRDA:409,67,0,0
BRDA:409,68,0,0
BRDA:409,68,1,0
BRDA:419,69,0,0
BRDA:419,69,1,0
BRDA:419,69,2,0
BRDA:421,70,0,0
BRDA:422,71,0,0
BRDA:422,71,1,0
BRDA:429,72,0,0
BRDA:438,73,0,0
BRDA:438,74,0,0
BRDA:438,74,1,0
BRDA:445,75,0,0
BRDA:446,76,0,0
BRDA:453,77,0,0
BRDA:454,78,0,0
BRDA:454,79,0,0
BRDA:454,79,1,0
BRDA:454,79,2,0
BRDA:454,79,3,0
BRDA:468,80,0,0
BRDA:471,81,0,0
BRDA:471,82,0,0
BRDA:471,82,1,0
BRDA:478,83,0,0
BRDA:478,84,0,0
BRDA:478,84,1,0
BRDA:486,85,0,0
BRDA:486,85,1,0
BRDA:493,86,0,0
BRDA:493,86,1,0
BRDA:497,87,0,0
BRDA:497,87,1,0
BRDA:499,88,0,0
BRDA:499,88,1,0
BRDA:501,89,0,0
BRDA:501,89,1,0
BRDA:502,90,0,0
BRDA:502,90,1,0
BRDA:502,91,0,0
BRDA:502,91,1,0
BRDA:511,92,0,0
BRDA:511,92,1,0
BRDA:511,93,0,0
BRDA:511,93,1,0
BRDA:511,93,2,0
BRDA:514,94,0,0
BRDA:514,94,1,0
BRDA:514,95,0,0
BRDA:514,95,1,0
BRDA:518,96,0,0
BRDA:518,96,1,0
BRDA:526,97,0,0
BRDA:526,97,1,0
BRDA:526,97,2,0
BRDA:534,98,0,0
BRDA:534,98,1,0
BRDA:534,98,2,0
BRDA:549,99,0,0
BRDA:549,99,1,0
BRDA:575,100,0,0
BRDA:592,101,0,0
BRDA:592,101,1,0
BRDA:592,101,2,0
BRDA:618,102,0,0
BRDA:618,102,1,0
BRDA:627,103,0,0
BRDA:627,103,1,0
BRDA:632,104,0,0
BRDA:632,104,1,0
BRDA:633,105,0,0
BRDA:633,105,1,0
BRDA:634,106,0,0
BRDA:634,106,1,0
BRDA:635,107,0,0
BRDA:635,107,1,0
BRDA:636,108,0,0
BRDA:636,108,1,0
BRDA:644,109,0,0
BRDA:644,109,1,0
BRDA:667,110,0,0
BRDA:667,110,1,0
BRDA:671,111,0,0
BRDA:671,111,1,0
BRDA:673,112,0,0
BRDA:673,112,1,0
BRDA:687,113,0,0
BRDA:687,113,1,0
BRDA:691,114,0,0
BRDA:691,114,1,0
BRDA:693,115,0,0
BRDA:693,115,1,0
BRDA:707,116,0,0
BRDA:707,116,1,0
BRDA:711,117,0,0
BRDA:711,117,1,0
BRDA:713,118,0,0
BRDA:713,118,1,0
BRDA:727,119,0,0
BRDA:727,119,1,0
BRDA:731,120,0,0
BRDA:731,120,1,0
BRDA:733,121,0,0
BRDA:733,121,1,0
BRDA:747,122,0,0
BRDA:747,122,1,0
BRDA:751,123,0,0
BRDA:751,123,1,0
BRDA:753,124,0,0
BRDA:753,124,1,0
BRDA:769,125,0,0
BRDA:769,125,1,0
BRDA:769,125,2,0
BRDA:769,125,3,0
BRDA:769,125,4,0
BRDA:769,125,5,0
BRDA:769,125,6,0
BRDA:769,125,7,0
BRDA:790,126,0,0
BRDA:790,126,1,0
BRDA:796,127,0,0
BRDA:796,127,1,0
BRDA:804,128,0,0
BRDA:804,128,1,0
BRDA:833,129,0,0
BRDA:833,129,1,0
BRDA:833,130,0,0
BRDA:833,130,1,0
BRDA:839,131,0,0
BRDA:839,131,1,0
BRDA:849,132,0,0
BRDA:849,132,1,0
BRDA:849,133,0,0
BRDA:849,133,1,0
BRDA:849,133,2,0
BRDA:852,134,0,0
BRDA:852,134,1,0
BRDA:854,135,0,0
BRDA:854,135,1,0
BRDA:860,136,0,0
BRDA:860,136,1,0
BRDA:881,137,0,0
BRDA:881,137,1,0
BRDA:883,138,0,0
BRDA:883,138,1,0
BRDA:884,139,0,0
BRDA:884,139,1,0
BRDA:891,140,0,0
BRDA:891,140,1,0
BRDA:892,141,0,0
BRDA:892,141,1,0
BRDA:894,142,0,0
BRDA:894,142,1,0
BRDA:895,143,0,0
BRDA:895,143,1,0
BRDA:904,144,0,0
BRDA:904,144,1,0
BRDA:906,145,0,0
BRDA:906,145,1,0
BRDA:922,146,0,0
BRDA:973,147,0,0
BRDA:973,147,1,0
BRDA:1005,148,0,0
BRDA:1005,148,1,0
BRDA:1013,149,0,0
BRDA:1013,149,1,0
BRF:287
BRH:0
end_of_record
TN:
SF:src\pages\DeckBuilder.tsx
FN:12,DeckBuilder
FN:20,(anonymous_10)
FN:22,(anonymous_11)
FN:23,loadDeckCards
FN:35,(anonymous_13)
FN:69,(anonymous_14)
FN:78,(anonymous_15)
FN:104,(anonymous_16)
FN:110,(anonymous_17)
FN:115,(anonymous_18)
FN:135,(anonymous_19)
FN:141,(anonymous_20)
FN:147,(anonymous_21)
FN:158,(anonymous_22)
FN:165,(anonymous_23)
FNF:15
FNH:0
FNDA:0,DeckBuilder
FNDA:0,(anonymous_10)
FNDA:0,(anonymous_11)
FNDA:0,loadDeckCards
FNDA:0,(anonymous_13)
FNDA:0,(anonymous_14)
FNDA:0,(anonymous_15)
FNDA:0,(anonymous_16)
FNDA:0,(anonymous_17)
FNDA:0,(anonymous_18)
FNDA:0,(anonymous_19)
FNDA:0,(anonymous_20)
FNDA:0,(anonymous_21)
FNDA:0,(anonymous_22)
FNDA:0,(anonymous_23)
DA:1,0
DA:2,0
DA:3,0
DA:4,0
DA:5,0
DA:6,0
DA:7,0
DA:8,0
DA:9,0
DA:12,0
DA:13,0
DA:14,0
DA:15,0
DA:16,0
DA:17,0
DA:18,0
DA:20,0
DA:22,0
DA:24,0
DA:25,0
DA:26,0
DA:29,0
DA:30,0
DA:31,0
DA:33,0
DA:35,0
DA:37,0
DA:39,0
DA:45,0
DA:46,0
DA:47,0
DA:48,0
DA:49,0
DA:50,0
DA:53,0
DA:58,0
DA:60,0
DA:62,0
DA:66,0
DA:69,0
DA:70,0
DA:71,0
DA:72,0
DA:74,0
DA:78,0
DA:79,0
DA:80,0
DA:81,0
DA:83,0
DA:87,0
DA:88,0
DA:97,0
DA:98,0
DA:104,0
DA:110,0
DA:112,0
DA:115,0
DA:135,0
DA:142,0
DA:147,0
DA:158,0
DA:165,0
LF:62
LH:0
BRDA:24,0,0,0
BRDA:24,1,0,0
BRDA:24,1,1,0
BRDA:37,2,0,0
BRDA:37,2,1,0
BRDA:47,3,0,0
BRDA:70,4,0,0
BRDA:79,5,0,0
BRDA:79,6,0,0
BRDA:79,6,1,0
BRDA:87,7,0,0
BRDA:87,8,0,0
BRDA:87,8,1,0
BRDA:97,9,0,0
BRDA:124,10,0,0
BRDA:124,10,1,0
BRDA:130,11,0,0
BRDA:130,11,1,0
BRF:18
BRH:0
end_of_record
TN:
SF:src\pages\Decks.tsx
FN:11,Decks
FN:19,(anonymous_1)
FN:38,(anonymous_2)
FN:43,(anonymous_3)
FN:70,(anonymous_4)
FN:86,(anonymous_5)
FN:92,(anonymous_6)
FN:112,(anonymous_7)
FN:124,(anonymous_8)
FN:134,(anonymous_9)
FN:136,(anonymous_10)
FN:145,(anonymous_11)
FNF:12
FNH:0
FNDA:0,Decks
FNDA:0,(anonymous_1)
FNDA:0,(anonymous_2)
FNDA:0,(anonymous_3)
FNDA:0,(anonymous_4)
FNDA:0,(anonymous_5)
FNDA:0,(anonymous_6)
FNDA:0,(anonymous_7)
FNDA:0,(anonymous_8)
FNDA:0,(anonymous_9)
FNDA:0,(anonymous_10)
FNDA:0,(anonymous_11)
DA:1,0
DA:2,0
DA:3,0
DA:4,0
DA:5,0
DA:6,0
DA:7,0
DA:8,0
DA:9,0
DA:11,0
DA:12,0
DA:13,0
DA:14,0
DA:15,0
DA:16,0
DA:17,0
DA:19,0
DA:20,0
DA:21,0
DA:22,0
DA:25,0
DA:26,0
DA:27,0
DA:28,0
DA:29,0
DA:30,0
DA:32,0
DA:34,0
DA:38,0
DA:39,0
DA:43,0
DA:44,0
DA:45,0
DA:46,0
DA:47,0
DA:48,0
DA:50,0
DA:54,0
DA:55,0
DA:64,0
DA:70,0
DA:86,0
DA:93,0
DA:112,0
DA:125,0
DA:126,0
DA:134,0
DA:137,0
DA:138,0
DA:146,0
DA:147,0
LF:51
LH:0
BRDA:20,0,0,0
BRDA:44,1,0,0
BRDA:54,2,0,0
BRDA:75,3,0,0
BRDA:75,3,1,0
BRDA:81,4,0,0
BRDA:81,4,1,0
BRDA:101,5,0,0
BRDA:101,5,1,0
BRDA:137,6,0,0
BRDA:154,7,0,0
BRDA:154,7,1,0
BRF:12
BRH:0
end_of_record
TN:
SF:src\pages\Login.tsx
FN:7,Login
FN:15,(anonymous_1)
FN:52,(anonymous_2)
FN:60,(anonymous_3)
FNF:4
FNH:0
FNDA:0,Login
FNDA:0,(anonymous_1)
FNDA:0,(anonymous_2)
FNDA:0,(anonymous_3)
DA:1,0
DA:2,0
DA:3,0
DA:4,0
DA:5,0
DA:7,0
DA:8,0
DA:9,0
DA:10,0
DA:11,0
DA:12,0
DA:13,0
DA:15,0
DA:16,0
DA:17,0
DA:18,0
DA:20,0
DA:21,0
DA:22,0
DA:24,0
DA:26,0
DA:30,0
DA:52,0
DA:60,0
LF:24
LH:0
BRDA:24,0,0,0
BRDA:24,0,1,0
BRDA:42,1,0,0
BRDA:42,1,1,0
BRF:4
BRH:0
end_of_record
TN:
SF:src\pages\PrivacyPolicy.tsx
FN:4,PrivacyPolicy
FNF:1
FNH:0
FNDA:0,PrivacyPolicy
DA:1,0
DA:2,0
DA:4,0
DA:5,0
LF:4
LH:0
BRF:0
BRH:0
end_of_record
TN:
SF:src\pages\Profile.tsx
FN:19,Profile
FN:45,(anonymous_1)
FN:52,(anonymous_2)
FN:69,(anonymous_3)
FN:85,(anonymous_4)
FN:98,(anonymous_5)
FN:103,(anonymous_6)
FN:128,(anonymous_7)
FN:140,(anonymous_8)
FN:158,(anonymous_9)
FN:164,(anonymous_10)
FN:175,(anonymous_11)
FN:180,(anonymous_12)
FN:185,(anonymous_13)
FN:196,(anonymous_14)
FN:295,(anonymous_15)
FN:298,(anonymous_16)
FN:353,(anonymous_17)
FN:356,(anonymous_18)
FN:378,(anonymous_19)
FN:403,(anonymous_20)
FN:413,(anonymous_21)
FN:451,(anonymous_22)
FN:466,(anonymous_23)
FN:478,(anonymous_24)
FN:490,(anonymous_25)
FN:504,(anonymous_26)
FN:541,(anonymous_27)
FN:560,(anonymous_28)
FN:590,(anonymous_29)
FN:599,(anonymous_30)
FNF:31
FNH:0
FNDA:0,Profile
FNDA:0,(anonymous_1)
FNDA:0,(anonymous_2)
FNDA:0,(anonymous_3)
FNDA:0,(anonymous_4)
FNDA:0,(anonymous_5)
FNDA:0,(anonymous_6)
FNDA:0,(anonymous_7)
FNDA:0,(anonymous_8)
FNDA:0,(anonymous_9)
FNDA:0,(anonymous_10)
FNDA:0,(anonymous_11)
FNDA:0,(anonymous_12)
FNDA:0,(anonymous_13)
FNDA:0,(anonymous_14)
FNDA:0,(anonymous_15)
FNDA:0,(anonymous_16)
FNDA:0,(anonymous_17)
FNDA:0,(anonymous_18)
FNDA:0,(anonymous_19)
FNDA:0,(anonymous_20)
FNDA:0,(anonymous_21)
FNDA:0,(anonymous_22)
FNDA:0,(anonymous_23)
FNDA:0,(anonymous_24)
FNDA:0,(anonymous_25)
FNDA:0,(anonymous_26)
FNDA:0,(anonymous_27)
FNDA:0,(anonymous_28)
FNDA:0,(anonymous_29)
FNDA:0,(anonymous_30)
DA:1,0
DA:2,0
DA:3,0
DA:4,0
DA:5,0
DA:6,0
DA:7,0
DA:8,0
DA:9,0
DA:10,0
DA:11,0
DA:12,0
DA:13,0
DA:14,0
DA:15,0
DA:16,0
DA:19,0
DA:20,0
DA:21,0
DA:22,0
DA:23,0
DA:24,0
DA:25,0
DA:26,0
DA:27,0
DA:28,0
DA:29,0
DA:30,0
DA:31,0
DA:32,0
DA:33,0
DA:34,0
DA:35,0
DA:38,0
DA:39,0
DA:40,0
DA:41,0
DA:42,0
DA:45,0
DA:46,0
DA:47,0
DA:48,0
DA:52,0
DA:53,0
DA:54,0
DA:55,0
DA:58,0
DA:59,0
DA:60,0
DA:61,0
DA:63,0
DA:65,0
DA:69,0
DA:70,0
DA:71,0
DA:74,0
DA:75,0
DA:76,0
DA:77,0
DA:80,0
DA:81,0
DA:85,0
DA:86,0
DA:87,0
DA:90,0
DA:91,0
DA:92,0
DA:94,0
DA:98,0
DA:99,0
DA:100,0
DA:103,0
DA:105,0
DA:106,0
DA:107,0
DA:110,0
DA:112,0
DA:113,0
DA:114,0
DA:115,0
DA:119,0
DA:120,0
DA:122,0
DA:124,0
DA:128,0
DA:129,0
DA:130,0
DA:132,0
DA:133,0
DA:134,0
DA:137,0
DA:140,0
DA:141,0
DA:144,0
DA:146,0
DA:147,0
DA:149,0
DA:150,0
DA:152,0
DA:154,0
DA:158,0
DA:159,0
DA:160,0
DA:164,0
DA:165,0
DA:166,0
DA:167,0
DA:168,0
DA:169,0
DA:171,0
DA:175,0
DA:176,0
DA:177,0
DA:180,0
DA:181,0
DA:185,0
DA:186,0
DA:187,0
DA:188,0
DA:189,0
DA:190,0
DA:192,0
DA:196,0
DA:198,0
DA:199,0
DA:200,0
DA:203,0
DA:204,0
DA:205,0
DA:208,0
DA:209,0
DA:210,0
DA:213,0
DA:214,0
DA:215,0
DA:218,0
DA:219,0
DA:220,0
DA:223,0
DA:224,0
DA:225,0
DA:228,0
DA:229,0
DA:234,0
DA:235,0
DA:237,0
DA:239,0
DA:240,0
DA:241,0
DA:243,0
DA:252,0
DA:259,0
DA:260,0
DA:261,0
DA:262,0
DA:263,0
DA:265,0
DA:266,0
DA:274,0
DA:275,0
DA:276,0
DA:277,0
DA:278,0
DA:279,0
DA:280,0
DA:281,0
DA:283,0
DA:285,0
DA:286,0
DA:288,0
DA:291,0
DA:295,0
DA:296,0
DA:298,0
DA:299,0
DA:302,0
DA:303,0
DA:310,0
DA:311,0
DA:320,0
DA:354,0
DA:356,0
DA:378,0
DA:403,0
DA:413,0
DA:451,0
DA:466,0
DA:478,0
DA:490,0
DA:505,0
DA:506,0
DA:507,0
DA:508,0
DA:542,0
DA:561,0
DA:591,0
DA:592,0
DA:600,0
DA:601,0
DA:602,0
DA:603,0
LF:201
LH:0
BRDA:46,0,0,0
BRDA:47,1,0,0
BRDA:47,1,1,0
BRDA:48,2,0,0
BRDA:48,2,1,0
BRDA:53,3,0,0
BRDA:70,4,0,0
BRDA:80,5,0,0
BRDA:80,5,1,0
BRDA:86,6,0,0
BRDA:105,7,0,0
BRDA:110,8,0,0
BRDA:130,9,0,0
BRDA:130,10,0,0
BRDA:130,10,1,0
BRDA:146,11,0,0
BRDA:165,12,0,0
BRDA:186,13,0,0
BRDA:198,14,0,0
BRDA:203,15,0,0
BRDA:208,16,0,0
BRDA:213,17,0,0
BRDA:218,18,0,0
BRDA:223,19,0,0
BRDA:239,20,0,0
BRDA:239,21,0,0
BRDA:239,21,1,0
BRDA:274,22,0,0
BRDA:274,22,1,0
BRDA:275,23,0,0
BRDA:275,23,1,0
BRDA:275,23,2,0
BRDA:276,24,0,0
BRDA:276,24,1,0
BRDA:276,25,0,0
BRDA:276,25,1,0
BRDA:276,25,2,0
BRDA:278,26,0,0
BRDA:278,26,1,0
BRDA:278,27,0,0
BRDA:278,27,1,0
BRDA:280,28,0,0
BRDA:280,28,1,0
BRDA:280,29,0,0
BRDA:280,29,1,0
BRDA:283,30,0,0
BRDA:283,30,1,0
BRDA:285,31,0,0
BRDA:285,31,1,0
BRDA:285,32,0,0
BRDA:285,32,1,0
BRDA:296,33,0,0
BRDA:296,33,1,0
BRDA:296,33,2,0
BRDA:299,34,0,0
BRDA:299,34,1,0
BRDA:299,34,2,0
BRDA:302,35,0,0
BRDA:310,36,0,0
BRDA:326,37,0,0
BRDA:326,37,1,0
BRDA:358,38,0,0
BRDA:358,38,1,0
BRDA:385,39,0,0
BRDA:385,39,1,0
BRDA:385,39,2,0
BRDA:405,40,0,0
BRDA:405,40,1,0
BRDA:415,41,0,0
BRDA:415,41,1,0
BRDA:448,42,0,0
BRDA:448,42,1,0
BRDA:498,43,0,0
BRDA:498,43,1,0
BRDA:498,43,2,0
BRDA:498,43,3,0
BRDA:529,44,0,0
BRDA:529,44,1,0
BRDA:536,45,0,0
BRDA:536,45,1,0
BRDA:555,46,0,0
BRDA:555,46,1,0
BRDA:568,47,0,0
BRDA:568,47,1,0
BRDA:576,48,0,0
BRDA:576,48,1,0
BRDA:602,49,0,0
BRDA:634,50,0,0
BRDA:634,50,1,0
BRF:89
BRH:0
end_of_record
TN:
SF:src\pages\Scan.tsx
FN:3,Scan
FNF:1
FNH:0
FNDA:0,Scan
DA:1,0
DA:3,0
DA:4,0
LF:3
LH:0
BRF:0
BRH:0
end_of_record
TN:
SF:src\pages\Statistics.tsx
FN:6,Statistics
FN:12,(anonymous_1)
FN:18,(anonymous_2)
FN:31,(anonymous_3)
FN:41,(anonymous_4)
FN:46,(anonymous_5)
FN:56,(anonymous_6)
FN:59,(anonymous_7)
FN:68,(anonymous_8)
FN:71,(anonymous_9)
FN:80,(anonymous_10)
FN:81,(anonymous_11)
FN:110,(anonymous_12)
FN:160,(anonymous_13)
FN:210,(anonymous_14)
FN:211,(anonymous_15)
FN:248,(anonymous_16)
FN:250,(anonymous_17)
FN:252,(anonymous_18)
FNF:19
FNH:0
FNDA:0,Statistics
FNDA:0,(anonymous_1)
FNDA:0,(anonymous_2)
FNDA:0,(anonymous_3)
FNDA:0,(anonymous_4)
FNDA:0,(anonymous_5)
FNDA:0,(anonymous_6)
FNDA:0,(anonymous_7)
FNDA:0,(anonymous_8)
FNDA:0,(anonymous_9)
FNDA:0,(anonymous_10)
FNDA:0,(anonymous_11)
FNDA:0,(anonymous_12)
FNDA:0,(anonymous_13)
FNDA:0,(anonymous_14)
FNDA:0,(anonymous_15)
FNDA:0,(anonymous_16)
FNDA:0,(anonymous_17)
FNDA:0,(anonymous_18)
DA:1,0
DA:2,0
DA:3,0
DA:4,0
DA:6,0
DA:7,0
DA:8,0
DA:9,0
DA:10,0
DA:12,0
DA:13,0
DA:14,0
DA:18,0
DA:19,0
DA:20,0
DA:21,0
DA:22,0
DA:24,0
DA:26,0
DA:31,0
DA:32,0
DA:41,0
DA:42,0
DA:43,0
DA:44,0
DA:46,0
DA:47,0
DA:52,0
DA:56,0
DA:57,0
DA:59,0
DA:60,0
DA:61,0
DA:64,0
DA:68,0
DA:69,0
DA:71,0
DA:72,0
DA:73,0
DA:76,0
DA:80,0
DA:81,0
DA:85,0
DA:87,0
DA:88,0
DA:95,0
DA:111,0
DA:112,0
DA:113,0
DA:161,0
DA:162,0
DA:163,0
DA:171,0
DA:180,0
DA:210,0
DA:212,0
DA:213,0
DA:214,0
DA:223,0
DA:248,0
DA:251,0
DA:252,0
DA:254,0
DA:255,0
DA:257,0
LF:65
LH:0
BRDA:13,0,0,0
BRDA:13,1,0,0
BRDA:13,1,1,0
BRDA:13,1,2,0
BRDA:42,2,0,0
BRDA:42,2,1,0
BRDA:43,3,0,0
BRDA:43,3,1,0
BRDA:47,4,0,0
BRDA:47,4,1,0
BRDA:60,5,0,0
BRDA:60,5,1,0
BRDA:60,5,2,0
BRDA:61,6,0,0
BRDA:61,6,1,0
BRDA:72,7,0,0
BRDA:72,7,1,0
BRDA:72,7,2,0
BRDA:73,8,0,0
BRDA:73,8,1,0
BRDA:87,9,0,0
BRDA:129,10,0,0
BRDA:129,10,1,0
BRDA:150,11,0,0
BRDA:150,11,1,0
BRDA:150,12,0,0
BRDA:150,12,1,0
BRDA:162,13,0,0
BRDA:162,13,1,0
BRDA:184,14,0,0
BRDA:184,14,1,0
BRDA:190,15,0,0
BRDA:190,15,1,0
BRDA:213,16,0,0
BRDA:213,16,1,0
BRDA:231,17,0,0
BRDA:231,17,1,0
BRDA:255,18,0,0
BRDA:255,18,1,0
BRF:39
BRH:0
end_of_record
TN:
SF:src\pages\Wishlist.tsx
FN:21,Wishlist
FN:52,(anonymous_1)
FN:53,(anonymous_2)
FN:57,(anonymous_3)
FN:63,(anonymous_4)
FN:69,(anonymous_5)
FN:72,(anonymous_6)
FN:86,(anonymous_7)
FN:91,(anonymous_8)
FN:95,(anonymous_9)
FN:126,(anonymous_10)
FN:128,(anonymous_11)
FN:129,(anonymous_12)
FN:132,(anonymous_13)
FN:137,(anonymous_14)
FN:140,(anonymous_15)
FN:142,(anonymous_16)
FN:160,(anonymous_17)
FN:161,(anonymous_18)
FN:165,(anonymous_19)
FN:169,(anonymous_20)
FN:175,(anonymous_21)
FN:185,(anonymous_22)
FN:189,(anonymous_23)
FN:199,(anonymous_24)
FN:203,(anonymous_25)
FN:213,(anonymous_26)
FN:222,(anonymous_27)
FN:253,(anonymous_28)
FN:291,(anonymous_29)
FN:362,(anonymous_30)
FN:366,(anonymous_31)
FN:379,(anonymous_32)
FN:383,(anonymous_33)
FN:396,(anonymous_34)
FN:411,(anonymous_35)
FN:437,(anonymous_36)
FN:450,(anonymous_37)
FN:451,(anonymous_38)
FN:459,(anonymous_39)
FN:461,(anonymous_40)
FN:465,(anonymous_41)
FN:486,(anonymous_42)
FN:499,(anonymous_43)
FN:500,(anonymous_44)
FN:517,(anonymous_45)
FN:520,(anonymous_46)
FN:553,(anonymous_47)
FN:566,(anonymous_48)
FN:567,(anonymous_49)
FN:585,(anonymous_50)
FN:594,(anonymous_51)
FN:603,(anonymous_52)
FN:629,(anonymous_53)
FN:639,(anonymous_54)
FNF:55
FNH:0
FNDA:0,Wishlist
FNDA:0,(anonymous_1)
FNDA:0,(anonymous_2)
FNDA:0,(anonymous_3)
FNDA:0,(anonymous_4)
FNDA:0,(anonymous_5)
FNDA:0,(anonymous_6)
FNDA:0,(anonymous_7)
FNDA:0,(anonymous_8)
FNDA:0,(anonymous_9)
FNDA:0,(anonymous_10)
FNDA:0,(anonymous_11)
FNDA:0,(anonymous_12)
FNDA:0,(anonymous_13)
FNDA:0,(anonymous_14)
FNDA:0,(anonymous_15)
FNDA:0,(anonymous_16)
FNDA:0,(anonymous_17)
FNDA:0,(anonymous_18)
FNDA:0,(anonymous_19)
FNDA:0,(anonymous_20)
FNDA:0,(anonymous_21)
FNDA:0,(anonymous_22)
FNDA:0,(anonymous_23)
FNDA:0,(anonymous_24)
FNDA:0,(anonymous_25)
FNDA:0,(anonymous_26)
FNDA:0,(anonymous_27)
FNDA:0,(anonymous_28)
FNDA:0,(anonymous_29)
FNDA:0,(anonymous_30)
FNDA:0,(anonymous_31)
FNDA:0,(anonymous_32)
FNDA:0,(anonymous_33)
FNDA:0,(anonymous_34)
FNDA:0,(anonymous_35)
FNDA:0,(anonymous_36)
FNDA:0,(anonymous_37)
FNDA:0,(anonymous_38)
FNDA:0,(anonymous_39)
FNDA:0,(anonymous_40)
FNDA:0,(anonymous_41)
FNDA:0,(anonymous_42)
FNDA:0,(anonymous_43)
FNDA:0,(anonymous_44)
FNDA:0,(anonymous_45)
FNDA:0,(anonymous_46)
FNDA:0,(anonymous_47)
FNDA:0,(anonymous_48)
FNDA:0,(anonymous_49)
FNDA:0,(anonymous_50)
FNDA:0,(anonymous_51)
FNDA:0,(anonymous_52)
FNDA:0,(anonymous_53)
FNDA:0,(anonymous_54)
DA:1,0
DA:2,0
DA:3,0
DA:4,0
DA:5,0
DA:6,0
DA:7,0
DA:8,0
DA:9,0
DA:10,0
DA:11,0
DA:12,0
DA:13,0
DA:14,0
DA:15,0
DA:21,0
DA:22,0
DA:32,0
DA:35,0
DA:37,0
DA:39,0
DA:40,0
DA:41,0
DA:42,0
DA:43,0
DA:44,0
DA:45,0
DA:46,0
DA:48,0
DA:51,0
DA:52,0
DA:53,0
DA:57,0
DA:58,0
DA:61,0
DA:62,0
DA:63,0
DA:65,0
DA:68,0
DA:69,0
DA:72,0
DA:75,0
DA:78,0
DA:80,0
DA:85,0
DA:86,0
DA:90,0
DA:91,0
DA:95,0
DA:96,0
DA:98,0
DA:100,0
DA:102,0
DA:108,0
DA:109,0
DA:110,0
DA:112,0
DA:113,0
DA:114,0
DA:116,0
DA:118,0
DA:122,0
DA:126,0
DA:127,0
DA:128,0
DA:129,0
DA:132,0
DA:133,0
DA:137,0
DA:140,0
DA:142,0
DA:143,0
DA:144,0
DA:145,0
DA:148,0
DA:160,0
DA:161,0
DA:165,0
DA:166,0
DA:169,0
DA:175,0
DA:176,0
DA:177,0
DA:178,0
DA:180,0
DA:185,0
DA:186,0
DA:189,0
DA:190,0
DA:191,0
DA:192,0
DA:193,0
DA:195,0
DA:199,0
DA:200,0
DA:203,0
DA:204,0
DA:205,0
DA:206,0
DA:207,0
DA:209,0
DA:213,0
DA:214,0
DA:215,0
DA:216,0
DA:218,0
DA:222,0
DA:223,0
DA:225,0
DA:231,0
DA:232,0
DA:233,0
DA:237,0
DA:247,0
DA:249,0
DA:253,0
DA:254,0
DA:257,0
DA:258,0
DA:267,0
DA:268,0
DA:277,0
DA:291,0
DA:362,0
DA:367,0
DA:379,0
DA:384,0
DA:396,0
DA:411,0
DA:437,0
DA:451,0
DA:452,0
DA:453,0
DA:461,0
DA:462,0
DA:464,0
DA:465,0
DA:467,0
DA:486,0
DA:500,0
DA:501,0
DA:502,0
DA:518,0
DA:520,0
DA:522,0
DA:553,0
DA:567,0
DA:568,0
DA:569,0
DA:585,0
DA:595,0
DA:596,0
DA:604,0
DA:605,0
DA:630,0
DA:631,0
DA:639,0
LF:157
LH:0
BRDA:61,0,0,0
BRDA:68,1,0,0
BRDA:68,1,1,0
BRDA:80,2,0,0
BRDA:80,2,1,0
BRDA:80,2,2,0
BRDA:80,2,3,0
BRDA:80,2,4,0
BRDA:85,3,0,0
BRDA:90,4,0,0
BRDA:91,5,0,0
BRDA:91,5,1,0
BRDA:96,6,0,0
BRDA:96,6,1,0
BRDA:96,6,2,0
BRDA:96,6,3,0
BRDA:96,6,4,0
BRDA:96,6,5,0
BRDA:108,7,0,0
BRDA:108,7,1,0
BRDA:108,8,0,0
BRDA:108,8,1,0
BRDA:109,9,0,0
BRDA:109,9,1,0
BRDA:109,10,0,0
BRDA:109,10,1,0
[...]
BRDA:65,15,0,0
BRDA:65,15,1,0
BRDA:68,16,0,0
BRDA:68,16,1,0
BRDA:68,16,2,0
BRDA:68,16,3,0
BRDA:72,17,0,0
BRDA:72,18,0,0
BRDA:72,18,1,0
BRDA:96,19,0,0
BRDA:96,20,0,0
BRDA:96,20,1,0
BRDA:101,21,0,0
BRDA:107,22,0,0
BRDA:130,23,0,0
BRDA:130,23,1,0
BRDA:144,24,0,0
BRDA:147,25,0,0
BRDA:147,26,0,0
BRDA:147,26,1,0
BRDA:153,27,0,0
BRDA:153,27,1,0
BRDA:156,28,0,0
BRDA:159,29,0,0
BRDA:159,29,1,0
BRDA:164,30,0,0
BRDA:196,31,0,0
BRDA:197,32,0,0
BRDA:204,33,0,0
BRDA:204,33,1,0
BRDA:212,34,0,0
BRDA:212,35,0,0
BRDA:212,35,1,0
BRDA:220,36,0,0
BRDA:228,37,0,0
BRDA:228,37,1,0
BRDA:230,38,0,0
BRDA:231,39,0,0
BRDA:232,40,0,0
BRDA:233,41,0,0
BRDA:234,42,0,0
BRDA:243,43,0,0
BRDA:243,44,0,0
BRDA:243,44,1,0
BRDA:260,45,0,0
BRDA:260,46,0,0
BRDA:260,46,1,0
BRDA:266,47,0,0
BRDA:266,47,1,0
BRDA:269,48,0,0
BRDA:271,49,0,0
BRDA:295,50,0,0
BRDA:297,51,0,0
BRDA:297,51,1,0
BRDA:306,52,0,0
BRDA:306,53,0,0
BRDA:306,53,1,0
BRDA:311,54,0,0
BRDA:311,54,1,0
BRDA:337,55,0,0
BRDA:337,56,0,0
BRDA:337,56,1,0
BRDA:343,57,0,0
BRDA:343,57,1,0
BRDA:346,58,0,0
BRDA:348,59,0,0
BRDA:370,60,0,0
BRDA:371,61,0,0
BRDA:378,62,0,0
BRDA:378,62,1,0
BRDA:380,63,0,0
BRDA:387,64,0,0
BRDA:391,65,0,0
BRDA:391,65,1,0
BRDA:393,66,0,0
BRDA:394,67,0,0
BRDA:395,68,0,0
BRDA:396,69,0,0
BRDA:397,70,0,0
BRDA:418,71,0,0
BRDA:422,72,0,0
BRDA:422,73,0,0
BRDA:422,73,1,0
BRDA:428,74,0,0
BRDA:428,75,0,0
BRDA:428,75,1,0
BRDA:435,76,0,0
BRDA:435,76,1,0
BRDA:452,77,0,0
BRDA:453,78,0,0
BRDA:458,79,0,0
BRDA:458,79,1,0
BRDA:461,80,0,0
BRDA:464,81,0,0
BRDA:464,81,1,0
BRDA:466,82,0,0
BRDA:467,83,0,0
BRDA:468,84,0,0
BRDA:472,85,0,0
BRDA:474,86,0,0
BRDA:474,86,1,0
BRF:130
BRH:0
end_of_record
TN:
SF:src\services\scryfallSetIconsService.ts
FN:55,getSetCodesForCardName
FN:65,(anonymous_1)
FN:90,fetchSetsWithIcons
FN:94,(anonymous_3)
FN:107,(anonymous_4)
FN:110,(anonymous_5)
FN:123,loadImage
FN:124,(anonymous_7)
FN:127,(anonymous_8)
FN:128,(anonymous_9)
FN:133,toGrayscaleImageData
FN:157,normalizeImageData
FN:179,binarizeImageData
FN:191,gradientMagnitudeImageData
FN:222,applyPreprocess
FN:230,getSetIconRaster
FN:239,compareMSE
FN:251,compareImageData
FN:262,extractLogoCrop
FN:295,matchCardLogoToSets
FN:311,(anonymous_20)
FN:329,(anonymous_21)
FN:349,(anonymous_22)
FNF:23
FNH:0
FNDA:0,getSetCodesForCardName
FNDA:0,(anonymous_1)
FNDA:0,fetchSetsWithIcons
FNDA:0,(anonymous_3)
FNDA:0,(anonymous_4)
FNDA:0,(anonymous_5)
FNDA:0,loadImage
FNDA:0,(anonymous_7)
FNDA:0,(anonymous_8)
FNDA:0,(anonymous_9)
FNDA:0,toGrayscaleImageData
FNDA:0,normalizeImageData
FNDA:0,binarizeImageData
FNDA:0,gradientMagnitudeImageData
FNDA:0,applyPreprocess
FNDA:0,getSetIconRaster
FNDA:0,compareMSE
FNDA:0,compareImageData
FNDA:0,extractLogoCrop
FNDA:0,matchCardLogoToSets
FNDA:0,(anonymous_20)
FNDA:0,(anonymous_21)
FNDA:0,(anonymous_22)
DA:7,0
DA:8,0
DA:10,0
DA:41,0
DA:50,0
DA:55,0
DA:56,0
DA:57,0
DA:58,0
DA:59,0
DA:60,0
DA:61,0
DA:62,0
DA:63,0
DA:64,0
DA:66,0
DA:73,0
DA:74,0
DA:75,0
DA:76,0
DA:77,0
DA:79,0
DA:84,0
DA:90,0
DA:91,0
DA:92,0
DA:93,0
DA:95,0
DA:104,0
DA:105,0
DA:106,0
DA:107,0
DA:109,0
DA:110,0
DA:111,0
DA:112,0
DA:113,0
DA:114,0
DA:115,0
DA:116,0
DA:118,0
DA:121,0
DA:124,0
DA:125,0
DA:126,0
DA:127,0
DA:128,0
DA:129,0
DA:137,0
DA:138,0
DA:139,0
DA:140,0
DA:141,0
DA:142,0
DA:143,0
DA:145,0
DA:147,0
DA:148,0
DA:149,0
DA:150,0
DA:151,0
DA:153,0
DA:158,0
DA:159,0
DA:160,0
DA:161,0
DA:162,0
DA:163,0
DA:164,0
DA:165,0
DA:166,0
DA:168,0
DA:169,0
DA:170,0
DA:171,0
DA:172,0
DA:173,0
DA:175,0
DA:180,0
DA:181,0
DA:182,0
DA:183,0
DA:184,0
DA:185,0
DA:187,0
DA:192,0
DA:193,0
DA:194,0
DA:195,0
DA:196,0
DA:197,0
DA:198,0
DA:199,0
DA:201,0
DA:208,0
DA:214,0
DA:215,0
DA:216,0
DA:219,0
DA:223,0
DA:224,0
DA:225,0
DA:226,0
DA:227,0
DA:231,0
DA:232,0
DA:233,0
DA:234,0
DA:235,0
DA:236,0
DA:240,0
DA:241,0
DA:242,0
DA:243,0
DA:244,0
DA:245,0
DA:247,0
DA:248,0
DA:252,0
DA:253,0
DA:254,0
DA:255,0
DA:257,0
DA:270,0
DA:271,0
DA:272,0
DA:273,0
DA:274,0
DA:275,0
DA:276,0
DA:277,0
DA:278,0
DA:279,0
DA:280,0
DA:281,0
DA:282,0
DA:283,0
DA:284,0
DA:285,0
DA:286,0
DA:287,0
DA:288,0
DA:295,0
DA:302,0
DA:303,0
DA:305,0
DA:306,0
DA:308,0
DA:309,0
DA:310,0
DA:311,0
DA:313,0
DA:316,0
DA:317,0
DA:318,0
DA:319,0
DA:320,0
DA:321,0
DA:326,0
DA:329,0
DA:331,0
DA:332,0
DA:333,0
DA:334,0
DA:335,0
DA:336,0
DA:337,0
DA:338,0
DA:339,0
DA:341,0
DA:349,0
DA:350,0
LF:172
LH:0
BRDA:56,0,0,0
BRDA:63,1,0,0
BRDA:63,1,1,0
BRDA:73,2,0,0
BRDA:75,3,0,0
BRDA:75,3,1,0
BRDA:77,4,0,0
BRDA:79,5,0,0
BRDA:79,5,1,0
BRDA:91,6,0,0
BRDA:104,7,0,0
BRDA:106,8,0,0
BRDA:106,8,1,0
BRDA:107,9,0,0
BRDA:107,9,1,0
BRDA:113,10,0,0
BRDA:113,11,0,0
BRDA:113,11,1,0
BRDA:114,12,0,0
BRDA:115,13,0,0
BRDA:116,14,0,0
BRDA:116,14,1,0
BRDA:116,15,0,0
BRDA:116,15,1,0
BRDA:141,16,0,0
BRDA:142,17,0,0
BRDA:142,17,1,0
BRDA:168,18,0,0
BRDA:168,18,1,0
BRDA:179,19,0,0
BRDA:184,20,0,0
BRDA:184,20,1,0
BRDA:224,21,0,0
BRDA:225,22,0,0
BRDA:226,23,0,0
BRDA:232,24,0,0
BRDA:240,25,0,0
BRDA:252,26,0,0
BRDA:286,27,0,0
BRDA:298,28,0,0
BRDA:299,29,0,0
BRDA:308,30,0,0
BRDA:308,31,0,0
BRDA:308,31,1,0
BRDA:310,32,0,0
BRDA:313,33,0,0
BRDA:317,34,0,0
BRDA:317,34,1,0
BRDA:339,35,0,0
BRF:49
BRH:0
end_of_record
TN:
SF:src\services\wishlistExportService.ts
FN:7,escapeCSV
FN:25,exportWishlistToCSV
FN:41,(anonymous_2)
FN:66,exportWishlistToJSON
FN:67,(anonymous_4)
FN:89,exportWishlist
FN:106,downloadWishlist
FNF:7
FNH:0
FNDA:0,escapeCSV
FNDA:0,exportWishlistToCSV
FNDA:0,(anonymous_2)
FNDA:0,exportWishlistToJSON
FNDA:0,(anonymous_4)
FNDA:0,exportWishlist
FNDA:0,downloadWishlist
DA:2,0
DA:8,0
DA:9,0
DA:12,0
DA:15,0
DA:16,0
DA:19,0
DA:25,0
DA:26,0
DA:41,0
DA:42,0
DA:57,0
DA:60,0
DA:66,0
DA:67,0
DA:83,0
DA:89,0
DA:93,0
DA:95,0
DA:97,0
DA:99,0
DA:106,0
DA:107,0
DA:108,0
DA:109,0
DA:110,0
DA:112,0
LF:27
LH:0
BRDA:8,0,0,0
BRDA:8,1,0,0
BRDA:8,1,1,0
BRDA:15,2,0,0
BRDA:15,3,0,0
BRDA:15,3,1,0
BRDA:15,3,2,0
BRDA:45,4,0,0
BRDA:45,4,1,0
BRDA:49,5,0,0
BRDA:49,5,1,0
BRDA:70,6,0,0
BRDA:70,6,1,0
BRDA:74,7,0,0
BRDA:74,7,1,0
BRDA:93,8,0,0
BRDA:93,8,1,0
BRDA:93,8,2,0
BRDA:108,9,0,0
BRDA:108,9,1,0
BRDA:109,10,0,0
BRDA:109,10,1,0
BRF:22
BRH:0
end_of_record
TN:
SF:src\services\wishlistService.ts
FN:9,cleanForPocketBase
FN:15,(anonymous_1)
FN:34,recordToWishlistItem
FN:57,getWishlistItems
FN:69,createWishlistItemFromCard
FN:98,addWishlistItem
FN:114,updateWishlistItem
FN:126,deleteWishlistItem
FN:133,deleteAllWishlistItems
FN:135,(anonymous_9)
FN:141,isCardInWishlist
FNF:11
FNH:6
FNDA:15,cleanForPocketBase
FNDA:0,(anonymous_1)
FNDA:2,recordToWishlistItem
FNDA:3,getWishlistItems
FNDA:0,createWishlistItemFromCard
FNDA:2,addWishlistItem
FNDA:2,updateWishlistItem
FNDA:2,deleteWishlistItem
FNDA:0,deleteAllWishlistItems
FNDA:0,(anonymous_9)
FNDA:0,isCardInWishlist
DA:2,1
DA:10,15
DA:11,0
DA:14,15
DA:15,0
DA:18,15
DA:19,4
DA:20,4
DA:21,11
DA:22,11
DA:25,4
DA:28,11
DA:35,2
DA:57,1
DA:58,3
DA:63,2
DA:69,1
DA:80,0
DA:98,1
DA:102,2
DA:107,2
DA:108,1
DA:114,1
DA:119,2
DA:120,2
DA:126,1
DA:127,2
DA:133,1
DA:134,0
DA:135,0
DA:141,1
DA:147,0
DA:149,0
DA:150,0
DA:153,0
DA:154,0
DA:157,0
DA:158,0
DA:162,0
DA:164,0
DA:165,0
LF:41
LH:26
BRDA:10,0,0,0
BRDA:10,1,0,15
BRDA:10,1,1,15
BRDA:14,2,0,0
BRDA:18,3,0,4
BRDA:18,4,0,15
BRDA:18,4,1,4
BRDA:21,5,0,11
BRDA:37,6,0,2
BRDA:37,6,1,0
BRDA:37,7,0,0
BRDA:37,7,1,0
BRDA:39,8,0,2
BRDA:39,8,1,0
BRDA:44,9,0,2
BRDA:44,9,1,2
BRDA:71,10,0,0
BRDA:83,11,0,0
BRDA:83,11,1,0
BRDA:84,12,0,0
BRDA:84,12,1,0
BRDA:85,13,0,0
BRDA:85,13,1,0
BRDA:86,14,0,0
BRDA:86,14,1,0
BRDA:87,15,0,0
BRDA:87,15,1,0
BRDA:149,16,0,0
BRDA:153,17,0,0
BRF:29
BRH:10
end_of_record
TN:
SF:src\types\user.ts
FN:25,hasRole
FN:30,isAdmin
FN:34,getUserRoles
FN:41,addRole
FN:46,removeRole
FN:47,(anonymous_5)
FN:50,ensureUserRole
FNF:7
FNH:0
FNDA:0,hasRole
FNDA:0,isAdmin
FNDA:0,getUserRoles
FNDA:0,addRole
FNDA:0,removeRole
FNDA:0,(anonymous_5)
FNDA:0,ensureUserRole
DA:25,0
DA:26,0
DA:27,0
DA:30,0
DA:31,0
DA:34,0
DA:35,0
DA:36,0
DA:38,0
DA:41,0
DA:42,0
DA:43,0
DA:46,0
DA:47,0
DA:50,0
DA:52,0
DA:53,0
DA:55,0
LF:18
LH:0
BRDA:26,0,0,0
BRDA:26,1,0,0
BRDA:26,1,1,0
BRDA:35,2,0,0
BRDA:35,3,0,0
BRDA:35,3,1,0
BRDA:35,3,2,0
BRDA:42,4,0,0
BRDA:52,5,0,0
BRF:9
BRH:0
end_of_record
TN:
SF:src\utils\LRUCache.ts
FN:10,(anonymous_0)
FN:20,(anonymous_1)
FN:43,(anonymous_2)
FN:66,(anonymous_3)
FN:73,(anonymous_4)
FN:80,(anonymous_5)
FN:88,(anonymous_6)
FN:109,(anonymous_7)
FN:116,(anonymous_8)
FN:117,(anonymous_9)
FNF:10
FNH:3
FNDA:76,(anonymous_0)
FNDA:8,(anonymous_1)
FNDA:6,(anonymous_2)
FNDA:0,(anonymous_3)
FNDA:0,(anonymous_4)
FNDA:0,(anonymous_5)
FNDA:0,(anonymous_6)
FNDA:0,(anonymous_7)
FNDA:0,(anonymous_8)
FNDA:0,(anonymous_9)
DA:5,2
DA:11,76
DA:12,76
DA:13,76
DA:21,8
DA:23,8
DA:24,8
DA:28,0
DA:29,0
DA:30,0
DA:34,0
DA:35,0
DA:37,0
DA:45,6
DA:46,0
DA:49,6
DA:50,0
DA:51,0
DA:52,0
DA:57,6
DA:67,0
DA:74,0
DA:81,0
DA:89,0
DA:90,0
DA:93,0
DA:94,0
DA:96,0
DA:97,0
DA:98,0
DA:99,0
DA:103,0
DA:110,0
DA:117,0
LF:34
LH:10
BRDA:23,0,0,8
BRDA:28,1,0,0
BRDA:28,2,0,0
BRDA:28,2,1,0
BRDA:45,3,0,0
BRDA:45,3,1,6
BRDA:49,4,0,0
BRDA:51,5,0,0
BRDA:89,6,0,0
BRDA:97,7,0,0
BRF:10
BRH:2
end_of_record
TN:
SF:src\utils\apiQueue.ts
FN:26,(anonymous_0)
FN:33,(anonymous_1)
FN:45,(anonymous_2)
FN:46,(anonymous_3)
FN:56,(anonymous_4)
FN:96,(anonymous_5)
FN:100,(anonymous_6)
FN:118,(anonymous_7)
FN:125,(anonymous_8)
FN:132,(anonymous_9)
FN:133,(anonymous_10)
FNF:11
FNH:0
FNDA:0,(anonymous_0)
FNDA:0,(anonymous_1)
FNDA:0,(anonymous_2)
FNDA:0,(anonymous_3)
FNDA:0,(anonymous_4)
FNDA:0,(anonymous_5)
FNDA:0,(anonymous_6)
FNDA:0,(anonymous_7)
FNDA:0,(anonymous_8)
FNDA:0,(anonymous_9)
FNDA:0,(anonymous_10)
DA:21,0
DA:22,0
DA:24,0
DA:27,0
DA:34,0
DA:35,0
DA:36,0
DA:37,0
DA:38,0
DA:46,0
DA:47,0
DA:48,0
DA:49,0
DA:58,0
DA:59,0
DA:63,0
DA:66,0
DA:67,0
DA:68,0
DA:72,0
DA:74,0
DA:76,0
DA:77,0
DA:79,0
DA:82,0
DA:85,0
DA:100,0
DA:101,0
DA:110,0
DA:111,0
DA:119,0
DA:126,0
DA:133,0
DA:134,0
DA:136,0
DA:141,0
LF:36
LH:0
BRDA:26,0,0,0
BRDA:34,1,0,0
BRDA:34,1,1,0
BRDA:34,1,2,0
BRDA:34,1,3,0
BRDA:48,2,0,0
BRDA:58,3,0,0
BRDA:67,4,0,0
BRDA:98,5,0,0
BRF:9
BRH:0
end_of_record
TN:
SF:src\utils\cardEdgeDetection.ts
FN:32,fullFrameQuad
FN:50,quadAspectRatio
FN:51,(anonymous_2)
FN:52,(anonymous_3)
FN:59,dist
FN:67,quadSideLengthRatio
FN:83,orderQuadPoints
FN:84,(anonymous_7)
FN:85,(anonymous_8)
FN:86,(anonymous_9)
FN:90,(anonymous_10)
FN:91,(anonymous_11)
FN:95,quadCentroid
FN:96,(anonymous_13)
FN:97,(anonymous_14)
FN:104,orderCornersTLTRBRBL
FN:106,(anonymous_16)
FN:120,regularizeQuadToRectangle
FN:153,expandQuadFromCenter
FN:158,(anonymous_19)
FN:169,sampleOutsideBorderLuminance
FN:217,isWhiteBorderedCard
FN:232,findBestCardQuadFromEdges
FN:296,detectCardEdges
FN:297,(anonymous_24)
FN:374,drawQuadOnContext
FNF:26
FNH:0
FNDA:0,fullFrameQuad
FNDA:0,quadAspectRatio
FNDA:0,(anonymous_2)
FNDA:0,(anonymous_3)
FNDA:0,dist
FNDA:0,quadSideLengthRatio
FNDA:0,orderQuadPoints
FNDA:0,(anonymous_7)
FNDA:0,(anonymous_8)
FNDA:0,(anonymous_9)
FNDA:0,(anonymous_10)
FNDA:0,(anonymous_11)
FNDA:0,quadCentroid
FNDA:0,(anonymous_13)
FNDA:0,(anonymous_14)
FNDA:0,orderCornersTLTRBRBL
FNDA:0,(anonymous_16)
FNDA:0,regularizeQuadToRectangle
FNDA:0,expandQuadFromCenter
FNDA:0,(anonymous_19)
FNDA:0,sampleOutsideBorderLuminance
FNDA:0,isWhiteBorderedCard
FNDA:0,findBestCardQuadFromEdges
FNDA:0,detectCardEdges
FNDA:0,(anonymous_24)
FNDA:0,drawQuadOnContext
DA:12,0
DA:22,0
DA:24,0
DA:25,0
DA:27,0
DA:33,0
DA:34,0
DA:35,0
DA:51,0
DA:52,0
DA:53,0
DA:54,0
DA:55,0
DA:60,0
DA:68,0
DA:69,0
DA:75,0
DA:76,0
DA:77,0
DA:84,0
DA:85,0
DA:86,0
DA:90,0
DA:91,0
DA:96,0
DA:97,0
DA:98,0
DA:105,0
DA:106,0
DA:107,0
DA:108,0
DA:109,0
DA:110,0
DA:111,0
DA:112,0
DA:113,0
DA:121,0
DA:122,0
DA:123,0
DA:124,0
DA:125,0
DA:126,0
DA:127,0
DA:128,0
DA:129,0
DA:130,0
DA:131,0
DA:135,0
DA:136,0
DA:137,0
DA:138,0
DA:139,0
DA:140,0
DA:141,0
DA:157,0
DA:158,0
DA:175,0
DA:176,0
DA:177,0
DA:178,0
DA:179,0
DA:180,0
DA:181,0
DA:182,0
DA:183,0
DA:184,0
DA:185,0
DA:186,0
DA:187,0
DA:188,0
DA:189,0
DA:190,0
DA:191,0
DA:192,0
DA:193,0
DA:194,0
DA:195,0
DA:196,0
DA:197,0
DA:198,0
DA:199,0
DA:200,0
DA:201,0
DA:202,0
DA:203,0
DA:207,0
DA:211,0
DA:221,0
DA:222,0
DA:226,0
DA:237,0
DA:238,0
DA:239,0
DA:241,0
DA:242,0
DA:244,0
DA:245,0
DA:246,0
DA:247,0
DA:248,0
DA:249,0
DA:252,0
DA:253,0
DA:254,0
DA:256,0
DA:257,0
DA:258,0
DA:259,0
DA:262,0
DA:263,0
DA:264,0
DA:265,0
DA:266,0
DA:268,0
DA:269,0
DA:271,0
DA:272,0
DA:273,0
DA:276,0
DA:277,0
DA:279,0
DA:280,0
DA:281,0
DA:285,0
DA:286,0
DA:287,0
DA:296,0
DA:297,0
DA:299,0
DA:300,0
DA:302,0
DA:305,0
DA:306,0
DA:308,0
DA:309,0
DA:310,0
DA:312,0
DA:313,0
DA:314,0
DA:315,0
DA:316,0
DA:317,0
DA:318,0
DA:320,0
DA:321,0
DA:322,0
DA:323,0
DA:324,0
DA:325,0
DA:328,0
DA:329,0
DA:330,0
DA:331,0
DA:332,0
DA:335,0
DA:336,0
DA:337,0
DA:338,0
DA:339,0
DA:340,0
DA:341,0
DA:342,0
DA:343,0
DA:344,0
DA:345,0
DA:349,0
DA:350,0
DA:351,0
DA:353,0
DA:354,0
DA:357,0
DA:359,0
DA:360,0
DA:361,0
DA:362,0
DA:363,0
DA:364,0
DA:365,0
DA:368,0
DA:374,0
DA:379,0
DA:380,0
DA:381,0
DA:382,0
DA:383,0
DA:384,0
DA:385,0
DA:386,0
DA:387,0
DA:388,0
DA:389,0
LF:191
LH:0
BRDA:55,0,0,0
BRDA:55,0,1,0
BRDA:68,1,0,0
BRDA:77,2,0,0
BRDA:77,2,1,0
BRDA:105,3,0,0
BRDA:109,4,0,0
BRDA:109,4,1,0
BRDA:110,5,0,0
BRDA:110,5,1,0
BRDA:111,6,0,0
BRDA:111,6,1,0
BRDA:112,7,0,0
BRDA:112,7,1,0
BRDA:121,8,0,0
BRDA:172,9,0,0
BRDA:173,10,0,0
BRDA:179,11,0,0
BRDA:196,12,0,0
BRDA:196,13,0,0
BRDA:196,13,1,0
BRDA:196,13,2,0
BRDA:196,13,3,0
BRDA:207,14,0,0
BRDA:207,14,1,0
BRDA:247,15,0,0
BRDA:256,16,0,0
BRDA:273,17,0,0
BRDA:277,18,0,0
BRDA:279,19,0,0
BRDA:305,20,0,0
BRDA:305,20,1,0
BRDA:305,21,0,0
BRDA:305,21,1,0
BRDA:306,22,0,0
BRDA:310,23,0,0
BRDA:310,24,0,0
BRDA:310,24,1,0
BRDA:335,25,0,0
BRDA:335,26,0,0
BRDA:335,26,1,0
BRDA:343,27,0,0
BRDA:343,28,0,0
BRDA:343,28,1,0
BRDA:349,29,0,0
BRDA:349,30,0,0
BRDA:349,30,1,0
BRDA:350,31,0,0
BRDA:359,32,0,0
BRDA:360,33,0,0
BRDA:361,34,0,0
BRDA:362,35,0,0
BRDA:363,36,0,0
BRDA:364,37,0,0
BRDA:365,38,0,0
BRDA:377,39,0,0
BRDA:379,40,0,0
BRDA:379,41,0,0
BRF:58
BRH:0
end_of_record
TN:
SF:src\utils\cardOcr.ts
FN:18,loadImage
FN:19,(anonymous_2)
FN:22,(anonymous_3)
FN:23,(anonymous_4)
FN:31,cropToRegion
FN:50,preprocessForOCR
FN:105,normalizeOcrText
FN:123,extractCardNameWithOCR
FN:132,(anonymous_9)
FNF:9
FNH:0
FNDA:0,loadImage
FNDA:0,(anonymous_2)
FNDA:0,(anonymous_3)
FNDA:0,(anonymous_4)
FNDA:0,cropToRegion
FNDA:0,preprocessForOCR
FNDA:0,normalizeOcrText
FNDA:0,extractCardNameWithOCR
FNDA:0,(anonymous_9)
DA:6,0
DA:9,0
DA:13,0
DA:19,0
DA:20,0
DA:21,0
DA:22,0
DA:23,0
DA:24,0
DA:35,0
DA:36,0
DA:37,0
DA:38,0
DA:39,0
DA:40,0
DA:41,0
DA:42,0
DA:43,0
DA:44,0
DA:45,0
DA:46,0
DA:54,0
DA:55,0
DA:56,0
DA:57,0
DA:58,0
DA:60,0
DA:61,0
DA:62,0
DA:63,0
DA:64,0
DA:65,0
DA:66,0
DA:67,0
DA:69,0
DA:70,0
DA:71,0
DA:72,0
DA:74,0
DA:75,0
DA:76,0
DA:77,0
DA:78,0
DA:79,0
DA:80,0
DA:81,0
DA:82,0
DA:85,0
DA:87,0
DA:89,0
DA:90,0
DA:91,0
DA:92,0
DA:94,0
DA:96,0
DA:97,0
DA:98,0
DA:101,0
DA:102,0
DA:106,0
DA:123,0
DA:127,0
DA:128,0
DA:129,0
DA:130,0
DA:132,0
DA:133,0
DA:134,0
DA:138,0
DA:143,0
DA:144,0
DA:145,0
DA:146,0
DA:149,0
DA:150,0
DA:152,0
LF:76
LH:0
BRDA:45,0,0,0
BRDA:56,1,0,0
BRDA:56,1,1,0
BRDA:64,2,0,0
BRDA:85,3,0,0
BRDA:85,3,1,0
BRDA:87,4,0,0
BRDA:87,4,1,0
BRDA:91,5,0,0
BRDA:91,5,1,0
BRDA:106,6,0,0
BRDA:106,6,1,0
BRDA:125,7,0,0
BRDA:143,8,0,0
BRDA:143,8,1,0
BRDA:144,9,0,0
BRDA:144,9,1,0
BRDA:145,10,0,0
BRDA:145,10,1,0
BRDA:146,11,0,0
BRDA:146,11,1,0
BRDA:149,12,0,0
BRDA:149,12,1,0
BRDA:149,13,0,0
BRDA:149,13,1,0
BRDA:149,14,0,0
BRDA:149,14,1,0
BRF:27
BRH:0
end_of_record
TN:
SF:src\utils\fetchWithRetry.ts
FN:25,calculateDelay
FN:33,isRetryableError
FN:60,fetchWithRetry
FN:98,(anonymous_3)
FN:117,(anonymous_4)
FNF:5
FNH:0
FNDA:0,calculateDelay
FNDA:0,isRetryableError
FNDA:0,fetchWithRetry
FNDA:0,(anonymous_3)
FNDA:0,(anonymous_4)
DA:14,0
DA:26,0
DA:27,0
DA:39,0
DA:40,0
DA:44,0
DA:60,0
DA:65,0
DA:70,0
DA:74,0
DA:75,0
DA:76,0
DA:79,0
DA:80,0
DA:84,0
DA:85,0
DA:89,0
DA:92,0
DA:93,0
DA:97,0
DA:98,0
DA:101,0
DA:103,0
DA:106,0
DA:107,0
DA:111,0
DA:112,0
DA:116,0
DA:117,0
DA:122,0
DA:123,0
DA:126,0
LF:32
LH:0
BRDA:36,0,0,0
BRDA:39,1,0,0
BRDA:40,2,0,0
BRDA:40,2,1,0
BRDA:63,3,0,0
BRDA:79,4,0,0
BRDA:84,5,0,0
BRDA:92,6,0,0
BRDA:103,7,0,0
BRDA:103,7,1,0
BRDA:106,8,0,0
BRDA:111,9,0,0
BRDA:122,10,0,0
BRF:13
BRH:0
end_of_record
TN:
SF:src\utils\indexedDB.ts
FN:18,openDB
FN:19,(anonymous_1)
FN:22,(anonymous_2)
FN:23,(anonymous_3)
FN:25,(anonymous_4)
FN:45,setItem
FN:47,(anonymous_6)
FN:52,(anonymous_7)
FN:53,(anonymous_8)
FN:60,getItem
FN:62,(anonymous_10)
FN:67,(anonymous_11)
FN:68,(anonymous_12)
FN:78,removeItem
FN:80,(anonymous_14)
FN:85,(anonymous_15)
FN:86,(anonymous_16)
FN:93,hasItem
FN:95,(anonymous_18)
FN:100,(anonymous_19)
FN:101,(anonymous_20)
FN:108,storeRawFile
FN:110,(anonymous_22)
FN:115,(anonymous_23)
FN:116,(anonymous_24)
FN:123,getRawFile
FNF:26
FNH:0
FNDA:0,openDB
FNDA:0,(anonymous_1)
FNDA:0,(anonymous_2)
FNDA:0,(anonymous_3)
FNDA:0,(anonymous_4)
FNDA:0,setItem
FNDA:0,(anonymous_6)
FNDA:0,(anonymous_7)
FNDA:0,(anonymous_8)
FNDA:0,getItem
FNDA:0,(anonymous_10)
FNDA:0,(anonymous_11)
FNDA:0,(anonymous_12)
FNDA:0,removeItem
FNDA:0,(anonymous_14)
FNDA:0,(anonymous_15)
FNDA:0,(anonymous_16)
FNDA:0,hasItem
FNDA:0,(anonymous_18)
FNDA:0,(anonymous_19)
FNDA:0,(anonymous_20)
FNDA:0,storeRawFile
FNDA:0,(anonymous_22)
FNDA:0,(anonymous_23)
FNDA:0,(anonymous_24)
FNDA:0,getRawFile
DA:6,0
DA:7,0
DA:18,0
DA:19,0
DA:20,0
DA:22,0
DA:23,0
DA:25,0
DA:26,0
DA:29,0
DA:30,0
DA:31,0
DA:35,0
DA:36,0
DA:45,0
DA:46,0
DA:47,0
DA:48,0
DA:49,0
DA:50,0
DA:52,0
DA:53,0
DA:60,0
DA:61,0
DA:62,0
DA:63,0
DA:64,0
DA:65,0
DA:67,0
DA:68,0
DA:69,0
DA:70,0
DA:78,0
DA:79,0
DA:80,0
DA:81,0
DA:82,0
DA:83,0
DA:85,0
DA:86,0
DA:93,0
DA:94,0
DA:95,0
DA:96,0
DA:97,0
DA:98,0
DA:100,0
DA:101,0
DA:108,0
DA:109,0
DA:110,0
DA:111,0
DA:112,0
DA:113,0
DA:115,0
DA:116,0
DA:123,0
DA:124,0
LF:58
LH:0
BRDA:29,0,0,0
BRDA:35,1,0,0
BRDA:70,2,0,0
BRDA:70,2,1,0
BRF:4
BRH:0
end_of_record
TN:
SF:src\utils\loadOpenCV.ts
FN:45,loadOpenCV
FN:50,(anonymous_1)
FN:52,(anonymous_2)
FN:57,(anonymous_3)
FN:62,(anonymous_4)
FN:68,isOpenCVLoaded
FNF:6
FNH:0
FNDA:0,loadOpenCV
FNDA:0,(anonymous_1)
FNDA:0,(anonymous_2)
FNDA:0,(anonymous_3)
FNDA:0,(anonymous_4)
FNDA:0,isOpenCVLoaded
DA:41,0
DA:43,0
DA:45,0
DA:46,0
DA:47,0
DA:49,0
DA:50,0
DA:51,0
DA:52,0
DA:54,0
DA:55,0
DA:56,0
DA:57,0
DA:58,0
DA:59,0
DA:62,0
DA:63,0
DA:65,0
DA:68,0
DA:69,0
LF:20
LH:0
BRDA:46,0,0,0
BRDA:49,1,0,0
BRDA:58,2,0,0
BRDA:69,3,0,0
BRDA:69,3,1,0
BRF:5
BRH:0
end_of_record
TN:
SF:src\utils\rectifyCard.ts
FN:10,orderCorners
FN:12,(anonymous_1)
FN:30,rectifyCardToCanvas
FNF:3
FNH:0
FNDA:0,orderCorners
FNDA:0,(anonymous_1)
FNDA:0,rectifyCardToCanvas
DA:6,0
DA:11,0
DA:12,0
DA:13,0
DA:14,0
DA:15,0
DA:16,0
DA:17,0
DA:18,0
DA:19,0
DA:30,0
DA:36,0
DA:37,0
DA:38,0
DA:40,0
DA:41,0
DA:42,0
DA:44,0
DA:45,0
DA:46,0
DA:47,0
DA:48,0
DA:50,0
DA:51,0
DA:52,0
DA:53,0
DA:62,0
DA:63,0
DA:64,0
DA:65,0
DA:66,0
DA:67,0
DA:68,0
DA:69,0
DA:70,0
DA:71,0
DA:72,0
DA:73,0
DA:74,0
DA:75,0
DA:77,0
DA:78,0
DA:79,0
DA:80,0
DA:81,0
LF:45
LH:0
BRDA:11,0,0,0
BRDA:15,1,0,0
BRDA:15,1,1,0
BRDA:16,2,0,0
BRDA:16,2,1,0
BRDA:17,3,0,0
BRDA:17,3,1,0
BRDA:18,4,0,0
BRDA:18,4,1,0
BRDA:37,5,0,0
BRDA:37,5,1,0
BRDA:38,6,0,0
BRDA:73,7,0,0
BRDA:81,8,0,0
BRF:14
BRH:0
end_of_record
TN:
SF:src\utils\validationSchemas.ts
FN:55,validateParsedCard
FN:71,validateParsedCards
FN:75,(anonymous_2)
FN:95,validateDeck
FN:111,validateUserProfile
FN:127,validateWishlistItem
FNF:6
FNH:1
FNDA:10029,validateParsedCard
FNDA:0,validateParsedCards
FNDA:0,(anonymous_2)
FNDA:0,validateDeck
FNDA:0,validateUserProfile
FNDA:0,validateWishlistItem
DA:1,1
DA:8,1
DA:23,1
DA:31,1
DA:38,1
DA:48,1
DA:55,1
DA:56,10029
DA:57,10029
DA:58,10029
DA:60,0
DA:61,0
DA:62,0
DA:64,0
DA:71,1
DA:72,0
DA:73,0
DA:75,0
DA:76,0
DA:77,0
DA:78,0
DA:80,0
DA:81,0
DA:85,0
DA:86,0
DA:89,0
DA:95,1
DA:96,0
DA:97,0
DA:98,0
DA:100,0
DA:101,0
DA:102,0
DA:104,0
DA:111,1
DA:112,0
DA:113,0
DA:114,0
DA:116,0
DA:117,0
DA:118,0
DA:120,0
DA:127,1
DA:128,0
DA:129,0
DA:130,0
DA:132,0
DA:133,0
DA:134,0
DA:136,0
LF:50
LH:14
BRDA:60,0,0,0
BRDA:77,1,0,0
BRDA:77,1,1,0
BRDA:80,2,0,0
BRDA:80,2,1,0
BRDA:85,3,0,0
BRDA:100,4,0,0
BRDA:116,5,0,0
BRDA:132,6,0,0
BRF:9
BRH:0
end_of_record
