TN:
SF:src\App.tsx
FN:14,App
FNF:1
FNH:0
FNDA:0,App
DA:1,0
DA:2,0
DA:3,0
DA:4,0
DA:5,0
DA:6,0
DA:7,0
DA:8,0
DA:9,0
DA:10,0
DA:11,0
DA:12,0
DA:15,0
DA:78,0
LF:14
LH:0
BRF:0
BRH:0
end_of_record
TN:
SF:src\components\Card\CardDisplay.tsx
FN:17,CardDisplay
FN:39,(anonymous_8)
FN:44,(anonymous_9)
FN:61,(anonymous_10)
FN:68,(anonymous_11)
FN:76,(anonymous_12)
FN:87,(anonymous_13)
FN:92,(anonymous_14)
FN:108,(anonymous_15)
FN:141,(anonymous_16)
FN:163,(anonymous_17)
FN:183,(anonymous_18)
FN:206,(anonymous_19)
FN:241,(anonymous_20)
FN:241,(anonymous_21)
FN:276,(anonymous_22)
FN:292,(anonymous_23)
FN:308,(anonymous_24)
FN:330,(anonymous_25)
FN:343,(anonymous_26)
FN:354,(anonymous_27)
FN:364,(anonymous_28)
FN:446,(anonymous_29)
FN:459,(anonymous_30)
FNF:24
FNH:0
FNDA:0,CardDisplay
FNDA:0,(anonymous_8)
FNDA:0,(anonymous_9)
FNDA:0,(anonymous_10)
FNDA:0,(anonymous_11)
FNDA:0,(anonymous_12)
FNDA:0,(anonymous_13)
FNDA:0,(anonymous_14)
FNDA:0,(anonymous_15)
FNDA:0,(anonymous_16)
FNDA:0,(anonymous_17)
FNDA:0,(anonymous_18)
FNDA:0,(anonymous_19)
FNDA:0,(anonymous_20)
FNDA:0,(anonymous_21)
FNDA:0,(anonymous_22)
FNDA:0,(anonymous_23)
FNDA:0,(anonymous_24)
FNDA:0,(anonymous_25)
FNDA:0,(anonymous_26)
FNDA:0,(anonymous_27)
FNDA:0,(anonymous_28)
FNDA:0,(anonymous_29)
FNDA:0,(anonymous_30)
DA:1,0
DA:3,0
DA:4,0
DA:17,0
DA:26,0
DA:27,0
DA:28,0
DA:29,0
DA:31,0
DA:33,0
DA:34,0
DA:35,0
DA:36,0
DA:39,0
DA:40,0
DA:41,0
DA:42,0
DA:44,0
DA:45,0
DA:46,0
DA:48,0
DA:49,0
DA:55,0
DA:56,0
DA:57,0
DA:60,0
DA:62,0
DA:68,0
DA:69,0
DA:72,0
DA:78,0
DA:79,0
DA:81,0
DA:88,0
DA:89,0
DA:90,0
DA:93,0
DA:94,0
DA:95,0
DA:109,0
DA:110,0
DA:111,0
DA:142,0
DA:164,0
DA:185,0
DA:207,0
DA:241,0
DA:242,0
DA:243,0
DA:244,0
DA:245,0
DA:247,0
DA:248,0
DA:250,0
DA:277,0
DA:278,0
DA:293,0
DA:294,0
DA:309,0
DA:310,0
DA:311,0
DA:330,0
DA:343,0
DA:354,0
DA:365,0
DA:366,0
DA:446,0
DA:462,0
LF:68
LH:0
BRDA:24,0,0,0
BRDA:26,1,0,0
BRDA:26,1,1,0
BRDA:26,2,0,0
BRDA:26,2,1,0
BRDA:27,3,0,0
BRDA:27,3,1,0
BRDA:27,4,0,0
BRDA:27,4,1,0
BRDA:27,5,0,0
BRDA:27,5,1,0
BRDA:28,6,0,0
BRDA:28,6,1,0
BRDA:28,7,0,0
BRDA:28,7,1,0
BRDA:28,8,0,0
BRDA:28,8,1,0
BRDA:40,9,0,0
BRDA:40,9,1,0
BRDA:45,10,0,0
BRDA:45,10,1,0
BRDA:48,11,0,0
BRDA:78,12,0,0
BRDA:100,13,0,0
BRDA:100,13,1,0
BRDA:100,14,0,0
BRDA:100,14,1,0
BRDA:119,15,0,0
BRDA:119,15,1,0
BRDA:171,16,0,0
BRDA:171,16,1,0
BRDA:174,17,0,0
BRDA:174,17,1,0
BRDA:200,18,0,0
BRDA:200,18,1,0
BRDA:200,18,2,0
BRDA:200,18,3,0
BRDA:200,19,0,0
BRDA:200,19,1,0
BRDA:200,20,0,0
BRDA:200,20,1,0
BRDA:204,21,0,0
BRDA:204,21,1,0
BRDA:209,22,0,0
BRDA:209,22,1,0
BRDA:216,23,0,0
BRDA:216,23,1,0
BRDA:216,24,0,0
BRDA:216,24,1,0
BRDA:216,25,0,0
BRDA:216,25,1,0
BRDA:226,26,0,0
BRDA:226,26,1,0
BRDA:238,27,0,0
BRDA:238,27,1,0
BRDA:239,28,0,0
BRDA:239,28,1,0
BRDA:257,29,0,0
BRDA:257,29,1,0
BRDA:272,30,0,0
BRDA:272,30,1,0
BRDA:274,31,0,0
BRDA:274,31,1,0
BRDA:290,32,0,0
BRDA:290,32,1,0
BRDA:290,32,2,0
BRDA:290,32,3,0
BRDA:306,33,0,0
BRDA:306,33,1,0
BRDA:306,33,2,0
BRDA:310,34,0,0
BRDA:327,35,0,0
BRDA:327,35,1,0
BRDA:332,36,0,0
BRDA:332,36,1,0
BRDA:340,37,0,0
BRDA:340,37,1,0
BRDA:356,38,0,0
BRDA:356,38,1,0
BRDA:356,39,0,0
BRDA:356,39,1,0
BRDA:374,40,0,0
BRDA:374,40,1,0
BRDA:420,41,0,0
BRDA:420,41,1,0
BRDA:423,42,0,0
BRDA:423,42,1,0
BRDA:463,43,0,0
BRDA:463,43,1,0
BRDA:463,43,2,0
BRDA:463,43,3,0
BRDA:463,43,4,0
BRDA:463,43,5,0
BRDA:463,43,6,0
BRDA:463,43,7,0
BRDA:463,43,8,0
BRDA:463,43,9,0
BRDA:463,43,10,0
BRDA:463,43,11,0
BRDA:463,43,12,0
BRDA:465,44,0,0
BRDA:465,44,1,0
BRDA:465,45,0,0
BRDA:465,45,1,0
BRDA:465,46,0,0
BRDA:465,46,1,0
BRDA:465,47,0,0
BRDA:465,47,1,0
BRDA:467,48,0,0
BRDA:467,48,1,0
BRDA:467,49,0,0
BRDA:467,49,1,0
BRDA:467,50,0,0
BRDA:467,50,1,0
BRDA:467,51,0,0
BRDA:467,51,1,0
BRDA:468,52,0,0
BRDA:468,52,1,0
BRDA:468,53,0,0
BRDA:468,53,1,0
BRDA:468,54,0,0
BRDA:468,54,1,0
BRDA:468,55,0,0
BRDA:468,55,1,0
BRDA:477,56,0,0
BRDA:477,56,1,0
BRDA:477,57,0,0
BRDA:477,57,1,0
BRDA:477,58,0,0
BRDA:477,58,1,0
BRDA:477,59,0,0
BRDA:477,59,1,0
BRDA:477,60,0,0
BRDA:477,60,1,0
BRDA:477,61,0,0
BRDA:477,61,1,0
BRDA:477,62,0,0
BRDA:477,62,1,0
BRDA:477,63,0,0
BRDA:477,63,1,0
BRF:140
BRH:0
end_of_record
TN:
SF:src\components\Export\ExportModal.tsx
FN:13,ExportModal
FN:18,(anonymous_1)
FN:50,(anonymous_2)
FN:80,(anonymous_3)
FN:90,(anonymous_4)
FN:112,(anonymous_5)
FNF:6
FNH:0
FNDA:0,ExportModal
FNDA:0,(anonymous_1)
FNDA:0,(anonymous_2)
FNDA:0,(anonymous_3)
FNDA:0,(anonymous_4)
FNDA:0,(anonymous_5)
DA:1,0
DA:2,0
DA:3,0
DA:4,0
DA:13,0
DA:14,0
DA:15,0
DA:16,0
DA:18,0
DA:19,0
DA:20,0
DA:21,0
DA:24,0
DA:25,0
DA:27,0
DA:31,0
DA:38,0
DA:45,0
DA:46,0
DA:48,0
DA:50,0
DA:51,0
DA:52,0
DA:55,0
DA:56,0
DA:57,0
DA:61,0
DA:68,0
DA:81,0
DA:90,0
DA:112,0
LF:31
LH:0
BRDA:19,0,0,0
BRDA:73,1,0,0
BRDA:73,1,1,0
BRDA:95,2,0,0
BRDA:95,2,1,0
BRDA:95,3,0,0
BRDA:95,3,1,0
BRDA:106,4,0,0
BRDA:106,4,1,0
BRDA:106,5,0,0
BRDA:106,5,1,0
BRF:11
BRH:0
end_of_record
TN:
SF:src\components\Import\ImportJobCard.tsx
FN:12,ImportJobCard
FN:19,(anonymous_1)
FN:36,(anonymous_2)
FN:55,(anonymous_3)
FN:90,(anonymous_4)
FN:170,(anonymous_5)
FN:179,(anonymous_6)
FN:188,(anonymous_7)
FNF:8
FNH:0
FNDA:0,ImportJobCard
FNDA:0,(anonymous_1)
FNDA:0,(anonymous_2)
FNDA:0,(anonymous_3)
FNDA:0,(anonymous_4)
FNDA:0,(anonymous_5)
FNDA:0,(anonymous_6)
FNDA:0,(anonymous_7)
DA:2,0
DA:12,0
DA:19,0
DA:20,0
DA:22,0
DA:24,0
DA:26,0
DA:28,0
DA:30,0
DA:32,0
DA:36,0
DA:37,0
DA:39,0
DA:41,0
DA:43,0
DA:45,0
DA:47,0
DA:49,0
DA:51,0
DA:55,0
DA:56,0
DA:57,0
DA:58,0
DA:67,0
DA:71,0
DA:90,0
DA:170,0
DA:179,0
DA:188,0
LF:29
LH:0
BRDA:20,0,0,0
BRDA:20,0,1,0
BRDA:20,0,2,0
BRDA:20,0,3,0
BRDA:20,0,4,0
BRDA:20,0,5,0
BRDA:37,1,0,0
BRDA:37,1,1,0
BRDA:37,1,2,0
BRDA:37,1,3,0
BRDA:37,1,4,0
BRDA:37,1,5,0
BRDA:37,1,6,0
BRDA:56,2,0,0
BRDA:57,3,0,0
BRDA:57,3,1,0
BRDA:67,4,0,0
BRDA:67,4,1,0
BRDA:80,5,0,0
BRDA:80,5,1,0
BRDA:84,6,0,0
BRDA:84,6,1,0
BRDA:87,7,0,0
BRDA:87,7,1,0
BRDA:98,8,0,0
BRDA:98,8,1,0
BRDA:98,9,0,0
BRDA:98,9,1,0
BRDA:113,10,0,0
BRDA:113,10,1,0
BRDA:134,11,0,0
BRDA:134,11,1,0
BRDA:160,12,0,0
BRDA:160,12,1,0
BRDA:167,13,0,0
BRDA:167,13,1,0
BRDA:167,13,2,0
BRDA:176,14,0,0
BRDA:176,14,1,0
BRDA:176,14,2,0
BRDA:176,14,3,0
BRDA:185,15,0,0
BRDA:185,15,1,0
BRDA:185,15,2,0
BRF:44
BRH:0
end_of_record
TN:
SF:src\components\Import\ImportReportModal.tsx
FN:10,ImportReportModal
FN:15,(anonymous_1)
FN:32,(anonymous_2)
FN:51,(anonymous_3)
FN:52,(anonymous_4)
FN:115,(anonymous_5)
FN:136,(anonymous_6)
FN:164,(anonymous_7)
FNF:8
FNH:0
FNDA:0,ImportReportModal
FNDA:0,(anonymous_1)
FNDA:0,(anonymous_2)
FNDA:0,(anonymous_3)
FNDA:0,(anonymous_4)
FNDA:0,(anonymous_5)
FNDA:0,(anonymous_6)
FNDA:0,(anonymous_7)
DA:2,0
DA:10,0
DA:11,0
DA:12,0
DA:15,0
DA:16,0
DA:20,0
DA:22,0
DA:24,0
DA:26,0
DA:28,0
DA:32,0
DA:33,0
DA:35,0
DA:37,0
DA:39,0
DA:41,0
DA:43,0
DA:45,0
DA:47,0
DA:51,0
DA:52,0
DA:54,0
DA:116,0
DA:137,0
DA:165,0
LF:26
LH:0
BRDA:11,0,0,0
BRDA:11,1,0,0
BRDA:11,1,1,0
BRDA:16,2,0,0
BRDA:16,2,1,0
BRDA:16,2,2,0
BRDA:16,2,3,0
BRDA:16,2,4,0
BRDA:16,2,5,0
BRDA:16,2,6,0
BRDA:33,3,0,0
BRDA:33,3,1,0
BRDA:33,3,2,0
BRDA:33,3,3,0
BRDA:33,3,4,0
BRDA:33,3,5,0
BRDA:33,3,6,0
BRDA:83,4,0,0
BRDA:83,4,1,0
BRDA:109,5,0,0
BRDA:109,5,1,0
BRDA:118,6,0,0
BRDA:118,6,1,0
BRDA:130,7,0,0
BRDA:130,7,1,0
BRDA:139,8,0,0
BRDA:139,8,1,0
BRDA:149,9,0,0
BRDA:149,9,1,0
BRDA:171,10,0,0
BRDA:171,10,1,0
BRDA:177,11,0,0
BRDA:177,11,1,0
BRF:33
BRH:0
end_of_record
TN:
SF:src\components\Layout\AdminRoute.tsx
FN:9,AdminRoute
FNF:1
FNH:0
FNDA:0,AdminRoute
DA:1,0
DA:2,0
DA:3,0
DA:9,0
DA:10,0
DA:11,0
DA:13,0
DA:14,0
DA:21,0
DA:22,0
DA:25,0
DA:26,0
DA:41,0
LF:13
LH:0
BRDA:13,0,0,0
BRDA:13,1,0,0
BRDA:13,1,1,0
BRDA:21,2,0,0
BRDA:25,3,0,0
BRF:5
BRH:0
end_of_record
TN:
SF:src\components\Layout\Navbar.tsx
FN:9,Navbar
FN:16,(anonymous_8)
FN:16,(anonymous_9)
FNF:3
FNH:0
FNDA:0,Navbar
FNDA:0,(anonymous_8)
FNDA:0,(anonymous_9)
DA:1,0
DA:2,0
DA:3,0
DA:4,0
DA:5,0
DA:6,0
DA:7,0
DA:9,0
DA:10,0
DA:11,0
DA:12,0
DA:13,0
DA:14,0
DA:16,0
DA:17,0
DA:18,0
DA:19,0
DA:21,0
DA:25,0
DA:26,0
DA:29,0
LF:21
LH:0
BRDA:25,0,0,0
BRDA:64,1,0,0
BRDA:64,1,1,0
BRDA:78,2,0,0
BRDA:78,2,1,0
BRDA:80,3,0,0
BRDA:80,3,1,0
BRDA:95,4,0,0
BRDA:95,4,1,0
BRDA:95,5,0,0
BRDA:95,5,1,0
BRDA:99,6,0,0
BRDA:99,6,1,0
BRDA:99,7,0,0
BRDA:99,7,1,0
BRDA:99,8,0,0
BRDA:99,8,1,0
BRF:17
BRH:0
end_of_record
TN:
SF:src\components\Layout\ProtectedRoute.tsx
FN:8,ProtectedRoute
FNF:1
FNH:0
FNDA:0,ProtectedRoute
DA:1,0
DA:2,0
DA:8,0
DA:9,0
DA:11,0
DA:12,0
DA:19,0
DA:20,0
DA:23,0
LF:9
LH:0
BRDA:11,0,0,0
BRDA:19,1,0,0
BRF:2
BRH:0
end_of_record
TN:
SF:src\components\UI\AvatarDisplay.tsx
FN:16,AvatarDisplay
FNF:1
FNH:0
FNDA:0,AvatarDisplay
DA:1,0
DA:9,0
DA:16,0
DA:17,0
DA:18,0
DA:20,0
LF:6
LH:0
BRDA:16,0,0,0
BRDA:16,1,0,0
BRDA:17,2,0,0
BRDA:17,2,1,0
BRDA:18,3,0,0
BRDA:18,3,1,0
BRF:6
BRH:0
end_of_record
TN:
SF:src\components\UI\Button.tsx
FN:7,Button
FNF:1
FNH:0
FNDA:0,Button
DA:7,0
DA:12,0
DA:13,0
DA:16,0
DA:18,0
DA:24,0
LF:6
LH:0
BRDA:9,0,0,0
BRDA:10,1,0,0
BRDA:11,2,0,0
BRDA:27,3,0,0
BRDA:27,3,1,0
BRDA:30,4,0,0
BRDA:30,4,1,0
BRF:7
BRH:0
end_of_record
TN:
SF:src\components\UI\CardMenuModal.tsx
FN:22,CardMenuModal
FN:33,(anonymous_1)
FN:37,(anonymous_2)
FN:56,(anonymous_3)
FN:63,(anonymous_4)
FN:71,(anonymous_5)
FN:78,(anonymous_6)
FN:101,(anonymous_7)
FN:117,(anonymous_8)
FN:148,(anonymous_9)
FN:166,(anonymous_10)
FN:168,(anonymous_11)
FNF:12
FNH:0
FNDA:0,CardMenuModal
FNDA:0,(anonymous_1)
FNDA:0,(anonymous_2)
FNDA:0,(anonymous_3)
FNDA:0,(anonymous_4)
FNDA:0,(anonymous_5)
FNDA:0,(anonymous_6)
FNDA:0,(anonymous_7)
FNDA:0,(anonymous_8)
FNDA:0,(anonymous_9)
FNDA:0,(anonymous_10)
FNDA:0,(anonymous_11)
DA:1,0
DA:2,0
DA:3,0
DA:4,0
DA:22,0
DA:30,0
DA:33,0
DA:34,0
DA:35,0
DA:37,0
DA:38,0
DA:39,0
DA:41,0
DA:42,0
DA:49,0
DA:50,0
DA:51,0
DA:52,0
DA:55,0
DA:57,0
DA:63,0
DA:64,0
DA:65,0
DA:66,0
DA:67,0
DA:71,0
DA:72,0
DA:73,0
DA:74,0
DA:78,0
DA:79,0
DA:82,0
DA:102,0
DA:118,0
DA:119,0
DA:120,0
DA:148,0
DA:167,0
DA:168,0
DA:169,0
LF:40
LH:0
BRDA:38,0,0,0
BRDA:38,0,1,0
BRDA:41,1,0,0
BRDA:65,2,0,0
BRDA:65,3,0,0
BRDA:65,3,1,0
BRDA:65,3,2,0
BRDA:72,4,0,0
BRDA:73,5,0,0
BRDA:73,5,1,0
BRDA:73,6,0,0
BRDA:73,6,1,0
BRDA:91,7,0,0
BRDA:91,7,1,0
BRDA:115,8,0,0
BRDA:115,8,1,0
BRDA:115,8,2,0
BRDA:118,9,0,0
BRDA:138,10,0,0
BRDA:138,10,1,0
BRDA:156,11,0,0
BRDA:156,11,1,0
BRDA:162,12,0,0
BRDA:162,12,1,0
BRDA:162,12,2,0
BRDA:167,13,0,0
BRDA:168,14,0,0
BRDA:168,14,1,0
BRDA:168,15,0,0
BRDA:168,15,1,0
BRDA:180,16,0,0
BRDA:180,16,1,0
BRDA:180,16,2,0
BRF:33
BRH:0
end_of_record
TN:
SF:src\components\UI\CollectionSelector.tsx
FN:13,CollectionSelector
FN:23,(anonymous_1)
FN:24,handleClickOutside
FN:34,(anonymous_3)
FN:40,(anonymous_4)
FN:43,(anonymous_5)
FN:50,(anonymous_6)
FN:62,(anonymous_7)
FN:91,(anonymous_8)
FN:104,(anonymous_9)
FN:118,(anonymous_10)
FN:140,(anonymous_11)
FN:146,(anonymous_12)
FN:147,(anonymous_13)
FN:151,(anonymous_14)
FNF:15
FNH:0
FNDA:0,CollectionSelector
FNDA:0,(anonymous_1)
FNDA:0,handleClickOutside
FNDA:0,(anonymous_3)
FNDA:0,(anonymous_4)
FNDA:0,(anonymous_5)
FNDA:0,(anonymous_6)
FNDA:0,(anonymous_7)
FNDA:0,(anonymous_8)
FNDA:0,(anonymous_9)
FNDA:0,(anonymous_10)
FNDA:0,(anonymous_11)
FNDA:0,(anonymous_12)
FNDA:0,(anonymous_13)
FNDA:0,(anonymous_14)
DA:1,0
DA:2,0
DA:13,0
DA:20,0
DA:21,0
DA:23,0
DA:25,0
DA:26,0
DA:30,0
DA:31,0
DA:34,0
DA:35,0
DA:39,0
DA:40,0
DA:42,0
DA:43,0
DA:50,0
DA:51,0
DA:52,0
DA:55,0
DA:62,0
DA:91,0
DA:104,0
DA:118,0
DA:140,0
DA:146,0
DA:147,0
DA:151,0
LF:28
LH:0
BRDA:25,0,0,0
BRDA:25,1,0,0
BRDA:25,1,1,0
BRDA:30,2,0,0
BRDA:40,3,0,0
BRDA:40,3,1,0
BRDA:42,4,0,0
BRDA:42,4,1,0
BRDA:44,5,0,0
BRDA:44,5,1,0
BRDA:45,6,0,0
BRDA:45,6,1,0
BRDA:46,7,0,0
BRDA:46,7,1,0
BRDA:66,8,0,0
BRDA:66,8,1,0
BRDA:66,9,0,0
BRDA:66,9,1,0
BRDA:66,10,0,0
BRDA:66,10,1,0
BRDA:70,11,0,0
BRDA:70,11,1,0
BRDA:72,12,0,0
BRDA:72,12,1,0
BRDA:72,12,2,0
BRDA:72,13,0,0
BRDA:72,13,1,0
BRDA:72,14,0,0
BRDA:72,14,1,0
BRDA:72,15,0,0
BRDA:72,15,1,0
BRDA:72,16,0,0
BRDA:72,16,1,0
BRDA:73,17,0,0
BRDA:73,17,1,0
BRDA:73,17,2,0
BRDA:77,18,0,0
BRDA:77,18,1,0
BRDA:86,19,0,0
BRDA:86,19,1,0
BRDA:93,20,0,0
BRDA:93,20,1,0
BRDA:110,21,0,0
BRDA:110,21,1,0
BRDA:115,22,0,0
BRDA:115,22,1,0
BRDA:120,23,0,0
BRDA:120,23,1,0
BRDA:120,24,0,0
BRDA:120,24,1,0
BRDA:123,25,0,0
BRDA:123,25,1,0
BRDA:123,26,0,0
BRDA:123,26,1,0
BRDA:123,27,0,0
BRDA:123,27,1,0
BRDA:128,28,0,0
BRDA:128,28,1,0
BRDA:128,28,2,0
BRDA:128,29,0,0
BRDA:128,29,1,0
BRDA:128,30,0,0
BRDA:128,30,1,0
BRDA:128,31,0,0
BRDA:128,31,1,0
BRDA:128,32,0,0
BRDA:128,32,1,0
BRDA:130,33,0,0
BRDA:130,33,1,0
BRDA:130,33,2,0
BRDA:140,34,0,0
BRDA:140,34,1,0
BRDA:140,34,2,0
BRDA:154,35,0,0
BRDA:154,35,1,0
BRDA:154,36,0,0
BRDA:154,36,1,0
BRDA:154,37,0,0
BRDA:154,37,1,0
BRDA:159,38,0,0
BRDA:159,38,1,0
BRDA:159,39,0,0
BRDA:159,39,1,0
BRDA:159,40,0,0
BRDA:159,40,1,0
BRF:85
BRH:0
end_of_record
TN:
SF:src\components\UI\Input.tsx
FN:7,Input
FNF:1
FNH:0
FNDA:0,Input
DA:7,0
DA:8,0
LF:2
LH:0
BRDA:7,0,0,0
BRDA:10,1,0,0
BRDA:10,1,1,0
BRDA:17,2,0,0
BRDA:17,2,1,0
BRDA:21,3,0,0
BRDA:21,3,1,0
BRF:7
BRH:0
end_of_record
TN:
SF:src\components\UI\Modal.tsx
FN:9,Modal
FN:19,(anonymous_1)
FNF:2
FNH:0
FNDA:0,Modal
FNDA:0,(anonymous_1)
DA:9,0
DA:10,0
DA:12,0
DA:19,0
LF:4
LH:0
BRDA:10,0,0,0
BRF:1
BRH:0
end_of_record
TN:
SF:src\components\UI\ProgressBar.tsx
FN:8,ProgressBar
FNF:1
FNH:0
FNDA:0,ProgressBar
DA:8,0
DA:9,0
DA:11,0
LF:3
LH:0
BRDA:8,0,0,0
BRDA:9,1,0,0
BRDA:9,1,1,0
BRDA:13,2,0,0
BRDA:13,2,1,0
BRDA:18,3,0,0
BRDA:18,3,1,0
BRF:7
BRH:0
end_of_record
TN:
SF:src\components\UI\SearchInput.tsx
FN:12,SearchInput
FN:31,(anonymous_2)
FN:49,(anonymous_3)
FN:60,(anonymous_4)
FN:71,(anonymous_5)
FN:82,(anonymous_6)
FN:98,(anonymous_7)
FN:99,(anonymous_8)
FN:111,(anonymous_9)
FN:116,(anonymous_10)
FN:122,(anonymous_11)
FN:141,(anonymous_12)
FN:146,(anonymous_13)
FN:150,(anonymous_14)
FN:192,(anonymous_15)
FN:205,(anonymous_16)
FN:209,(anonymous_17)
FNF:17
FNH:0
FNDA:0,SearchInput
FNDA:0,(anonymous_2)
FNDA:0,(anonymous_3)
FNDA:0,(anonymous_4)
FNDA:0,(anonymous_5)
FNDA:0,(anonymous_6)
FNDA:0,(anonymous_7)
FNDA:0,(anonymous_8)
FNDA:0,(anonymous_9)
FNDA:0,(anonymous_10)
FNDA:0,(anonymous_11)
FNDA:0,(anonymous_12)
FNDA:0,(anonymous_13)
FNDA:0,(anonymous_14)
FNDA:0,(anonymous_15)
FNDA:0,(anonymous_16)
FNDA:0,(anonymous_17)
DA:1,0
DA:2,0
DA:12,0
DA:20,0
DA:21,0
DA:23,0
DA:24,0
DA:25,0
DA:26,0
DA:27,0
DA:29,0
DA:31,0
DA:32,0
DA:33,0
DA:34,0
DA:35,0
DA:38,0
DA:41,0
DA:42,0
DA:43,0
DA:46,0
DA:49,0
DA:50,0
DA:51,0
DA:60,0
DA:61,0
DA:62,0
DA:71,0
DA:72,0
DA:73,0
DA:82,0
DA:83,0
DA:84,0
DA:85,0
DA:86,0
DA:87,0
DA:91,0
DA:93,0
DA:94,0
DA:95,0
DA:98,0
DA:99,0
DA:100,0
DA:106,0
DA:110,0
DA:111,0
DA:112,0
DA:116,0
DA:117,0
DA:118,0
DA:122,0
DA:124,0
DA:125,0
DA:127,0
DA:128,0
DA:129,0
DA:131,0
DA:134,0
DA:137,0
DA:138,0
DA:141,0
DA:142,0
DA:143,0
DA:145,0
DA:146,0
DA:147,0
DA:149,0
DA:150,0
DA:151,0
DA:153,0
DA:154,0
DA:155,0
DA:156,0
DA:159,0
DA:161,0
DA:162,0
DA:163,0
DA:164,0
DA:166,0
DA:171,0
DA:172,0
DA:176,0
DA:193,0
DA:194,0
DA:206,0
DA:209,0
LF:86
LH:0
BRDA:15,0,0,0
BRDA:19,1,0,0
BRDA:29,2,0,0
BRDA:29,2,1,0
BRDA:32,3,0,0
BRDA:32,4,0,0
BRDA:32,4,1,0
BRDA:50,5,0,0
BRDA:50,5,1,0
BRDA:52,6,0,0
BRDA:52,6,1,0
BRDA:52,7,0,0
BRDA:52,7,1,0
BRDA:61,8,0,0
BRDA:61,8,1,0
BRDA:63,9,0,0
BRDA:63,9,1,0
BRDA:63,10,0,0
BRDA:63,10,1,0
BRDA:72,11,0,0
BRDA:72,11,1,0
BRDA:74,12,0,0
BRDA:74,12,1,0
BRDA:74,13,0,0
BRDA:74,13,1,0
BRDA:83,14,0,0
BRDA:83,14,1,0
BRDA:84,15,0,0
BRDA:84,15,1,0
BRDA:85,16,0,0
BRDA:85,17,0,0
BRDA:85,17,1,0
BRDA:86,18,0,0
BRDA:86,19,0,0
BRDA:86,19,1,0
BRDA:100,20,0,0
BRDA:101,21,0,0
BRDA:101,21,1,0
BRDA:101,21,2,0
BRDA:101,21,3,0
BRDA:117,22,0,0
BRDA:125,23,0,0
BRDA:125,23,1,0
BRDA:127,24,0,0
BRDA:127,24,1,0
BRDA:129,25,0,0
BRDA:129,26,0,0
BRDA:129,26,1,0
BRDA:138,27,0,0
BRDA:138,27,1,0
BRDA:138,28,0,0
BRDA:138,28,1,0
BRDA:142,29,0,0
BRDA:142,30,0,0
BRDA:142,30,1,0
BRDA:143,31,0,0
BRDA:143,31,1,0
BRDA:143,31,2,0
BRDA:143,31,3,0
BRDA:143,31,4,0
BRDA:146,32,0,0
BRDA:146,32,1,0
BRDA:150,33,0,0
BRDA:150,33,1,0
BRDA:154,34,0,0
BRDA:154,35,0,0
BRDA:154,35,1,0
BRDA:171,36,0,0
BRDA:178,37,0,0
BRDA:178,37,1,0
BRDA:187,38,0,0
BRDA:187,38,1,0
BRDA:193,39,0,0
BRDA:200,40,0,0
BRDA:200,40,1,0
BRDA:200,40,2,0
BRDA:211,41,0,0
BRDA:211,41,1,0
BRDA:213,42,0,0
BRDA:213,42,1,0
BRDA:215,43,0,0
BRDA:215,43,1,0
BRDA:223,44,0,0
BRDA:223,44,1,0
BRDA:228,45,0,0
BRDA:228,45,1,0
BRDA:233,46,0,0
BRDA:233,46,1,0
BRDA:238,47,0,0
BRDA:238,47,1,0
BRDA:238,47,2,0
BRDA:240,48,0,0
BRDA:240,48,1,0
BRDA:250,49,0,0
BRDA:250,49,1,0
BRF:95
BRH:0
end_of_record
TN:
SF:src\context\AuthContext.tsx
FN:20,useAuth
FN:28,AuthProvider
FN:32,(anonymous_9)
FN:33,(anonymous_10)
FN:49,login
FN:53,logout
FNF:6
FNH:5
FNDA:3,useAuth
FNDA:3,AuthProvider
FNDA:3,(anonymous_9)
FNDA:0,(anonymous_10)
FNDA:1,login
FNDA:1,logout
DA:1,1
DA:2,1
DA:8,1
DA:18,1
DA:20,1
DA:21,3
DA:22,3
DA:23,0
DA:25,3
DA:28,1
DA:29,3
DA:30,3
DA:32,3
DA:33,3
DA:34,0
DA:35,0
DA:41,0
DA:43,0
DA:46,3
DA:50,1
DA:54,1
DA:57,3
DA:64,3
LF:23
LH:18
BRDA:22,0,0,0
BRDA:34,1,0,0
BRDA:34,1,1,0
BRDA:38,2,0,0
BRDA:38,2,1,0
BRF:5
BRH:0
end_of_record
TN:
SF:src\data\avatars.ts
FN:31,getAvatarById
FN:32,(anonymous_1)
FN:35,getDefaultAvatar
FNF:3
FNH:0
FNDA:0,getAvatarById
FNDA:0,(anonymous_1)
FNDA:0,getDefaultAvatar
DA:8,0
DA:31,0
DA:32,0
DA:35,0
DA:36,0
LF:5
LH:0
BRF:0
BRH:0
end_of_record
TN:
SF:src\hooks\useAdmin.ts
FN:6,useAdmin
FN:11,(anonymous_8)
FN:14,checkAdminStatus
FN:50,(anonymous_11)
FNF:4
FNH:0
FNDA:0,useAdmin
FNDA:0,(anonymous_8)
FNDA:0,checkAdminStatus
FNDA:0,(anonymous_11)
DA:1,0
DA:2,0
DA:3,0
DA:4,0
DA:6,0
DA:7,0
DA:8,0
DA:9,0
DA:11,0
DA:12,0
DA:15,0
DA:16,0
DA:17,0
DA:18,0
DA:21,0
DA:22,0
DA:23,0
DA:25,0
DA:26,0
DA:27,0
DA:28,0
DA:29,0
DA:32,0
DA:33,0
DA:37,0
DA:38,0
DA:39,0
DA:42,0
DA:43,0
DA:48,0
DA:50,0
DA:51,0
DA:55,0
LF:33
LH:0
BRDA:15,0,0,0
BRDA:25,1,0,0
BRDA:25,1,1,0
BRDA:28,2,0,0
BRDA:32,3,0,0
BRDA:38,4,0,0
BRDA:42,5,0,0
BRDA:53,6,0,0
BRDA:53,6,1,0
BRDA:53,7,0,0
BRDA:53,7,1,0
BRF:11
BRH:0
end_of_record
TN:
SF:src\hooks\useAllCollections.ts
FN:14,useAllCollections
FN:20,(anonymous_8)
FN:24,loadAllCollections
FN:37,(anonymous_11)
FN:82,(anonymous_12)
FNF:5
FNH:0
FNDA:0,useAllCollections
FNDA:0,(anonymous_8)
FNDA:0,loadAllCollections
FNDA:0,(anonymous_11)
FNDA:0,(anonymous_12)
DA:1,0
DA:2,0
DA:3,0
DA:4,0
DA:6,0
DA:14,0
DA:15,0
DA:16,0
DA:17,0
DA:18,0
DA:20,0
DA:21,0
DA:25,0
DA:26,0
DA:27,0
DA:31,0
DA:32,0
DA:35,0
DA:37,0
DA:38,0
DA:39,0
DA:40,0
DA:41,0
DA:43,0
DA:47,0
DA:50,0
DA:51,0
DA:52,0
DA:53,0
DA:55,0
DA:56,0
DA:57,0
DA:58,0
DA:65,0
DA:71,0
DA:73,0
DA:82,0
DA:84,0
DA:86,0
DA:88,0
DA:89,0
DA:90,0
DA:91,0
DA:92,0
DA:94,0
DA:95,0
DA:97,0
DA:98,0
DA:99,0
DA:100,0
DA:107,0
DA:113,0
DA:116,0
DA:118,0
DA:122,0
LF:55
LH:0
BRDA:38,0,0,0
BRDA:38,0,1,0
BRDA:38,1,0,0
BRDA:38,1,1,0
BRDA:39,2,0,0
BRDA:40,3,0,0
BRDA:56,4,0,0
BRDA:60,5,0,0
BRDA:60,5,1,0
BRDA:60,6,0,0
BRDA:60,6,1,0
BRDA:60,7,0,0
BRDA:60,7,1,0
BRDA:61,8,0,0
BRDA:61,8,1,0
BRDA:61,9,0,0
BRDA:61,9,1,0
BRDA:61,10,0,0
BRDA:61,10,1,0
BRDA:88,11,0,0
BRDA:98,12,0,0
BRDA:102,13,0,0
BRDA:102,13,1,0
BRDA:102,14,0,0
BRDA:102,14,1,0
BRDA:102,15,0,0
BRDA:102,15,1,0
BRDA:103,16,0,0
BRDA:103,16,1,0
BRDA:103,17,0,0
BRDA:103,17,1,0
BRDA:103,18,0,0
BRDA:103,18,1,0
BRF:33
BRH:0
end_of_record
TN:
SF:src\hooks\useAuth.ts
FN:1,(anonymous_0)
FNF:1
FNH:1
FNDA:3,(anonymous_0)
DA:1,4
LF:1
LH:1
BRF:0
BRH:0
end_of_record
TN:
SF:src\hooks\useCollection.ts
FN:18,cleanForFirestore
FN:24,(anonymous_8)
FN:55,useCollection
FN:72,(anonymous_10)
FN:90,loadCollection
FN:103,(anonymous_13)
FN:130,(anonymous_14)
FN:155,loadAllCollections
FN:170,(anonymous_17)
FN:195,(anonymous_18)
FN:195,(anonymous_19)
FN:226,(anonymous_20)
FN:244,(anonymous_21)
FN:273,(anonymous_22)
FN:298,(anonymous_23)
FN:298,(anonymous_24)
FN:325,(anonymous_25)
FN:341,(anonymous_26)
FN:357,(anonymous_27)
FN:358,(anonymous_28)
FN:376,searchCardData
FN:449,(anonymous_31)
FN:454,(anonymous_32)
FN:497,(anonymous_33)
FN:504,(anonymous_34)
FN:507,(anonymous_35)
FN:514,(anonymous_36)
FN:519,(anonymous_37)
FN:538,(anonymous_38)
FN:550,(anonymous_39)
FN:588,getCardKey
FN:593,hashString
FN:598,(anonymous_43)
FN:602,pauseImport
FN:608,resumeImport
FN:614,cancelImport
FN:620,importCSV
FN:620,(anonymous_48)
FN:705,(anonymous_49)
FN:711,(anonymous_50)
FN:742,(anonymous_51)
FN:753,(anonymous_52)
FN:753,(anonymous_53)
FN:759,(anonymous_54)
FN:853,(anonymous_55)
FN:879,(anonymous_56)
FN:919,(anonymous_57)
FN:922,(anonymous_58)
FN:934,(anonymous_59)
FN:949,(anonymous_60)
FN:956,(anonymous_61)
FN:975,executeWriteBatch
FN:992,(anonymous_64)
FN:992,(anonymous_65)
FN:999,(anonymous_66)
FN:999,(anonymous_67)
FN:1019,(anonymous_68)
FN:1020,(anonymous_69)
FN:1021,(anonymous_70)
FN:1028,(anonymous_71)
FN:1032,deleteCard
FN:1048,deleteAllCards
FN:1059,(anonymous_76)
FN:1069,(anonymous_77)
FN:1088,updateCardQuantity
FN:1106,updateCard
FN:1122,reloadCard
FN:1130,(anonymous_84)
FN:1174,(anonymous_85)
FN:1186,(anonymous_86)
FN:1233,(anonymous_87)
FN:1234,(anonymous_88)
FN:1247,(anonymous_89)
FN:1275,(anonymous_90)
FNF:74
FNH:0
FNDA:0,cleanForFirestore
FNDA:0,(anonymous_8)
FNDA:0,useCollection
FNDA:0,(anonymous_10)
FNDA:0,loadCollection
FNDA:0,(anonymous_13)
FNDA:0,(anonymous_14)
FNDA:0,loadAllCollections
FNDA:0,(anonymous_17)
FNDA:0,(anonymous_18)
FNDA:0,(anonymous_19)
FNDA:0,(anonymous_20)
FNDA:0,(anonymous_21)
FNDA:0,(anonymous_22)
FNDA:0,(anonymous_23)
FNDA:0,(anonymous_24)
FNDA:0,(anonymous_25)
FNDA:0,(anonymous_26)
FNDA:0,(anonymous_27)
FNDA:0,(anonymous_28)
FNDA:0,searchCardData
FNDA:0,(anonymous_31)
FNDA:0,(anonymous_32)
FNDA:0,(anonymous_33)
FNDA:0,(anonymous_34)
FNDA:0,(anonymous_35)
FNDA:0,(anonymous_36)
FNDA:0,(anonymous_37)
FNDA:0,(anonymous_38)
FNDA:0,(anonymous_39)
FNDA:0,getCardKey
FNDA:0,hashString
FNDA:0,(anonymous_43)
FNDA:0,pauseImport
FNDA:0,resumeImport
FNDA:0,cancelImport
FNDA:0,importCSV
FNDA:0,(anonymous_48)
FNDA:0,(anonymous_49)
FNDA:0,(anonymous_50)
FNDA:0,(anonymous_51)
FNDA:0,(anonymous_52)
FNDA:0,(anonymous_53)
FNDA:0,(anonymous_54)
FNDA:0,(anonymous_55)
FNDA:0,(anonymous_56)
FNDA:0,(anonymous_57)
FNDA:0,(anonymous_58)
FNDA:0,(anonymous_59)
FNDA:0,(anonymous_60)
FNDA:0,(anonymous_61)
FNDA:0,executeWriteBatch
FNDA:0,(anonymous_64)
FNDA:0,(anonymous_65)
FNDA:0,(anonymous_66)
FNDA:0,(anonymous_67)
FNDA:0,(anonymous_68)
FNDA:0,(anonymous_69)
FNDA:0,(anonymous_70)
FNDA:0,(anonymous_71)
FNDA:0,deleteCard
FNDA:0,deleteAllCards
FNDA:0,(anonymous_76)
FNDA:0,(anonymous_77)
FNDA:0,updateCardQuantity
FNDA:0,updateCard
FNDA:0,reloadCard
FNDA:0,(anonymous_84)
FNDA:0,(anonymous_85)
FNDA:0,(anonymous_86)
FNDA:0,(anonymous_87)
FNDA:0,(anonymous_88)
FNDA:0,(anonymous_89)
FNDA:0,(anonymous_90)
DA:1,0
DA:2,0
DA:3,0
DA:4,0
DA:5,0
DA:6,0
DA:10,0
DA:11,0
DA:19,0
DA:20,0
DA:23,0
DA:24,0
DA:27,0
DA:28,0
DA:29,0
DA:31,0
DA:32,0
DA:35,0
DA:38,0
DA:55,0
DA:56,0
DA:57,0
DA:58,0
DA:59,0
DA:60,0
DA:61,0
DA:62,0
DA:63,0
DA:64,0
DA:65,0
DA:66,0
DA:67,0
DA:69,0
DA:70,0
DA:72,0
DA:74,0
DA:75,0
DA:76,0
DA:78,0
DA:79,0
DA:80,0
DA:81,0
DA:83,0
DA:84,0
DA:85,0
DA:91,0
DA:92,0
DA:93,0
DA:94,0
DA:97,0
DA:98,0
DA:99,0
DA:101,0
DA:103,0
DA:104,0
DA:105,0
DA:111,0
DA:112,0
DA:116,0
DA:117,0
DA:118,0
DA:119,0
DA:123,0
DA:124,0
DA:126,0
DA:127,0
DA:129,0
DA:130,0
DA:131,0
DA:132,0
DA:138,0
DA:139,0
DA:143,0
DA:144,0
DA:145,0
DA:148,0
DA:149,0
DA:150,0
DA:151,0
DA:156,0
DA:157,0
DA:158,0
DA:159,0
DA:162,0
DA:163,0
DA:164,0
DA:165,0
DA:168,0
DA:170,0
DA:171,0
DA:172,0
DA:173,0
DA:174,0
DA:177,0
DA:178,0
DA:185,0
DA:190,0
DA:191,0
DA:192,0
DA:194,0
DA:195,0
DA:196,0
DA:198,0
DA:199,0
DA:201,0
DA:203,0
DA:206,0
DA:207,0
DA:209,0
DA:210,0
DA:211,0
DA:219,0
DA:226,0
DA:227,0
DA:237,0
DA:239,0
DA:244,0
DA:245,0
DA:253,0
DA:257,0
DA:259,0
DA:260,0
DA:261,0
DA:265,0
DA:266,0
DA:269,0
DA:270,0
DA:272,0
DA:273,0
DA:274,0
DA:275,0
DA:276,0
DA:277,0
DA:280,0
DA:281,0
DA:288,0
DA:293,0
DA:294,0
DA:295,0
DA:297,0
DA:298,0
DA:299,0
DA:301,0
DA:302,0
DA:304,0
DA:305,0
DA:307,0
DA:308,0
DA:310,0
DA:311,0
DA:312,0
DA:319,0
DA:325,0
DA:326,0
DA:336,0
DA:337,0
DA:341,0
DA:342,0
DA:350,0
DA:353,0
DA:356,0
DA:357,0
DA:358,0
DA:359,0
DA:360,0
DA:364,0
DA:365,0
DA:368,0
DA:369,0
DA:370,0
DA:371,0
DA:382,0
DA:385,0
DA:386,0
DA:387,0
DA:389,0
DA:394,0
DA:395,0
DA:396,0
DA:402,0
DA:407,0
DA:408,0
DA:409,0
DA:416,0
DA:421,0
DA:422,0
DA:431,0
DA:432,0
DA:433,0
DA:434,0
DA:435,0
DA:436,0
DA:437,0
DA:441,0
DA:446,0
DA:447,0
DA:448,0
DA:449,0
DA:451,0
DA:452,0
DA:453,0
DA:454,0
DA:455,0
DA:457,0
DA:458,0
DA:469,0
DA:472,0
DA:475,0
DA:476,0
DA:477,0
DA:478,0
DA:479,0
DA:480,0
DA:481,0
DA:482,0
DA:490,0
DA:491,0
DA:492,0
DA:494,0
DA:495,0
DA:497,0
DA:498,0
DA:503,0
DA:504,0
DA:507,0
DA:508,0
DA:513,0
DA:514,0
DA:517,0
DA:518,0
DA:519,0
DA:520,0
DA:527,0
DA:528,0
DA:532,0
DA:533,0
DA:534,0
DA:535,0
DA:537,0
DA:538,0
DA:539,0
DA:543,0
DA:544,0
DA:545,0
DA:549,0
DA:550,0
DA:551,0
DA:553,0
DA:554,0
DA:555,0
DA:559,0
DA:560,0
DA:561,0
DA:562,0
DA:563,0
DA:564,0
DA:566,0
DA:567,0
DA:568,0
DA:569,0
DA:570,0
DA:574,0
DA:575,0
DA:576,0
DA:577,0
DA:584,0
DA:589,0
DA:594,0
DA:595,0
DA:596,0
DA:597,0
DA:598,0
DA:603,0
DA:604,0
DA:609,0
DA:610,0
DA:615,0
DA:616,0
DA:617,0
DA:620,0
DA:621,0
DA:622,0
DA:626,0
DA:627,0
DA:628,0
DA:631,0
DA:633,0
DA:634,0
DA:635,0
DA:638,0
DA:639,0
DA:642,0
DA:644,0
DA:645,0
DA:648,0
DA:651,0
DA:652,0
DA:653,0
DA:656,0
DA:657,0
DA:658,0
DA:659,0
DA:660,0
DA:661,0
DA:662,0
DA:663,0
DA:665,0
DA:667,0
DA:672,0
DA:673,0
DA:676,0
DA:677,0
DA:681,0
DA:692,0
DA:703,0
DA:704,0
DA:705,0
DA:710,0
DA:711,0
DA:712,0
DA:713,0
DA:718,0
DA:719,0
DA:724,0
DA:725,0
DA:726,0
DA:729,0
DA:730,0
DA:732,0
DA:734,0
DA:735,0
DA:736,0
DA:740,0
DA:741,0
DA:742,0
DA:745,0
DA:746,0
DA:747,0
DA:750,0
DA:753,0
DA:754,0
DA:756,0
DA:758,0
DA:759,0
DA:763,0
DA:764,0
DA:767,0
DA:768,0
DA:771,0
DA:772,0
DA:775,0
DA:776,0
DA:778,0
DA:780,0
DA:782,0
DA:791,0
DA:792,0
DA:812,0
DA:820,0
DA:843,0
DA:844,0
DA:853,0
DA:854,0
DA:855,0
DA:858,0
DA:859,0
DA:860,0
DA:861,0
DA:862,0
DA:863,0
DA:864,0
DA:865,0
DA:866,0
DA:867,0
DA:868,0
DA:869,0
DA:872,0
DA:879,0
DA:890,0
DA:891,0
DA:895,0
DA:896,0
DA:898,0
DA:901,0
DA:902,0
DA:913,0
DA:914,0
DA:918,0
DA:919,0
DA:920,0
DA:922,0
DA:923,0
DA:924,0
DA:928,0
DA:930,0
DA:931,0
DA:932,0
DA:934,0
DA:935,0
DA:938,0
DA:939,0
DA:945,0
DA:946,0
DA:949,0
DA:956,0
DA:957,0
DA:958,0
DA:961,0
DA:962,0
DA:963,0
DA:964,0
DA:966,0
DA:967,0
DA:970,0
DA:979,0
DA:981,0
DA:982,0
DA:983,0
DA:986,0
DA:987,0
DA:988,0
DA:989,0
DA:990,0
DA:992,0
DA:993,0
DA:997,0
DA:998,0
DA:999,0
DA:1004,0
DA:1005,0
DA:1006,0
DA:1015,0
DA:1018,0
DA:1019,0
DA:1020,0
DA:1021,0
DA:1022,0
DA:1028,0
DA:1029,0
DA:1033,0
DA:1034,0
DA:1037,0
DA:1038,0
DA:1039,0
DA:1040,0
DA:1042,0
DA:1043,0
DA:1044,0
DA:1049,0
DA:1050,0
DA:1053,0
DA:1054,0
DA:1055,0
DA:1058,0
DA:1059,0
DA:1062,0
DA:1065,0
DA:1066,0
DA:1067,0
DA:1069,0
DA:1070,0
DA:1074,0
DA:1080,0
DA:1081,0
DA:1083,0
DA:1084,0
DA:1089,0
DA:1090,0
DA:1093,0
DA:1094,0
DA:1095,0
DA:1098,0
DA:1100,0
DA:1101,0
DA:1102,0
DA:1107,0
DA:1108,0
DA:1111,0
DA:1112,0
DA:1113,0
DA:1114,0
DA:1116,0
DA:1117,0
DA:1118,0
DA:1123,0
DA:1124,0
DA:1127,0
DA:1128,0
DA:1130,0
DA:1131,0
DA:1132,0
DA:1136,0
DA:1137,0
DA:1140,0
DA:1141,0
DA:1143,0
DA:1144,0
DA:1146,0
DA:1147,0
DA:1148,0
DA:1149,0
DA:1154,0
DA:1159,0
DA:1160,0
DA:1163,0
DA:1164,0
DA:1168,0
DA:1169,0
DA:1170,0
DA:1172,0
DA:1173,0
DA:1174,0
DA:1175,0
DA:1179,0
DA:1180,0
DA:1181,0
DA:1182,0
DA:1185,0
DA:1186,0
DA:1187,0
DA:1189,0
DA:1190,0
DA:1191,0
DA:1196,0
DA:1198,0
DA:1199,0
DA:1200,0
DA:1201,0
DA:1202,0
DA:1205,0
DA:1206,0
DA:1207,0
DA:1208,0
DA:1209,0
DA:1213,0
DA:1214,0
DA:1215,0
DA:1216,0
DA:1224,0
DA:1225,0
DA:1233,0
DA:1234,0
DA:1235,0
DA:1246,0
DA:1247,0
DA:1248,0
DA:1249,0
DA:1252,0
DA:1256,0
DA:1258,0
DA:1259,0
DA:1260,0
DA:1264,0
DA:1275,0
LF:554
LH:0
BRDA:19,0,0,0
BRDA:19,1,0,0
BRDA:19,1,1,0
BRDA:23,2,0,0
BRDA:27,3,0,0
BRDA:27,4,0,0
BRDA:27,4,1,0
BRDA:31,5,0,0
BRDA:74,6,0,0
BRDA:74,6,1,0
BRDA:78,7,0,0
BRDA:78,7,1,0
BRDA:78,8,0,0
BRDA:78,8,1,0
BRDA:78,9,0,0
BRDA:78,9,1,0
BRDA:79,10,0,0
BRDA:79,10,1,0
BRDA:108,11,0,0
BRDA:108,11,1,0
BRDA:108,12,0,0
BRDA:108,12,1,0
BRDA:108,13,0,0
BRDA:108,13,1,0
BRDA:111,14,0,0
BRDA:123,15,0,0
BRDA:135,16,0,0
BRDA:135,16,1,0
BRDA:135,17,0,0
BRDA:135,17,1,0
BRDA:135,18,0,0
BRDA:135,18,1,0
BRDA:138,19,0,0
BRDA:171,20,0,0
BRDA:171,20,1,0
BRDA:171,21,0,0
BRDA:171,21,1,0
BRDA:172,22,0,0
BRDA:173,23,0,0
BRDA:181,24,0,0
BRDA:181,24,1,0
BRDA:181,25,0,0
BRDA:181,25,1,0
BRDA:181,26,0,0
BRDA:181,26,1,0
BRDA:201,27,0,0
BRDA:201,27,1,0
BRDA:201,28,0,0
BRDA:201,28,1,0
BRDA:209,29,0,0
BRDA:213,30,0,0
BRDA:213,30,1,0
BRDA:213,31,0,0
BRDA:213,31,1,0
BRDA:213,32,0,0
BRDA:213,32,1,0
BRDA:214,33,0,0
BRDA:214,33,1,0
BRDA:214,34,0,0
BRDA:214,34,1,0
BRDA:214,35,0,0
BRDA:214,35,1,0
BRDA:230,36,0,0
BRDA:230,36,1,0
BRDA:265,37,0,0
BRDA:274,38,0,0
BRDA:274,38,1,0
BRDA:274,39,0,0
BRDA:274,39,1,0
BRDA:275,40,0,0
BRDA:276,41,0,0
BRDA:284,42,0,0
BRDA:284,42,1,0
BRDA:284,43,0,0
BRDA:284,43,1,0
BRDA:284,44,0,0
BRDA:284,44,1,0
BRDA:304,45,0,0
BRDA:304,45,1,0
BRDA:304,46,0,0
BRDA:304,46,1,0
BRDA:310,47,0,0
BRDA:314,48,0,0
BRDA:314,48,1,0
BRDA:314,49,0,0
BRDA:314,49,1,0
BRDA:314,50,0,0
BRDA:314,50,1,0
BRDA:315,51,0,0
BRDA:315,51,1,0
BRDA:315,52,0,0
BRDA:315,52,1,0
BRDA:315,53,0,0
BRDA:315,53,1,0
BRDA:329,54,0,0
BRDA:329,54,1,0
BRDA:359,55,0,0
BRDA:385,56,0,0
BRDA:394,57,0,0
BRDA:394,58,0,0
BRDA:394,58,1,0
BRDA:394,58,2,0
BRDA:394,58,3,0
BRDA:397,59,0,0
BRDA:397,59,1,0
BRDA:397,59,2,0
BRDA:407,60,0,0
BRDA:407,61,0,0
BRDA:407,61,1,0
BRDA:412,62,0,0
BRDA:412,62,1,0
BRDA:421,63,0,0
BRDA:421,64,0,0
BRDA:421,64,1,0
BRDA:425,65,0,0
BRDA:425,65,1,0
BRDA:431,66,0,0
BRDA:431,67,0,0
BRDA:431,67,1,0
BRDA:432,68,0,0
BRDA:432,68,1,0
BRDA:434,69,0,0
BRDA:434,70,0,0
BRDA:434,70,1,0
BRDA:436,71,0,0
BRDA:446,72,0,0
BRDA:447,73,0,0
BRDA:447,73,1,0
BRDA:449,74,0,0
BRDA:449,74,1,0
BRDA:451,75,0,0
BRDA:451,75,1,0
BRDA:453,76,0,0
BRDA:453,77,0,0
BRDA:453,77,1,0
BRDA:455,78,0,0
BRDA:455,78,1,0
BRDA:457,79,0,0
BRDA:460,80,0,0
BRDA:460,80,1,0
BRDA:461,81,0,0
BRDA:461,81,1,0
BRDA:462,82,0,0
BRDA:462,82,1,0
BRDA:463,83,0,0
BRDA:463,83,1,0
BRDA:464,84,0,0
BRDA:464,84,1,0
BRDA:469,85,0,0
BRDA:469,85,1,0
BRDA:472,86,0,0
BRDA:472,86,1,0
BRDA:475,87,0,0
BRDA:475,88,0,0
BRDA:475,88,1,0
BRDA:475,89,0,0
BRDA:475,89,1,0
BRDA:475,90,0,0
BRDA:475,90,1,0
BRDA:477,91,0,0
BRDA:478,92,0,0
BRDA:478,92,1,0
BRDA:479,93,0,0
BRDA:479,94,0,0
BRDA:479,94,1,0
BRDA:481,95,0,0
BRDA:481,96,0,0
BRDA:481,96,1,0
BRDA:481,97,0,0
BRDA:481,97,1,0
BRDA:494,98,0,0
BRDA:494,99,0,0
BRDA:494,99,1,0
BRDA:494,100,0,0
BRDA:494,100,1,0
BRDA:494,101,0,0
BRDA:494,101,1,0
BRDA:498,102,0,0
BRDA:498,102,1,0
BRDA:498,102,2,0
BRDA:498,102,3,0
BRDA:503,103,0,0
BRDA:504,104,0,0
BRDA:504,104,1,0
BRDA:508,105,0,0
BRDA:508,105,1,0
BRDA:508,105,2,0
BRDA:508,105,3,0
BRDA:508,105,4,0
BRDA:513,106,0,0
BRDA:514,107,0,0
BRDA:514,107,1,0
BRDA:514,107,2,0
BRDA:517,108,0,0
BRDA:517,109,0,0
BRDA:517,109,1,0
BRDA:517,109,2,0
BRDA:517,110,0,0
BRDA:517,110,1,0
BRDA:517,111,0,0
BRDA:517,111,1,0
BRDA:517,112,0,0
BRDA:517,112,1,0
BRDA:517,113,0,0
BRDA:517,113,1,0
BRDA:517,114,0,0
BRDA:517,114,1,0
BRDA:517,115,0,0
BRDA:517,115,1,0
BRDA:520,116,0,0
BRDA:520,116,1,0
BRDA:520,116,2,0
BRDA:520,116,3,0
BRDA:520,116,4,0
BRDA:520,116,5,0
BRDA:520,116,6,0
BRDA:527,117,0,0
BRDA:532,118,0,0
BRDA:537,119,0,0
BRDA:537,120,0,0
BRDA:537,120,1,0
BRDA:539,121,0,0
BRDA:539,121,1,0
BRDA:539,121,2,0
BRDA:543,122,0,0
BRDA:549,123,0,0
BRDA:549,124,0,0
BRDA:549,124,1,0
BRDA:551,125,0,0
BRDA:551,125,1,0
BRDA:553,126,0,0
BRDA:554,127,0,0
BRDA:554,127,1,0
BRDA:555,128,0,0
BRDA:555,128,1,0
BRDA:559,129,0,0
BRDA:559,130,0,0
BRDA:559,130,1,0
BRDA:560,131,0,0
BRDA:560,131,1,0
BRDA:562,132,0,0
BRDA:566,133,0,0
BRDA:568,134,0,0
BRDA:575,135,0,0
BRDA:589,136,0,0
BRDA:589,136,1,0
BRDA:589,137,0,0
BRDA:589,137,1,0
BRDA:620,138,0,0
BRDA:621,139,0,0
BRDA:631,140,0,0
BRDA:631,140,1,0
BRDA:642,141,0,0
BRDA:642,141,1,0
BRDA:651,142,0,0
BRDA:651,142,1,0
BRDA:658,143,0,0
BRDA:658,143,1,0
BRDA:660,144,0,0
BRDA:660,144,1,0
BRDA:661,145,0,0
BRDA:661,145,1,0
BRDA:672,146,0,0
BRDA:672,146,1,0
BRDA:676,147,0,0
BRDA:704,148,0,0
BRDA:705,149,0,0
BRDA:705,149,1,0
BRDA:716,150,0,0
BRDA:716,150,1,0
BRDA:716,151,0,0
BRDA:716,151,1,0
BRDA:716,152,0,0
BRDA:716,152,1,0
BRDA:734,153,0,0
BRDA:740,154,0,0
BRDA:740,154,1,0
BRDA:745,155,0,0
BRDA:756,156,0,0
BRDA:756,157,0,0
BRDA:756,157,1,0
BRDA:758,158,0,0
BRDA:758,158,1,0
BRDA:763,159,0,0
BRDA:767,160,0,0
BRDA:767,160,1,0
BRDA:768,161,0,0
BRDA:768,161,1,0
BRDA:776,162,0,0
BRDA:776,162,1,0
BRDA:778,163,0,0
BRDA:778,163,1,0
BRDA:780,164,0,0
BRDA:780,164,1,0
BRDA:782,165,0,0
BRDA:782,165,1,0
BRDA:782,165,2,0
BRDA:782,165,3,0
BRDA:782,165,4,0
BRDA:782,165,5,0
BRDA:782,165,6,0
BRDA:782,165,7,0
BRDA:782,165,8,0
BRDA:791,166,0,0
BRDA:791,166,1,0
BRDA:797,167,0,0
BRDA:797,167,1,0
BRDA:797,167,2,0
BRDA:798,168,0,0
BRDA:798,168,1,0
BRDA:799,169,0,0
BRDA:799,169,1,0
BRDA:800,170,0,0
BRDA:800,170,1,0
BRDA:801,171,0,0
BRDA:801,171,1,0
BRDA:802,172,0,0
BRDA:802,172,1,0
BRDA:802,172,2,0
BRDA:803,173,0,0
BRDA:803,173,1,0
BRDA:804,174,0,0
BRDA:804,174,1,0
BRDA:805,175,0,0
BRDA:805,175,1,0
BRDA:806,176,0,0
BRDA:806,176,1,0
BRDA:824,177,0,0
BRDA:824,177,1,0
BRDA:825,178,0,0
BRDA:825,178,1,0
BRDA:825,178,2,0
BRDA:825,179,0,0
BRDA:825,179,1,0
BRDA:825,180,0,0
BRDA:825,180,1,0
BRDA:828,181,0,0
BRDA:828,181,1,0
BRDA:828,182,0,0
BRDA:828,182,1,0
BRDA:828,183,0,0
BRDA:828,183,1,0
BRDA:830,184,0,0
BRDA:830,184,1,0
BRDA:831,185,0,0
BRDA:831,185,1,0
BRDA:832,186,0,0
BRDA:832,186,1,0
BRDA:833,187,0,0
BRDA:833,187,1,0
BRDA:834,188,0,0
BRDA:834,188,1,0
BRDA:839,189,0,0
BRDA:839,189,1,0
BRDA:847,190,0,0
BRDA:847,190,1,0
BRDA:858,191,0,0
BRDA:858,191,1,0
BRDA:862,192,0,0
BRDA:862,192,1,0
BRDA:866,193,0,0
BRDA:866,193,1,0
BRDA:868,194,0,0
BRDA:879,195,0,0
BRDA:879,195,1,0
BRDA:890,196,0,0
BRDA:898,197,0,0
BRDA:898,197,1,0
BRDA:901,198,0,0
BRDA:913,199,0,0
BRDA:918,200,0,0
BRDA:923,201,0,0
BRDA:928,202,0,0
BRDA:949,203,0,0
BRDA:949,203,1,0
BRDA:966,204,0,0
BRDA:967,205,0,0
BRDA:967,205,1,0
BRDA:979,206,0,0
BRDA:987,207,0,0
BRDA:987,207,1,0
BRDA:987,208,0,0
BRDA:987,208,1,0
BRDA:989,209,0,0
BRDA:989,209,1,0
BRDA:989,210,0,0
BRDA:989,210,1,0
BRDA:989,210,2,0
BRDA:993,211,0,0
BRDA:993,211,1,0
BRDA:997,212,0,0
BRDA:997,213,0,0
BRDA:997,213,1,0
BRDA:1009,214,0,0
BRDA:1009,214,1,0
BRDA:1018,215,0,0
BRDA:1029,216,0,0
BRDA:1029,216,1,0
BRDA:1033,217,0,0
BRDA:1049,218,0,0
BRDA:1089,219,0,0
BRDA:1089,220,0,0
BRDA:1089,220,1,0
BRDA:1107,221,0,0
BRDA:1123,222,0,0
BRDA:1123,223,0,0
BRDA:1123,223,1,0
BRDA:1131,224,0,0
BRDA:1136,225,0,0
BRDA:1136,225,1,0
BRDA:1137,226,0,0
BRDA:1137,226,1,0
BRDA:1141,227,0,0
BRDA:1141,228,0,0
BRDA:1141,228,1,0
BRDA:1141,229,0,0
BRDA:1141,229,1,0
BRDA:1143,230,0,0
BRDA:1143,230,1,0
BRDA:1146,231,0,0
BRDA:1146,232,0,0
BRDA:1146,232,1,0
BRDA:1148,233,0,0
BRDA:1159,234,0,0
BRDA:1160,235,0,0
BRDA:1160,235,1,0
BRDA:1163,236,0,0
BRDA:1172,237,0,0
BRDA:1172,238,0,0
BRDA:1172,238,1,0
BRDA:1175,239,0,0
BRDA:1175,239,1,0
BRDA:1175,239,2,0
BRDA:1179,240,0,0
BRDA:1185,241,0,0
BRDA:1185,242,0,0
BRDA:1185,242,1,0
BRDA:1187,243,0,0
BRDA:1187,243,1,0
BRDA:1189,244,0,0
BRDA:1190,245,0,0
BRDA:1190,245,1,0
BRDA:1191,246,0,0
BRDA:1191,246,1,0
BRDA:1196,247,0,0
BRDA:1196,248,0,0
BRDA:1196,248,1,0
BRDA:1198,249,0,0
BRDA:1198,249,1,0
BRDA:1200,250,0,0
BRDA:1205,251,0,0
BRDA:1207,252,0,0
BRDA:1214,253,0,0
BRDA:1227,254,0,0
BRDA:1227,254,1,0
BRDA:1228,255,0,0
BRDA:1228,255,1,0
BRDA:1229,256,0,0
BRDA:1229,256,1,0
BRDA:1235,257,0,0
BRDA:1235,257,1,0
BRDA:1241,258,0,0
BRDA:1241,258,1,0
BRDA:1248,259,0,0
BRDA:1275,260,0,0
BRDA:1275,260,1,0
BRF:466
BRH:0
end_of_record
TN:
SF:src\hooks\useDarkMode.ts
FN:3,useDarkMode
FN:4,(anonymous_1)
FN:14,(anonymous_2)
FN:25,(anonymous_3)
FNF:4
FNH:0
FNDA:0,useDarkMode
FNDA:0,(anonymous_1)
FNDA:0,(anonymous_2)
FNDA:0,(anonymous_3)
DA:1,0
DA:3,0
DA:4,0
DA:6,0
DA:7,0
DA:8,0
DA:11,0
DA:14,0
DA:16,0
DA:17,0
DA:19,0
DA:22,0
DA:25,0
DA:26,0
DA:29,0
LF:15
LH:0
BRDA:7,0,0,0
BRDA:16,1,0,0
BRDA:16,1,1,0
BRF:3
BRH:0
end_of_record
TN:
SF:src\hooks\useDecks.ts
FN:14,useDecks
FN:20,(anonymous_8)
FN:29,loadDecks
FN:38,(anonymous_11)
FN:57,createDeck
FN:81,addCardToDeck
FN:81,(anonymous_15)
FN:87,(anonymous_16)
FN:94,(anonymous_17)
FN:121,removeCardFromDeck
FN:127,(anonymous_20)
FN:133,(anonymous_21)
FN:147,updateCardQuantity
FN:153,(anonymous_24)
FN:159,(anonymous_25)
FN:175,deleteDeck
FNF:16
FNH:0
FNDA:0,useDecks
FNDA:0,(anonymous_8)
FNDA:0,loadDecks
FNDA:0,(anonymous_11)
FNDA:0,createDeck
FNDA:0,addCardToDeck
FNDA:0,(anonymous_15)
FNDA:0,(anonymous_16)
FNDA:0,(anonymous_17)
FNDA:0,removeCardFromDeck
FNDA:0,(anonymous_20)
FNDA:0,(anonymous_21)
FNDA:0,updateCardQuantity
FNDA:0,(anonymous_24)
FNDA:0,(anonymous_25)
FNDA:0,deleteDeck
DA:1,0
DA:2,0
DA:10,0
DA:12,0
DA:14,0
DA:15,0
DA:16,0
DA:17,0
DA:18,0
DA:20,0
DA:21,0
DA:22,0
DA:24,0
DA:25,0
DA:30,0
DA:32,0
DA:33,0
DA:34,0
DA:35,0
DA:36,0
DA:38,0
DA:39,0
DA:40,0
DA:47,0
DA:48,0
DA:50,0
DA:51,0
DA:53,0
DA:58,0
DA:59,0
DA:62,0
DA:63,0
DA:64,0
DA:65,0
DA:72,0
DA:73,0
DA:75,0
DA:76,0
DA:77,0
DA:81,0
DA:82,0
DA:84,0
DA:85,0
DA:86,0
DA:87,0
DA:89,0
DA:90,0
DA:94,0
DA:97,0
DA:99,0
DA:100,0
DA:106,0
DA:109,0
DA:113,0
DA:115,0
DA:116,0
DA:117,0
DA:122,0
DA:124,0
DA:125,0
DA:126,0
DA:127,0
DA:129,0
DA:130,0
DA:133,0
DA:135,0
DA:139,0
DA:141,0
DA:142,0
DA:143,0
DA:148,0
DA:150,0
DA:151,0
DA:152,0
DA:153,0
DA:155,0
DA:156,0
DA:159,0
DA:160,0
DA:163,0
DA:167,0
DA:169,0
DA:170,0
DA:171,0
DA:176,0
DA:178,0
DA:179,0
DA:180,0
DA:181,0
DA:183,0
DA:184,0
DA:185,0
DA:189,0
LF:93
LH:0
BRDA:21,0,0,0
BRDA:21,0,1,0
BRDA:30,1,0,0
BRDA:43,2,0,0
BRDA:43,2,1,0
BRDA:43,3,0,0
BRDA:43,3,1,0
BRDA:43,4,0,0
BRDA:43,4,1,0
BRDA:58,5,0,0
BRDA:81,6,0,0
BRDA:82,7,0,0
BRDA:89,8,0,0
BRDA:97,9,0,0
BRDA:97,9,1,0
BRDA:122,10,0,0
BRDA:129,11,0,0
BRDA:148,12,0,0
BRDA:155,13,0,0
BRDA:160,14,0,0
BRDA:160,14,1,0
BRDA:176,15,0,0
BRF:22
BRH:0
end_of_record
TN:
SF:src\hooks\useImports.ts
FN:7,useImports
FN:13,(anonymous_8)
FN:22,loadImports
FN:34,(anonymous_11)
FN:48,(anonymous_12)
FN:67,createImport
FN:104,updateImportStatus
FN:140,updateImportProgress
FN:154,(anonymous_19)
FN:177,(anonymous_20)
FN:177,(anonymous_21)
FN:200,saveImportReport
FN:220,deleteImport
FNF:13
FNH:0
FNDA:0,useImports
FNDA:0,(anonymous_8)
FNDA:0,loadImports
FNDA:0,(anonymous_11)
FNDA:0,(anonymous_12)
FNDA:0,createImport
FNDA:0,updateImportStatus
FNDA:0,updateImportProgress
FNDA:0,(anonymous_19)
FNDA:0,(anonymous_20)
FNDA:0,(anonymous_21)
FNDA:0,saveImportReport
FNDA:0,deleteImport
DA:1,0
DA:2,0
DA:3,0
DA:4,0
DA:7,0
DA:8,0
DA:9,0
DA:10,0
DA:11,0
DA:13,0
DA:14,0
DA:15,0
DA:17,0
DA:18,0
DA:23,0
DA:25,0
DA:26,0
DA:27,0
DA:31,0
DA:33,0
DA:34,0
DA:35,0
DA:36,0
DA:48,0
DA:49,0
DA:50,0
DA:51,0
DA:55,0
DA:57,0
DA:58,0
DA:60,0
DA:61,0
DA:63,0
DA:68,0
DA:69,0
DA:72,0
DA:73,0
DA:74,0
DA:79,0
DA:90,0
DA:91,0
DA:94,0
DA:96,0
DA:97,0
DA:99,0
DA:100,0
DA:105,0
DA:106,0
DA:109,0
DA:110,0
DA:111,0
DA:116,0
DA:117,0
DA:120,0
DA:121,0
DA:124,0
DA:125,0
DA:128,0
DA:129,0
DA:132,0
DA:133,0
DA:135,0
DA:136,0
DA:141,0
DA:142,0
DA:145,0
DA:146,0
DA:147,0
DA:152,0
DA:154,0
DA:155,0
DA:165,0
DA:174,0
DA:177,0
DA:178,0
DA:179,0
DA:190,0
DA:192,0
DA:195,0
DA:196,0
DA:201,0
DA:202,0
DA:205,0
DA:206,0
DA:207,0
DA:213,0
DA:215,0
DA:216,0
DA:221,0
DA:222,0
DA:225,0
DA:226,0
DA:227,0
DA:228,0
DA:230,0
DA:231,0
DA:235,0
LF:97
LH:0
BRDA:14,0,0,0
BRDA:14,0,1,0
BRDA:23,1,0,0
BRDA:40,2,0,0
BRDA:40,2,1,0
BRDA:40,3,0,0
BRDA:40,3,1,0
BRDA:40,4,0,0
BRDA:40,4,1,0
BRDA:41,5,0,0
BRDA:41,5,1,0
BRDA:41,6,0,0
BRDA:41,6,1,0
BRDA:41,7,0,0
BRDA:41,7,1,0
BRDA:42,8,0,0
BRDA:42,8,1,0
BRDA:42,9,0,0
BRDA:42,9,1,0
BRDA:43,10,0,0
BRDA:43,10,1,0
BRDA:43,11,0,0
BRDA:43,11,1,0
BRDA:49,12,0,0
BRDA:49,12,1,0
BRDA:50,13,0,0
BRDA:50,13,1,0
BRDA:61,14,0,0
BRDA:61,14,1,0
BRDA:68,15,0,0
BRDA:90,16,0,0
BRDA:90,17,0,0
BRDA:90,17,1,0
BRDA:105,18,0,0
BRDA:116,19,0,0
BRDA:120,20,0,0
BRDA:124,21,0,0
BRDA:128,22,0,0
BRDA:128,23,0,0
BRDA:128,23,1,0
BRDA:141,24,0,0
BRDA:152,25,0,0
BRDA:155,26,0,0
BRDA:155,26,1,0
BRDA:155,27,0,0
BRDA:155,27,1,0
BRDA:155,28,0,0
BRDA:155,28,1,0
BRDA:168,29,0,0
BRDA:168,29,1,0
BRDA:169,30,0,0
BRDA:169,30,1,0
BRDA:178,31,0,0
BRDA:183,32,0,0
BRDA:183,32,1,0
BRDA:187,33,0,0
BRDA:187,33,1,0
BRDA:187,33,2,0
BRDA:187,34,0,0
BRDA:187,34,1,0
BRDA:187,35,0,0
BRDA:187,35,1,0
BRDA:201,36,0,0
BRDA:221,37,0,0
BRF:64
BRH:0
end_of_record
TN:
SF:src\hooks\useProfile.ts
FN:8,useProfile
FN:14,(anonymous_8)
FN:18,(anonymous_9)
FN:28,(anonymous_10)
FN:34,loadProfile
FN:73,updateProfile
FN:88,(anonymous_15)
FNF:7
FNH:0
FNDA:0,useProfile
FNDA:0,(anonymous_8)
FNDA:0,(anonymous_9)
FNDA:0,(anonymous_10)
FNDA:0,loadProfile
FNDA:0,updateProfile
FNDA:0,(anonymous_15)
DA:1,0
DA:2,0
DA:3,0
DA:5,0
DA:6,0
DA:8,0
DA:9,0
DA:10,0
DA:11,0
DA:12,0
DA:14,0
DA:15,0
DA:17,0
DA:18,0
DA:19,0
DA:20,0
DA:24,0
DA:25,0
DA:28,0
DA:29,0
DA:35,0
DA:37,0
DA:38,0
DA:39,0
DA:40,0
DA:42,0
DA:43,0
DA:44,0
DA:51,0
DA:52,0
DA:61,0
DA:62,0
DA:64,0
DA:66,0
DA:67,0
DA:69,0
DA:74,0
DA:75,0
DA:78,0
DA:79,0
DA:80,0
DA:82,0
DA:88,0
DA:94,0
DA:95,0
DA:96,0
DA:101,0
LF:47
LH:0
BRDA:17,0,0,0
BRDA:17,0,1,0
BRDA:19,1,0,0
BRDA:32,2,0,0
BRDA:32,2,1,0
BRDA:32,3,0,0
BRDA:32,3,1,0
BRDA:35,4,0,0
BRDA:42,5,0,0
BRDA:42,5,1,0
BRDA:46,6,0,0
BRDA:46,6,1,0
BRDA:46,7,0,0
BRDA:46,7,1,0
BRDA:46,8,0,0
BRDA:46,8,1,0
BRDA:47,9,0,0
BRDA:47,9,1,0
BRDA:47,10,0,0
BRDA:47,10,1,0
BRDA:47,11,0,0
BRDA:47,11,1,0
BRDA:54,12,0,0
BRDA:54,12,1,0
BRDA:55,13,0,0
BRDA:55,13,1,0
BRDA:55,13,2,0
BRDA:55,14,0,0
BRDA:55,14,1,0
BRDA:55,15,0,0
BRDA:55,15,1,0
BRDA:74,16,0,0
BRDA:88,17,0,0
BRDA:88,17,1,0
BRF:34
BRH:0
end_of_record
TN:
SF:src\pages\Admin.tsx
FN:8,Admin
FN:28,(anonymous_8)
FN:32,loadUsers
FN:45,handleCreateUser
FN:59,(anonymous_13)
FN:67,handleUpdateUser
FN:80,(anonymous_16)
FN:88,handleDeleteUser
FN:98,(anonymous_19)
FN:104,openEditModal
FN:109,formatDate
FN:124,(anonymous_22)
FN:175,(anonymous_23)
FN:201,(anonymous_24)
FN:208,(anonymous_25)
FN:226,(anonymous_26)
FN:238,(anonymous_27)
FN:246,(anonymous_28)
FN:257,(anonymous_29)
FN:269,(anonymous_30)
FN:287,(anonymous_31)
FN:313,(anonymous_32)
FN:325,(anonymous_33)
FNF:23
FNH:0
FNDA:0,Admin
FNDA:0,(anonymous_8)
FNDA:0,loadUsers
FNDA:0,handleCreateUser
FNDA:0,(anonymous_13)
FNDA:0,handleUpdateUser
FNDA:0,(anonymous_16)
FNDA:0,handleDeleteUser
FNDA:0,(anonymous_19)
FNDA:0,openEditModal
FNDA:0,formatDate
FNDA:0,(anonymous_22)
FNDA:0,(anonymous_23)
FNDA:0,(anonymous_24)
FNDA:0,(anonymous_25)
FNDA:0,(anonymous_26)
FNDA:0,(anonymous_27)
FNDA:0,(anonymous_28)
FNDA:0,(anonymous_29)
FNDA:0,(anonymous_30)
FNDA:0,(anonymous_31)
FNDA:0,(anonymous_32)
FNDA:0,(anonymous_33)
DA:1,0
DA:2,0
DA:3,0
DA:4,0
DA:5,0
DA:8,0
DA:9,0
DA:10,0
DA:11,0
DA:12,0
DA:15,0
DA:16,0
DA:21,0
DA:24,0
DA:25,0
DA:26,0
DA:28,0
DA:29,0
DA:33,0
DA:34,0
DA:35,0
DA:36,0
DA:37,0
DA:39,0
DA:41,0
DA:46,0
DA:47,0
DA:48,0
DA:51,0
DA:52,0
DA:53,0
DA:54,0
DA:55,0
DA:56,0
DA:57,0
DA:58,0
DA:59,0
DA:61,0
DA:63,0
DA:68,0
DA:70,0
DA:71,0
DA:72,0
DA:73,0
DA:76,0
DA:77,0
DA:78,0
DA:79,0
DA:80,0
DA:82,0
DA:84,0
DA:89,0
DA:90,0
DA:93,0
DA:94,0
DA:95,0
DA:96,0
DA:97,0
DA:98,0
DA:100,0
DA:105,0
DA:106,0
DA:110,0
DA:111,0
DA:118,0
DA:124,0
DA:176,0
DA:201,0
DA:208,0
DA:227,0
DA:228,0
DA:229,0
DA:238,0
DA:246,0
DA:258,0
DA:270,0
DA:271,0
DA:272,0
DA:288,0
DA:289,0
DA:290,0
DA:314,0
DA:326,0
DA:327,0
DA:328,0
LF:85
LH:0
BRDA:39,0,0,0
BRDA:39,0,1,0
BRDA:46,1,0,0
BRDA:46,2,0,0
BRDA:46,2,1,0
BRDA:61,3,0,0
BRDA:61,3,1,0
BRDA:68,4,0,0
BRDA:82,5,0,0
BRDA:82,5,1,0
BRDA:89,6,0,0
BRDA:100,7,0,0
BRDA:100,7,1,0
BRDA:110,8,0,0
BRDA:110,8,1,0
BRDA:129,9,0,0
BRDA:129,9,1,0
BRDA:135,10,0,0
BRDA:135,10,1,0
BRDA:141,11,0,0
BRDA:141,11,1,0
BRDA:145,12,0,0
BRDA:145,12,1,0
BRDA:181,13,0,0
BRDA:181,13,1,0
BRDA:186,14,0,0
BRDA:186,14,1,0
BRDA:191,15,0,0
BRDA:191,15,1,0
BRDA:294,16,0,0
BRDA:294,16,1,0
BRDA:312,17,0,0
BRDA:312,17,1,0
BRF:33
BRH:0
end_of_record
TN:
SF:src\pages\Collection.tsx
FN:20,Collection
FN:66,(anonymous_8)
FN:66,(anonymous_9)
FN:95,(anonymous_10)
FN:106,(anonymous_11)
FN:106,(anonymous_12)
FN:118,(anonymous_13)
FN:123,(anonymous_14)
FN:123,(anonymous_15)
FN:135,(anonymous_16)
FN:135,(anonymous_17)
FN:153,(anonymous_18)
FN:167,(anonymous_19)
FN:179,(anonymous_20)
FN:185,(anonymous_21)
FN:224,(anonymous_22)
FN:226,(anonymous_23)
FN:227,(anonymous_24)
FN:231,(anonymous_25)
FN:242,(anonymous_26)
FN:245,(anonymous_27)
FN:252,(anonymous_28)
FN:255,(anonymous_29)
FN:262,(anonymous_30)
FN:269,(anonymous_31)
FN:271,(anonymous_32)
FN:277,(anonymous_33)
FN:279,(anonymous_34)
FN:287,(anonymous_35)
FN:294,(anonymous_36)
FN:304,(anonymous_37)
FN:307,(anonymous_38)
FN:316,(anonymous_39)
FN:326,(anonymous_40)
FN:328,(anonymous_41)
FN:336,(anonymous_42)
FN:338,(anonymous_43)
FN:349,(anonymous_44)
FN:351,(anonymous_45)
FN:352,(anonymous_46)
FN:357,(anonymous_47)
FN:359,(anonymous_48)
FN:362,(anonymous_49)
FN:368,(anonymous_50)
FN:370,(anonymous_51)
FN:379,(anonymous_52)
FN:424,(anonymous_53)
FN:435,(anonymous_54)
FN:436,(anonymous_55)
FN:440,(anonymous_56)
FN:462,(anonymous_57)
FN:470,(anonymous_58)
FN:489,(anonymous_59)
FN:492,(anonymous_60)
FN:497,(anonymous_61)
FN:499,(anonymous_62)
FN:503,(anonymous_63)
FN:532,(anonymous_64)
FN:534,(anonymous_65)
FN:538,(anonymous_66)
FN:558,(anonymous_67)
FN:561,(anonymous_68)
FN:568,(anonymous_69)
FN:581,(anonymous_70)
FN:584,(anonymous_71)
FN:591,(anonymous_72)
FN:604,(anonymous_73)
FN:607,(anonymous_74)
FN:614,(anonymous_75)
FN:627,(anonymous_76)
FN:630,(anonymous_77)
FN:637,(anonymous_78)
FN:650,(anonymous_79)
FN:653,(anonymous_80)
FN:660,(anonymous_81)
FN:672,(anonymous_82)
FN:696,(anonymous_83)
FN:710,(anonymous_84)
FN:741,(anonymous_85)
FN:749,(anonymous_86)
FN:757,(anonymous_87)
FN:798,(anonymous_88)
FN:863,(anonymous_89)
FN:878,(anonymous_90)
FN:900,(anonymous_91)
FN:920,(anonymous_92)
FN:933,(anonymous_93)
FN:967,(anonymous_94)
FN:983,(anonymous_95)
FN:1002,(anonymous_96)
FN:1005,(anonymous_97)
FN:1019,(anonymous_98)
FNF:92
FNH:0
FNDA:0,Collection
FNDA:0,(anonymous_8)
FNDA:0,(anonymous_9)
FNDA:0,(anonymous_10)
FNDA:0,(anonymous_11)
FNDA:0,(anonymous_12)
FNDA:0,(anonymous_13)
FNDA:0,(anonymous_14)
FNDA:0,(anonymous_15)
FNDA:0,(anonymous_16)
FNDA:0,(anonymous_17)
FNDA:0,(anonymous_18)
FNDA:0,(anonymous_19)
FNDA:0,(anonymous_20)
FNDA:0,(anonymous_21)
FNDA:0,(anonymous_22)
FNDA:0,(anonymous_23)
FNDA:0,(anonymous_24)
FNDA:0,(anonymous_25)
FNDA:0,(anonymous_26)
FNDA:0,(anonymous_27)
FNDA:0,(anonymous_28)
FNDA:0,(anonymous_29)
FNDA:0,(anonymous_30)
FNDA:0,(anonymous_31)
FNDA:0,(anonymous_32)
FNDA:0,(anonymous_33)
FNDA:0,(anonymous_34)
FNDA:0,(anonymous_35)
FNDA:0,(anonymous_36)
FNDA:0,(anonymous_37)
FNDA:0,(anonymous_38)
FNDA:0,(anonymous_39)
FNDA:0,(anonymous_40)
FNDA:0,(anonymous_41)
FNDA:0,(anonymous_42)
FNDA:0,(anonymous_43)
FNDA:0,(anonymous_44)
FNDA:0,(anonymous_45)
FNDA:0,(anonymous_46)
FNDA:0,(anonymous_47)
FNDA:0,(anonymous_48)
FNDA:0,(anonymous_49)
FNDA:0,(anonymous_50)
FNDA:0,(anonymous_51)
FNDA:0,(anonymous_52)
FNDA:0,(anonymous_53)
FNDA:0,(anonymous_54)
FNDA:0,(anonymous_55)
FNDA:0,(anonymous_56)
FNDA:0,(anonymous_57)
FNDA:0,(anonymous_58)
FNDA:0,(anonymous_59)
FNDA:0,(anonymous_60)
FNDA:0,(anonymous_61)
FNDA:0,(anonymous_62)
FNDA:0,(anonymous_63)
FNDA:0,(anonymous_64)
FNDA:0,(anonymous_65)
FNDA:0,(anonymous_66)
FNDA:0,(anonymous_67)
FNDA:0,(anonymous_68)
FNDA:0,(anonymous_69)
FNDA:0,(anonymous_70)
FNDA:0,(anonymous_71)
FNDA:0,(anonymous_72)
FNDA:0,(anonymous_73)
FNDA:0,(anonymous_74)
FNDA:0,(anonymous_75)
FNDA:0,(anonymous_76)
FNDA:0,(anonymous_77)
FNDA:0,(anonymous_78)
FNDA:0,(anonymous_79)
FNDA:0,(anonymous_80)
FNDA:0,(anonymous_81)
FNDA:0,(anonymous_82)
FNDA:0,(anonymous_83)
FNDA:0,(anonymous_84)
FNDA:0,(anonymous_85)
FNDA:0,(anonymous_86)
FNDA:0,(anonymous_87)
FNDA:0,(anonymous_88)
FNDA:0,(anonymous_89)
FNDA:0,(anonymous_90)
FNDA:0,(anonymous_91)
FNDA:0,(anonymous_92)
FNDA:0,(anonymous_93)
FNDA:0,(anonymous_94)
FNDA:0,(anonymous_95)
FNDA:0,(anonymous_96)
FNDA:0,(anonymous_97)
FNDA:0,(anonymous_98)
DA:1,0
DA:2,0
DA:3,0
DA:4,0
DA:5,0
DA:6,0
DA:7,0
DA:8,0
DA:9,0
DA:10,0
DA:11,0
DA:12,0
DA:13,0
DA:14,0
DA:15,0
DA:16,0
DA:17,0
DA:18,0
DA:20,0
DA:21,0
DA:22,0
DA:23,0
DA:24,0
DA:42,0
DA:43,0
DA:44,0
DA:45,0
DA:46,0
DA:47,0
DA:48,0
DA:49,0
DA:50,0
DA:51,0
DA:52,0
DA:53,0
DA:56,0
DA:57,0
DA:58,0
DA:59,0
DA:60,0
DA:61,0
DA:62,0
DA:63,0
DA:64,0
DA:66,0
DA:67,0
DA:68,0
DA:70,0
DA:71,0
DA:72,0
DA:73,0
DA:74,0
DA:76,0
DA:77,0
DA:81,0
DA:82,0
DA:83,0
DA:84,0
DA:86,0
DA:91,0
DA:93,0
DA:94,0
DA:95,0
DA:96,0
DA:97,0
DA:100,0
DA:102,0
DA:106,0
DA:107,0
DA:108,0
DA:111,0
DA:112,0
DA:114,0
DA:118,0
DA:119,0
DA:120,0
DA:123,0
DA:124,0
DA:126,0
DA:127,0
DA:128,0
DA:129,0
DA:131,0
DA:135,0
DA:136,0
DA:138,0
DA:139,0
DA:140,0
DA:141,0
DA:142,0
DA:143,0
DA:144,0
DA:146,0
DA:148,0
DA:152,0
DA:153,0
DA:154,0
DA:157,0
DA:158,0
DA:159,0
DA:160,0
DA:161,0
DA:162,0
DA:163,0
DA:164,0
DA:167,0
DA:168,0
DA:171,0
DA:172,0
DA:175,0
DA:176,0
DA:177,0
DA:179,0
DA:181,0
DA:184,0
DA:185,0
DA:186,0
DA:190,0
DA:191,0
DA:192,0
DA:193,0
DA:194,0
DA:196,0
DA:198,0
DA:199,0
DA:200,0
DA:201,0
DA:203,0
DA:205,0
DA:211,0
DA:212,0
DA:213,0
DA:214,0
DA:215,0
DA:218,0
DA:223,0
DA:224,0
DA:225,0
DA:226,0
DA:227,0
DA:230,0
DA:231,0
DA:232,0
DA:234,0
DA:237,0
DA:239,0
DA:241,0
DA:242,0
DA:245,0
DA:249,0
DA:251,0
DA:252,0
DA:255,0
DA:261,0
DA:262,0
DA:263,0
DA:268,0
DA:269,0
DA:270,0
DA:271,0
DA:276,0
DA:277,0
DA:278,0
DA:279,0
DA:280,0
DA:286,0
DA:287,0
DA:288,0
DA:293,0
DA:294,0
DA:295,0
DA:296,0
DA:300,0
DA:304,0
DA:306,0
DA:307,0
DA:308,0
DA:309,0
DA:312,0
DA:315,0
DA:316,0
DA:317,0
DA:318,0
DA:320,0
DA:322,0
DA:326,0
DA:327,0
DA:328,0
DA:329,0
DA:330,0
DA:333,0
DA:336,0
DA:337,0
DA:338,0
DA:339,0
DA:340,0
DA:342,0
DA:343,0
DA:346,0
DA:349,0
DA:350,0
DA:351,0
DA:352,0
DA:354,0
DA:357,0
DA:358,0
DA:359,0
DA:361,0
DA:362,0
DA:365,0
DA:368,0
DA:369,0
DA:370,0
DA:371,0
DA:372,0
DA:373,0
DA:374,0
DA:378,0
DA:380,0
DA:381,0
DA:382,0
DA:383,0
DA:385,0
DA:389,0
DA:390,0
DA:398,0
DA:400,0
DA:424,0
DA:435,0
DA:437,0
DA:438,0
DA:441,0
DA:442,0
DA:443,0
DA:462,0
DA:471,0
DA:472,0
DA:490,0
DA:493,0
DA:494,0
DA:496,0
DA:497,0
DA:499,0
DA:500,0
DA:503,0
DA:534,0
DA:535,0
DA:538,0
DA:559,0
DA:560,0
DA:561,0
DA:569,0
DA:582,0
DA:583,0
DA:584,0
DA:592,0
DA:605,0
DA:606,0
DA:607,0
DA:615,0
DA:628,0
DA:629,0
DA:630,0
DA:638,0
DA:651,0
DA:652,0
DA:653,0
DA:661,0
DA:673,0
DA:674,0
DA:675,0
DA:676,0
DA:677,0
DA:678,0
DA:679,0
DA:696,0
DA:710,0
DA:741,0
DA:749,0
DA:757,0
DA:799,0
DA:864,0
DA:865,0
DA:866,0
DA:867,0
DA:868,0
DA:869,0
DA:880,0
DA:882,0
DA:901,0
DA:902,0
DA:903,0
DA:920,0
DA:933,0
DA:968,0
DA:969,0
DA:970,0
DA:983,0
DA:1003,0
DA:1005,0
DA:1019,0
LF:301
LH:0
BRDA:42,0,0,0
BRDA:42,0,1,0
BRDA:42,1,0,0
BRDA:42,1,1,0
BRDA:67,2,0,0
BRDA:67,2,1,0
BRDA:67,3,0,0
BRDA:67,3,1,0
BRDA:68,4,0,0
BRDA:76,5,0,0
BRDA:76,6,0,0
BRDA:76,6,1,0
BRDA:81,7,0,0
BRDA:83,8,0,0
BRDA:96,9,0,0
BRDA:107,10,0,0
BRDA:124,11,0,0
BRDA:136,12,0,0
BRDA:136,13,0,0
BRDA:136,13,1,0
BRDA:153,14,0,0
BRDA:153,14,1,0
BRDA:153,15,0,0
BRDA:153,15,1,0
BRDA:153,16,0,0
BRDA:153,16,1,0
BRDA:154,17,0,0
BRDA:154,17,1,0
BRDA:154,18,0,0
BRDA:154,18,1,0
BRDA:154,19,0,0
BRDA:154,19,1,0
BRDA:171,20,0,0
BRDA:184,21,0,0
BRDA:184,21,1,0
BRDA:184,22,0,0
BRDA:184,22,1,0
BRDA:184,23,0,0
BRDA:184,23,1,0
BRDA:191,24,0,0
BRDA:191,25,0,0
BRDA:191,25,1,0
BRDA:191,25,2,0
BRDA:192,26,0,0
BRDA:192,26,1,0
BRDA:192,27,0,0
BRDA:192,27,1,0
BRDA:192,28,0,0
BRDA:192,28,1,0
BRDA:193,29,0,0
BRDA:193,29,1,0
BRDA:193,30,0,0
BRDA:193,30,1,0
BRDA:193,31,0,0
BRDA:193,31,1,0
BRDA:194,32,0,0
BRDA:194,32,1,0
BRDA:198,33,0,0
BRDA:198,33,1,0
BRDA:200,34,0,0
BRDA:200,34,1,0
BRDA:201,35,0,0
BRDA:201,35,1,0
BRDA:203,36,0,0
BRDA:205,37,0,0
BRDA:205,37,1,0
BRDA:211,38,0,0
BRDA:211,38,1,0
BRDA:211,39,0,0
BRDA:211,39,1,0
BRDA:211,40,0,0
BRDA:211,40,1,0
BRDA:212,41,0,0
BRDA:212,41,1,0
BRDA:212,42,0,0
BRDA:212,42,1,0
BRDA:212,43,0,0
BRDA:212,43,1,0
BRDA:213,44,0,0
BRDA:213,44,1,0
BRDA:218,45,0,0
BRDA:218,45,1,0
BRDA:218,45,2,0
BRDA:218,45,3,0
BRDA:223,46,0,0
BRDA:225,47,0,0
BRDA:225,47,1,0
BRDA:225,48,0,0
BRDA:225,48,1,0
BRDA:225,49,0,0
BRDA:225,49,1,0
BRDA:230,50,0,0
BRDA:232,51,0,0
BRDA:239,52,0,0
BRDA:239,52,1,0
BRDA:241,53,0,0
BRDA:241,53,1,0
BRDA:249,54,0,0
BRDA:249,54,1,0
BRDA:251,55,0,0
BRDA:251,55,1,0
BRDA:261,56,0,0
BRDA:263,57,0,0
BRDA:263,57,1,0
BRDA:263,58,0,0
BRDA:263,58,1,0
BRDA:263,59,0,0
BRDA:263,59,1,0
BRDA:268,60,0,0
BRDA:270,61,0,0
BRDA:270,61,1,0
BRDA:270,62,0,0
BRDA:270,62,1,0
BRDA:270,63,0,0
BRDA:270,63,1,0
BRDA:276,64,0,0
BRDA:278,65,0,0
BRDA:278,65,1,0
BRDA:278,66,0,0
BRDA:278,66,1,0
BRDA:278,67,0,0
BRDA:278,67,1,0
BRDA:286,68,0,0
BRDA:288,69,0,0
BRDA:288,69,1,0
BRDA:293,70,0,0
BRDA:295,71,0,0
BRDA:295,71,1,0
BRDA:295,71,2,0
BRDA:295,71,3,0
BRDA:295,72,0,0
BRDA:295,72,1,0
BRDA:295,73,0,0
BRDA:295,73,1,0
BRDA:308,74,0,0
BRDA:317,75,0,0
BRDA:329,76,0,0
BRDA:339,77,0,0
BRDA:339,78,0,0
BRDA:339,78,1,0
BRDA:339,79,0,0
BRDA:339,79,1,0
BRDA:342,80,0,0
BRDA:352,81,0,0
BRDA:352,81,1,0
BRDA:352,82,0,0
BRDA:352,82,1,0
BRDA:352,83,0,0
BRDA:352,83,1,0
BRDA:352,84,0,0
BRDA:352,84,1,0
BRDA:361,85,0,0
BRDA:361,86,0,0
BRDA:361,86,1,0
BRDA:361,87,0,0
BRDA:361,87,1,0
BRDA:361,88,0,0
BRDA:361,88,1,0
BRDA:371,89,0,0
BRDA:371,89,1,0
BRDA:371,89,2,0
BRDA:371,90,0,0
BRDA:371,90,1,0
BRDA:371,91,0,0
BRDA:371,91,1,0
BRDA:372,92,0,0
BRDA:372,92,1,0
BRDA:372,93,0,0
BRDA:372,93,1,0
BRDA:373,94,0,0
BRDA:374,95,0,0
BRDA:374,95,1,0
BRDA:382,96,0,0
BRDA:389,97,0,0
BRDA:389,98,0,0
BRDA:389,98,1,0
BRDA:398,99,0,0
BRDA:398,99,1,0
BRDA:405,100,0,0
BRDA:405,100,1,0
BRDA:405,101,0,0
BRDA:405,101,1,0
BRDA:405,102,0,0
BRDA:405,102,1,0
BRDA:405,103,0,0
BRDA:405,103,1,0
BRDA:405,104,0,0
BRDA:405,104,1,0
BRDA:409,105,0,0
BRDA:409,105,1,0
BRDA:411,106,0,0
BRDA:411,106,1,0
BRDA:413,107,0,0
BRDA:413,107,1,0
BRDA:413,108,0,0
BRDA:413,108,1,0
BRDA:413,109,0,0
BRDA:413,109,1,0
BRDA:413,110,0,0
BRDA:413,110,1,0
BRDA:413,111,0,0
BRDA:413,111,1,0
BRDA:414,112,0,0
BRDA:414,112,1,0
BRDA:414,113,0,0
BRDA:414,113,1,0
BRDA:422,114,0,0
BRDA:422,114,1,0
BRDA:422,115,0,0
BRDA:422,115,1,0
BRDA:422,116,0,0
BRDA:422,116,1,0
BRDA:423,117,0,0
BRDA:423,117,1,0
BRDA:424,118,0,0
BRDA:424,118,1,0
BRDA:441,119,0,0
BRDA:458,120,0,0
BRDA:458,120,1,0
BRDA:458,120,2,0
BRDA:460,121,0,0
BRDA:460,121,1,0
BRDA:496,122,0,0
BRDA:496,122,1,0
BRDA:508,123,0,0
BRDA:508,123,1,0
BRDA:513,124,0,0
BRDA:513,124,1,0
BRDA:514,125,0,0
BRDA:514,125,1,0
BRDA:515,126,0,0
BRDA:515,126,1,0
BRDA:516,127,0,0
BRDA:516,127,1,0
BRDA:517,128,0,0
BRDA:517,128,1,0
BRDA:526,129,0,0
BRDA:526,129,1,0
BRDA:553,130,0,0
BRDA:553,130,1,0
BRDA:557,131,0,0
BRDA:557,131,1,0
BRDA:559,132,0,0
BRDA:559,132,1,0
BRDA:576,133,0,0
BRDA:576,133,1,0
BRDA:580,134,0,0
BRDA:580,134,1,0
BRDA:582,135,0,0
BRDA:582,135,1,0
BRDA:599,136,0,0
BRDA:599,136,1,0
BRDA:603,137,0,0
BRDA:603,137,1,0
BRDA:605,138,0,0
BRDA:605,138,1,0
BRDA:622,139,0,0
BRDA:622,139,1,0
BRDA:626,140,0,0
BRDA:626,140,1,0
BRDA:628,141,0,0
BRDA:628,141,1,0
BRDA:645,142,0,0
BRDA:645,142,1,0
BRDA:649,143,0,0
BRDA:649,143,1,0
BRDA:651,144,0,0
BRDA:651,144,1,0
BRDA:670,145,0,0
BRDA:670,145,1,0
BRDA:670,145,2,0
BRDA:670,145,3,0
BRDA:670,145,4,0
BRDA:670,145,5,0
BRDA:670,145,6,0
BRDA:670,145,7,0
BRDA:690,146,0,0
BRDA:690,146,1,0
BRDA:690,146,2,0
BRDA:692,147,0,0
BRDA:692,147,1,0
BRDA:718,148,0,0
BRDA:718,148,1,0
BRDA:724,149,0,0
BRDA:724,149,1,0
BRDA:724,149,2,0
BRDA:730,150,0,0
BRDA:730,150,1,0
BRDA:738,151,0,0
BRDA:738,151,1,0
BRDA:767,152,0,0
BRDA:767,152,1,0
BRDA:767,153,0,0
BRDA:767,153,1,0
BRDA:792,154,0,0
BRDA:792,154,1,0
BRDA:802,155,0,0
BRDA:802,155,1,0
BRDA:804,156,0,0
BRDA:804,156,1,0
BRDA:810,157,0,0
BRDA:810,157,1,0
BRDA:815,158,0,0
BRDA:815,158,1,0
BRDA:826,159,0,0
BRDA:826,159,1,0
BRDA:826,159,2,0
BRDA:832,160,0,0
BRDA:832,160,1,0
BRDA:841,161,0,0
BRDA:841,161,1,0
BRDA:841,162,0,0
BRDA:841,162,1,0
BRDA:841,162,2,0
BRDA:844,163,0,0
BRDA:844,163,1,0
BRDA:846,164,0,0
BRDA:846,164,1,0
BRDA:857,165,0,0
BRDA:857,165,1,0
BRDA:880,166,0,0
BRDA:880,166,1,0
BRDA:888,167,0,0
BRDA:888,167,1,0
BRDA:889,168,0,0
BRDA:889,168,1,0
BRDA:890,169,0,0
BRDA:890,169,1,0
BRDA:902,170,0,0
BRDA:941,171,0,0
BRDA:941,171,1,0
BRDA:941,171,2,0
BRDA:958,172,0,0
BRDA:958,172,1,0
BRDA:988,173,0,0
BRDA:988,173,1,0
BRDA:996,174,0,0
BRDA:996,174,1,0
BRF:338
BRH:0
end_of_record
TN:
SF:src\pages\DeckBuilder.tsx
FN:11,DeckBuilder
FN:19,(anonymous_8)
FN:21,(anonymous_9)
FN:22,loadDeckCards
FN:34,(anonymous_12)
FN:74,(anonymous_13)
FN:74,(anonymous_14)
FN:83,(anonymous_15)
FN:83,(anonymous_16)
FN:107,(anonymous_17)
FN:113,(anonymous_18)
FN:118,(anonymous_19)
FN:138,(anonymous_20)
FN:144,(anonymous_21)
FN:150,(anonymous_22)
FN:161,(anonymous_23)
FN:168,(anonymous_24)
FNF:17
FNH:0
FNDA:0,DeckBuilder
FNDA:0,(anonymous_8)
FNDA:0,(anonymous_9)
FNDA:0,loadDeckCards
FNDA:0,(anonymous_12)
FNDA:0,(anonymous_13)
FNDA:0,(anonymous_14)
FNDA:0,(anonymous_15)
FNDA:0,(anonymous_16)
FNDA:0,(anonymous_17)
FNDA:0,(anonymous_18)
FNDA:0,(anonymous_19)
FNDA:0,(anonymous_20)
FNDA:0,(anonymous_21)
FNDA:0,(anonymous_22)
FNDA:0,(anonymous_23)
FNDA:0,(anonymous_24)
DA:1,0
DA:2,0
DA:3,0
DA:4,0
DA:5,0
DA:6,0
DA:7,0
DA:8,0
DA:11,0
DA:12,0
DA:13,0
DA:14,0
DA:15,0
DA:16,0
DA:17,0
DA:19,0
DA:21,0
DA:23,0
DA:24,0
DA:25,0
DA:28,0
DA:29,0
DA:30,0
DA:32,0
DA:34,0
DA:36,0
DA:38,0
DA:44,0
DA:45,0
DA:48,0
DA:49,0
DA:50,0
DA:58,0
DA:63,0
DA:65,0
DA:67,0
DA:71,0
DA:74,0
DA:75,0
DA:76,0
DA:77,0
DA:79,0
DA:83,0
DA:84,0
DA:85,0
DA:86,0
DA:88,0
DA:92,0
DA:93,0
DA:100,0
DA:101,0
DA:107,0
DA:113,0
DA:115,0
DA:118,0
DA:138,0
DA:145,0
DA:150,0
DA:161,0
DA:168,0
LF:60
LH:0
BRDA:23,0,0,0
BRDA:23,1,0,0
BRDA:23,1,1,0
BRDA:36,2,0,0
BRDA:36,2,1,0
BRDA:48,3,0,0
BRDA:54,4,0,0
BRDA:54,4,1,0
BRDA:54,5,0,0
BRDA:54,5,1,0
BRDA:54,6,0,0
BRDA:54,6,1,0
BRDA:75,7,0,0
BRDA:84,8,0,0
BRDA:84,9,0,0
BRDA:84,9,1,0
BRDA:92,10,0,0
BRDA:92,11,0,0
BRDA:92,11,1,0
BRDA:100,12,0,0
BRDA:127,13,0,0
BRDA:127,13,1,0
BRDA:133,14,0,0
BRDA:133,14,1,0
BRF:24
BRH:0
end_of_record
TN:
SF:src\pages\Decks.tsx
FN:8,Decks
FN:14,(anonymous_8)
FN:14,(anonymous_9)
FN:29,(anonymous_10)
FN:29,(anonymous_11)
FN:55,(anonymous_12)
FN:71,(anonymous_13)
FN:77,(anonymous_14)
FN:97,(anonymous_15)
FN:109,(anonymous_16)
FN:119,(anonymous_17)
FN:121,(anonymous_18)
FN:130,(anonymous_19)
FNF:13
FNH:0
FNDA:0,Decks
FNDA:0,(anonymous_8)
FNDA:0,(anonymous_9)
FNDA:0,(anonymous_10)
FNDA:0,(anonymous_11)
FNDA:0,(anonymous_12)
FNDA:0,(anonymous_13)
FNDA:0,(anonymous_14)
FNDA:0,(anonymous_15)
FNDA:0,(anonymous_16)
FNDA:0,(anonymous_17)
FNDA:0,(anonymous_18)
FNDA:0,(anonymous_19)
DA:1,0
DA:2,0
DA:3,0
DA:4,0
DA:5,0
DA:6,0
DA:8,0
DA:9,0
DA:10,0
DA:11,0
DA:12,0
DA:14,0
DA:15,0
DA:17,0
DA:18,0
DA:19,0
DA:20,0
DA:21,0
DA:23,0
DA:25,0
DA:29,0
DA:30,0
DA:31,0
DA:34,0
DA:35,0
DA:37,0
DA:41,0
DA:42,0
DA:49,0
DA:55,0
DA:71,0
DA:78,0
DA:97,0
DA:110,0
DA:111,0
DA:119,0
DA:122,0
DA:123,0
DA:131,0
DA:132,0
LF:40
LH:0
BRDA:15,0,0,0
BRDA:30,1,0,0
BRDA:41,2,0,0
BRDA:60,3,0,0
BRDA:60,3,1,0
BRDA:66,4,0,0
BRDA:66,4,1,0
BRDA:86,5,0,0
BRDA:86,5,1,0
BRDA:122,6,0,0
BRDA:139,7,0,0
BRDA:139,7,1,0
BRF:12
BRH:0
end_of_record
TN:
SF:src\pages\Login.tsx
FN:7,Login
FN:15,(anonymous_8)
FN:15,(anonymous_9)
FN:52,(anonymous_10)
FN:60,(anonymous_11)
FNF:5
FNH:0
FNDA:0,Login
FNDA:0,(anonymous_8)
FNDA:0,(anonymous_9)
FNDA:0,(anonymous_10)
FNDA:0,(anonymous_11)
DA:1,0
DA:2,0
DA:3,0
DA:4,0
DA:5,0
DA:7,0
DA:8,0
DA:9,0
DA:10,0
DA:11,0
DA:12,0
DA:13,0
DA:15,0
DA:16,0
DA:17,0
DA:18,0
DA:20,0
DA:21,0
DA:22,0
DA:24,0
DA:26,0
DA:30,0
DA:52,0
DA:60,0
LF:24
LH:0
BRDA:24,0,0,0
BRDA:24,0,1,0
BRDA:42,1,0,0
BRDA:42,1,1,0
BRF:4
BRH:0
end_of_record
TN:
SF:src\pages\Profile.tsx
FN:14,Profile
FN:28,(anonymous_8)
FN:34,(anonymous_9)
FN:34,(anonymous_10)
FN:51,(anonymous_11)
FN:51,(anonymous_12)
FN:64,(anonymous_13)
FN:64,(anonymous_14)
FN:69,(anonymous_15)
FN:94,(anonymous_16)
FN:94,(anonymous_17)
FN:106,(anonymous_18)
FN:124,(anonymous_19)
FN:124,(anonymous_20)
FN:137,(anonymous_21)
FN:142,(anonymous_22)
FN:142,(anonymous_23)
FN:154,(anonymous_24)
FN:157,(anonymous_25)
FN:212,(anonymous_26)
FN:215,(anonymous_27)
FN:237,(anonymous_28)
FN:286,(anonymous_29)
FN:305,(anonymous_30)
FN:335,(anonymous_31)
FN:344,(anonymous_32)
FNF:26
FNH:0
FNDA:0,Profile
FNDA:0,(anonymous_8)
FNDA:0,(anonymous_9)
FNDA:0,(anonymous_10)
FNDA:0,(anonymous_11)
FNDA:0,(anonymous_12)
FNDA:0,(anonymous_13)
FNDA:0,(anonymous_14)
FNDA:0,(anonymous_15)
FNDA:0,(anonymous_16)
FNDA:0,(anonymous_17)
FNDA:0,(anonymous_18)
FNDA:0,(anonymous_19)
FNDA:0,(anonymous_20)
FNDA:0,(anonymous_21)
FNDA:0,(anonymous_22)
FNDA:0,(anonymous_23)
FNDA:0,(anonymous_24)
FNDA:0,(anonymous_25)
FNDA:0,(anonymous_26)
FNDA:0,(anonymous_27)
FNDA:0,(anonymous_28)
FNDA:0,(anonymous_29)
FNDA:0,(anonymous_30)
FNDA:0,(anonymous_31)
FNDA:0,(anonymous_32)
DA:1,0
DA:2,0
DA:3,0
DA:4,0
DA:5,0
DA:6,0
DA:7,0
DA:8,0
DA:9,0
DA:10,0
DA:11,0
DA:14,0
DA:15,0
DA:16,0
DA:17,0
DA:18,0
DA:19,0
DA:20,0
DA:21,0
DA:22,0
DA:23,0
DA:24,0
DA:25,0
DA:28,0
DA:29,0
DA:30,0
DA:34,0
DA:35,0
DA:36,0
DA:37,0
DA:40,0
DA:41,0
DA:42,0
DA:43,0
DA:45,0
DA:47,0
DA:51,0
DA:52,0
DA:53,0
DA:56,0
DA:57,0
DA:59,0
DA:60,0
DA:64,0
DA:65,0
DA:66,0
DA:69,0
DA:71,0
DA:72,0
DA:73,0
DA:76,0
DA:78,0
DA:79,0
DA:80,0
DA:81,0
DA:85,0
DA:87,0
DA:88,0
DA:90,0
DA:94,0
DA:95,0
DA:96,0
DA:98,0
DA:99,0
DA:100,0
DA:103,0
DA:106,0
DA:107,0
DA:110,0
DA:112,0
DA:113,0
DA:115,0
DA:117,0
DA:118,0
DA:120,0
DA:124,0
DA:125,0
DA:126,0
DA:128,0
DA:129,0
DA:130,0
DA:132,0
DA:133,0
DA:137,0
DA:138,0
DA:139,0
DA:142,0
DA:143,0
DA:144,0
DA:146,0
DA:147,0
DA:149,0
DA:150,0
DA:154,0
DA:155,0
DA:157,0
DA:158,0
DA:161,0
DA:162,0
DA:169,0
DA:170,0
DA:179,0
DA:213,0
DA:215,0
DA:237,0
DA:287,0
DA:306,0
DA:336,0
DA:337,0
DA:345,0
DA:346,0
DA:347,0
DA:348,0
LF:113
LH:0
BRDA:29,0,0,0
BRDA:30,1,0,0
BRDA:30,1,1,0
BRDA:35,2,0,0
BRDA:52,3,0,0
BRDA:52,4,0,0
BRDA:52,4,1,0
BRDA:52,5,0,0
BRDA:52,5,1,0
BRDA:71,6,0,0
BRDA:76,7,0,0
BRDA:95,8,0,0
BRDA:95,8,1,0
BRDA:95,9,0,0
BRDA:95,9,1,0
BRDA:96,10,0,0
BRDA:96,11,0,0
BRDA:96,11,1,0
BRDA:107,12,0,0
BRDA:107,12,1,0
BRDA:107,13,0,0
BRDA:107,13,1,0
BRDA:112,14,0,0
BRDA:125,15,0,0
BRDA:143,16,0,0
BRDA:155,17,0,0
BRDA:155,17,1,0
BRDA:155,17,2,0
BRDA:158,18,0,0
BRDA:158,18,1,0
BRDA:158,18,2,0
BRDA:161,19,0,0
BRDA:169,20,0,0
BRDA:185,21,0,0
BRDA:185,21,1,0
BRDA:217,22,0,0
BRDA:217,22,1,0
BRDA:244,23,0,0
BRDA:244,23,1,0
BRDA:244,23,2,0
BRDA:276,24,0,0
BRDA:276,24,1,0
BRDA:281,25,0,0
BRDA:281,25,1,0
BRDA:300,26,0,0
BRDA:300,26,1,0
BRDA:313,27,0,0
BRDA:313,27,1,0
BRDA:321,28,0,0
BRDA:321,28,1,0
BRDA:347,29,0,0
BRDA:379,30,0,0
BRDA:379,30,1,0
BRF:53
BRH:0
end_of_record
TN:
SF:src\pages\Statistics.tsx
FN:6,Statistics
FN:12,(anonymous_8)
FN:18,(anonymous_9)
FN:18,(anonymous_10)
FN:31,(anonymous_11)
FN:41,(anonymous_12)
FN:46,(anonymous_13)
FN:56,(anonymous_14)
FN:59,(anonymous_15)
FN:68,(anonymous_16)
FN:71,(anonymous_17)
FN:80,(anonymous_18)
FN:81,(anonymous_19)
FN:110,(anonymous_20)
FN:160,(anonymous_21)
FN:181,(anonymous_22)
FN:182,(anonymous_23)
FN:198,(anonymous_24)
FN:200,(anonymous_25)
FNF:19
FNH:0
FNDA:0,Statistics
FNDA:0,(anonymous_8)
FNDA:0,(anonymous_9)
FNDA:0,(anonymous_10)
FNDA:0,(anonymous_11)
FNDA:0,(anonymous_12)
FNDA:0,(anonymous_13)
FNDA:0,(anonymous_14)
FNDA:0,(anonymous_15)
FNDA:0,(anonymous_16)
FNDA:0,(anonymous_17)
FNDA:0,(anonymous_18)
FNDA:0,(anonymous_19)
FNDA:0,(anonymous_20)
FNDA:0,(anonymous_21)
FNDA:0,(anonymous_22)
FNDA:0,(anonymous_23)
FNDA:0,(anonymous_24)
FNDA:0,(anonymous_25)
DA:1,0
DA:2,0
DA:3,0
DA:4,0
DA:6,0
DA:7,0
DA:8,0
DA:9,0
DA:10,0
DA:12,0
DA:13,0
DA:14,0
DA:18,0
DA:19,0
DA:20,0
DA:21,0
DA:22,0
DA:24,0
DA:26,0
DA:31,0
DA:32,0
DA:41,0
DA:42,0
DA:43,0
DA:44,0
DA:46,0
DA:47,0
DA:52,0
DA:56,0
DA:57,0
DA:59,0
DA:60,0
DA:61,0
DA:64,0
DA:68,0
DA:69,0
DA:71,0
DA:72,0
DA:73,0
DA:76,0
DA:80,0
DA:81,0
DA:85,0
DA:87,0
DA:88,0
DA:95,0
DA:111,0
DA:112,0
DA:113,0
DA:161,0
DA:181,0
DA:183,0
DA:198,0
DA:201,0
LF:54
LH:0
BRDA:13,0,0,0
BRDA:13,1,0,0
BRDA:13,1,1,0
BRDA:13,1,2,0
BRDA:42,2,0,0
BRDA:42,2,1,0
BRDA:42,3,0,0
BRDA:42,3,1,0
BRDA:42,4,0,0
BRDA:42,4,1,0
BRDA:43,5,0,0
BRDA:43,5,1,0
BRDA:47,6,0,0
BRDA:47,6,1,0
BRDA:60,7,0,0
BRDA:60,7,1,0
BRDA:60,7,2,0
BRDA:60,8,0,0
BRDA:60,8,1,0
BRDA:60,9,0,0
BRDA:60,9,1,0
BRDA:61,10,0,0
BRDA:61,10,1,0
BRDA:72,11,0,0
BRDA:72,11,1,0
BRDA:72,11,2,0
BRDA:73,12,0,0
BRDA:73,12,1,0
BRDA:87,13,0,0
BRDA:129,14,0,0
BRDA:129,14,1,0
BRDA:150,15,0,0
BRDA:150,15,1,0
BRDA:150,16,0,0
BRDA:150,16,1,0
BRDA:163,17,0,0
BRDA:163,17,1,0
BRDA:163,18,0,0
BRDA:163,18,1,0
BRDA:163,19,0,0
BRDA:163,19,1,0
BRDA:163,20,0,0
BRDA:163,20,1,0
BRDA:163,21,0,0
BRDA:163,21,1,0
BRF:45
BRH:0
end_of_record
TN:
SF:src\services\csvParser.ts
FN:16,detectSeparator
FN:26,parseCSVLine
FN:48,detectHeaders
FN:49,(anonymous_3)
FN:52,(anonymous_4)
FN:80,parseCSV
FN:83,(anonymous_6)
FN:84,(anonymous_7)
FNF:8
FNH:8
FNDA:5,detectSeparator
FNDA:13,parseCSVLine
FNDA:3,detectHeaders
FNDA:9,(anonymous_3)
FNDA:9,(anonymous_4)
FNDA:6,parseCSV
FNDA:14,(anonymous_6)
FNDA:14,(anonymous_7)
DA:17,5
DA:18,5
DA:19,11
DA:20,4
DA:23,1
DA:27,13
DA:28,13
DA:29,13
DA:31,13
DA:32,227
DA:34,227
DA:35,0
DA:36,227
DA:37,17
DA:38,17
DA:40,210
DA:43,13
DA:45,13
DA:49,9
DA:50,3
DA:52,3
DA:53,9
DA:54,9
DA:55,3
DA:56,6
DA:57,3
DA:58,3
DA:59,2
DA:60,1
DA:61,0
DA:62,1
DA:63,0
DA:64,1
DA:65,0
DA:66,1
DA:67,0
DA:68,1
DA:69,0
DA:70,1
DA:71,0
DA:72,1
DA:73,0
DA:77,3
DA:80,1
DA:81,6
DA:83,14
DA:84,14
DA:86,6
DA:87,1
DA:90,5
DA:91,5
DA:92,5
DA:93,5
DA:96,5
DA:97,5
DA:100,5
DA:101,3
DA:102,3
DA:106,5
DA:107,10
DA:110,10
DA:111,0
DA:114,10
DA:116,10
DA:118,4
DA:119,4
DA:120,4
DA:121,4
DA:122,4
DA:123,4
DA:124,4
DA:125,4
DA:126,4
DA:128,4
DA:129,4
DA:131,4
DA:136,4
DA:137,4
DA:138,4
DA:139,4
DA:143,4
DA:144,2
DA:145,2
DA:148,4
DA:149,0
DA:152,4
DA:153,0
DA:156,4
DA:157,0
DA:160,4
DA:161,0
DA:164,4
DA:165,0
DA:166,0
DA:167,0
DA:171,4
DA:172,0
DA:175,4
DA:178,6
DA:184,6
DA:185,3
DA:186,3
DA:187,3
DA:192,6
DA:193,0
DA:194,0
DA:198,6
DA:199,6
DA:204,5
LF:109
LH:90
BRDA:19,0,0,4
BRDA:34,1,0,0
BRDA:34,1,1,227
BRDA:36,2,0,17
BRDA:36,2,1,210
BRDA:36,3,0,227
BRDA:36,3,1,17
BRDA:54,4,0,3
BRDA:54,4,1,6
BRDA:54,5,0,9
BRDA:54,5,1,3
BRDA:56,6,0,3
BRDA:56,6,1,3
BRDA:56,7,0,6
BRDA:56,7,1,3
BRDA:58,8,0,2
BRDA:58,8,1,1
BRDA:58,9,0,3
BRDA:58,9,1,1
BRDA:60,10,0,0
BRDA:60,10,1,1
BRDA:60,11,0,1
BRDA:60,11,1,1
BRDA:60,11,2,0
BRDA:62,12,0,0
BRDA:62,12,1,1
BRDA:62,13,0,1
BRDA:62,13,1,1
BRDA:64,14,0,0
BRDA:64,14,1,1
BRDA:66,15,0,0
BRDA:66,15,1,1
BRDA:68,16,0,0
BRDA:68,16,1,1
BRDA:70,17,0,0
BRDA:70,17,1,1
BRDA:70,18,0,1
BRDA:70,18,1,1
BRDA:70,18,2,1
BRDA:72,19,0,0
BRDA:72,20,0,1
BRDA:72,20,1,1
BRDA:72,20,2,1
BRDA:72,20,3,1
BRDA:86,21,0,1
BRDA:97,22,0,5
BRDA:97,22,1,3
BRDA:97,22,2,0
BRDA:97,22,3,0
BRDA:100,23,0,3
BRDA:110,24,0,0
BRDA:110,25,0,10
BRDA:110,25,1,10
BRDA:116,26,0,4
BRDA:116,26,1,6
BRDA:118,27,0,4
BRDA:118,27,1,0
BRDA:118,28,0,4
BRDA:118,28,1,4
BRDA:120,29,0,2
BRDA:120,29,1,2
BRDA:120,30,0,4
BRDA:120,30,1,4
BRDA:128,31,0,4
BRDA:128,31,1,0
BRDA:128,32,0,0
BRDA:128,32,1,4
BRDA:128,33,0,4
BRDA:128,33,1,4
BRDA:129,34,0,0
BRDA:136,35,0,4
BRDA:136,36,0,4
BRDA:136,36,1,4
BRDA:138,37,0,4
BRDA:138,38,0,4
BRDA:138,38,1,4
BRDA:143,39,0,2
BRDA:143,40,0,4
BRDA:143,40,1,2
BRDA:148,41,0,0
BRDA:148,42,0,4
BRDA:148,42,1,0
BRDA:152,43,0,0
BRDA:152,44,0,4
BRDA:152,44,1,0
BRDA:156,45,0,0
BRDA:156,46,0,4
BRDA:156,46,1,0
BRDA:160,47,0,0
BRDA:160,48,0,4
BRDA:160,48,1,0
BRDA:164,49,0,0
BRDA:164,50,0,4
BRDA:164,50,1,0
BRDA:166,51,0,0
BRDA:166,52,0,0
BRDA:166,52,1,0
BRDA:171,53,0,0
BRDA:171,54,0,4
BRDA:171,54,1,0
BRDA:179,55,0,6
BRDA:179,55,1,0
BRDA:184,56,0,3
BRDA:186,57,0,3
BRDA:186,58,0,3
BRDA:186,58,1,3
BRDA:192,59,0,0
BRDA:198,60,0,6
BRF:108
BRH:75
end_of_record
TN:
SF:src\services\exportService.ts
FN:19,exportToCSV
FN:36,(anonymous_1)
FN:65,exportToJSON
FN:66,(anonymous_3)
FN:114,exportToDeckbox
FN:132,(anonymous_5)
FN:158,exportToMoxfield
FN:161,(anonymous_7)
FN:173,(anonymous_8)
FN:187,exportCollection
FN:209,downloadFile
FN:224,escapeCSV
FNF:12
FNH:0
FNDA:0,exportToCSV
FNDA:0,(anonymous_1)
FNDA:0,exportToJSON
FNDA:0,(anonymous_3)
FNDA:0,exportToDeckbox
FNDA:0,(anonymous_5)
FNDA:0,exportToMoxfield
FNDA:0,(anonymous_7)
FNDA:0,(anonymous_8)
FNDA:0,exportCollection
FNDA:0,downloadFile
FNDA:0,escapeCSV
DA:19,0
DA:20,0
DA:32,0
DA:33,0
DA:36,0
DA:37,0
DA:49,0
DA:50,0
DA:56,0
DA:59,0
DA:65,0
DA:66,0
DA:67,0
DA:72,0
DA:73,0
DA:76,0
DA:77,0
DA:80,0
DA:81,0
DA:84,0
DA:85,0
DA:88,0
DA:89,0
DA:92,0
DA:93,0
DA:96,0
DA:97,0
DA:98,0
DA:99,0
DA:100,0
DA:104,0
DA:107,0
DA:114,0
DA:115,0
DA:132,0
DA:133,0
DA:151,0
DA:158,0
DA:159,0
DA:161,0
DA:163,0
DA:167,0
DA:170,0
DA:173,0
DA:181,0
DA:187,0
DA:192,0
DA:194,0
DA:196,0
DA:198,0
DA:200,0
DA:202,0
DA:209,0
DA:210,0
DA:211,0
DA:212,0
DA:213,0
DA:214,0
DA:215,0
DA:216,0
DA:217,0
DA:218,0
DA:225,0
DA:226,0
DA:229,0
DA:232,0
DA:233,0
DA:236,0
LF:68
LH:0
BRDA:19,0,0,0
BRDA:32,1,0,0
BRDA:40,2,0,0
BRDA:40,2,1,0
BRDA:40,2,2,0
BRDA:41,3,0,0
BRDA:41,3,1,0
BRDA:41,4,0,0
BRDA:41,4,1,0
BRDA:41,5,0,0
BRDA:41,5,1,0
BRDA:42,6,0,0
BRDA:42,6,1,0
BRDA:44,7,0,0
BRDA:44,7,1,0
BRDA:44,7,2,0
BRDA:44,8,0,0
BRDA:44,8,1,0
BRDA:44,9,0,0
BRDA:44,9,1,0
BRDA:45,10,0,0
BRDA:45,10,1,0
BRDA:46,11,0,0
BRDA:46,11,1,0
BRDA:49,12,0,0
BRDA:51,13,0,0
BRDA:51,13,1,0
BRDA:51,14,0,0
BRDA:51,14,1,0
BRDA:51,15,0,0
BRDA:51,15,1,0
BRDA:65,16,0,0
BRDA:72,17,0,0
BRDA:72,18,0,0
BRDA:72,18,1,0
BRDA:73,19,0,0
BRDA:73,19,1,0
BRDA:76,20,0,0
BRDA:76,21,0,0
BRDA:76,21,1,0
BRDA:76,22,0,0
BRDA:76,22,1,0
BRDA:80,23,0,0
BRDA:84,24,0,0
BRDA:84,25,0,0
BRDA:84,25,1,0
BRDA:84,26,0,0
BRDA:84,26,1,0
BRDA:84,27,0,0
BRDA:84,27,1,0
BRDA:85,28,0,0
BRDA:85,28,1,0
BRDA:88,29,0,0
BRDA:92,30,0,0
BRDA:96,31,0,0
BRDA:98,32,0,0
BRDA:98,32,1,0
BRDA:98,33,0,0
BRDA:98,33,1,0
BRDA:99,34,0,0
BRDA:136,35,0,0
BRDA:136,35,1,0
BRDA:136,35,2,0
BRDA:137,36,0,0
BRDA:137,36,1,0
BRDA:138,37,0,0
BRDA:138,37,1,0
BRDA:139,38,0,0
BRDA:139,38,1,0
BRDA:163,39,0,0
BRDA:163,39,1,0
BRDA:163,40,0,0
BRDA:163,40,1,0
BRDA:167,41,0,0
BRDA:167,41,1,0
BRDA:190,42,0,0
BRDA:192,43,0,0
BRDA:192,43,1,0
BRDA:192,43,2,0
BRDA:192,43,3,0
BRDA:192,43,4,0
BRDA:225,44,0,0
BRDA:225,45,0,0
BRDA:225,45,1,0
BRDA:232,46,0,0
BRDA:232,47,0,0
BRDA:232,47,1,0
BRDA:232,47,2,0
BRF:88
BRH:0
end_of_record
TN:
SF:src\services\mtgApi.ts
FN:14,getCachedCard
FN:22,setCachedCard
FN:29,searchCardByName
FN:68,(anonymous_11)
FN:72,(anonymous_12)
FN:78,(anonymous_13)
FN:79,(anonymous_14)
FN:86,(anonymous_15)
FN:118,(anonymous_16)
FN:154,searchCardByNameAndNumber
FN:155,(anonymous_18)
FN:203,(anonymous_19)
FN:209,(anonymous_20)
FN:217,(anonymous_21)
FN:243,searchCardByMultiverseId
FN:243,(anonymous_23)
FN:276,(anonymous_24)
FN:303,searchCardsByName
FN:315,(anonymous_27)
FN:337,(anonymous_28)
FNF:20
FNH:0
FNDA:0,getCachedCard
FNDA:0,setCachedCard
FNDA:0,searchCardByName
FNDA:0,(anonymous_11)
FNDA:0,(anonymous_12)
FNDA:0,(anonymous_13)
FNDA:0,(anonymous_14)
FNDA:0,(anonymous_15)
FNDA:0,(anonymous_16)
FNDA:0,searchCardByNameAndNumber
FNDA:0,(anonymous_18)
FNDA:0,(anonymous_19)
FNDA:0,(anonymous_20)
FNDA:0,(anonymous_21)
FNDA:0,searchCardByMultiverseId
FNDA:0,(anonymous_23)
FNDA:0,(anonymous_24)
FNDA:0,searchCardsByName
FNDA:0,(anonymous_27)
FNDA:0,(anonymous_28)
DA:3,0
DA:5,0
DA:12,0
DA:15,0
DA:16,0
DA:17,0
DA:19,0
DA:23,0
DA:29,0
DA:30,0
DA:33,0
DA:34,0
DA:35,0
DA:38,0
DA:41,0
DA:42,0
DA:43,0
DA:47,0
DA:49,0
DA:51,0
DA:52,0
DA:53,0
DA:55,0
DA:58,0
DA:59,0
DA:61,0
DA:62,0
DA:67,0
DA:68,0
DA:72,0
DA:74,0
DA:78,0
DA:79,0
DA:81,0
DA:83,0
DA:84,0
DA:85,0
DA:86,0
DA:87,0
DA:90,0
DA:91,0
DA:100,0
DA:101,0
DA:108,0
DA:109,0
DA:114,0
DA:116,0
DA:117,0
DA:118,0
DA:119,0
DA:122,0
DA:124,0
DA:134,0
DA:135,0
DA:144,0
DA:147,0
DA:149,0
DA:150,0
DA:154,0
DA:155,0
DA:160,0
DA:163,0
DA:164,0
DA:165,0
DA:168,0
DA:170,0
DA:171,0
DA:172,0
DA:176,0
DA:177,0
DA:178,0
DA:179,0
DA:180,0
DA:183,0
DA:184,0
DA:186,0
DA:187,0
DA:188,0
DA:190,0
DA:193,0
DA:194,0
DA:196,0
DA:197,0
DA:202,0
DA:203,0
DA:207,0
DA:208,0
DA:209,0
DA:210,0
DA:211,0
DA:216,0
DA:217,0
DA:218,0
DA:221,0
DA:223,0
DA:235,0
DA:236,0
DA:238,0
DA:239,0
DA:243,0
DA:244,0
DA:247,0
DA:248,0
DA:249,0
DA:252,0
DA:254,0
DA:256,0
DA:258,0
DA:259,0
DA:260,0
DA:262,0
DA:265,0
DA:266,0
DA:268,0
DA:269,0
DA:272,0
DA:275,0
DA:276,0
DA:277,0
DA:280,0
DA:282,0
DA:294,0
DA:296,0
DA:298,0
DA:299,0
DA:303,0
DA:305,0
DA:306,0
DA:307,0
DA:311,0
DA:312,0
DA:314,0
DA:315,0
DA:317,0
DA:320,0
DA:321,0
DA:325,0
DA:326,0
DA:327,0
DA:329,0
DA:332,0
DA:333,0
DA:336,0
DA:337,0
DA:341,0
DA:343,0
DA:345,0
DA:346,0
LF:148
LH:0
BRDA:16,0,0,0
BRDA:16,1,0,0
BRDA:16,1,1,0
BRDA:30,2,0,0
BRDA:30,2,1,0
BRDA:34,3,0,0
BRDA:34,4,0,0
BRDA:34,4,1,0
BRDA:42,5,0,0
BRDA:51,6,0,0
BRDA:52,7,0,0
BRDA:59,8,0,0
BRDA:59,8,1,0
BRDA:61,9,0,0
BRDA:67,10,0,0
BRDA:68,11,0,0
BRDA:68,11,1,0
BRDA:72,12,0,0
BRDA:72,12,1,0
BRDA:74,13,0,0
BRDA:78,14,0,0
BRDA:78,14,1,0
BRDA:79,15,0,0
BRDA:79,15,1,0
BRDA:81,16,0,0
BRDA:81,17,0,0
BRDA:81,17,1,0
BRDA:83,18,0,0
BRDA:85,19,0,0
BRDA:87,20,0,0
BRDA:87,20,1,0
BRDA:90,21,0,0
BRDA:93,22,0,0
BRDA:93,22,1,0
BRDA:94,23,0,0
BRDA:94,23,1,0
BRDA:95,24,0,0
BRDA:95,24,1,0
BRDA:96,25,0,0
BRDA:96,25,1,0
BRDA:97,26,0,0
BRDA:97,26,1,0
BRDA:114,27,0,0
BRDA:117,28,0,0
BRDA:119,29,0,0
BRDA:119,29,1,0
BRDA:122,30,0,0
BRDA:126,31,0,0
BRDA:126,31,1,0
BRDA:127,32,0,0
BRDA:127,32,1,0
BRDA:128,33,0,0
BRDA:128,33,1,0
BRDA:130,34,0,0
BRDA:130,34,1,0
BRDA:131,35,0,0
BRDA:131,35,1,0
BRDA:158,36,0,0
BRDA:160,37,0,0
BRDA:160,37,1,0
BRDA:160,38,0,0
BRDA:160,38,1,0
BRDA:164,39,0,0
BRDA:164,40,0,0
BRDA:164,40,1,0
BRDA:171,41,0,0
BRDA:179,42,0,0
BRDA:186,43,0,0
BRDA:187,44,0,0
BRDA:194,45,0,0
BRDA:194,45,1,0
BRDA:196,46,0,0
BRDA:202,47,0,0
BRDA:203,48,0,0
BRDA:203,48,1,0
BRDA:208,49,0,0
BRDA:209,50,0,0
BRDA:209,50,1,0
BRDA:210,51,0,0
BRDA:216,52,0,0
BRDA:216,53,0,0
BRDA:216,53,1,0
BRDA:218,54,0,0
BRDA:218,54,1,0
BRDA:221,55,0,0
BRDA:225,56,0,0
BRDA:225,56,1,0
BRDA:226,57,0,0
BRDA:226,57,1,0
BRDA:227,58,0,0
BRDA:227,58,1,0
BRDA:228,59,0,0
BRDA:228,59,1,0
BRDA:229,60,0,0
BRDA:229,60,1,0
BRDA:243,61,0,0
BRDA:244,62,0,0
BRDA:244,62,1,0
BRDA:248,63,0,0
BRDA:248,64,0,0
BRDA:248,64,1,0
BRDA:258,65,0,0
BRDA:259,66,0,0
BRDA:266,67,0,0
BRDA:266,67,1,0
BRDA:268,68,0,0
BRDA:275,69,0,0
BRDA:275,70,0,0
BRDA:275,70,1,0
BRDA:277,71,0,0
BRDA:277,71,1,0
BRDA:280,72,0,0
BRDA:284,73,0,0
BRDA:284,73,1,0
BRDA:285,74,0,0
BRDA:285,74,1,0
BRDA:286,75,0,0
BRDA:286,75,1,0
BRDA:287,76,0,0
BRDA:287,76,1,0
BRDA:288,77,0,0
BRDA:288,77,1,0
BRDA:306,78,0,0
BRDA:312,79,0,0
BRDA:314,80,0,0
BRDA:315,81,0,0
BRDA:315,81,1,0
BRDA:325,82,0,0
BRDA:326,83,0,0
BRDA:333,84,0,0
BRDA:333,84,1,0
BRDA:336,85,0,0
BRDA:337,86,0,0
BRDA:337,86,1,0
BRF:134
BRH:0
end_of_record
TN:
SF:src\services\priceService.ts
FN:29,getCardPrice
FN:67,calculateCollectionValue
FN:68,(anonymous_10)
FN:80,(anonymous_11)
FN:80,(anonymous_12)
FN:100,(anonymous_13)
FNF:6
FNH:0
FNDA:0,getCardPrice
FNDA:0,calculateCollectionValue
FNDA:0,(anonymous_10)
FNDA:0,(anonymous_11)
FNDA:0,(anonymous_12)
FNDA:0,(anonymous_13)
DA:23,0
DA:24,0
DA:29,0
DA:31,0
DA:32,0
DA:33,0
DA:36,0
DA:37,0
DA:38,0
DA:39,0
DA:42,0
DA:43,0
DA:52,0
DA:57,0
DA:59,0
DA:60,0
DA:67,0
DA:68,0
DA:71,0
DA:72,0
DA:75,0
DA:76,0
DA:77,0
DA:79,0
DA:80,0
DA:82,0
DA:83,0
DA:84,0
DA:87,0
DA:88,0
DA:89,0
DA:92,0
DA:93,0
DA:94,0
DA:96,0
DA:97,0
DA:100,0
DA:105,0
LF:38
LH:0
BRDA:32,0,0,0
BRDA:32,1,0,0
BRDA:32,1,1,0
BRDA:38,2,0,0
BRDA:44,3,0,0
BRDA:44,3,1,0
BRDA:44,4,0,0
BRDA:44,4,1,0
BRDA:45,5,0,0
BRDA:45,5,1,0
BRDA:45,6,0,0
BRDA:45,6,1,0
BRDA:46,7,0,0
BRDA:46,7,1,0
BRDA:46,8,0,0
BRDA:46,8,1,0
BRDA:47,9,0,0
BRDA:47,9,1,0
BRDA:47,10,0,0
BRDA:47,10,1,0
BRDA:48,11,0,0
BRDA:48,11,1,0
BRDA:48,12,0,0
BRDA:48,12,1,0
BRDA:69,13,0,0
BRDA:82,14,0,0
BRDA:82,14,1,0
BRDA:82,15,0,0
BRDA:82,15,1,0
BRDA:83,16,0,0
BRDA:88,17,0,0
BRDA:92,18,0,0
BRDA:92,18,1,0
BRDA:93,19,0,0
BRDA:93,19,1,0
BRF:35
BRH:0
end_of_record
TN:
SF:src\services\rateLimiter.ts
FN:11,(anonymous_0)
FN:20,(anonymous_1)
FN:26,(anonymous_2)
FN:44,(anonymous_3)
FN:51,(anonymous_4)
FN:55,(anonymous_5)
FN:71,(anonymous_6)
FNF:7
FNH:0
FNDA:0,(anonymous_0)
FNDA:0,(anonymous_1)
FNDA:0,(anonymous_2)
FNDA:0,(anonymous_3)
FNDA:0,(anonymous_4)
FNDA:0,(anonymous_5)
FNDA:0,(anonymous_6)
DA:12,0
DA:21,0
DA:22,0
DA:25,0
DA:26,0
DA:30,0
DA:31,0
DA:35,0
DA:36,0
DA:38,0
DA:45,0
DA:52,0
DA:53,0
DA:54,0
DA:55,0
DA:57,0
DA:58,0
DA:60,0
DA:67,0
DA:70,0
DA:71,0
DA:72,0
DA:77,0
LF:23
LH:0
BRDA:22,0,0,0
BRDA:22,0,1,0
BRDA:30,1,0,0
BRDA:57,2,0,0
BRDA:57,2,1,0
BRDA:70,3,0,0
BRF:6
BRH:0
end_of_record
TN:
SF:src\services\scryfallApi.ts
FN:13,getCachedCard
FN:21,setCachedCard
FN:32,delayBetweenRequests
FN:36,(anonymous_11)
FN:44,convertScryfallCardToMTGCard
FN:84,(anonymous_13)
FN:108,searchCardByScryfallId
FN:109,(anonymous_15)
FN:206,searchCardBySetAndNumber
FN:207,(anonymous_17)
FN:309,searchCardByNameAndNumberScryfall
FN:310,(anonymous_19)
FNF:12
FNH:0
FNDA:0,getCachedCard
FNDA:0,setCachedCard
FNDA:0,delayBetweenRequests
FNDA:0,(anonymous_11)
FNDA:0,convertScryfallCardToMTGCard
FNDA:0,(anonymous_13)
FNDA:0,searchCardByScryfallId
FNDA:0,(anonymous_15)
FNDA:0,searchCardBySetAndNumber
FNDA:0,(anonymous_17)
FNDA:0,searchCardByNameAndNumberScryfall
FNDA:0,(anonymous_19)
DA:3,0
DA:4,0
DA:11,0
DA:14,0
DA:15,0
DA:16,0
DA:18,0
DA:22,0
DA:29,0
DA:30,0
DA:33,0
DA:34,0
DA:35,0
DA:36,0
DA:38,0
DA:46,0
DA:47,0
DA:50,0
DA:54,0
DA:83,0
DA:84,0
DA:99,0
DA:108,0
DA:109,0
DA:112,0
DA:115,0
DA:116,0
DA:117,0
DA:120,0
DA:121,0
DA:124,0
DA:126,0
DA:133,0
DA:134,0
DA:135,0
DA:136,0
DA:138,0
DA:139,0
DA:141,0
DA:144,0
DA:145,0
DA:148,0
DA:149,0
DA:152,0
DA:154,0
DA:155,0
DA:162,0
DA:163,0
DA:164,0
DA:166,0
DA:168,0
DA:169,0
DA:171,0
DA:178,0
DA:179,0
DA:185,0
DA:186,0
DA:190,0
DA:192,0
DA:194,0
DA:195,0
DA:206,0
DA:207,0
DA:211,0
DA:214,0
DA:215,0
DA:216,0
DA:219,0
DA:220,0
DA:225,0
DA:227,0
DA:234,0
DA:235,0
DA:237,0
DA:238,0
DA:240,0
DA:241,0
DA:243,0
DA:246,0
DA:247,0
DA:250,0
DA:251,0
DA:254,0
DA:256,0
DA:257,0
DA:264,0
DA:265,0
DA:266,0
DA:268,0
DA:270,0
DA:271,0
DA:273,0
DA:280,0
DA:281,0
DA:287,0
DA:288,0
DA:292,0
DA:294,0
DA:296,0
DA:297,0
DA:309,0
DA:310,0
DA:315,0
DA:318,0
DA:319,0
DA:320,0
DA:323,0
DA:326,0
DA:327,0
DA:328,0
DA:330,0
DA:332,0
DA:335,0
DA:337,0
DA:344,0
DA:345,0
DA:347,0
DA:348,0
DA:350,0
DA:351,0
DA:353,0
DA:356,0
DA:357,0
DA:359,0
DA:360,0
DA:361,0
DA:364,0
DA:365,0
DA:368,0
DA:369,0
DA:372,0
DA:374,0
DA:375,0
DA:382,0
DA:383,0
DA:384,0
DA:386,0
DA:388,0
DA:389,0
DA:391,0
DA:398,0
DA:399,0
DA:405,0
DA:406,0
DA:410,0
DA:411,0
DA:414,0
DA:416,0
DA:417,0
LF:149
LH:0
BRDA:15,0,0,0
BRDA:15,1,0,0
BRDA:15,1,1,0
BRDA:35,2,0,0
BRDA:46,3,0,0
BRDA:46,3,1,0
BRDA:47,4,0,0
BRDA:47,4,1,0
BRDA:50,5,0,0
BRDA:50,5,1,0
BRDA:51,6,0,0
BRDA:51,6,1,0
BRDA:58,7,0,0
BRDA:58,7,1,0
BRDA:60,8,0,0
BRDA:60,8,1,0
BRDA:62,9,0,0
BRDA:62,9,1,0
BRDA:63,10,0,0
BRDA:63,10,1,0
BRDA:63,11,0,0
BRDA:63,11,1,0
BRDA:69,12,0,0
BRDA:69,12,1,0
BRDA:72,13,0,0
BRDA:72,13,1,0
BRDA:73,14,0,0
BRDA:73,14,1,0
BRDA:74,15,0,0
BRDA:74,15,1,0
BRDA:75,16,0,0
BRDA:75,16,1,0
BRDA:75,17,0,0
BRDA:75,17,1,0
BRDA:78,18,0,0
BRDA:78,18,1,0
BRDA:78,18,2,0
BRDA:78,18,3,0
BRDA:78,19,0,0
BRDA:78,19,1,0
BRDA:78,20,0,0
BRDA:78,20,1,0
BRDA:78,21,0,0
BRDA:78,21,1,0
BRDA:78,22,0,0
BRDA:78,22,1,0
BRDA:78,23,0,0
BRDA:78,23,1,0
BRDA:78,24,0,0
BRDA:78,24,1,0
BRDA:78,25,0,0
BRDA:78,25,1,0
BRDA:78,26,0,0
BRDA:78,26,1,0
BRDA:83,27,0,0
BRDA:83,28,0,0
BRDA:83,28,1,0
BRDA:110,29,0,0
BRDA:112,30,0,0
BRDA:112,30,1,0
BRDA:116,31,0,0
BRDA:133,32,0,0
BRDA:134,33,0,0
BRDA:138,34,0,0
BRDA:148,35,0,0
BRDA:148,36,0,0
BRDA:148,36,1,0
BRDA:148,36,2,0
BRDA:162,37,0,0
BRDA:162,37,1,0
BRDA:164,38,0,0
BRDA:164,38,1,0
BRDA:166,39,0,0
BRDA:171,40,0,0
BRDA:178,41,0,0
BRDA:178,42,0,0
BRDA:178,42,1,0
BRDA:185,43,0,0
BRDA:209,44,0,0
BRDA:211,45,0,0
BRDA:211,45,1,0
BRDA:215,46,0,0
BRDA:234,47,0,0
BRDA:235,48,0,0
BRDA:240,49,0,0
BRDA:250,50,0,0
BRDA:264,51,0,0
BRDA:264,51,1,0
BRDA:266,52,0,0
BRDA:266,52,1,0
BRDA:268,53,0,0
BRDA:273,54,0,0
BRDA:280,55,0,0
BRDA:280,56,0,0
BRDA:280,56,1,0
BRDA:287,57,0,0
BRDA:313,58,0,0
BRDA:315,59,0,0
BRDA:315,59,1,0
BRDA:315,60,0,0
BRDA:315,60,1,0
BRDA:319,61,0,0
BRDA:327,62,0,0
BRDA:344,63,0,0
BRDA:345,64,0,0
BRDA:350,65,0,0
BRDA:357,66,0,0
BRDA:357,66,1,0
BRDA:359,67,0,0
BRDA:368,68,0,0
BRDA:368,69,0,0
BRDA:368,69,1,0
BRDA:368,69,2,0
BRDA:382,70,0,0
BRDA:382,70,1,0
BRDA:384,71,0,0
BRDA:384,71,1,0
BRDA:386,72,0,0
BRDA:391,73,0,0
BRDA:398,74,0,0
BRDA:398,75,0,0
BRDA:398,75,1,0
BRDA:405,76,0,0
BRDA:410,77,0,0
BRF:124
BRH:0
end_of_record
